#
# There is insufficient memory for the Java Runtime Environment to continue.
# Native memory allocation (mmap) failed to map 28311552 bytes for G1 virtual space
# Possible reasons:
#   The system is out of physical RAM or swap space
#   The process is running with CompressedOops enabled, and the Java Heap may be blocking the growth of the native heap
# Possible solutions:
#   Reduce memory load on the system
#   Increase physical memory or swap space
#   Check if swap backing store is full
#   Decrease Java heap size (-Xmx/-Xms)
#   Decrease number of Java threads
#   Decrease Java thread stack sizes (-Xss)
#   Set larger code cache with -XX:ReservedCodeCacheSize=
#   JVM is running with Unscaled Compressed Oops mode in which the Java heap is
#     placed in the first 4GB address space. The Java Heap base address is the
#     maximum limit for the native heap growth. Please use -XX:HeapBaseMinAddress
#     to set the Java Heap base and to place the Java Heap above 4GB virtual address.
# This output file may be truncated or incomplete.
#
#  Out of Memory Error (os_windows.cpp:3617), pid=4704, tid=10020
#
# JRE version: OpenJDK Runtime Environment Temurin-17.0.8+7 (17.0.8+7) (build 17.0.8+7)
# Java VM: OpenJDK 64-Bit Server VM Temurin-17.0.8+7 (17.0.8+7, mixed mode, sharing, tiered, compressed oops, compressed class ptrs, g1 gc, windows-amd64)
# No core dump will be written. Minidumps are not enabled by default on client versions of Windows
#

---------------  S U M M A R Y ------------

Command Line: -XX:MaxMetaspaceSize=512m --add-opens=java.base/java.util=ALL-UNNAMED --add-opens=java.base/java.lang=ALL-UNNAMED --add-opens=java.base/java.lang.invoke=ALL-UNNAMED --add-opens=java.prefs/java.util.prefs=ALL-UNNAMED --add-opens=java.base/java.nio.charset=ALL-UNNAMED --add-opens=java.base/java.net=ALL-UNNAMED --add-opens=java.base/java.util.concurrent.atomic=ALL-UNNAMED -Xmx2048m -Dfile.encoding=windows-1252 -Duser.country=IN -Duser.language=en -Duser.variant org.gradle.launcher.daemon.bootstrap.GradleDaemon 8.0.1

Host: Intel(R) Core(TM) i5-1035G1 CPU @ 1.00GHz, 8 cores, 7G,  Windows 10 , 64 bit Build 19041 (10.0.19041.3155)
Time: Tue Sep  5 14:03:18 2023 India Standard Time elapsed time: 17.575348 seconds (0d 0h 0m 17s)

---------------  T H R E A D  ---------------

Current thread (0x0000029a66f298f0):  VMThread "VM Thread" [stack: 0x000000f988400000,0x000000f988500000] [id=10020]

Stack: [0x000000f988400000,0x000000f988500000]
Native frames: (J=compiled Java code, j=interpreted, Vv=VM code, C=native code)
V  [jvm.dll+0x678b0a]
V  [jvm.dll+0x835e84]
V  [jvm.dll+0x83762e]
V  [jvm.dll+0x837c93]
V  [jvm.dll+0x24746f]
V  [jvm.dll+0x675859]
V  [jvm.dll+0x66a0ea]
V  [jvm.dll+0x306c7b]
V  [jvm.dll+0x30e166]
V  [jvm.dll+0x35dd3e]
V  [jvm.dll+0x35df6f]
V  [jvm.dll+0x2ddb48]
V  [jvm.dll+0x2dbd0c]
V  [jvm.dll+0x2db2dc]
V  [jvm.dll+0x31f4b1]
V  [jvm.dll+0x83c15b]
V  [jvm.dll+0x83ce94]
V  [jvm.dll+0x83d3ac]
V  [jvm.dll+0x83d784]
V  [jvm.dll+0x83d850]
V  [jvm.dll+0x7e64ca]
V  [jvm.dll+0x677955]
C  [ucrtbase.dll+0x21bb2]
C  [KERNEL32.DLL+0x17614]
C  [ntdll.dll+0x526b1]

VM_Operation (0x000000f989cf3c30): G1TryInitiateConcMark, mode: safepoint, requested by thread 0x0000029a6e727190


---------------  P R O C E S S  ---------------

Threads class SMR info:
_java_thread_list=0x0000029a6f44e830, length=137, elements={
0x0000029a46f4edc0, 0x0000029a66f30b70, 0x0000029a66f32650, 0x0000029a66f48150,
0x0000029a66f4ab30, 0x0000029a66f4d410, 0x0000029a66f4dce0, 0x0000029a66f58830,
0x0000029a66f62160, 0x0000029a66f74670, 0x0000029a675d6630, 0x0000029a675f8980,
0x0000029a6d8148c0, 0x0000029a6e230ec0, 0x0000029a6d5f3f80, 0x0000029a6d2c1380,
0x0000029a6d49cad0, 0x0000029a6e7276a0, 0x0000029a6e727190, 0x0000029a6e725840,
0x0000029a6e723ef0, 0x0000029a6e724400, 0x0000029a6e724e20, 0x0000029a6e725330,
0x0000029a6e725d50, 0x0000029a6e726260, 0x0000029a6e726770, 0x0000029a6e726c80,
0x0000029a6f364120, 0x0000029a6f361390, 0x0000029a6f3631f0, 0x0000029a6f364630,
0x0000029a6f363700, 0x0000029a6f361db0, 0x0000029a6f363c10, 0x0000029a6f360460,
0x0000029a6f35f020, 0x0000029a6f3622c0, 0x0000029a6e161490, 0x0000029a6f365050,
0x0000029a6f35dbe0, 0x0000029a6f35e0f0, 0x0000029a6f360970, 0x0000029a6f35e600,
0x0000029a6f362ce0, 0x0000029a6f35eb10, 0x0000029a6f6ddbd0, 0x0000029a6f6dff40,
0x0000029a6f6e0960, 0x0000029a6f6dfa30, 0x0000029a6f6de5f0, 0x0000029a6f6df520,
0x0000029a6f6e0450, 0x0000029a6f6dd1b0, 0x0000029a6f6de0e0, 0x0000029a6f6dd6c0,
0x0000029a6f6deb00, 0x0000029a6f6df010, 0x0000029a6cb81380, 0x0000029a6cb80450,
0x0000029a6cb80e70, 0x0000029a6cb7e0e0, 0x0000029a6cb7f520, 0x0000029a6cb7f010,
0x0000029a6cb7fa30, 0x0000029a6cb80960, 0x0000029a6cb81890, 0x0000029a6cb7e5f0,
0x0000029a6cb7eb00, 0x0000029a6cb7ff40, 0x0000029a6e706d00, 0x0000029a6e704ea0,
0x0000029a6e7062e0, 0x0000029a6e705dd0, 0x0000029a6e707210, 0x0000029a6e707720,
0x0000029a6e704990, 0x0000029a6e704480, 0x0000029a6f3618a0, 0x0000029a701e4230,
0x0000029a701e6ab0, 0x0000029a701e8e20, 0x0000029a701e4c50, 0x0000029a701eac80,
0x0000029a701e65a0, 0x0000029a701e9330, 0x0000029a701e6fc0, 0x0000029a701e79e0,
0x0000029a701e9840, 0x0000029a701ea260, 0x0000029a701e9d50, 0x0000029a701e74d0,
0x0000029a701e8910, 0x0000029a701e3810, 0x0000029a701e4740, 0x0000029a701e7ef0,
0x0000029a701e5b80, 0x0000029a701ea770, 0x0000029a701e5160, 0x0000029a701e5670,
0x0000029a701e3d20, 0x0000029a701e6090, 0x0000029a701e8400, 0x0000029a6fe98530,
0x0000029a6fe9c1f0, 0x0000029a6fe9e560, 0x0000029a6fe98020, 0x0000029a6fe9adb0,
0x0000029a6fe98a40, 0x0000029a6fe99970, 0x0000029a6fe99e80, 0x0000029a6fe9b2c0,
0x0000029a6fe9cc10, 0x0000029a6fe9a390, 0x0000029a6fe9a8a0, 0x0000029a6fe9d630,
0x0000029a6fe9e050, 0x0000029a6fe9ea70, 0x0000029a6fe9db40, 0x0000029a6fe9ef80,
0x0000029a6fe9b7d0, 0x0000029a6fe98f50, 0x0000029a6fe97b10, 0x0000029a6fe9f490,
0x0000029a6fe9bce0, 0x0000029a6fe99460, 0x0000029a6e953270, 0x0000029a6e94eb90,
0x0000029a6e9541a0, 0x0000029a6e94f5b0, 0x0000029a6e950f00, 0x0000029a6e9504e0,
0x0000029a6e953c90, 0x0000029a6e9546b0, 0x0000029a6e94e170, 0x0000029a6e9509f0,
0x0000029a6e94ffd0
}

Java Threads: ( => current thread )
  0x0000029a46f4edc0 JavaThread "main" [_thread_blocked, id=2924, stack(0x000000f987e00000,0x000000f987f00000)]
  0x0000029a66f30b70 JavaThread "Reference Handler" daemon [_thread_blocked, id=1040, stack(0x000000f988500000,0x000000f988600000)]
  0x0000029a66f32650 JavaThread "Finalizer" daemon [_thread_blocked, id=7868, stack(0x000000f988600000,0x000000f988700000)]
  0x0000029a66f48150 JavaThread "Signal Dispatcher" daemon [_thread_blocked, id=2840, stack(0x000000f988700000,0x000000f988800000)]
  0x0000029a66f4ab30 JavaThread "Attach Listener" daemon [_thread_blocked, id=7240, stack(0x000000f988800000,0x000000f988900000)]
  0x0000029a66f4d410 JavaThread "Service Thread" daemon [_thread_blocked, id=10880, stack(0x000000f988900000,0x000000f988a00000)]
  0x0000029a66f4dce0 JavaThread "Monitor Deflation Thread" daemon [_thread_blocked, id=2852, stack(0x000000f988a00000,0x000000f988b00000)]
  0x0000029a66f58830 JavaThread "C2 CompilerThread0" daemon [_thread_blocked, id=4436, stack(0x000000f988b00000,0x000000f988c00000)]
  0x0000029a66f62160 JavaThread "C1 CompilerThread0" daemon [_thread_blocked, id=9136, stack(0x000000f988c00000,0x000000f988d00000)]
  0x0000029a66f74670 JavaThread "Sweeper thread" daemon [_thread_blocked, id=13944, stack(0x000000f988d00000,0x000000f988e00000)]
  0x0000029a675d6630 JavaThread "Common-Cleaner" daemon [_thread_blocked, id=7948, stack(0x000000f988e00000,0x000000f988f00000)]
  0x0000029a675f8980 JavaThread "Notification Thread" daemon [_thread_blocked, id=16996, stack(0x000000f988f00000,0x000000f989000000)]
  0x0000029a6d8148c0 JavaThread "Daemon health stats" [_thread_blocked, id=12516, stack(0x000000f989600000,0x000000f989700000)]
  0x0000029a6e230ec0 JavaThread "Incoming local TCP Connector on port 52842" [_thread_in_native, id=10740, stack(0x000000f989700000,0x000000f989800000)]
  0x0000029a6d5f3f80 JavaThread "Daemon periodic checks" [_thread_blocked, id=8932, stack(0x000000f989800000,0x000000f989900000)]
  0x0000029a6d2c1380 JavaThread "Daemon" [_thread_blocked, id=9792, stack(0x000000f989900000,0x000000f989a00000)]
  0x0000029a6d49cad0 JavaThread "Handler for socket connection from /127.0.0.1:52842 to /127.0.0.1:52843" [_thread_in_native, id=14916, stack(0x000000f989a00000,0x000000f989b00000)]
  0x0000029a6e7276a0 JavaThread "Cancel handler" [_thread_blocked, id=7576, stack(0x000000f989b00000,0x000000f989c00000)]
  0x0000029a6e727190 JavaThread "Daemon worker" [_thread_blocked, id=12884, stack(0x000000f989c00000,0x000000f989d00000)]
  0x0000029a6e725840 JavaThread "Asynchronous log dispatcher for DefaultDaemonConnection: socket connection from /127.0.0.1:52842 to /127.0.0.1:52843" [_thread_blocked, id=12992, stack(0x000000f989d00000,0x000000f989e00000)]
  0x0000029a6e723ef0 JavaThread "Stdin handler" [_thread_blocked, id=3140, stack(0x000000f989e00000,0x000000f989f00000)]
  0x0000029a6e724400 JavaThread "Daemon client event forwarder" [_thread_blocked, id=16788, stack(0x000000f989f00000,0x000000f98a000000)]
  0x0000029a6e724e20 JavaThread "Cache worker for journal cache (C:\Users\Kriti Sharma\.gradle\caches\journal-1)" [_thread_blocked, id=14372, stack(0x000000f98a000000,0x000000f98a100000)]
  0x0000029a6e725330 JavaThread "File lock request listener" [_thread_in_native, id=11192, stack(0x000000f98a100000,0x000000f98a200000)]
  0x0000029a6e725d50 JavaThread "Cache worker for file hash cache (C:\Users\Kriti Sharma\.gradle\caches\8.0.1\fileHashes)" [_thread_blocked, id=5832, stack(0x000000f989100000,0x000000f989200000)]
  0x0000029a6e726260 JavaThread "File watcher server" daemon [_thread_in_native, id=15344, stack(0x000000f98a600000,0x000000f98a700000)]
  0x0000029a6e726770 JavaThread "File watcher consumer" daemon [_thread_blocked, id=1356, stack(0x000000f98a700000,0x000000f98a800000)]
  0x0000029a6e726c80 JavaThread "Cache worker for checksums cache (D:\ProjectNav\android\.gradle\8.0.1\checksums)" [_thread_blocked, id=17148, stack(0x000000f98a800000,0x000000f98a900000)]
  0x0000029a6f364120 JavaThread "Cache worker for cache directory md-rule (C:\Users\Kriti Sharma\.gradle\caches\8.0.1\md-rule)" [_thread_blocked, id=15300, stack(0x000000f98a900000,0x000000f98aa00000)]
  0x0000029a6f361390 JavaThread "Cache worker for file content cache (C:\Users\Kriti Sharma\.gradle\caches\8.0.1\fileContent)" [_thread_blocked, id=16132, stack(0x000000f98aa00000,0x000000f98ab00000)]
  0x0000029a6f3631f0 JavaThread "Cache worker for file hash cache (D:\ProjectNav\android\.gradle\8.0.1\fileHashes)" [_thread_blocked, id=15604, stack(0x000000f98ab00000,0x000000f98ac00000)]
  0x0000029a6f364630 JavaThread "Cache worker for cache directory md-supplier (C:\Users\Kriti Sharma\.gradle\caches\8.0.1\md-supplier)" [_thread_blocked, id=2816, stack(0x000000f98ad00000,0x000000f98ae00000)]
  0x0000029a6f363700 JavaThread "File lock release action executor" [_thread_blocked, id=16908, stack(0x000000f98ae00000,0x000000f98af00000)]
  0x0000029a6f361db0 JavaThread "Cache worker for execution history cache (C:\Users\Kriti Sharma\.gradle\caches\8.0.1\executionHistory)" [_thread_blocked, id=13900, stack(0x000000f98af00000,0x000000f98b000000)]
  0x0000029a6f363c10 JavaThread "jar transforms" [_thread_blocked, id=3720, stack(0x000000f98b000000,0x000000f98b100000)]
  0x0000029a6f360460 JavaThread "jar transforms Thread 2" [_thread_blocked, id=14616, stack(0x000000f98b100000,0x000000f98b200000)]
  0x0000029a6f35f020 JavaThread "jar transforms Thread 3" [_thread_blocked, id=4488, stack(0x000000f98b200000,0x000000f98b300000)]
  0x0000029a6f3622c0 JavaThread "jar transforms Thread 4" [_thread_blocked, id=11604, stack(0x000000f98b300000,0x000000f98b400000)]
  0x0000029a6e161490 JavaThread "C2 CompilerThread1" daemon [_thread_in_native, id=8916, stack(0x000000f98a200000,0x000000f98a300000)]
  0x0000029a6f365050 JavaThread "Cache worker for kotlin-dsl (C:\Users\Kriti Sharma\.gradle\caches\8.0.1\kotlin-dsl)" [_thread_blocked, id=15356, stack(0x000000f98b400000,0x000000f98b500000)]
  0x0000029a6f35dbe0 JavaThread "jar transforms Thread 5" [_thread_blocked, id=11928, stack(0x000000f98b500000,0x000000f98b600000)]
  0x0000029a6f35e0f0 JavaThread "jar transforms Thread 6" [_thread_blocked, id=3988, stack(0x000000f98b600000,0x000000f98b700000)]
  0x0000029a6f360970 JavaThread "Cache worker for dependencies-accessors (D:\ProjectNav\android\.gradle\8.0.1\dependencies-accessors)" [_thread_blocked, id=2400, stack(0x000000f98b700000,0x000000f98b800000)]
  0x0000029a6f35e600 JavaThread "Cache worker for Build Output Cleanup Cache (D:\ProjectNav\node_modules\@react-native\gradle-plugin\.gradle\buildOutputCleanup)" [_thread_blocked, id=13648, stack(0x000000f98b800000,0x000000f98b900000)]
  0x0000029a6f362ce0 JavaThread "jar transforms Thread 7" [_thread_blocked, id=2156, stack(0x000000f98b900000,0x000000f98ba00000)]
  0x0000029a6f35eb10 JavaThread "Unconstrained build operations" [_thread_blocked, id=14568, stack(0x000000f98ba00000,0x000000f98bb00000)]
  0x0000029a6f6ddbd0 JavaThread "Unconstrained build operations Thread 2" [_thread_blocked, id=14636, stack(0x000000f98bb00000,0x000000f98bc00000)]
  0x0000029a6f6dff40 JavaThread "Unconstrained build operations Thread 3" [_thread_blocked, id=16584, stack(0x000000f98bc00000,0x000000f98bd00000)]
  0x0000029a6f6e0960 JavaThread "Unconstrained build operations Thread 4" [_thread_blocked, id=11000, stack(0x000000f98bd00000,0x000000f98be00000)]
  0x0000029a6f6dfa30 JavaThread "Unconstrained build operations Thread 5" [_thread_blocked, id=8124, stack(0x000000f98be00000,0x000000f98bf00000)]
  0x0000029a6f6de5f0 JavaThread "Unconstrained build operations Thread 6" [_thread_blocked, id=6856, stack(0x000000f98bf00000,0x000000f98c000000)]
  0x0000029a6f6df520 JavaThread "Unconstrained build operations Thread 7" [_thread_blocked, id=15296, stack(0x000000f98c000000,0x000000f98c100000)]
  0x0000029a6f6e0450 JavaThread "Unconstrained build operations Thread 8" [_thread_blocked, id=15532, stack(0x000000f98c100000,0x000000f98c200000)]
  0x0000029a6f6dd1b0 JavaThread "Unconstrained build operations Thread 9" [_thread_blocked, id=5032, stack(0x000000f98c200000,0x000000f98c300000)]
  0x0000029a6f6de0e0 JavaThread "Unconstrained build operations Thread 10" [_thread_blocked, id=5348, stack(0x000000f98c300000,0x000000f98c400000)]
  0x0000029a6f6dd6c0 JavaThread "Unconstrained build operations Thread 11" [_thread_blocked, id=14712, stack(0x000000f98c400000,0x000000f98c500000)]
  0x0000029a6f6deb00 JavaThread "Unconstrained build operations Thread 12" [_thread_blocked, id=4116, stack(0x000000f98c500000,0x000000f98c600000)]
  0x0000029a6f6df010 JavaThread "Unconstrained build operations Thread 13" [_thread_blocked, id=12700, stack(0x000000f98c600000,0x000000f98c700000)]
  0x0000029a6cb81380 JavaThread "Unconstrained build operations Thread 14" [_thread_blocked, id=11196, stack(0x000000f98c700000,0x000000f98c800000)]
  0x0000029a6cb80450 JavaThread "Unconstrained build operations Thread 15" [_thread_blocked, id=10564, stack(0x000000f98c800000,0x000000f98c900000)]
  0x0000029a6cb80e70 JavaThread "Unconstrained build operations Thread 16" [_thread_blocked, id=10216, stack(0x000000f98c900000,0x000000f98ca00000)]
  0x0000029a6cb7e0e0 JavaThread "Unconstrained build operations Thread 17" [_thread_blocked, id=11684, stack(0x000000f98ca00000,0x000000f98cb00000)]
  0x0000029a6cb7f520 JavaThread "Unconstrained build operations Thread 18" [_thread_blocked, id=10896, stack(0x000000f98cb00000,0x000000f98cc00000)]
  0x0000029a6cb7f010 JavaThread "Unconstrained build operations Thread 19" [_thread_blocked, id=12828, stack(0x000000f98cc00000,0x000000f98cd00000)]
  0x0000029a6cb7fa30 JavaThread "Unconstrained build operations Thread 20" [_thread_blocked, id=11168, stack(0x000000f98cd00000,0x000000f98ce00000)]
  0x0000029a6cb80960 JavaThread "Unconstrained build operations Thread 21" [_thread_blocked, id=2876, stack(0x000000f98ce00000,0x000000f98cf00000)]
  0x0000029a6cb81890 JavaThread "Unconstrained build operations Thread 22" [_thread_blocked, id=16092, stack(0x000000f98cf00000,0x000000f98d000000)]
  0x0000029a6cb7e5f0 JavaThread "Unconstrained build operations Thread 23" [_thread_blocked, id=16672, stack(0x000000f98d000000,0x000000f98d100000)]
  0x0000029a6cb7eb00 JavaThread "Unconstrained build operations Thread 24" [_thread_blocked, id=11512, stack(0x000000f98d100000,0x000000f98d200000)]
  0x0000029a6cb7ff40 JavaThread "Unconstrained build operations Thread 25" [_thread_blocked, id=13568, stack(0x000000f98d200000,0x000000f98d300000)]
  0x0000029a6e706d00 JavaThread "Unconstrained build operations Thread 26" [_thread_blocked, id=3572, stack(0x000000f98d300000,0x000000f98d400000)]
  0x0000029a6e704ea0 JavaThread "jar transforms Thread 8" [_thread_blocked, id=4128, stack(0x000000f98d400000,0x000000f98d500000)]
  0x0000029a6e7062e0 JavaThread "Memory manager" [_thread_blocked, id=1316, stack(0x000000f98d500000,0x000000f98d600000)]
  0x0000029a6e705dd0 JavaThread "Cache worker for Build Output Cleanup Cache (D:\ProjectNav\android\.gradle\buildOutputCleanup)" [_thread_blocked, id=8384, stack(0x000000f98d600000,0x000000f98d700000)]
  0x0000029a6e707210 JavaThread "included builds" [_thread_blocked, id=6064, stack(0x000000f98d700000,0x000000f98d800000)]
  0x0000029a6e707720 JavaThread "Execution worker" [_thread_blocked, id=4828, stack(0x000000f98d800000,0x000000f98d900000)]
  0x0000029a6e704990 JavaThread "Execution worker Thread 2" [_thread_blocked, id=9764, stack(0x000000f98d900000,0x000000f98da00000)]
  0x0000029a6e704480 JavaThread "Execution worker Thread 3" [_thread_blocked, id=11980, stack(0x000000f98da00000,0x000000f98db00000)]
  0x0000029a6f3618a0 JavaThread "Execution worker Thread 4" [_thread_blocked, id=1736, stack(0x000000f98db00000,0x000000f98dc00000)]
  0x0000029a701e4230 JavaThread "Execution worker Thread 5" [_thread_blocked, id=14196, stack(0x000000f98dc00000,0x000000f98dd00000)]
  0x0000029a701e6ab0 JavaThread "Execution worker Thread 6" [_thread_blocked, id=13220, stack(0x000000f98dd00000,0x000000f98de00000)]
  0x0000029a701e8e20 JavaThread "Execution worker Thread 7" [_thread_blocked, id=6908, stack(0x000000f98de00000,0x000000f98df00000)]
  0x0000029a701e4c50 JavaThread "Cache worker for execution history cache (D:\ProjectNav\node_modules\@react-native\gradle-plugin\.gradle\8.0.1\executionHistory)" [_thread_blocked, id=11556, stack(0x000000f98df00000,0x000000f98e000000)]
  0x0000029a701eac80 JavaThread "Unconstrained build operations Thread 27" [_thread_blocked, id=14388, stack(0x000000f98e000000,0x000000f98e100000)]
  0x0000029a701e65a0 JavaThread "Unconstrained build operations Thread 28" [_thread_blocked, id=1676, stack(0x000000f98e100000,0x000000f98e200000)]
  0x0000029a701e9330 JavaThread "Unconstrained build operations Thread 29" [_thread_blocked, id=5648, stack(0x000000f98e200000,0x000000f98e300000)]
  0x0000029a701e6fc0 JavaThread "Unconstrained build operations Thread 30" [_thread_blocked, id=9132, stack(0x000000f98e300000,0x000000f98e400000)]
  0x0000029a701e79e0 JavaThread "Unconstrained build operations Thread 31" [_thread_blocked, id=4324, stack(0x000000f98e400000,0x000000f98e500000)]
  0x0000029a701e9840 JavaThread "Unconstrained build operations Thread 32" [_thread_blocked, id=15596, stack(0x000000f98e500000,0x000000f98e600000)]
  0x0000029a701ea260 JavaThread "Unconstrained build operations Thread 33" [_thread_blocked, id=12296, stack(0x000000f98e600000,0x000000f98e700000)]
  0x0000029a701e9d50 JavaThread "Unconstrained build operations Thread 34" [_thread_blocked, id=16312, stack(0x000000f98e700000,0x000000f98e800000)]
  0x0000029a701e74d0 JavaThread "Unconstrained build operations Thread 35" [_thread_blocked, id=6380, stack(0x000000f98e800000,0x000000f98e900000)]
  0x0000029a701e8910 JavaThread "Unconstrained build operations Thread 36" [_thread_blocked, id=1396, stack(0x000000f98e900000,0x000000f98ea00000)]
  0x0000029a701e3810 JavaThread "Unconstrained build operations Thread 37" [_thread_blocked, id=7376, stack(0x000000f98ea00000,0x000000f98eb00000)]
  0x0000029a701e4740 JavaThread "Unconstrained build operations Thread 38" [_thread_blocked, id=15832, stack(0x000000f98eb00000,0x000000f98ec00000)]
  0x0000029a701e7ef0 JavaThread "Unconstrained build operations Thread 39" [_thread_blocked, id=14108, stack(0x000000f98ec00000,0x000000f98ed00000)]
  0x0000029a701e5b80 JavaThread "Unconstrained build operations Thread 40" [_thread_blocked, id=13092, stack(0x000000f98ed00000,0x000000f98ee00000)]
  0x0000029a701ea770 JavaThread "Unconstrained build operations Thread 41" [_thread_blocked, id=8664, stack(0x000000f98ee00000,0x000000f98ef00000)]
  0x0000029a701e5160 JavaThread "Unconstrained build operations Thread 42" [_thread_blocked, id=14588, stack(0x000000f98ef00000,0x000000f98f000000)]
  0x0000029a701e5670 JavaThread "Unconstrained build operations Thread 43" [_thread_blocked, id=13336, stack(0x000000f98f000000,0x000000f98f100000)]
  0x0000029a701e3d20 JavaThread "Unconstrained build operations Thread 44" [_thread_blocked, id=7888, stack(0x000000f98f100000,0x000000f98f200000)]
  0x0000029a701e6090 JavaThread "Unconstrained build operations Thread 45" [_thread_blocked, id=10164, stack(0x000000f98f200000,0x000000f98f300000)]
  0x0000029a701e8400 JavaThread "Unconstrained build operations Thread 46" [_thread_blocked, id=15268, stack(0x000000f98f300000,0x000000f98f400000)]
  0x0000029a6fe98530 JavaThread "Unconstrained build operations Thread 47" [_thread_blocked, id=16192, stack(0x000000f98f400000,0x000000f98f500000)]
  0x0000029a6fe9c1f0 JavaThread "Unconstrained build operations Thread 48" [_thread_blocked, id=12404, stack(0x000000f98f500000,0x000000f98f600000)]
  0x0000029a6fe9e560 JavaThread "Unconstrained build operations Thread 49" [_thread_blocked, id=776, stack(0x000000f98f600000,0x000000f98f700000)]
  0x0000029a6fe98020 JavaThread "Unconstrained build operations Thread 50" [_thread_blocked, id=7740, stack(0x000000f98f700000,0x000000f98f800000)]
  0x0000029a6fe9adb0 JavaThread "Unconstrained build operations Thread 51" [_thread_blocked, id=2872, stack(0x000000f98f800000,0x000000f98f900000)]
  0x0000029a6fe98a40 JavaThread "Unconstrained build operations Thread 52" [_thread_blocked, id=11260, stack(0x000000f98f900000,0x000000f98fa00000)]
  0x0000029a6fe99970 JavaThread "Unconstrained build operations Thread 53" [_thread_blocked, id=15556, stack(0x000000f98fa00000,0x000000f98fb00000)]
  0x0000029a6fe99e80 JavaThread "Unconstrained build operations Thread 54" [_thread_blocked, id=12116, stack(0x000000f98fb00000,0x000000f98fc00000)]
  0x0000029a6fe9b2c0 JavaThread "Unconstrained build operations Thread 55" [_thread_blocked, id=11300, stack(0x000000f98fc00000,0x000000f98fd00000)]
  0x0000029a6fe9cc10 JavaThread "Unconstrained build operations Thread 56" [_thread_blocked, id=16144, stack(0x000000f98fd00000,0x000000f98fe00000)]
  0x0000029a6fe9a390 JavaThread "Unconstrained build operations Thread 57" [_thread_blocked, id=11432, stack(0x000000f98fe00000,0x000000f98ff00000)]
  0x0000029a6fe9a8a0 JavaThread "Unconstrained build operations Thread 58" [_thread_blocked, id=10928, stack(0x000000f98ff00000,0x000000f990000000)]
  0x0000029a6fe9d630 JavaThread "Unconstrained build operations Thread 59" [_thread_blocked, id=10152, stack(0x000000f990000000,0x000000f990100000)]
  0x0000029a6fe9e050 JavaThread "Unconstrained build operations Thread 60" [_thread_blocked, id=4696, stack(0x000000f990100000,0x000000f990200000)]
  0x0000029a6fe9ea70 JavaThread "Unconstrained build operations Thread 61" [_thread_blocked, id=7364, stack(0x000000f990200000,0x000000f990300000)]
  0x0000029a6fe9db40 JavaThread "Unconstrained build operations Thread 62" [_thread_blocked, id=1772, stack(0x000000f990300000,0x000000f990400000)]
  0x0000029a6fe9ef80 JavaThread "Unconstrained build operations Thread 63" [_thread_blocked, id=15232, stack(0x000000f990400000,0x000000f990500000)]
  0x0000029a6fe9b7d0 JavaThread "Unconstrained build operations Thread 64" [_thread_blocked, id=15936, stack(0x000000f990500000,0x000000f990600000)]
  0x0000029a6fe98f50 JavaThread "Unconstrained build operations Thread 65" [_thread_blocked, id=17228, stack(0x000000f990600000,0x000000f990700000)]
  0x0000029a6fe97b10 JavaThread "Unconstrained build operations Thread 66" [_thread_blocked, id=10752, stack(0x000000f990700000,0x000000f990800000)]
  0x0000029a6fe9f490 JavaThread "Unconstrained build operations Thread 67" [_thread_blocked, id=8000, stack(0x000000f990800000,0x000000f990900000)]
  0x0000029a6fe9bce0 JavaThread "Unconstrained build operations Thread 68" [_thread_blocked, id=14148, stack(0x000000f990900000,0x000000f990a00000)]
  0x0000029a6fe99460 JavaThread "Unconstrained build operations Thread 69" [_thread_blocked, id=8340, stack(0x000000f990a00000,0x000000f990b00000)]
  0x0000029a6e953270 JavaThread "Unconstrained build operations Thread 70" [_thread_blocked, id=12688, stack(0x000000f990b00000,0x000000f990c00000)]
  0x0000029a6e94eb90 JavaThread "Unconstrained build operations Thread 71" [_thread_blocked, id=17044, stack(0x000000f990c00000,0x000000f990d00000)]
  0x0000029a6e9541a0 JavaThread "Unconstrained build operations Thread 72" [_thread_blocked, id=10644, stack(0x000000f990d00000,0x000000f990e00000)]
  0x0000029a6e94f5b0 JavaThread "Unconstrained build operations Thread 73" [_thread_blocked, id=12848, stack(0x000000f990e00000,0x000000f990f00000)]
  0x0000029a6e950f00 JavaThread "Unconstrained build operations Thread 74" [_thread_blocked, id=11328, stack(0x000000f990f00000,0x000000f991000000)]
  0x0000029a6e9504e0 JavaThread "Unconstrained build operations Thread 75" [_thread_blocked, id=10864, stack(0x000000f991000000,0x000000f991100000)]
  0x0000029a6e953c90 JavaThread "Unconstrained build operations Thread 76" [_thread_blocked, id=3772, stack(0x000000f991100000,0x000000f991200000)]
  0x0000029a6e9546b0 JavaThread "Unconstrained build operations Thread 77" [_thread_blocked, id=1932, stack(0x000000f991200000,0x000000f991300000)]
  0x0000029a6e94e170 JavaThread "Unconstrained build operations Thread 78" [_thread_blocked, id=4900, stack(0x000000f991300000,0x000000f991400000)]
  0x0000029a6e9509f0 JavaThread "Unconstrained build operations Thread 79" [_thread_blocked, id=3428, stack(0x000000f991400000,0x000000f991500000)]
  0x0000029a6e94ffd0 JavaThread "Unconstrained build operations Thread 80" [_thread_blocked, id=2964, stack(0x000000f991500000,0x000000f991600000)]

Other Threads:
=>0x0000029a66f298f0 VMThread "VM Thread" [stack: 0x000000f988400000,0x000000f988500000] [id=10020]
  0x0000029a675f9070 WatcherThread [stack: 0x000000f989000000,0x000000f989100000] [id=3732]
  0x0000029a46fa8920 GCTaskThread "GC Thread#0" [stack: 0x000000f987f00000,0x000000f988000000] [id=16888]
  0x0000029a6caf37d0 GCTaskThread "GC Thread#1" [stack: 0x000000f989200000,0x000000f989300000] [id=11440]
  0x0000029a6c831ed0 GCTaskThread "GC Thread#2" [stack: 0x000000f989300000,0x000000f989400000] [id=5036]
  0x0000029a6c1c78a0 GCTaskThread "GC Thread#3" [stack: 0x000000f989400000,0x000000f989500000] [id=8860]
  0x0000029a6ca314a0 GCTaskThread "GC Thread#4" [stack: 0x000000f989500000,0x000000f989600000] [id=16128]
  0x0000029a6d295ac0 GCTaskThread "GC Thread#5" [stack: 0x000000f98a300000,0x000000f98a400000] [id=2592]
  0x0000029a6e897c40 GCTaskThread "GC Thread#6" [stack: 0x000000f98a400000,0x000000f98a500000] [id=17076]
  0x0000029a6dc0ae40 GCTaskThread "GC Thread#7" [stack: 0x000000f98a500000,0x000000f98a600000] [id=14056]
  0x0000029a46fba790 ConcurrentGCThread "G1 Main Marker" [stack: 0x000000f988000000,0x000000f988100000] [id=13544]
  0x0000029a46fbb0b0 ConcurrentGCThread "G1 Conc#0" [stack: 0x000000f988100000,0x000000f988200000] [id=8276]
  0x0000029a6ea16a40 ConcurrentGCThread "G1 Conc#1" [stack: 0x000000f98ac00000,0x000000f98ad00000] [id=17160]
  0x0000029a4700df90 ConcurrentGCThread "G1 Refine#0" [stack: 0x000000f988200000,0x000000f988300000] [id=17276]
  0x0000029a4700e8d0 ConcurrentGCThread "G1 Service" [stack: 0x000000f988300000,0x000000f988400000] [id=4880]

Threads with active compile tasks:
C2 CompilerThread0    17609 8572       4       org.objectweb.asm.Type::getDescriptor (93 bytes)
C2 CompilerThread1    17609 8587       4       org.objectweb.asm.Frame::execute (2318 bytes)

VM state: at safepoint (normal execution)

VM Mutex/Monitor currently owned by a thread:  ([mutex/lock_event])
[0x0000029a46f4b280] Threads_lock - owner thread: 0x0000029a66f298f0
[0x0000029a46f495d0] Heap_lock - owner thread: 0x0000029a6e727190

Heap address: 0x0000000080000000, size: 2048 MB, Compressed Oops mode: 32-bit

CDS archive(s) mapped at: [0x0000029a00000000-0x0000029a00bd0000-0x0000029a00bd0000), size 12386304, SharedBaseAddress: 0x0000029a00000000, ArchiveRelocationMode: 1.
Compressed class space mapped at: 0x0000029a01000000-0x0000029a1b000000, reserved size: 436207616
Narrow klass base: 0x0000029a00000000, Narrow klass shift: 0, Narrow klass range: 0x100000000

GC Precious Log:
 CPUs: 8 total, 8 available
 Memory: 7959M
 Large Page Support: Disabled
 NUMA Support: Disabled
 Compressed Oops: Enabled (32-bit)
 Heap Region Size: 1M
 Heap Min Capacity: 8M
 Heap Initial Capacity: 126M
 Heap Max Capacity: 2G
 Pre-touch: Disabled
 Parallel Workers: 8
 Concurrent Workers: 2
 Concurrent Refinement Workers: 8
 Periodic GC: Disabled

Heap:
 garbage-first heap   total 129024K, used 67548K [0x0000000080000000, 0x0000000100000000)
  region size 1024K, 3 young (3072K), 3 survivors (3072K)
 Metaspace       used 66426K, committed 67136K, reserved 491520K
  class space    used 9140K, committed 9472K, reserved 425984K

Heap Regions: E=young(eden), S=young(survivor), O=old, HS=humongous(starts), HC=humongous(continues), CS=collection set, F=free, OA=open archive, CA=closed archive, TAMS=top-at-mark-start (previous, next)
|   0|0x0000000080000000, 0x0000000080100000, 0x0000000080100000|100%|HS|  |TAMS 0x0000000080100000, 0x0000000080100000| Complete 
|   1|0x0000000080100000, 0x0000000080200000, 0x0000000080200000|100%|HC|  |TAMS 0x0000000080200000, 0x0000000080200000| Complete 
|   2|0x0000000080200000, 0x0000000080300000, 0x0000000080300000|100%|HC|  |TAMS 0x0000000080300000, 0x0000000080300000| Complete 
|   3|0x0000000080300000, 0x0000000080400000, 0x0000000080400000|100%|HC|  |TAMS 0x0000000080400000, 0x0000000080400000| Complete 
|   4|0x0000000080400000, 0x0000000080500000, 0x0000000080500000|100%| O|  |TAMS 0x0000000080500000, 0x0000000080500000| Untracked 
|   5|0x0000000080500000, 0x0000000080600000, 0x0000000080600000|100%| O|  |TAMS 0x0000000080600000, 0x0000000080600000| Untracked 
|   6|0x0000000080600000, 0x0000000080700000, 0x0000000080700000|100%| O|  |TAMS 0x0000000080700000, 0x0000000080700000| Untracked 
|   7|0x0000000080700000, 0x0000000080800000, 0x0000000080800000|100%| O|  |TAMS 0x0000000080800000, 0x0000000080800000| Untracked 
|   8|0x0000000080800000, 0x0000000080900000, 0x0000000080900000|100%| O|  |TAMS 0x0000000080900000, 0x0000000080900000| Untracked 
|   9|0x0000000080900000, 0x0000000080a00000, 0x0000000080a00000|100%| O|  |TAMS 0x0000000080a00000, 0x0000000080a00000| Untracked 
|  10|0x0000000080a00000, 0x0000000080b00000, 0x0000000080b00000|100%| O|  |TAMS 0x0000000080b00000, 0x0000000080b00000| Untracked 
|  11|0x0000000080b00000, 0x0000000080c00000, 0x0000000080c00000|100%| O|  |TAMS 0x0000000080c00000, 0x0000000080c00000| Untracked 
|  12|0x0000000080c00000, 0x0000000080d00000, 0x0000000080d00000|100%| O|  |TAMS 0x0000000080d00000, 0x0000000080d00000| Untracked 
|  13|0x0000000080d00000, 0x0000000080e00000, 0x0000000080e00000|100%| O|  |TAMS 0x0000000080e00000, 0x0000000080e00000| Untracked 
|  14|0x0000000080e00000, 0x0000000080f00000, 0x0000000080f00000|100%| O|  |TAMS 0x0000000080f00000, 0x0000000080f00000| Untracked 
|  15|0x0000000080f00000, 0x0000000081000000, 0x0000000081000000|100%| O|  |TAMS 0x0000000081000000, 0x0000000081000000| Untracked 
|  16|0x0000000081000000, 0x0000000081100000, 0x0000000081100000|100%| O|  |TAMS 0x0000000081100000, 0x0000000081100000| Untracked 
|  17|0x0000000081100000, 0x0000000081200000, 0x0000000081200000|100%| O|  |TAMS 0x0000000081200000, 0x0000000081200000| Untracked 
|  18|0x0000000081200000, 0x0000000081300000, 0x0000000081300000|100%| O|  |TAMS 0x0000000081300000, 0x0000000081300000| Untracked 
|  19|0x0000000081300000, 0x0000000081400000, 0x0000000081400000|100%| O|  |TAMS 0x0000000081400000, 0x0000000081400000| Untracked 
|  20|0x0000000081400000, 0x000000008149e200, 0x0000000081500000| 61%| O|  |TAMS 0x000000008149e200, 0x000000008149e200| Untracked 
|  21|0x0000000081500000, 0x0000000081600000, 0x0000000081600000|100%| O|  |TAMS 0x0000000081600000, 0x0000000081600000| Untracked 
|  22|0x0000000081600000, 0x0000000081700000, 0x0000000081700000|100%| O|  |TAMS 0x0000000081700000, 0x0000000081700000| Untracked 
|  23|0x0000000081700000, 0x0000000081800000, 0x0000000081800000|100%| O|  |TAMS 0x0000000081800000, 0x0000000081800000| Untracked 
|  24|0x0000000081800000, 0x0000000081900000, 0x0000000081900000|100%| O|  |TAMS 0x0000000081900000, 0x0000000081900000| Untracked 
|  25|0x0000000081900000, 0x0000000081a00000, 0x0000000081a00000|100%| O|  |TAMS 0x0000000081a00000, 0x0000000081a00000| Untracked 
|  26|0x0000000081a00000, 0x0000000081b00000, 0x0000000081b00000|100%| O|  |TAMS 0x0000000081b00000, 0x0000000081b00000| Untracked 
|  27|0x0000000081b00000, 0x0000000081c00000, 0x0000000081c00000|100%| O|  |TAMS 0x0000000081c00000, 0x0000000081c00000| Untracked 
|  28|0x0000000081c00000, 0x0000000081d00000, 0x0000000081d00000|100%|HS|  |TAMS 0x0000000081d00000, 0x0000000081d00000| Complete 
|  29|0x0000000081d00000, 0x0000000081e00000, 0x0000000081e00000|100%|HC|  |TAMS 0x0000000081e00000, 0x0000000081e00000| Complete 
|  30|0x0000000081e00000, 0x0000000081f00000, 0x0000000081f00000|100%|HS|  |TAMS 0x0000000081f00000, 0x0000000081f00000| Complete 
|  31|0x0000000081f00000, 0x0000000082000000, 0x0000000082000000|100%|HC|  |TAMS 0x0000000082000000, 0x0000000082000000| Complete 
|  32|0x0000000082000000, 0x0000000082100000, 0x0000000082100000|100%|HC|  |TAMS 0x0000000082100000, 0x0000000082100000| Complete 
|  33|0x0000000082100000, 0x0000000082200000, 0x0000000082200000|100%|HC|  |TAMS 0x0000000082200000, 0x0000000082200000| Complete 
|  34|0x0000000082200000, 0x0000000082300000, 0x0000000082300000|100%| O|  |TAMS 0x0000000082300000, 0x0000000082300000| Untracked 
|  35|0x0000000082300000, 0x0000000082400000, 0x0000000082400000|100%| O|  |TAMS 0x0000000082400000, 0x0000000082400000| Untracked 
|  36|0x0000000082400000, 0x0000000082500000, 0x0000000082500000|100%| O|  |TAMS 0x0000000082500000, 0x0000000082500000| Untracked 
|  37|0x0000000082500000, 0x0000000082600000, 0x0000000082600000|100%| O|  |TAMS 0x0000000082600000, 0x0000000082600000| Untracked 
|  38|0x0000000082600000, 0x0000000082700000, 0x0000000082700000|100%| O|  |TAMS 0x0000000082700000, 0x0000000082700000| Untracked 
|  39|0x0000000082700000, 0x0000000082800000, 0x0000000082800000|100%| O|  |TAMS 0x0000000082800000, 0x0000000082800000| Untracked 
|  40|0x0000000082800000, 0x0000000082900000, 0x0000000082900000|100%| O|  |TAMS 0x0000000082900000, 0x0000000082900000| Untracked 
|  41|0x0000000082900000, 0x0000000082a00000, 0x0000000082a00000|100%| O|  |TAMS 0x0000000082a00000, 0x0000000082a00000| Untracked 
|  42|0x0000000082a00000, 0x0000000082b00000, 0x0000000082b00000|100%| O|  |TAMS 0x0000000082b00000, 0x0000000082b00000| Untracked 
|  43|0x0000000082b00000, 0x0000000082c00000, 0x0000000082c00000|100%| O|  |TAMS 0x0000000082c00000, 0x0000000082c00000| Untracked 
|  44|0x0000000082c00000, 0x0000000082d00000, 0x0000000082d00000|100%| O|  |TAMS 0x0000000082d00000, 0x0000000082d00000| Untracked 
|  45|0x0000000082d00000, 0x0000000082e00000, 0x0000000082e00000|100%| O|  |TAMS 0x0000000082e00000, 0x0000000082e00000| Untracked 
|  46|0x0000000082e00000, 0x0000000082f00000, 0x0000000082f00000|100%| O|  |TAMS 0x0000000082f00000, 0x0000000082f00000| Untracked 
|  47|0x0000000082f00000, 0x0000000083000000, 0x0000000083000000|100%| O|  |TAMS 0x0000000083000000, 0x0000000083000000| Untracked 
|  48|0x0000000083000000, 0x0000000083100000, 0x0000000083100000|100%| O|  |TAMS 0x0000000083100000, 0x0000000083100000| Untracked 
|  49|0x0000000083100000, 0x0000000083200000, 0x0000000083200000|100%| O|  |TAMS 0x0000000083200000, 0x0000000083200000| Untracked 
|  50|0x0000000083200000, 0x0000000083300000, 0x0000000083300000|100%| O|  |TAMS 0x0000000083300000, 0x0000000083300000| Untracked 
|  51|0x0000000083300000, 0x0000000083300000, 0x0000000083400000|  0%| F|  |TAMS 0x0000000083300000, 0x0000000083300000| Untracked 
|  52|0x0000000083400000, 0x0000000083500000, 0x0000000083500000|100%| O|  |TAMS 0x0000000083400000, 0x0000000083500000| Untracked 
|  53|0x0000000083500000, 0x0000000083600000, 0x0000000083600000|100%| O|  |TAMS 0x0000000083500000, 0x0000000083600000| Untracked 
|  54|0x0000000083600000, 0x0000000083700000, 0x0000000083700000|100%| O|  |TAMS 0x0000000083600000, 0x0000000083700000| Untracked 
|  55|0x0000000083700000, 0x0000000083800000, 0x0000000083800000|100%| O|  |TAMS 0x0000000083700000, 0x0000000083800000| Untracked 
|  56|0x0000000083800000, 0x0000000083900000, 0x0000000083900000|100%| O|  |TAMS 0x0000000083800000, 0x0000000083900000| Untracked 
|  57|0x0000000083900000, 0x0000000083a00000, 0x0000000083a00000|100%|HS|  |TAMS 0x0000000083900000, 0x0000000083a00000| Complete 
|  58|0x0000000083a00000, 0x0000000083b00000, 0x0000000083b00000|100%|HS|  |TAMS 0x0000000083a00000, 0x0000000083b00000| Complete 
|  59|0x0000000083b00000, 0x0000000083c00000, 0x0000000083c00000|100%| O|  |TAMS 0x0000000083b00000, 0x0000000083c00000| Untracked 
|  60|0x0000000083c00000, 0x0000000083d00000, 0x0000000083d00000|100%| O|  |TAMS 0x0000000083c00000, 0x0000000083d00000| Untracked 
|  61|0x0000000083d00000, 0x0000000083e00000, 0x0000000083e00000|100%| O|  |TAMS 0x0000000083d00000, 0x0000000083e00000| Untracked 
|  62|0x0000000083e00000, 0x0000000083f00000, 0x0000000083f00000|100%| O|  |TAMS 0x0000000083e00000, 0x0000000083f00000| Untracked 
|  63|0x0000000083f00000, 0x0000000084000000, 0x0000000084000000|100%| O|  |TAMS 0x0000000083f00000, 0x0000000084000000| Untracked 
|  64|0x0000000084000000, 0x0000000084100000, 0x0000000084100000|100%| O|  |TAMS 0x0000000084000000, 0x0000000084100000| Untracked 
|  65|0x0000000084100000, 0x0000000084155000, 0x0000000084200000| 33%| O|  |TAMS 0x0000000084100000, 0x0000000084155000| Untracked 
|  66|0x0000000084200000, 0x0000000084200000, 0x0000000084300000|  0%| F|  |TAMS 0x0000000084200000, 0x0000000084200000| Untracked 
|  67|0x0000000084300000, 0x0000000084300000, 0x0000000084400000|  0%| F|  |TAMS 0x0000000084300000, 0x0000000084300000| Untracked 
|  68|0x0000000084400000, 0x0000000084400000, 0x0000000084500000|  0%| F|  |TAMS 0x0000000084400000, 0x0000000084400000| Untracked 
|  69|0x0000000084500000, 0x0000000084500000, 0x0000000084600000|  0%| F|  |TAMS 0x0000000084500000, 0x0000000084500000| Untracked 
|  70|0x0000000084600000, 0x0000000084600000, 0x0000000084700000|  0%| F|  |TAMS 0x0000000084600000, 0x0000000084600000| Untracked 
|  71|0x0000000084700000, 0x0000000084700000, 0x0000000084800000|  0%| F|  |TAMS 0x0000000084700000, 0x0000000084700000| Untracked 
|  72|0x0000000084800000, 0x0000000084800000, 0x0000000084900000|  0%| F|  |TAMS 0x0000000084800000, 0x0000000084800000| Untracked 
|  73|0x0000000084900000, 0x0000000084900000, 0x0000000084a00000|  0%| F|  |TAMS 0x0000000084900000, 0x0000000084900000| Untracked 
|  74|0x0000000084a00000, 0x0000000084a00000, 0x0000000084b00000|  0%| F|  |TAMS 0x0000000084a00000, 0x0000000084a00000| Untracked 
|  75|0x0000000084b00000, 0x0000000084b00000, 0x0000000084c00000|  0%| F|  |TAMS 0x0000000084b00000, 0x0000000084b00000| Untracked 
|  76|0x0000000084c00000, 0x0000000084c00000, 0x0000000084d00000|  0%| F|  |TAMS 0x0000000084c00000, 0x0000000084c00000| Untracked 
|  77|0x0000000084d00000, 0x0000000084d00000, 0x0000000084e00000|  0%| F|  |TAMS 0x0000000084d00000, 0x0000000084d00000| Untracked 
|  78|0x0000000084e00000, 0x0000000084e00000, 0x0000000084f00000|  0%| F|  |TAMS 0x0000000084e00000, 0x0000000084e00000| Untracked 
|  79|0x0000000084f00000, 0x0000000084f00000, 0x0000000085000000|  0%| F|  |TAMS 0x0000000084f00000, 0x0000000084f00000| Untracked 
|  80|0x0000000085000000, 0x0000000085000000, 0x0000000085100000|  0%| F|  |TAMS 0x0000000085000000, 0x0000000085000000| Untracked 
|  81|0x0000000085100000, 0x0000000085100000, 0x0000000085200000|  0%| F|  |TAMS 0x0000000085100000, 0x0000000085100000| Untracked 
|  82|0x0000000085200000, 0x0000000085200000, 0x0000000085300000|  0%| F|  |TAMS 0x0000000085200000, 0x0000000085200000| Untracked 
|  83|0x0000000085300000, 0x0000000085300000, 0x0000000085400000|  0%| F|  |TAMS 0x0000000085300000, 0x0000000085300000| Untracked 
|  84|0x0000000085400000, 0x0000000085400000, 0x0000000085500000|  0%| F|  |TAMS 0x0000000085400000, 0x0000000085400000| Untracked 
|  85|0x0000000085500000, 0x0000000085500000, 0x0000000085600000|  0%| F|  |TAMS 0x0000000085500000, 0x0000000085500000| Untracked 
|  86|0x0000000085600000, 0x0000000085600000, 0x0000000085700000|  0%| F|  |TAMS 0x0000000085600000, 0x0000000085600000| Untracked 
|  87|0x0000000085700000, 0x0000000085700000, 0x0000000085800000|  0%| F|  |TAMS 0x0000000085700000, 0x0000000085700000| Untracked 
|  88|0x0000000085800000, 0x0000000085800000, 0x0000000085900000|  0%| F|  |TAMS 0x0000000085800000, 0x0000000085800000| Untracked 
|  89|0x0000000085900000, 0x0000000085900000, 0x0000000085a00000|  0%| F|  |TAMS 0x0000000085900000, 0x0000000085900000| Untracked 
|  90|0x0000000085a00000, 0x0000000085a00000, 0x0000000085b00000|  0%| F|  |TAMS 0x0000000085a00000, 0x0000000085a00000| Untracked 
|  91|0x0000000085b00000, 0x0000000085b00000, 0x0000000085c00000|  0%| F|  |TAMS 0x0000000085b00000, 0x0000000085b00000| Untracked 
|  92|0x0000000085c00000, 0x0000000085c00000, 0x0000000085d00000|  0%| F|  |TAMS 0x0000000085c00000, 0x0000000085c00000| Untracked 
|  93|0x0000000085d00000, 0x0000000085d00000, 0x0000000085e00000|  0%| F|  |TAMS 0x0000000085d00000, 0x0000000085d00000| Untracked 
|  94|0x0000000085e00000, 0x0000000085e00000, 0x0000000085f00000|  0%| F|  |TAMS 0x0000000085e00000, 0x0000000085e00000| Untracked 
|  95|0x0000000085f00000, 0x0000000085f04020, 0x0000000086000000|  1%| S|CS|TAMS 0x0000000085f00000, 0x0000000085f00000| Complete 
|  96|0x0000000086000000, 0x0000000086100000, 0x0000000086100000|100%| S|CS|TAMS 0x0000000086000000, 0x0000000086000000| Complete 
|  97|0x0000000086100000, 0x0000000086200000, 0x0000000086200000|100%| S|CS|TAMS 0x0000000086100000, 0x0000000086100000| Complete 
|  98|0x0000000086200000, 0x0000000086200000, 0x0000000086300000|  0%| F|  |TAMS 0x0000000086200000, 0x0000000086200000| Untracked 
|  99|0x0000000086300000, 0x0000000086300000, 0x0000000086400000|  0%| F|  |TAMS 0x0000000086300000, 0x0000000086300000| Untracked 
| 100|0x0000000086400000, 0x0000000086400000, 0x0000000086500000|  0%| F|  |TAMS 0x0000000086400000, 0x0000000086400000| Untracked 
| 101|0x0000000086500000, 0x0000000086500000, 0x0000000086600000|  0%| F|  |TAMS 0x0000000086500000, 0x0000000086500000| Untracked 
| 102|0x0000000086600000, 0x0000000086600000, 0x0000000086700000|  0%| F|  |TAMS 0x0000000086600000, 0x0000000086600000| Untracked 
| 103|0x0000000086700000, 0x0000000086700000, 0x0000000086800000|  0%| F|  |TAMS 0x0000000086700000, 0x0000000086700000| Untracked 
| 104|0x0000000086800000, 0x0000000086800000, 0x0000000086900000|  0%| F|  |TAMS 0x0000000086800000, 0x0000000086800000| Untracked 
| 105|0x0000000086900000, 0x0000000086900000, 0x0000000086a00000|  0%| F|  |TAMS 0x0000000086900000, 0x0000000086900000| Untracked 
| 106|0x0000000086a00000, 0x0000000086a00000, 0x0000000086b00000|  0%| F|  |TAMS 0x0000000086a00000, 0x0000000086a00000| Untracked 
| 107|0x0000000086b00000, 0x0000000086b00000, 0x0000000086c00000|  0%| F|  |TAMS 0x0000000086b00000, 0x0000000086b00000| Untracked 
| 108|0x0000000086c00000, 0x0000000086c00000, 0x0000000086d00000|  0%| F|  |TAMS 0x0000000086c00000, 0x0000000086c00000| Untracked 
| 109|0x0000000086d00000, 0x0000000086d00000, 0x0000000086e00000|  0%| F|  |TAMS 0x0000000086d00000, 0x0000000086d00000| Untracked 
| 110|0x0000000086e00000, 0x0000000086e00000, 0x0000000086f00000|  0%| F|  |TAMS 0x0000000086e00000, 0x0000000086e00000| Untracked 
| 111|0x0000000086f00000, 0x0000000086f00000, 0x0000000087000000|  0%| F|  |TAMS 0x0000000086f00000, 0x0000000086f00000| Untracked 
| 112|0x0000000087000000, 0x0000000087000000, 0x0000000087100000|  0%| F|  |TAMS 0x0000000087000000, 0x0000000087000000| Untracked 
| 113|0x0000000087100000, 0x0000000087100000, 0x0000000087200000|  0%| F|  |TAMS 0x0000000087100000, 0x0000000087100000| Untracked 
| 114|0x0000000087200000, 0x0000000087200000, 0x0000000087300000|  0%| F|  |TAMS 0x0000000087200000, 0x0000000087200000| Untracked 
| 115|0x0000000087300000, 0x0000000087300000, 0x0000000087400000|  0%| F|  |TAMS 0x0000000087300000, 0x0000000087300000| Untracked 
| 116|0x0000000087400000, 0x0000000087400000, 0x0000000087500000|  0%| F|  |TAMS 0x0000000087400000, 0x0000000087400000| Untracked 
| 117|0x0000000087500000, 0x0000000087500000, 0x0000000087600000|  0%| F|  |TAMS 0x0000000087500000, 0x0000000087500000| Untracked 
| 118|0x0000000087600000, 0x0000000087600000, 0x0000000087700000|  0%| F|  |TAMS 0x0000000087600000, 0x0000000087600000| Untracked 
| 119|0x0000000087700000, 0x0000000087700000, 0x0000000087800000|  0%| F|  |TAMS 0x0000000087700000, 0x0000000087700000| Untracked 
| 120|0x0000000087800000, 0x0000000087800000, 0x0000000087900000|  0%| F|  |TAMS 0x0000000087800000, 0x0000000087800000| Untracked 
| 121|0x0000000087900000, 0x0000000087900000, 0x0000000087a00000|  0%| F|  |TAMS 0x0000000087900000, 0x0000000087900000| Untracked 
| 122|0x0000000087a00000, 0x0000000087a00000, 0x0000000087b00000|  0%| F|  |TAMS 0x0000000087a00000, 0x0000000087a00000| Untracked 
| 123|0x0000000087b00000, 0x0000000087b00000, 0x0000000087c00000|  0%| F|  |TAMS 0x0000000087b00000, 0x0000000087b00000| Untracked 
| 124|0x0000000087c00000, 0x0000000087c00000, 0x0000000087d00000|  0%| F|  |TAMS 0x0000000087c00000, 0x0000000087c00000| Untracked 
| 125|0x0000000087d00000, 0x0000000087d00000, 0x0000000087e00000|  0%| F|  |TAMS 0x0000000087d00000, 0x0000000087d00000| Untracked 

Card table byte_map: [0x0000029a600b0000,0x0000029a604b0000] _byte_map_base: 0x0000029a5fcb0000

Marking Bits (Prev, Next): (CMBitMap*) 0x0000029a46fa9e60, (CMBitMap*) 0x0000029a46fa9ea0
 Prev Bits: [0x0000029a608b0000, 0x0000029a628b0000)
 Next Bits: [0x0000029a628b0000, 0x0000029a648b0000)

Polling page: 0x0000029a47010000

Metaspace:

Usage:
  Non-class:     55.94 MB used.
      Class:      8.93 MB used.
       Both:     64.87 MB used.

Virtual space:
  Non-class space:       64.00 MB reserved,      56.31 MB ( 88%) committed,  1 nodes.
      Class space:      416.00 MB reserved,       9.25 MB (  2%) committed,  1 nodes.
             Both:      480.00 MB reserved,      65.56 MB ( 14%) committed. 

Chunk freelists:
   Non-Class:  7.27 MB
       Class:  6.64 MB
        Both:  13.91 MB

MaxMetaspaceSize: 512.00 MB
CompressedClassSpaceSize: 416.00 MB
Initial GC threshold: 21.00 MB
Current GC threshold: 102.19 MB
CDS: on
MetaspaceReclaimPolicy: balanced
 - commit_granule_bytes: 65536.
 - commit_granule_words: 8192.
 - virtual_space_node_default_size: 8388608.
 - enlarge_chunks_in_place: 1.
 - new_chunks_are_fully_committed: 0.
 - uncommit_free_chunks: 1.
 - use_allocation_guard: 0.
 - handle_deallocations: 1.


Internal statistics:

num_allocs_failed_limit: 6.
num_arena_births: 750.
num_arena_deaths: 0.
num_vsnodes_births: 2.
num_vsnodes_deaths: 0.
num_space_committed: 1049.
num_space_uncommitted: 0.
num_chunks_returned_to_freelist: 6.
num_chunks_taken_from_freelist: 3361.
num_chunk_merges: 6.
num_chunk_splits: 2314.
num_chunks_enlarged: 1616.
num_inconsistent_stats: 0.

CodeHeap 'non-profiled nmethods': size=120000Kb used=4276Kb max_used=4276Kb free=115724Kb
 bounds [0x0000029a57d20000, 0x0000029a58150000, 0x0000029a5f250000]
CodeHeap 'profiled nmethods': size=120000Kb used=15162Kb max_used=15162Kb free=104837Kb
 bounds [0x0000029a50250000, 0x0000029a51120000, 0x0000029a57780000]
CodeHeap 'non-nmethods': size=5760Kb used=2383Kb max_used=2433Kb free=3376Kb
 bounds [0x0000029a57780000, 0x0000029a579f0000, 0x0000029a57d20000]
 total_blobs=8664 nmethods=7764 adapters=812
 compilation: enabled
              stopped_count=0, restarted_count=0
 full_count=0

Compilation events (20 events):
Event: 17.530 Thread 0x0000029a66f62160 8643       1       com.google.common.collect.ImmutableEntry::getValue (5 bytes)
Event: 17.530 Thread 0x0000029a66f62160 nmethod 8643 0x0000029a5813df90 code [0x0000029a5813e120, 0x0000029a5813e1f8]
Event: 17.530 Thread 0x0000029a66f62160 8644       1       org.gradle.api.internal.provider.sources.GradlePropertyValueSource$Parameters_Decorated::isImmutable (3 bytes)
Event: 17.530 Thread 0x0000029a66f62160 nmethod 8644 0x0000029a5813e290 code [0x0000029a5813e420, 0x0000029a5813e4f8]
Event: 17.530 Thread 0x0000029a66f62160 8648       1       org.gradle.api.internal.provider.DefaultValueSourceProviderFactory::access$300 (5 bytes)
Event: 17.530 Thread 0x0000029a66f62160 nmethod 8648 0x0000029a5813e590 code [0x0000029a5813e720, 0x0000029a5813e7d8]
Event: 17.531 Thread 0x0000029a66f62160 8649       1       com.android.build.gradle.options.BooleanOption::getPropertyName (5 bytes)
Event: 17.531 Thread 0x0000029a66f62160 nmethod 8649 0x0000029a5813e890 code [0x0000029a5813ea20, 0x0000029a5813eaf8]
Event: 17.531 Thread 0x0000029a66f62160 8650       3       com.google.common.collect.AbstractIndexedListIterator::hasNext (17 bytes)
Event: 17.531 Thread 0x0000029a66f62160 nmethod 8650 0x0000029a5111d310 code [0x0000029a5111d4a0, 0x0000029a5111d618]
Event: 17.531 Thread 0x0000029a66f62160 8652       3       com.google.common.reflect.TypeResolver::<init> (16 bytes)
Event: 17.532 Thread 0x0000029a66f62160 nmethod 8652 0x0000029a5111d690 code [0x0000029a5111d860, 0x0000029a5111dc18]
Event: 17.532 Thread 0x0000029a66f62160 8651       3       com.google.common.reflect.TypeResolver::covariantly (15 bytes)
Event: 17.532 Thread 0x0000029a66f62160 nmethod 8651 0x0000029a5111dd90 code [0x0000029a5111dfa0, 0x0000029a5111e638]
Event: 17.546 Thread 0x0000029a66f58830 nmethod 8495 0x0000029a5813eb90 code [0x0000029a5813f320, 0x0000029a58148030]
Event: 17.548 Thread 0x0000029a66f58830 8609       4       com.google.common.reflect.TypeResolver$TypeVariableKey::equalsTypeVariable (48 bytes)
Event: 17.555 Thread 0x0000029a66f58830 nmethod 8609 0x0000029a5814bf90 code [0x0000029a5814c160, 0x0000029a5814c5f8]
Event: 17.555 Thread 0x0000029a66f58830 8584       4       org.gradle.internal.instantiation.generator.AbstractClassGenerator$PropertyMetadata::getType (34 bytes)
Event: 17.558 Thread 0x0000029a66f58830 nmethod 8584 0x0000029a5814c990 code [0x0000029a5814cb20, 0x0000029a5814cd78]
Event: 17.558 Thread 0x0000029a66f58830 8572       4       org.objectweb.asm.Type::getDescriptor (93 bytes)

GC Heap History (20 events):
Event: 11.698 GC heap after
{Heap after GC invocations=11 (full 0):
 garbage-first heap   total 103424K, used 35158K [0x0000000080000000, 0x0000000100000000)
  region size 1024K, 5 young (5120K), 5 survivors (5120K)
 Metaspace       used 40841K, committed 41408K, reserved 491520K
  class space    used 5685K, committed 5952K, reserved 425984K
}
Event: 12.746 GC heap before
{Heap before GC invocations=11 (full 0):
 garbage-first heap   total 103424K, used 86358K [0x0000000080000000, 0x0000000100000000)
  region size 1024K, 49 young (50176K), 5 survivors (5120K)
 Metaspace       used 46020K, committed 46656K, reserved 491520K
  class space    used 6411K, committed 6720K, reserved 425984K
}
Event: 12.752 GC heap after
{Heap after GC invocations=12 (full 0):
 garbage-first heap   total 103424K, used 45616K [0x0000000080000000, 0x0000000100000000)
  region size 1024K, 7 young (7168K), 7 survivors (7168K)
 Metaspace       used 46020K, committed 46656K, reserved 491520K
  class space    used 6411K, committed 6720K, reserved 425984K
}
Event: 13.651 GC heap before
{Heap before GC invocations=12 (full 0):
 garbage-first heap   total 103424K, used 81456K [0x0000000080000000, 0x0000000100000000)
  region size 1024K, 42 young (43008K), 7 survivors (7168K)
 Metaspace       used 49851K, committed 50432K, reserved 491520K
  class space    used 6984K, committed 7232K, reserved 425984K
}
Event: 13.657 GC heap after
{Heap after GC invocations=13 (full 0):
 garbage-first heap   total 103424K, used 48044K [0x0000000080000000, 0x0000000100000000)
  region size 1024K, 3 young (3072K), 3 survivors (3072K)
 Metaspace       used 49851K, committed 50432K, reserved 491520K
  class space    used 6984K, committed 7232K, reserved 425984K
}
Event: 14.218 GC heap before
{Heap before GC invocations=13 (full 0):
 garbage-first heap   total 103424K, used 81836K [0x0000000080000000, 0x0000000100000000)
  region size 1024K, 36 young (36864K), 3 survivors (3072K)
 Metaspace       used 54064K, committed 54656K, reserved 491520K
  class space    used 7527K, committed 7808K, reserved 425984K
}
Event: 14.223 GC heap after
{Heap after GC invocations=14 (full 0):
 garbage-first heap   total 103424K, used 50258K [0x0000000080000000, 0x0000000100000000)
  region size 1024K, 5 young (5120K), 5 survivors (5120K)
 Metaspace       used 54064K, committed 54656K, reserved 491520K
  class space    used 7527K, committed 7808K, reserved 425984K
}
Event: 14.795 GC heap before
{Heap before GC invocations=14 (full 0):
 garbage-first heap   total 103424K, used 82002K [0x0000000080000000, 0x0000000100000000)
  region size 1024K, 36 young (36864K), 5 survivors (5120K)
 Metaspace       used 56293K, committed 56896K, reserved 491520K
  class space    used 7826K, committed 8128K, reserved 425984K
}
Event: 14.803 GC heap after
{Heap after GC invocations=15 (full 0):
 garbage-first heap   total 103424K, used 52313K [0x0000000080000000, 0x0000000100000000)
  region size 1024K, 5 young (5120K), 5 survivors (5120K)
 Metaspace       used 56293K, committed 56896K, reserved 491520K
  class space    used 7826K, committed 8128K, reserved 425984K
}
Event: 15.499 GC heap before
{Heap before GC invocations=15 (full 0):
 garbage-first heap   total 103424K, used 83033K [0x0000000080000000, 0x0000000100000000)
  region size 1024K, 35 young (35840K), 5 survivors (5120K)
 Metaspace       used 58390K, committed 59008K, reserved 491520K
  class space    used 8139K, committed 8384K, reserved 425984K
}
Event: 15.506 GC heap after
{Heap after GC invocations=16 (full 0):
 garbage-first heap   total 103424K, used 54905K [0x0000000080000000, 0x0000000100000000)
  region size 1024K, 5 young (5120K), 5 survivors (5120K)
 Metaspace       used 58390K, committed 59008K, reserved 491520K
  class space    used 8139K, committed 8384K, reserved 425984K
}
Event: 16.157 GC heap before
{Heap before GC invocations=17 (full 0):
 garbage-first heap   total 103424K, used 83577K [0x0000000080000000, 0x0000000100000000)
  region size 1024K, 33 young (33792K), 5 survivors (5120K)
 Metaspace       used 60661K, committed 61248K, reserved 491520K
  class space    used 8503K, committed 8768K, reserved 425984K
}
Event: 16.164 GC heap after
{Heap after GC invocations=18 (full 0):
 garbage-first heap   total 103424K, used 57757K [0x0000000080000000, 0x0000000100000000)
  region size 1024K, 5 young (5120K), 5 survivors (5120K)
 Metaspace       used 60661K, committed 61248K, reserved 491520K
  class space    used 8503K, committed 8768K, reserved 425984K
}
Event: 16.750 GC heap before
{Heap before GC invocations=18 (full 0):
 garbage-first heap   total 103424K, used 82333K [0x0000000080000000, 0x0000000100000000)
  region size 1024K, 31 young (31744K), 5 survivors (5120K)
 Metaspace       used 62048K, committed 62720K, reserved 491520K
  class space    used 8665K, committed 8960K, reserved 425984K
}
Event: 16.758 GC heap after
{Heap after GC invocations=19 (full 0):
 garbage-first heap   total 103424K, used 60336K [0x0000000080000000, 0x0000000100000000)
  region size 1024K, 3 young (3072K), 3 survivors (3072K)
 Metaspace       used 62048K, committed 62720K, reserved 491520K
  class space    used 8665K, committed 8960K, reserved 425984K
}
Event: 17.333 GC heap before
{Heap before GC invocations=20 (full 0):
 garbage-first heap   total 111616K, used 84912K [0x0000000080000000, 0x0000000100000000)
  region size 1024K, 26 young (26624K), 3 survivors (3072K)
 Metaspace       used 65005K, committed 65664K, reserved 491520K
  class space    used 8992K, committed 9280K, reserved 425984K
}
Event: 17.338 GC heap after
{Heap after GC invocations=21 (full 0):
 garbage-first heap   total 111616K, used 66366K [0x0000000080000000, 0x0000000100000000)
  region size 1024K, 4 young (4096K), 4 survivors (4096K)
 Metaspace       used 65005K, committed 65664K, reserved 491520K
  class space    used 8992K, committed 9280K, reserved 425984K
}
Event: 17.359 GC heap before
{Heap before GC invocations=21 (full 0):
 garbage-first heap   total 111616K, used 67390K [0x0000000080000000, 0x0000000100000000)
  region size 1024K, 5 young (5120K), 4 survivors (4096K)
 Metaspace       used 65177K, committed 65856K, reserved 491520K
  class space    used 9008K, committed 9280K, reserved 425984K
}
Event: 17.362 GC heap after
{Heap after GC invocations=22 (full 0):
 garbage-first heap   total 111616K, used 65738K [0x0000000080000000, 0x0000000100000000)
  region size 1024K, 1 young (1024K), 1 survivors (1024K)
 Metaspace       used 65177K, committed 65856K, reserved 491520K
  class space    used 9008K, committed 9280K, reserved 425984K
}
Event: 17.568 GC heap before
{Heap before GC invocations=22 (full 0):
 garbage-first heap   total 111616K, used 73930K [0x0000000080000000, 0x0000000100000000)
  region size 1024K, 11 young (11264K), 1 survivors (1024K)
 Metaspace       used 66426K, committed 67136K, reserved 491520K
  class space    used 9140K, committed 9472K, reserved 425984K
}

Dll operation events (12 events):
Event: 0.005 Loaded shared library C:\Users\Kriti Sharma\AppData\Local\Programs\Eclipse Adoptium\jdk-17.0.8.7-hotspot\bin\java.dll
Event: 0.022 Loaded shared library C:\Users\Kriti Sharma\AppData\Local\Programs\Eclipse Adoptium\jdk-17.0.8.7-hotspot\bin\jsvml.dll
Event: 0.061 Loaded shared library C:\Users\Kriti Sharma\AppData\Local\Programs\Eclipse Adoptium\jdk-17.0.8.7-hotspot\bin\net.dll
Event: 0.063 Loaded shared library C:\Users\Kriti Sharma\AppData\Local\Programs\Eclipse Adoptium\jdk-17.0.8.7-hotspot\bin\nio.dll
Event: 0.067 Loaded shared library C:\Users\Kriti Sharma\AppData\Local\Programs\Eclipse Adoptium\jdk-17.0.8.7-hotspot\bin\zip.dll
Event: 0.227 Loaded shared library C:\Users\Kriti Sharma\AppData\Local\Programs\Eclipse Adoptium\jdk-17.0.8.7-hotspot\bin\jimage.dll
Event: 0.309 Loaded shared library C:\Users\Kriti Sharma\AppData\Local\Programs\Eclipse Adoptium\jdk-17.0.8.7-hotspot\bin\verify.dll
Event: 0.507 Loaded shared library C:\Users\Kriti Sharma\.gradle\native\68d5fa5c4cc2d200863cafc0d521ce42e7d3e7ee720ec0a83991735586a16f82\windows-amd64\native-platform.dll
Event: 0.513 Loaded shared library C:\Users\Kriti Sharma\.gradle\native\e376f236ea51e6404a007f0833ffe2c6e607c4080706a723a18a27aeea778392\windows-amd64\native-platform-file-events.dll
Event: 1.699 Loaded shared library C:\Users\Kriti Sharma\AppData\Local\Programs\Eclipse Adoptium\jdk-17.0.8.7-hotspot\bin\management.dll
Event: 1.703 Loaded shared library C:\Users\Kriti Sharma\AppData\Local\Programs\Eclipse Adoptium\jdk-17.0.8.7-hotspot\bin\management_ext.dll
Event: 2.357 Loaded shared library C:\Users\Kriti Sharma\AppData\Local\Programs\Eclipse Adoptium\jdk-17.0.8.7-hotspot\bin\sunmscapi.dll

Deoptimization events (20 events):
Event: 17.140 Thread 0x0000029a6e727190 Uncommon trap: trap_request=0xffffffde fr.pc=0x0000029a57df8dc4 relative=0x0000000000000364
Event: 17.140 Thread 0x0000029a6e727190 Uncommon trap: reason=class_check action=maybe_recompile pc=0x0000029a57df8dc4 method=java.util.stream.AbstractPipeline.copyIntoWithCancel(Ljava/util/stream/Sink;Ljava/util/Spliterator;)Z @ 32 c2
Event: 17.140 Thread 0x0000029a6e727190 DEOPT PACKING pc=0x0000029a57df8dc4 sp=0x000000f989cf52e0
Event: 17.140 Thread 0x0000029a6e727190 DEOPT UNPACKING pc=0x0000029a577da1a3 sp=0x000000f989cf51a0 mode 2
Event: 17.158 Thread 0x0000029a6e727190 Uncommon trap: trap_request=0xffffffc6 fr.pc=0x0000029a57f72bc8 relative=0x0000000000000208
Event: 17.158 Thread 0x0000029a6e727190 Uncommon trap: reason=bimorphic_or_optimized_type_check action=maybe_recompile pc=0x0000029a57f72bc8 method=java.io.BufferedInputStream.read1([BII)I @ 39 c2
Event: 17.158 Thread 0x0000029a6e727190 DEOPT PACKING pc=0x0000029a57f72bc8 sp=0x000000f989cf6bb0
Event: 17.158 Thread 0x0000029a6e727190 DEOPT UNPACKING pc=0x0000029a577da1a3 sp=0x000000f989cf6b38 mode 2
Event: 17.207 Thread 0x0000029a6e727190 Uncommon trap: trap_request=0xffffffde fr.pc=0x0000029a57d90c10 relative=0x0000000000000410
Event: 17.208 Thread 0x0000029a6e727190 Uncommon trap: reason=class_check action=maybe_recompile pc=0x0000029a57d90c10 method=org.gradle.internal.instantiation.generator.AbstractClassGenerator$InjectionAnnotationValidator.validateMethod(Ljava/lang/reflect/Method;Lorg/gradle/internal/reflect/Pro
Event: 17.208 Thread 0x0000029a6e727190 DEOPT PACKING pc=0x0000029a57d90c10 sp=0x000000f989cf6d30
Event: 17.208 Thread 0x0000029a6e727190 DEOPT UNPACKING pc=0x0000029a577da1a3 sp=0x000000f989cf6cd8 mode 2
Event: 17.487 Thread 0x0000029a6e727190 Uncommon trap: trap_request=0xffffffc6 fr.pc=0x0000029a58107798 relative=0x0000000000000058
Event: 17.487 Thread 0x0000029a6e727190 Uncommon trap: reason=bimorphic_or_optimized_type_check action=maybe_recompile pc=0x0000029a58107798 method=java.util.AbstractQueue.add(Ljava/lang/Object;)Z @ 2 c2
Event: 17.487 Thread 0x0000029a6e727190 DEOPT PACKING pc=0x0000029a58107798 sp=0x000000f989cf7640
Event: 17.487 Thread 0x0000029a6e727190 DEOPT UNPACKING pc=0x0000029a577da1a3 sp=0x000000f989cf7608 mode 2
Event: 17.487 Thread 0x0000029a6e727190 Uncommon trap: trap_request=0xffffffc6 fr.pc=0x0000029a58107798 relative=0x0000000000000058
Event: 17.487 Thread 0x0000029a6e727190 Uncommon trap: reason=bimorphic_or_optimized_type_check action=maybe_recompile pc=0x0000029a58107798 method=java.util.AbstractQueue.add(Ljava/lang/Object;)Z @ 2 c2
Event: 17.487 Thread 0x0000029a6e727190 DEOPT PACKING pc=0x0000029a58107798 sp=0x000000f989cf7640
Event: 17.487 Thread 0x0000029a6e727190 DEOPT UNPACKING pc=0x0000029a577da1a3 sp=0x000000f989cf7608 mode 2

Classes unloaded (0 events):
No events

Classes redefined (0 events):
No events

Internal exceptions (20 events):
Event: 14.776 Thread 0x0000029a6e727190 Exception <a 'java/lang/ClassNotFoundException'{0x0000000084769610}: org/gradle/api/internal/DefaultNamedDomainObjectListCustomizer> (0x0000000084769610) 
thrown [s\src\hotspot\share\classfile\systemDictionary.cpp, line 256]
Event: 14.778 Thread 0x0000029a6e727190 Exception <a 'java/lang/ClassNotFoundException'{0x000000008479cdc8}: org/gradle/api/internal/artifacts/DefaultArtifactRepositoryContainerCustomizer> (0x000000008479cdc8) 
thrown [s\src\hotspot\share\classfile\systemDictionary.cpp, line 256]
Event: 14.780 Thread 0x0000029a6e727190 Exception <a 'java/lang/ClassNotFoundException'{0x00000000847c72d0}: org/gradle/api/internal/artifacts/dsl/DefaultRepositoryHandlerCustomizer> (0x00000000847c72d0) 
thrown [s\src\hotspot\share\classfile\systemDictionary.cpp, line 256]
Event: 14.783 Thread 0x0000029a6e727190 Exception <a 'java/lang/ClassNotFoundException'{0x00000000847fef60}: org/gradle/api/internal/artifacts/dsl/DefaultRepositoryHandler_DecoratedCustomizer> (0x00000000847fef60) 
thrown [s\src\hotspot\share\classfile\systemDictionary.cpp, line 256]
Event: 14.791 Thread 0x0000029a6e727190 Exception <a 'java/lang/ClassNotFoundException'{0x00000000846911a8}: org/gradle/api/internal/artifacts/dsl/dependencies/DefaultDependencyHandler_DecoratedBeanInfo> (0x00000000846911a8) 
thrown [s\src\hotspot\share\classfile\systemDictionary.cpp, line 256]
Event: 14.792 Thread 0x0000029a6e727190 Exception <a 'java/lang/ClassNotFoundException'{0x00000000846a9070}: org/gradle/api/internal/artifacts/dsl/dependencies/DefaultDependencyHandlerBeanInfo> (0x00000000846a9070) 
thrown [s\src\hotspot\share\classfile\systemDictionary.cpp, line 256]
Event: 14.793 Thread 0x0000029a6e727190 Exception <a 'java/lang/ClassNotFoundException'{0x00000000846c09a8}: org/gradle/api/internal/artifacts/dsl/dependencies/DefaultDependencyHandlerCustomizer> (0x00000000846c09a8) 
thrown [s\src\hotspot\share\classfile\systemDictionary.cpp, line 256]
Event: 14.803 Thread 0x0000029a6e727190 Exception <a 'java/lang/ClassNotFoundException'{0x0000000084519138}: org/gradle/api/internal/artifacts/dsl/dependencies/DefaultDependencyHandler_DecoratedCustomizer> (0x0000000084519138) 
thrown [s\src\hotspot\share\classfile\systemDictionary.cpp, line 256]
Event: 15.411 Thread 0x0000029a6e727190 Exception <a 'java/lang/NoSuchMethodError'{0x0000000084b35bf0}: 'java.lang.Object java.lang.invoke.DirectMethodHandle$Holder.newInvokeSpecial(java.lang.Object, java.lang.Object, java.lang.Object, java.lang.Object, java.lang.Object, java.lang.Object, java.lang.Object, java.lang.Object, java.lang.Object)'> (0x0000000084b35bf0) 
thrown [s\src\hotspot\share\interpreter\linkResolver.cpp, line 759]
Event: 15.411 Thread 0x0000029a6e727190 Exception <a 'java/lang/NoSuchMethodError'{0x0000000084b3b890}: 'java.lang.Object java.lang.invoke.Invokers$Holder.linkToTargetMethod(java.lang.Object, java.lang.Object, java.lang.Object, java.lang.Object, java.lang.Object, java.lang.Object, java.lang.Object, java.lang.Object, java.lang.Object)'> (0x0000000084b3b890) 
thrown [s\src\hotspot\share\interpreter\linkResolver.cpp, line 759]
Event: 15.705 Thread 0x0000029a6e704480 Exception <a 'java/lang/NoSuchMethodError'{0x0000000085cd6448}: 'java.lang.Object java.lang.invoke.DirectMethodHandle$Holder.newInvokeSpecial(java.lang.Object, java.lang.Object, java.lang.Object, java.lang.Object, int, java.lang.Object)'> (0x0000000085cd6448) 
thrown [s\src\hotspot\share\interpreter\linkResolver.cpp, line 759]
Event: 15.706 Thread 0x0000029a6e704480 Exception <a 'java/lang/NoSuchMethodError'{0x0000000085cda708}: 'java.lang.Object java.lang.invoke.Invokers$Holder.linkToTargetMethod(java.lang.Object, java.lang.Object, java.lang.Object, int, java.lang.Object, java.lang.Object)'> (0x0000000085cda708) 
thrown [s\src\hotspot\share\interpreter\linkResolver.cpp, line 759]
Event: 15.725 Thread 0x0000029a6e707210 Exception <a 'java/lang/NoSuchMethodError'{0x0000000085b50090}: 'void java.lang.invoke.DirectMethodHandle$Holder.invokeInterface(java.lang.Object, java.lang.Object, java.lang.Object, java.lang.Object)'> (0x0000000085b50090) 
thrown [s\src\hotspot\share\interpreter\linkResolver.cpp, line 759]
Event: 15.792 Thread 0x0000029a6e707210 Exception <a 'java/lang/NoSuchMethodError'{0x00000000859495d0}: 'int java.lang.invoke.DirectMethodHandle$Holder.invokeSpecial(java.lang.Object, java.lang.Object, java.lang.Object, java.lang.Object, java.lang.Object)'> (0x00000000859495d0) 
thrown [s\src\hotspot\share\interpreter\linkResolver.cpp, line 759]
Event: 16.432 Thread 0x0000029a6e707210 Exception <a 'sun/nio/fs/WindowsException'{0x000000008595f9f8}> (0x000000008595f9f8) 
thrown [s\src\hotspot\share\prims\jni.cpp, line 516]
Event: 16.435 Thread 0x0000029a6e707210 Exception <a 'sun/nio/fs/WindowsException'{0x0000000085961ca0}> (0x0000000085961ca0) 
thrown [s\src\hotspot\share\prims\jni.cpp, line 516]
Event: 16.436 Thread 0x0000029a6e707210 Exception <a 'sun/nio/fs/WindowsException'{0x0000000085963c10}> (0x0000000085963c10) 
thrown [s\src\hotspot\share\prims\jni.cpp, line 516]
Event: 16.436 Thread 0x0000029a6e707210 Exception <a 'sun/nio/fs/WindowsException'{0x0000000085965958}> (0x0000000085965958) 
thrown [s\src\hotspot\share\prims\jni.cpp, line 516]
Event: 16.745 Thread 0x0000029a6e727190 Exception <a 'java/lang/ClassNotFoundException'{0x0000000084cf32d8}: build_ekdeb7d5ul0ykwsctprhniip3BeanInfo> (0x0000000084cf32d8) 
thrown [s\src\hotspot\share\classfile\systemDictionary.cpp, line 256]
Event: 16.745 Thread 0x0000029a6e727190 Exception <a 'java/lang/ClassNotFoundException'{0x0000000084cfa0c0}: build_ekdeb7d5ul0ykwsctprhniip3Customizer> (0x0000000084cfa0c0) 
thrown [s\src\hotspot\share\classfile\systemDictionary.cpp, line 256]

VM Operations (20 events):
Event: 16.164 Executing VM operation: G1CollectForAllocation done
Event: 16.325 Executing VM operation: HandshakeAllThreads
Event: 16.325 Executing VM operation: HandshakeAllThreads done
Event: 16.427 Executing VM operation: HandshakeAllThreads
Event: 16.427 Executing VM operation: HandshakeAllThreads done
Event: 16.433 Executing VM operation: HandshakeAllThreads
Event: 16.433 Executing VM operation: HandshakeAllThreads done
Event: 16.505 Executing VM operation: ICBufferFull
Event: 16.505 Executing VM operation: ICBufferFull done
Event: 16.750 Executing VM operation: G1TryInitiateConcMark
Event: 16.762 Executing VM operation: G1TryInitiateConcMark done
Event: 16.820 Executing VM operation: G1PauseRemark
Event: 16.826 Executing VM operation: G1PauseRemark done
Event: 16.853 Executing VM operation: G1PauseCleanup
Event: 16.853 Executing VM operation: G1PauseCleanup done
Event: 17.333 Executing VM operation: G1CollectForAllocation
Event: 17.338 Executing VM operation: G1CollectForAllocation done
Event: 17.359 Executing VM operation: G1CollectForAllocation
Event: 17.362 Executing VM operation: G1CollectForAllocation done
Event: 17.568 Executing VM operation: G1TryInitiateConcMark

Events (20 events):
Event: 16.522 Thread 0x0000029a6e9504e0 Thread added: 0x0000029a6e9504e0
Event: 16.522 Thread 0x0000029a6e953c90 Thread added: 0x0000029a6e953c90
Event: 16.522 Thread 0x0000029a6e9546b0 Thread added: 0x0000029a6e9546b0
Event: 16.522 Thread 0x0000029a6e94e170 Thread added: 0x0000029a6e94e170
Event: 16.523 Thread 0x0000029a6e9509f0 Thread added: 0x0000029a6e9509f0
Event: 16.523 Thread 0x0000029a6e94ffd0 Thread added: 0x0000029a6e94ffd0
Event: 16.786 loading class jdk/internal/access/foreign/MemorySegmentProxy
Event: 16.786 loading class jdk/internal/access/foreign/MemorySegmentProxy done
Event: 17.123 loading class sun/nio/ch/ChannelInputStream
Event: 17.123 loading class sun/nio/ch/ChannelInputStream done
Event: 17.140 loading class sun/text/resources/cldr/FormatData_en_US
Event: 17.140 loading class sun/text/resources/cldr/FormatData_en_US done
Event: 17.425 loading class java/util/Collections$SynchronizedRandomAccessList
Event: 17.425 loading class java/util/Collections$SynchronizedList
Event: 17.425 loading class java/util/Collections$SynchronizedList done
Event: 17.425 loading class java/util/Collections$SynchronizedRandomAccessList done
Event: 17.430 loading class java/util/concurrent/Executors$DefaultThreadFactory
Event: 17.430 loading class java/util/concurrent/Executors$DefaultThreadFactory done
Event: 17.557 loading class java/nio/charset/UnsupportedCharsetException
Event: 17.557 loading class java/nio/charset/UnsupportedCharsetException done


Dynamic libraries:
0x00007ff6e2e00000 - 0x00007ff6e2e0e000 	C:\Users\Kriti Sharma\AppData\Local\Programs\Eclipse Adoptium\jdk-17.0.8.7-hotspot\bin\java.exe
0x00007ffe75ed0000 - 0x00007ffe760c8000 	C:\Windows\SYSTEM32\ntdll.dll
0x00007ffe74d90000 - 0x00007ffe74e4f000 	C:\Windows\System32\KERNEL32.DLL
0x00007ffe73b90000 - 0x00007ffe73e86000 	C:\Windows\System32\KERNELBASE.dll
0x00007ffe73920000 - 0x00007ffe73a20000 	C:\Windows\System32\ucrtbase.dll
0x00007ffe5d4d0000 - 0x00007ffe5d4e7000 	C:\Users\Kriti Sharma\AppData\Local\Programs\Eclipse Adoptium\jdk-17.0.8.7-hotspot\bin\jli.dll
0x00007ffe5bc10000 - 0x00007ffe5bc29000 	C:\Users\Kriti Sharma\AppData\Local\Programs\Eclipse Adoptium\jdk-17.0.8.7-hotspot\bin\VCRUNTIME140.dll
0x00007ffe74ab0000 - 0x00007ffe74c4d000 	C:\Windows\System32\USER32.dll
0x00007ffe73f00000 - 0x00007ffe73f22000 	C:\Windows\System32\win32u.dll
0x00007ffe75db0000 - 0x00007ffe75ddc000 	C:\Windows\System32\GDI32.dll
0x00007ffe5e6a0000 - 0x00007ffe5e93a000 	C:\Windows\WinSxS\amd64_microsoft.windows.common-controls_6595b64144ccf1df_6.0.19041.1110_none_60b5254171f9507e\COMCTL32.dll
0x00007ffe75de0000 - 0x00007ffe75e7e000 	C:\Windows\System32\msvcrt.dll
0x00007ffe73a70000 - 0x00007ffe73b85000 	C:\Windows\System32\gdi32full.dll
0x00007ffe73640000 - 0x00007ffe736dd000 	C:\Windows\System32\msvcp_win.dll
0x00007ffe75790000 - 0x00007ffe757c0000 	C:\Windows\System32\IMM32.DLL
0x00007ffe61090000 - 0x00007ffe6109c000 	C:\Users\Kriti Sharma\AppData\Local\Programs\Eclipse Adoptium\jdk-17.0.8.7-hotspot\bin\vcruntime140_1.dll
0x00007ffe41650000 - 0x00007ffe416e1000 	C:\Users\Kriti Sharma\AppData\Local\Programs\Eclipse Adoptium\jdk-17.0.8.7-hotspot\bin\msvcp140.dll
0x00007ffe31990000 - 0x00007ffe325dc000 	C:\Users\Kriti Sharma\AppData\Local\Programs\Eclipse Adoptium\jdk-17.0.8.7-hotspot\bin\server\jvm.dll
0x00007ffe75550000 - 0x00007ffe755ff000 	C:\Windows\System32\ADVAPI32.dll
0x00007ffe75600000 - 0x00007ffe7569c000 	C:\Windows\System32\sechost.dll
0x00007ffe751b0000 - 0x00007ffe752d6000 	C:\Windows\System32\RPCRT4.dll
0x00007ffe708f0000 - 0x00007ffe708f9000 	C:\Windows\SYSTEM32\WSOCK32.dll
0x00007ffe72b60000 - 0x00007ffe72bab000 	C:\Windows\SYSTEM32\POWRPROF.dll
0x00007ffe609c0000 - 0x00007ffe609e7000 	C:\Windows\SYSTEM32\WINMM.dll
0x00007ffe75d40000 - 0x00007ffe75dab000 	C:\Windows\System32\WS2_32.dll
0x00007ffe6ca60000 - 0x00007ffe6ca6a000 	C:\Windows\SYSTEM32\VERSION.dll
0x00007ffe729d0000 - 0x00007ffe729e2000 	C:\Windows\SYSTEM32\UMPDC.dll
0x00007ffe71de0000 - 0x00007ffe71df2000 	C:\Windows\SYSTEM32\kernel.appcore.dll
0x00007ffe60f10000 - 0x00007ffe60f1a000 	C:\Users\Kriti Sharma\AppData\Local\Programs\Eclipse Adoptium\jdk-17.0.8.7-hotspot\bin\jimage.dll
0x00007ffe711e0000 - 0x00007ffe713c4000 	C:\Windows\SYSTEM32\DBGHELP.DLL
0x00007ffe5fa90000 - 0x00007ffe5fac4000 	C:\Windows\SYSTEM32\dbgcore.DLL
0x00007ffe735b0000 - 0x00007ffe73632000 	C:\Windows\System32\bcryptPrimitives.dll
0x00007ffe5bbe0000 - 0x00007ffe5bc05000 	C:\Users\Kriti Sharma\AppData\Local\Programs\Eclipse Adoptium\jdk-17.0.8.7-hotspot\bin\java.dll
0x00007ffe41570000 - 0x00007ffe41646000 	C:\Users\Kriti Sharma\AppData\Local\Programs\Eclipse Adoptium\jdk-17.0.8.7-hotspot\bin\jsvml.dll
0x00007ffe74240000 - 0x00007ffe74984000 	C:\Windows\System32\SHELL32.dll
0x00007ffe71630000 - 0x00007ffe71dc3000 	C:\Windows\SYSTEM32\windows.storage.dll
0x00007ffe74e50000 - 0x00007ffe751a4000 	C:\Windows\System32\combase.dll
0x00007ffe72ff0000 - 0x00007ffe7301e000 	C:\Windows\SYSTEM32\Wldp.dll
0x00007ffe74060000 - 0x00007ffe7410d000 	C:\Windows\System32\SHCORE.dll
0x00007ffe756a0000 - 0x00007ffe756f5000 	C:\Windows\System32\shlwapi.dll
0x00007ffe734e0000 - 0x00007ffe73505000 	C:\Windows\SYSTEM32\profapi.dll
0x00007ffe5b9c0000 - 0x00007ffe5b9d9000 	C:\Users\Kriti Sharma\AppData\Local\Programs\Eclipse Adoptium\jdk-17.0.8.7-hotspot\bin\net.dll
0x00007ffe67bf0000 - 0x00007ffe67cfa000 	C:\Windows\SYSTEM32\WINHTTP.dll
0x00007ffe72d50000 - 0x00007ffe72dba000 	C:\Windows\system32\mswsock.dll
0x00007ffe4e230000 - 0x00007ffe4e245000 	C:\Users\Kriti Sharma\AppData\Local\Programs\Eclipse Adoptium\jdk-17.0.8.7-hotspot\bin\nio.dll
0x00007ffe4c360000 - 0x00007ffe4c378000 	C:\Users\Kriti Sharma\AppData\Local\Programs\Eclipse Adoptium\jdk-17.0.8.7-hotspot\bin\zip.dll
0x00007ffe5cdc0000 - 0x00007ffe5cdd0000 	C:\Users\Kriti Sharma\AppData\Local\Programs\Eclipse Adoptium\jdk-17.0.8.7-hotspot\bin\verify.dll
0x00007ffe61e90000 - 0x00007ffe61eb7000 	C:\Users\Kriti Sharma\.gradle\native\68d5fa5c4cc2d200863cafc0d521ce42e7d3e7ee720ec0a83991735586a16f82\windows-amd64\native-platform.dll
0x00007ffe41420000 - 0x00007ffe41564000 	C:\Users\Kriti Sharma\.gradle\native\e376f236ea51e6404a007f0833ffe2c6e607c4080706a723a18a27aeea778392\windows-amd64\native-platform-file-events.dll
0x00007ffe5c7f0000 - 0x00007ffe5c7f9000 	C:\Users\Kriti Sharma\AppData\Local\Programs\Eclipse Adoptium\jdk-17.0.8.7-hotspot\bin\management.dll
0x00007ffe5c6c0000 - 0x00007ffe5c6cb000 	C:\Users\Kriti Sharma\AppData\Local\Programs\Eclipse Adoptium\jdk-17.0.8.7-hotspot\bin\management_ext.dll
0x00007ffe75e80000 - 0x00007ffe75e88000 	C:\Windows\System32\PSAPI.DLL
0x00007ffe72f40000 - 0x00007ffe72f58000 	C:\Windows\SYSTEM32\CRYPTSP.dll
0x00007ffe725f0000 - 0x00007ffe72624000 	C:\Windows\system32\rsaenh.dll
0x00007ffe736e0000 - 0x00007ffe73707000 	C:\Windows\System32\bcrypt.dll
0x00007ffe734a0000 - 0x00007ffe734ce000 	C:\Windows\SYSTEM32\USERENV.dll
0x00007ffe72f60000 - 0x00007ffe72f6c000 	C:\Windows\SYSTEM32\CRYPTBASE.dll
0x00007ffe729f0000 - 0x00007ffe72a2b000 	C:\Windows\SYSTEM32\IPHLPAPI.DLL
0x00007ffe757c0000 - 0x00007ffe757c8000 	C:\Windows\System32\NSI.dll
0x00007ffe683a0000 - 0x00007ffe683b7000 	C:\Windows\SYSTEM32\dhcpcsvc6.DLL
0x00007ffe69a50000 - 0x00007ffe69a6d000 	C:\Windows\SYSTEM32\dhcpcsvc.DLL
0x00007ffe72a40000 - 0x00007ffe72b0a000 	C:\Windows\SYSTEM32\DNSAPI.dll
0x00007ffe5bb60000 - 0x00007ffe5bb6e000 	C:\Users\Kriti Sharma\AppData\Local\Programs\Eclipse Adoptium\jdk-17.0.8.7-hotspot\bin\sunmscapi.dll
0x00007ffe73710000 - 0x00007ffe7386e000 	C:\Windows\System32\CRYPT32.dll
0x00007ffe73060000 - 0x00007ffe73088000 	C:\Windows\SYSTEM32\ncrypt.dll
0x00007ffe73020000 - 0x00007ffe7305b000 	C:\Windows\SYSTEM32\NTASN1.dll
0x00007ffe631e0000 - 0x00007ffe631e7000 	C:\Windows\system32\wshunix.dll

dbghelp: loaded successfully - version: 4.0.5 - missing functions: none
symbol engine: initialized successfully - sym options: 0x614 - pdb path: .;C:\Users\Kriti Sharma\AppData\Local\Programs\Eclipse Adoptium\jdk-17.0.8.7-hotspot\bin;C:\Windows\SYSTEM32;C:\Windows\WinSxS\amd64_microsoft.windows.common-controls_6595b64144ccf1df_6.0.19041.1110_none_60b5254171f9507e;C:\Users\Kriti Sharma\AppData\Local\Programs\Eclipse Adoptium\jdk-17.0.8.7-hotspot\bin\server;C:\Users\Kriti Sharma\.gradle\native\68d5fa5c4cc2d200863cafc0d521ce42e7d3e7ee720ec0a83991735586a16f82\windows-amd64;C:\Users\Kriti Sharma\.gradle\native\e376f236ea51e6404a007f0833ffe2c6e607c4080706a723a18a27aeea778392\windows-amd64

VM Arguments:
jvm_args: -XX:MaxMetaspaceSize=512m --add-opens=java.base/java.util=ALL-UNNAMED --add-opens=java.base/java.lang=ALL-UNNAMED --add-opens=java.base/java.lang.invoke=ALL-UNNAMED --add-opens=java.prefs/java.util.prefs=ALL-UNNAMED --add-opens=java.base/java.nio.charset=ALL-UNNAMED --add-opens=java.base/java.net=ALL-UNNAMED --add-opens=java.base/java.util.concurrent.atomic=ALL-UNNAMED -Xmx2048m -Dfile.encoding=windows-1252 -Duser.country=IN -Duser.language=en -Duser.variant 
java_command: org.gradle.launcher.daemon.bootstrap.GradleDaemon 8.0.1
java_class_path (initial): C:\Users\Kriti Sharma\.gradle\wrapper\dists\gradle-8.0.1-all\aro4hu1c3oeioove7l0i4i14o\gradle-8.0.1\lib\gradle-launcher-8.0.1.jar
Launcher Type: SUN_STANDARD

[Global flags]
     intx CICompilerCount                          = 4                                         {product} {ergonomic}
   size_t CompressedClassSpaceSize                 = 436207616                                 {product} {ergonomic}
     uint ConcGCThreads                            = 2                                         {product} {ergonomic}
     uint G1ConcRefinementThreads                  = 8                                         {product} {ergonomic}
   size_t G1HeapRegionSize                         = 1048576                                   {product} {ergonomic}
    uintx GCDrainStackTargetSize                   = 64                                        {product} {ergonomic}
   size_t InitialHeapSize                          = 132120576                                 {product} {ergonomic}
   size_t MarkStackSize                            = 4194304                                   {product} {ergonomic}
   size_t MaxHeapSize                              = 2147483648                                {product} {command line}
   size_t MaxMetaspaceSize                         = 536870912                                 {product} {command line}
   size_t MaxNewSize                               = 1287651328                                {product} {ergonomic}
   size_t MinHeapDeltaBytes                        = 1048576                                   {product} {ergonomic}
   size_t MinHeapSize                              = 8388608                                   {product} {ergonomic}
    uintx NonNMethodCodeHeapSize                   = 5839372                                {pd product} {ergonomic}
    uintx NonProfiledCodeHeapSize                  = 122909434                              {pd product} {ergonomic}
    uintx ProfiledCodeHeapSize                     = 122909434                              {pd product} {ergonomic}
    uintx ReservedCodeCacheSize                    = 251658240                              {pd product} {ergonomic}
     bool SegmentedCodeCache                       = true                                      {product} {ergonomic}
   size_t SoftMaxHeapSize                          = 2147483648                             {manageable} {ergonomic}
     bool UseCompressedClassPointers               = true                           {product lp64_product} {ergonomic}
     bool UseCompressedOops                        = true                           {product lp64_product} {ergonomic}
     bool UseG1GC                                  = true                                      {product} {ergonomic}
     bool UseLargePagesIndividualAllocation        = false                                  {pd product} {ergonomic}

Logging:
Log output configuration:
 #0: stdout all=warning uptime,level,tags
 #1: stderr all=off uptime,level,tags

Environment Variables:
JAVA_HOME=C:\Users\Kriti Sharma\AppData\Local\Programs\Eclipse Adoptium\jdk-17.0.8.7-hotspot\
CLASSPATH=D:\ProjectNav\android\\gradle\wrapper\gradle-wrapper.jar
PATH=D:\ProjectNav\node_modules\.bin;D:\ProjectNav\node_modules\.bin;D:\node_modules\.bin;C:\Program Files\nodejs\node_modules\npm\node_modules\@npmcli\run-script\lib\node-gyp-bin;D:\ProjectNav\node_modules\.bin;D:\ProjectNav\node_modules\.bin;D:\node_modules\.bin;C:\Program Files\nodejs\node_modules\npm\node_modules\@npmcli\run-script\lib\node-gyp-bin;C:\Python311\Scripts\;C:\Python311\;C:\Windows\system32;C:\Windows;C:\Windows\System32\Wbem;C:\Windows\System32\WindowsPowerShell\v1.0\;C:\Windows\System32\OpenSSH\;C:\Program Files\Git\cmd;C:\ProgramData\chocolatey\bin;C:\Program Files\nodejs\;C:\Program Files\MySQL\MySQL Shell 8.0\bin\;C:\Users\Kriti Sharma\AppData\Local\Programs\Eclipse Adoptium\jdk-17.0.8.7-hotspot\bin;C:\Users\Kriti Sharma\AppData\Local\Microsoft\WindowsApps;C:\Users\Kriti Sharma\AppData\Local\Programs\Microsoft VS Code\bin;C:\Users\Kriti Sharma\AppData\Roaming\npm;C:\Users\Kriti Sharma\AppData\Local\Android\Sdk\platform-tools;C:\Users\Kriti Sharma\AppData\Local\Android\Sdk\emulator;C:\Users\Kriti Sharma\AppData\Local\Android\Sdk\tools;C:\Users\Kriti Sharma\AppData\Local\Android\Sdk\tools\bin;
USERNAME=Kriti Sharma
LANG=en_US.UTF-8
OS=Windows_NT
PROCESSOR_IDENTIFIER=Intel64 Family 6 Model 126 Stepping 5, GenuineIntel
TMP=C:\Users\KRITIS~1\AppData\Local\Temp
TEMP=C:\Users\KRITIS~1\AppData\Local\Temp



---------------  S Y S T E M  ---------------

OS:
 Windows 10 , 64 bit Build 19041 (10.0.19041.3155)
OS uptime: 3 days 21:29 hours

CPU: total 8 (initial active 8) (4 cores per cpu, 2 threads per core) family 6 model 126 stepping 5 microcode 0xb8, cx8, cmov, fxsr, ht, mmx, 3dnowpref, sse, sse2, sse3, ssse3, sse4.1, sse4.2, popcnt, lzcnt, tsc, tscinvbit, avx, avx2, aes, erms, clmul, bmi1, bmi2, adx, avx512f, avx512dq, avx512cd, avx512bw, avx512vl, sha, fma, vzeroupper, avx512_vpopcntdq, avx512_vpclmulqdq, avx512_vaes, avx512_vnni, clflush, clflushopt, avx512_vbmi2, avx512_vbmi
Processor Information for all 8 processors :
  Max Mhz: 1190, Current Mhz: 991, Mhz Limit: 987

Memory: 4k page, system-wide physical 7959M (482M free)
TotalPageFile size 13959M (AvailPageFile size 27M)
current process WorkingSet (physical memory assigned to process): 321M, peak: 326M
current process commit charge ("private bytes"): 382M, peak: 408M

vm_info: OpenJDK 64-Bit Server VM (17.0.8+7) for windows-amd64 JRE (17.0.8+7), built on Jul 18 2023 21:02:32 by "admin" with MS VC++ 16.7 (VS2019)

END.
