#
# There is insufficient memory for the Java Runtime Environment to continue.
# Native memory allocation (mmap) failed to map 208666624 bytes for G1 virtual space
# Possible reasons:
#   The system is out of physical RAM or swap space
#   The process is running with CompressedOops enabled, and the Java Heap may be blocking the growth of the native heap
# Possible solutions:
#   Reduce memory load on the system
#   Increase physical memory or swap space
#   Check if swap backing store is full
#   Decrease Java heap size (-Xmx/-Xms)
#   Decrease number of Java threads
#   Decrease Java thread stack sizes (-Xss)
#   Set larger code cache with -XX:ReservedCodeCacheSize=
#   JVM is running with Unscaled Compressed Oops mode in which the Java heap is
#     placed in the first 4GB address space. The Java Heap base address is the
#     maximum limit for the native heap growth. Please use -XX:HeapBaseMinAddress
#     to set the Java Heap base and to place the Java Heap above 4GB virtual address.
# This output file may be truncated or incomplete.
#
#  Out of Memory Error (os_windows.cpp:3617), pid=13244, tid=9732
#
# JRE version: OpenJDK Runtime Environment Temurin-17.0.8+7 (17.0.8+7) (build 17.0.8+7)
# Java VM: OpenJDK 64-Bit Server VM Temurin-17.0.8+7 (17.0.8+7, mixed mode, sharing, tiered, compressed oops, compressed class ptrs, g1 gc, windows-amd64)
# No core dump will be written. Minidumps are not enabled by default on client versions of Windows
#

---------------  S U M M A R Y ------------

Command Line: -XX:MaxMetaspaceSize=512m --add-opens=java.base/java.util=ALL-UNNAMED --add-opens=java.base/java.lang=ALL-UNNAMED --add-opens=java.base/java.lang.invoke=ALL-UNNAMED --add-opens=java.prefs/java.util.prefs=ALL-UNNAMED --add-opens=java.base/java.nio.charset=ALL-UNNAMED --add-opens=java.base/java.net=ALL-UNNAMED --add-opens=java.base/java.util.concurrent.atomic=ALL-UNNAMED -Xmx2048m -Dfile.encoding=windows-1252 -Duser.country=IN -Duser.language=en -Duser.variant org.gradle.launcher.daemon.bootstrap.GradleDaemon 8.0.1

Host: Intel(R) Core(TM) i5-1035G1 CPU @ 1.00GHz, 8 cores, 7G,  Windows 10 , 64 bit Build 19041 (10.0.19041.3155)
Time: Tue Sep  5 14:11:17 2023 India Standard Time elapsed time: 19.611252 seconds (0d 0h 0m 19s)

---------------  T H R E A D  ---------------

Current thread (0x000001ae8f182710):  VMThread "VM Thread" [stack: 0x0000004374000000,0x0000004374100000] [id=9732]

Stack: [0x0000004374000000,0x0000004374100000]
Native frames: (J=compiled Java code, j=interpreted, Vv=VM code, C=native code)
V  [jvm.dll+0x678b0a]
V  [jvm.dll+0x835e84]
V  [jvm.dll+0x83762e]
V  [jvm.dll+0x837c93]
V  [jvm.dll+0x24746f]
V  [jvm.dll+0x675859]
V  [jvm.dll+0x66a0ea]
V  [jvm.dll+0x306c7b]
V  [jvm.dll+0x30e166]
V  [jvm.dll+0x35dd3e]
V  [jvm.dll+0x35df6f]
V  [jvm.dll+0x2ddb48]
V  [jvm.dll+0x2dbd0c]
V  [jvm.dll+0x2db2dc]
V  [jvm.dll+0x31f18b]
V  [jvm.dll+0x83c15b]
V  [jvm.dll+0x83ce94]
V  [jvm.dll+0x83d3ac]
V  [jvm.dll+0x83d784]
V  [jvm.dll+0x83d850]
V  [jvm.dll+0x7e64ca]
V  [jvm.dll+0x677955]
C  [ucrtbase.dll+0x21bb2]
C  [KERNEL32.DLL+0x17614]
C  [ntdll.dll+0x526b1]

VM_Operation (0x0000004375cfe950): G1CollectForAllocation, mode: safepoint, requested by thread 0x000001aeaf1c7de0


---------------  P R O C E S S  ---------------

Threads class SMR info:
_java_thread_list=0x000001aeb232c0e0, length=137, elements={
0x000001aef0bdc610, 0x000001ae8f185980, 0x000001ae8f187460, 0x000001ae8f19e590,
0x000001ae8f1a0e70, 0x000001ae8f1a3750, 0x000001ae8f1a4020, 0x000001ae8f1a4cd0,
0x000001ae8f1a5ea0, 0x000001ae8f1ae7c0, 0x000001ae8f3fa580, 0x000001ae8f3fc6a0,
0x000001aeaf43ada0, 0x000001aeb05f1a80, 0x000001aeaff27ca0, 0x000001aeb08dde00,
0x000001aeb03d8970, 0x000001aeaf289770, 0x000001aeaf1c4630, 0x000001aeaf1c78d0,
0x000001aeaf1c4b40, 0x000001aeaf1c7de0, 0x000001aeaf1c6490, 0x000001aeaf1c73c0,
0x000001aeaf1c5050, 0x000001aeaf1c5a70, 0x000001aeaf1c6eb0, 0x000001aeaf1c5f80,
0x000001aeaf1c5560, 0x000001aeb1962f50, 0x000001aeb1963460, 0x000001aeb1963970,
0x000001aeb1964db0, 0x000001aeb1962020, 0x000001aeb1964390, 0x000001aeb19652c0,
0x000001aeb1960be0, 0x000001aeb1961b10, 0x000001aeb1965ce0, 0x000001aeb1962530,
0x000001aeb195fcb0, 0x000001aeb1962a40, 0x000001aeb195f290, 0x000001aeb19661f0,
0x000001aeb195ed80, 0x000001aeb1963e80, 0x000001aeb1966700, 0x000001aeb195f7a0,
0x000001aeb19601c0, 0x000001aeb19610f0, 0x000001aeb19606d0, 0x000001aeb1c4d430,
0x000001aeb1c4f290, 0x000001aeb1c510f0, 0x000001aeb1c4fcb0, 0x000001aeb1c52a40,
0x000001aeb1c501c0, 0x000001aeb1c4cf20, 0x000001aeb1c4bff0, 0x000001aeb1c506d0,
0x000001aeb1c52f50, 0x000001aeb1c4bae0, 0x000001aeb1c4e360, 0x000001aeb1c52020,
0x000001aeb1c4c500, 0x000001aeb1c51600, 0x000001aeb1c4e870, 0x000001aeb1c4ed80,
0x000001aeb1c53460, 0x000001aeb1c4ca10, 0x000001aeb1c4f7a0, 0x000001aeb1c50be0,
0x000001aeb1c4de50, 0x000001aeb1c51b10, 0x000001aeb1c52530, 0x000001aeb25e1670,
0x000001aeb25e1160, 0x000001aeb25dca80, 0x000001aeb25de3d0, 0x000001aeb25dd4a0,
0x000001aeb25e0c50, 0x000001aeb25de8e0, 0x000001aeb25e0740, 0x000001aeb25e0230,
0x000001aeb25e1b80, 0x000001aeb25dedf0, 0x000001aeb25e2090, 0x000001aeb25e2ab0,
0x000001aeb25df300, 0x000001aeb25e34d0, 0x000001aeb25dc060, 0x000001aeb25e39e0,
0x000001aeb25dc570, 0x000001aeb25dcf90, 0x000001aeb25ddec0, 0x000001aeb25df810,
0x000001aeb25dfd20, 0x000001aeb2f72fd0, 0x000001aeb2f734e0, 0x000001aeb2f725b0,
0x000001aeb2f771a0, 0x000001aeb2f780d0, 0x000001aeb2f785e0, 0x000001aeb2f74920,
0x000001aeb2f76780, 0x000001aeb2f76c90, 0x000001aeb2f776b0, 0x000001aeb2f77bc0,
0x000001aeb2f75850, 0x000001aeb2f78af0, 0x000001aeb2f75d60, 0x000001aeb2f74410,
0x000001aeb2f75340, 0x000001aeb2f71680, 0x000001aeb2f79000, 0x000001aeb2f71b90,
0x000001aeb2f739f0, 0x000001aeb2f72ac0, 0x000001aeb2f76270, 0x000001aeb2f73f00,
0x000001aeb2f720a0, 0x000001aeb2f74e30, 0x000001aeb1983c50, 0x000001aeb19809b0,
0x000001aeb19855a0, 0x000001aeb1982810, 0x000001aeb1984b80, 0x000001aeb197ff90,
0x000001aeb1985090, 0x000001aeb1984160, 0x000001aeb1980ec0, 0x000001aeb197fa80,
0x000001aeb1985fc0, 0x000001aeb19818e0, 0x000001aeb19804a0, 0x000001aeb1985ab0,
0x000001ae8f5b0c60
}

Java Threads: ( => current thread )
  0x000001aef0bdc610 JavaThread "main" [_thread_blocked, id=13988, stack(0x0000004373a00000,0x0000004373b00000)]
  0x000001ae8f185980 JavaThread "Reference Handler" daemon [_thread_blocked, id=9296, stack(0x0000004374100000,0x0000004374200000)]
  0x000001ae8f187460 JavaThread "Finalizer" daemon [_thread_blocked, id=12808, stack(0x0000004374200000,0x0000004374300000)]
  0x000001ae8f19e590 JavaThread "Signal Dispatcher" daemon [_thread_blocked, id=4128, stack(0x0000004374300000,0x0000004374400000)]
  0x000001ae8f1a0e70 JavaThread "Attach Listener" daemon [_thread_blocked, id=11688, stack(0x0000004374400000,0x0000004374500000)]
  0x000001ae8f1a3750 JavaThread "Service Thread" daemon [_thread_blocked, id=9416, stack(0x0000004374500000,0x0000004374600000)]
  0x000001ae8f1a4020 JavaThread "Monitor Deflation Thread" daemon [_thread_blocked, id=9668, stack(0x0000004374600000,0x0000004374700000)]
  0x000001ae8f1a4cd0 JavaThread "C2 CompilerThread0" daemon [_thread_blocked, id=16668, stack(0x0000004374700000,0x0000004374800000)]
  0x000001ae8f1a5ea0 JavaThread "C1 CompilerThread0" daemon [_thread_blocked, id=9248, stack(0x0000004374800000,0x0000004374900000)]
  0x000001ae8f1ae7c0 JavaThread "Sweeper thread" daemon [_thread_blocked, id=15132, stack(0x0000004374900000,0x0000004374a00000)]
  0x000001ae8f3fa580 JavaThread "Common-Cleaner" daemon [_thread_blocked, id=4744, stack(0x0000004374a00000,0x0000004374b00000)]
  0x000001ae8f3fc6a0 JavaThread "Notification Thread" daemon [_thread_blocked, id=6976, stack(0x0000004374b00000,0x0000004374c00000)]
  0x000001aeaf43ada0 JavaThread "Daemon health stats" [_thread_blocked, id=16200, stack(0x0000004375300000,0x0000004375400000)]
  0x000001aeb05f1a80 JavaThread "Incoming local TCP Connector on port 53086" [_thread_in_native, id=6456, stack(0x0000004375400000,0x0000004375500000)]
  0x000001aeaff27ca0 JavaThread "Daemon periodic checks" [_thread_blocked, id=9088, stack(0x0000004375500000,0x0000004375600000)]
  0x000001aeb08dde00 JavaThread "Daemon" [_thread_blocked, id=14148, stack(0x0000004375600000,0x0000004375700000)]
  0x000001aeb03d8970 JavaThread "Handler for socket connection from /127.0.0.1:53086 to /127.0.0.1:53087" [_thread_in_native, id=7880, stack(0x0000004375700000,0x0000004375800000)]
  0x000001aeaf289770 JavaThread "Cancel handler" [_thread_blocked, id=2224, stack(0x0000004375800000,0x0000004375900000)]
  0x000001aeaf1c4630 JavaThread "Daemon worker" [_thread_blocked, id=11596, stack(0x0000004375900000,0x0000004375a00000)]
  0x000001aeaf1c78d0 JavaThread "Asynchronous log dispatcher for DefaultDaemonConnection: socket connection from /127.0.0.1:53086 to /127.0.0.1:53087" [_thread_blocked, id=14692, stack(0x0000004375a00000,0x0000004375b00000)]
  0x000001aeaf1c4b40 JavaThread "Stdin handler" [_thread_blocked, id=7944, stack(0x0000004375b00000,0x0000004375c00000)]
  0x000001aeaf1c7de0 JavaThread "Daemon client event forwarder" [_thread_blocked, id=5872, stack(0x0000004375c00000,0x0000004375d00000)]
  0x000001aeaf1c6490 JavaThread "Cache worker for journal cache (C:\Users\Kriti Sharma\.gradle\caches\journal-1)" [_thread_blocked, id=4476, stack(0x0000004375200000,0x0000004375300000)]
  0x000001aeaf1c73c0 JavaThread "File lock request listener" [_thread_in_native, id=16752, stack(0x0000004375d00000,0x0000004375e00000)]
  0x000001aeaf1c5050 JavaThread "File lock release action executor" [_thread_blocked, id=15584, stack(0x0000004375e00000,0x0000004375f00000)]
  0x000001aeaf1c5a70 JavaThread "Cache worker for file hash cache (C:\Users\Kriti Sharma\.gradle\caches\8.0.1\fileHashes)" [_thread_blocked, id=17392, stack(0x0000004374d00000,0x0000004374e00000)]
  0x000001aeaf1c6eb0 JavaThread "File watcher server" daemon [_thread_in_native, id=10880, stack(0x0000004376300000,0x0000004376400000)]
  0x000001aeaf1c5f80 JavaThread "File watcher consumer" daemon [_thread_blocked, id=3428, stack(0x0000004376400000,0x0000004376500000)]
  0x000001aeaf1c5560 JavaThread "Cache worker for checksums cache (D:\ProjectNav\android\.gradle\8.0.1\checksums)" [_thread_blocked, id=16584, stack(0x0000004376500000,0x0000004376600000)]
  0x000001aeb1962f50 JavaThread "Cache worker for cache directory md-rule (C:\Users\Kriti Sharma\.gradle\caches\8.0.1\md-rule)" [_thread_blocked, id=14936, stack(0x0000004376600000,0x0000004376700000)]
  0x000001aeb1963460 JavaThread "Cache worker for file content cache (C:\Users\Kriti Sharma\.gradle\caches\8.0.1\fileContent)" [_thread_blocked, id=1064, stack(0x0000004376700000,0x0000004376800000)]
  0x000001aeb1963970 JavaThread "Cache worker for file hash cache (D:\ProjectNav\android\.gradle\8.0.1\fileHashes)" [_thread_blocked, id=11604, stack(0x0000004376800000,0x0000004376900000)]
  0x000001aeb1964db0 JavaThread "Cache worker for cache directory md-supplier (C:\Users\Kriti Sharma\.gradle\caches\8.0.1\md-supplier)" [_thread_blocked, id=7228, stack(0x0000004376a00000,0x0000004376b00000)]
  0x000001aeb1962020 JavaThread "Cache worker for execution history cache (C:\Users\Kriti Sharma\.gradle\caches\8.0.1\executionHistory)" [_thread_blocked, id=15860, stack(0x0000004376b00000,0x0000004376c00000)]
  0x000001aeb1964390 JavaThread "jar transforms" [_thread_blocked, id=9092, stack(0x0000004376c00000,0x0000004376d00000)]
  0x000001aeb19652c0 JavaThread "jar transforms Thread 2" [_thread_blocked, id=5276, stack(0x0000004376d00000,0x0000004376e00000)]
  0x000001aeb1960be0 JavaThread "jar transforms Thread 3" [_thread_blocked, id=12440, stack(0x0000004376e00000,0x0000004376f00000)]
  0x000001aeb1961b10 JavaThread "jar transforms Thread 4" [_thread_blocked, id=4404, stack(0x0000004376f00000,0x0000004377000000)]
  0x000001aeb1965ce0 JavaThread "Cache worker for kotlin-dsl (C:\Users\Kriti Sharma\.gradle\caches\8.0.1\kotlin-dsl)" [_thread_blocked, id=8368, stack(0x0000004377000000,0x0000004377100000)]
  0x000001aeb1962530 JavaThread "jar transforms Thread 5" [_thread_blocked, id=2460, stack(0x0000004377100000,0x0000004377200000)]
  0x000001aeb195fcb0 JavaThread "jar transforms Thread 6" [_thread_blocked, id=148, stack(0x0000004377200000,0x0000004377300000)]
  0x000001aeb1962a40 JavaThread "Cache worker for dependencies-accessors (D:\ProjectNav\android\.gradle\8.0.1\dependencies-accessors)" [_thread_blocked, id=12864, stack(0x0000004377300000,0x0000004377400000)]
  0x000001aeb195f290 JavaThread "Cache worker for Build Output Cleanup Cache (D:\ProjectNav\node_modules\@react-native\gradle-plugin\.gradle\buildOutputCleanup)" [_thread_blocked, id=10600, stack(0x0000004377400000,0x0000004377500000)]
  0x000001aeb19661f0 JavaThread "jar transforms Thread 7" [_thread_blocked, id=14360, stack(0x0000004377500000,0x0000004377600000)]
  0x000001aeb195ed80 JavaThread "Unconstrained build operations" [_thread_blocked, id=2876, stack(0x0000004377600000,0x0000004377700000)]
  0x000001aeb1963e80 JavaThread "Unconstrained build operations Thread 2" [_thread_blocked, id=13956, stack(0x0000004377700000,0x0000004377800000)]
  0x000001aeb1966700 JavaThread "Unconstrained build operations Thread 3" [_thread_blocked, id=17252, stack(0x0000004377800000,0x0000004377900000)]
  0x000001aeb195f7a0 JavaThread "Unconstrained build operations Thread 4" [_thread_blocked, id=1324, stack(0x0000004377900000,0x0000004377a00000)]
  0x000001aeb19601c0 JavaThread "Unconstrained build operations Thread 5" [_thread_blocked, id=8808, stack(0x0000004377a00000,0x0000004377b00000)]
  0x000001aeb19610f0 JavaThread "Unconstrained build operations Thread 6" [_thread_blocked, id=12564, stack(0x0000004377b00000,0x0000004377c00000)]
  0x000001aeb19606d0 JavaThread "Unconstrained build operations Thread 7" [_thread_blocked, id=14572, stack(0x0000004377c00000,0x0000004377d00000)]
  0x000001aeb1c4d430 JavaThread "Unconstrained build operations Thread 8" [_thread_blocked, id=10028, stack(0x0000004377d00000,0x0000004377e00000)]
  0x000001aeb1c4f290 JavaThread "Unconstrained build operations Thread 9" [_thread_blocked, id=1840, stack(0x0000004377e00000,0x0000004377f00000)]
  0x000001aeb1c510f0 JavaThread "Unconstrained build operations Thread 10" [_thread_blocked, id=12960, stack(0x0000004377f00000,0x0000004378000000)]
  0x000001aeb1c4fcb0 JavaThread "Unconstrained build operations Thread 11" [_thread_blocked, id=14996, stack(0x0000004378000000,0x0000004378100000)]
  0x000001aeb1c52a40 JavaThread "Unconstrained build operations Thread 12" [_thread_blocked, id=8300, stack(0x0000004378100000,0x0000004378200000)]
  0x000001aeb1c501c0 JavaThread "Unconstrained build operations Thread 13" [_thread_blocked, id=4420, stack(0x0000004378200000,0x0000004378300000)]
  0x000001aeb1c4cf20 JavaThread "Unconstrained build operations Thread 14" [_thread_blocked, id=13016, stack(0x0000004378300000,0x0000004378400000)]
  0x000001aeb1c4bff0 JavaThread "Unconstrained build operations Thread 15" [_thread_blocked, id=5076, stack(0x0000004378400000,0x0000004378500000)]
  0x000001aeb1c506d0 JavaThread "Unconstrained build operations Thread 16" [_thread_blocked, id=9688, stack(0x0000004378500000,0x0000004378600000)]
  0x000001aeb1c52f50 JavaThread "Unconstrained build operations Thread 17" [_thread_blocked, id=12192, stack(0x0000004378600000,0x0000004378700000)]
  0x000001aeb1c4bae0 JavaThread "Unconstrained build operations Thread 18" [_thread_blocked, id=16772, stack(0x0000004378700000,0x0000004378800000)]
  0x000001aeb1c4e360 JavaThread "Unconstrained build operations Thread 19" [_thread_blocked, id=3188, stack(0x0000004378800000,0x0000004378900000)]
  0x000001aeb1c52020 JavaThread "Unconstrained build operations Thread 20" [_thread_blocked, id=4664, stack(0x0000004378900000,0x0000004378a00000)]
  0x000001aeb1c4c500 JavaThread "Unconstrained build operations Thread 21" [_thread_blocked, id=10956, stack(0x0000004378a00000,0x0000004378b00000)]
  0x000001aeb1c51600 JavaThread "Unconstrained build operations Thread 22" [_thread_blocked, id=10800, stack(0x0000004378b00000,0x0000004378c00000)]
  0x000001aeb1c4e870 JavaThread "Unconstrained build operations Thread 23" [_thread_blocked, id=4520, stack(0x0000004378c00000,0x0000004378d00000)]
  0x000001aeb1c4ed80 JavaThread "Unconstrained build operations Thread 24" [_thread_blocked, id=14580, stack(0x0000004378d00000,0x0000004378e00000)]
  0x000001aeb1c53460 JavaThread "Unconstrained build operations Thread 25" [_thread_blocked, id=11080, stack(0x0000004378e00000,0x0000004378f00000)]
  0x000001aeb1c4ca10 JavaThread "Unconstrained build operations Thread 26" [_thread_blocked, id=3368, stack(0x0000004378f00000,0x0000004379000000)]
  0x000001aeb1c4f7a0 JavaThread "jar transforms Thread 8" [_thread_blocked, id=15896, stack(0x0000004379000000,0x0000004379100000)]
  0x000001aeb1c50be0 JavaThread "Memory manager" [_thread_blocked, id=1168, stack(0x0000004379100000,0x0000004379200000)]
  0x000001aeb1c4de50 JavaThread "Cache worker for Build Output Cleanup Cache (D:\ProjectNav\android\.gradle\buildOutputCleanup)" [_thread_blocked, id=5468, stack(0x0000004379200000,0x0000004379300000)]
  0x000001aeb1c51b10 JavaThread "included builds" [_thread_blocked, id=1096, stack(0x0000004379400000,0x0000004379500000)]
  0x000001aeb1c52530 JavaThread "Execution worker" [_thread_blocked, id=9708, stack(0x0000004379500000,0x0000004379600000)]
  0x000001aeb25e1670 JavaThread "Execution worker Thread 2" [_thread_blocked, id=10812, stack(0x0000004379600000,0x0000004379700000)]
  0x000001aeb25e1160 JavaThread "Execution worker Thread 3" [_thread_blocked, id=10000, stack(0x0000004379700000,0x0000004379800000)]
  0x000001aeb25dca80 JavaThread "Execution worker Thread 4" [_thread_blocked, id=1216, stack(0x0000004379800000,0x0000004379900000)]
  0x000001aeb25de3d0 JavaThread "Execution worker Thread 5" [_thread_blocked, id=14324, stack(0x0000004379900000,0x0000004379a00000)]
  0x000001aeb25dd4a0 JavaThread "Execution worker Thread 6" [_thread_blocked, id=14564, stack(0x0000004379a00000,0x0000004379b00000)]
  0x000001aeb25e0c50 JavaThread "Execution worker Thread 7" [_thread_blocked, id=17036, stack(0x0000004379b00000,0x0000004379c00000)]
  0x000001aeb25de8e0 JavaThread "Cache worker for execution history cache (D:\ProjectNav\node_modules\@react-native\gradle-plugin\.gradle\8.0.1\executionHistory)" [_thread_blocked, id=11668, stack(0x0000004379c00000,0x0000004379d00000)]
  0x000001aeb25e0740 JavaThread "Unconstrained build operations Thread 27" [_thread_blocked, id=11928, stack(0x0000004379d00000,0x0000004379e00000)]
  0x000001aeb25e0230 JavaThread "Unconstrained build operations Thread 28" [_thread_blocked, id=15868, stack(0x0000004379e00000,0x0000004379f00000)]
  0x000001aeb25e1b80 JavaThread "Unconstrained build operations Thread 29" [_thread_blocked, id=15140, stack(0x0000004379f00000,0x000000437a000000)]
  0x000001aeb25dedf0 JavaThread "Unconstrained build operations Thread 30" [_thread_blocked, id=15256, stack(0x000000437a000000,0x000000437a100000)]
  0x000001aeb25e2090 JavaThread "Unconstrained build operations Thread 31" [_thread_blocked, id=7668, stack(0x000000437a100000,0x000000437a200000)]
  0x000001aeb25e2ab0 JavaThread "Unconstrained build operations Thread 32" [_thread_blocked, id=15716, stack(0x000000437a200000,0x000000437a300000)]
  0x000001aeb25df300 JavaThread "Unconstrained build operations Thread 33" [_thread_blocked, id=15580, stack(0x000000437a300000,0x000000437a400000)]
  0x000001aeb25e34d0 JavaThread "Unconstrained build operations Thread 34" [_thread_blocked, id=17296, stack(0x000000437a400000,0x000000437a500000)]
  0x000001aeb25dc060 JavaThread "Unconstrained build operations Thread 35" [_thread_blocked, id=4908, stack(0x000000437a500000,0x000000437a600000)]
  0x000001aeb25e39e0 JavaThread "Unconstrained build operations Thread 36" [_thread_blocked, id=4348, stack(0x000000437a600000,0x000000437a700000)]
  0x000001aeb25dc570 JavaThread "Unconstrained build operations Thread 37" [_thread_blocked, id=2152, stack(0x000000437a700000,0x000000437a800000)]
  0x000001aeb25dcf90 JavaThread "Unconstrained build operations Thread 38" [_thread_blocked, id=6648, stack(0x000000437a800000,0x000000437a900000)]
  0x000001aeb25ddec0 JavaThread "Unconstrained build operations Thread 39" [_thread_blocked, id=14028, stack(0x000000437a900000,0x000000437aa00000)]
  0x000001aeb25df810 JavaThread "Unconstrained build operations Thread 40" [_thread_blocked, id=6684, stack(0x000000437aa00000,0x000000437ab00000)]
  0x000001aeb25dfd20 JavaThread "Unconstrained build operations Thread 41" [_thread_blocked, id=4884, stack(0x000000437ab00000,0x000000437ac00000)]
  0x000001aeb2f72fd0 JavaThread "Unconstrained build operations Thread 42" [_thread_blocked, id=12604, stack(0x000000437ac00000,0x000000437ad00000)]
  0x000001aeb2f734e0 JavaThread "Unconstrained build operations Thread 43" [_thread_blocked, id=10672, stack(0x000000437ad00000,0x000000437ae00000)]
  0x000001aeb2f725b0 JavaThread "Unconstrained build operations Thread 44" [_thread_blocked, id=11720, stack(0x000000437ae00000,0x000000437af00000)]
  0x000001aeb2f771a0 JavaThread "Unconstrained build operations Thread 45" [_thread_blocked, id=10260, stack(0x000000437af00000,0x000000437b000000)]
  0x000001aeb2f780d0 JavaThread "Unconstrained build operations Thread 46" [_thread_blocked, id=2564, stack(0x000000437b000000,0x000000437b100000)]
  0x000001aeb2f785e0 JavaThread "Unconstrained build operations Thread 47" [_thread_blocked, id=7504, stack(0x000000437b100000,0x000000437b200000)]
  0x000001aeb2f74920 JavaThread "Unconstrained build operations Thread 48" [_thread_blocked, id=9304, stack(0x000000437b200000,0x000000437b300000)]
  0x000001aeb2f76780 JavaThread "Unconstrained build operations Thread 49" [_thread_blocked, id=4028, stack(0x000000437b300000,0x000000437b400000)]
  0x000001aeb2f76c90 JavaThread "Unconstrained build operations Thread 50" [_thread_blocked, id=1408, stack(0x000000437b400000,0x000000437b500000)]
  0x000001aeb2f776b0 JavaThread "Unconstrained build operations Thread 51" [_thread_blocked, id=12660, stack(0x000000437b500000,0x000000437b600000)]
  0x000001aeb2f77bc0 JavaThread "Unconstrained build operations Thread 52" [_thread_blocked, id=7384, stack(0x000000437b600000,0x000000437b700000)]
  0x000001aeb2f75850 JavaThread "Unconstrained build operations Thread 53" [_thread_blocked, id=8916, stack(0x000000437b700000,0x000000437b800000)]
  0x000001aeb2f78af0 JavaThread "Unconstrained build operations Thread 54" [_thread_blocked, id=460, stack(0x000000437b800000,0x000000437b900000)]
  0x000001aeb2f75d60 JavaThread "Unconstrained build operations Thread 55" [_thread_blocked, id=16820, stack(0x000000437b900000,0x000000437ba00000)]
  0x000001aeb2f74410 JavaThread "Unconstrained build operations Thread 56" [_thread_blocked, id=1492, stack(0x000000437ba00000,0x000000437bb00000)]
  0x000001aeb2f75340 JavaThread "Unconstrained build operations Thread 57" [_thread_blocked, id=12980, stack(0x000000437bb00000,0x000000437bc00000)]
  0x000001aeb2f71680 JavaThread "Unconstrained build operations Thread 58" [_thread_blocked, id=8176, stack(0x000000437bc00000,0x000000437bd00000)]
  0x000001aeb2f79000 JavaThread "Unconstrained build operations Thread 59" [_thread_blocked, id=6744, stack(0x000000437bd00000,0x000000437be00000)]
  0x000001aeb2f71b90 JavaThread "Unconstrained build operations Thread 60" [_thread_blocked, id=16284, stack(0x000000437be00000,0x000000437bf00000)]
  0x000001aeb2f739f0 JavaThread "Unconstrained build operations Thread 61" [_thread_blocked, id=13708, stack(0x000000437bf00000,0x000000437c000000)]
  0x000001aeb2f72ac0 JavaThread "Unconstrained build operations Thread 62" [_thread_blocked, id=14032, stack(0x000000437c000000,0x000000437c100000)]
  0x000001aeb2f76270 JavaThread "Unconstrained build operations Thread 63" [_thread_blocked, id=12336, stack(0x000000437c100000,0x000000437c200000)]
  0x000001aeb2f73f00 JavaThread "Unconstrained build operations Thread 64" [_thread_blocked, id=16000, stack(0x000000437c200000,0x000000437c300000)]
  0x000001aeb2f720a0 JavaThread "Unconstrained build operations Thread 65" [_thread_blocked, id=10100, stack(0x000000437c300000,0x000000437c400000)]
  0x000001aeb2f74e30 JavaThread "Unconstrained build operations Thread 66" [_thread_blocked, id=6620, stack(0x000000437c400000,0x000000437c500000)]
  0x000001aeb1983c50 JavaThread "Unconstrained build operations Thread 67" [_thread_blocked, id=548, stack(0x000000437c500000,0x000000437c600000)]
  0x000001aeb19809b0 JavaThread "Unconstrained build operations Thread 68" [_thread_blocked, id=984, stack(0x000000437c600000,0x000000437c700000)]
  0x000001aeb19855a0 JavaThread "Unconstrained build operations Thread 69" [_thread_blocked, id=12260, stack(0x000000437c700000,0x000000437c800000)]
  0x000001aeb1982810 JavaThread "Unconstrained build operations Thread 70" [_thread_blocked, id=9704, stack(0x000000437c800000,0x000000437c900000)]
  0x000001aeb1984b80 JavaThread "Unconstrained build operations Thread 71" [_thread_blocked, id=15092, stack(0x000000437c900000,0x000000437ca00000)]
  0x000001aeb197ff90 JavaThread "Unconstrained build operations Thread 72" [_thread_blocked, id=11448, stack(0x000000437ca00000,0x000000437cb00000)]
  0x000001aeb1985090 JavaThread "Unconstrained build operations Thread 73" [_thread_blocked, id=1912, stack(0x000000437cb00000,0x000000437cc00000)]
  0x000001aeb1984160 JavaThread "Unconstrained build operations Thread 74" [_thread_blocked, id=7204, stack(0x000000437cc00000,0x000000437cd00000)]
  0x000001aeb1980ec0 JavaThread "Unconstrained build operations Thread 75" [_thread_blocked, id=9384, stack(0x000000437cd00000,0x000000437ce00000)]
  0x000001aeb197fa80 JavaThread "Unconstrained build operations Thread 76" [_thread_blocked, id=6904, stack(0x000000437ce00000,0x000000437cf00000)]
  0x000001aeb1985fc0 JavaThread "Unconstrained build operations Thread 77" [_thread_blocked, id=10496, stack(0x000000437cf00000,0x000000437d000000)]
  0x000001aeb19818e0 JavaThread "Unconstrained build operations Thread 78" [_thread_blocked, id=14992, stack(0x000000437d000000,0x000000437d100000)]
  0x000001aeb19804a0 JavaThread "Unconstrained build operations Thread 79" [_thread_blocked, id=3184, stack(0x000000437d100000,0x000000437d200000)]
  0x000001aeb1985ab0 JavaThread "Unconstrained build operations Thread 80" [_thread_blocked, id=1496, stack(0x000000437d200000,0x000000437d300000)]
  0x000001ae8f5b0c60 JavaThread "C2 CompilerThread1" daemon [_thread_in_native, id=4116, stack(0x0000004375f00000,0x0000004376000000)]

Other Threads:
=>0x000001ae8f182710 VMThread "VM Thread" [stack: 0x0000004374000000,0x0000004374100000] [id=9732]
  0x000001aef0c59c60 WatcherThread [stack: 0x0000004374c00000,0x0000004374d00000] [id=1976]
  0x000001aef0c38190 GCTaskThread "GC Thread#0" [stack: 0x0000004373b00000,0x0000004373c00000] [id=13972]
  0x000001aeaf184290 GCTaskThread "GC Thread#1" [stack: 0x0000004374e00000,0x0000004374f00000] [id=11968]
  0x000001ae8f7ad160 GCTaskThread "GC Thread#2" [stack: 0x0000004374f00000,0x0000004375000000] [id=3832]
  0x000001aeaf015910 GCTaskThread "GC Thread#3" [stack: 0x0000004375000000,0x0000004375100000] [id=16248]
  0x000001aeaf2e63b0 GCTaskThread "GC Thread#4" [stack: 0x0000004375100000,0x0000004375200000] [id=12156]
  0x000001aeb2e82360 GCTaskThread "GC Thread#5" [stack: 0x0000004376000000,0x0000004376100000] [id=16132]
  0x000001aeafd18c30 GCTaskThread "GC Thread#6" [stack: 0x0000004376100000,0x0000004376200000] [id=5644]
  0x000001aeb0332c70 GCTaskThread "GC Thread#7" [stack: 0x0000004376200000,0x0000004376300000] [id=1680]
  0x000001aef0c4a000 ConcurrentGCThread "G1 Main Marker" [stack: 0x0000004373c00000,0x0000004373d00000] [id=8552]
  0x000001aef0c4a920 ConcurrentGCThread "G1 Conc#0" [stack: 0x0000004373d00000,0x0000004373e00000] [id=3864]
  0x000001aeb26486e0 ConcurrentGCThread "G1 Conc#1" [stack: 0x0000004376900000,0x0000004376a00000] [id=15636]
  0x000001aef0c9eae0 ConcurrentGCThread "G1 Refine#0" [stack: 0x0000004373e00000,0x0000004373f00000] [id=16960]
  0x000001ae8f03c660 ConcurrentGCThread "G1 Service" [stack: 0x0000004373f00000,0x0000004374000000] [id=6960]

Threads with active compile tasks:
C2 CompilerThread0    19651 9290       4       java.beans.Introspector::addMethod (196 bytes)
C2 CompilerThread1    19651 9289   !   4       java.lang.reflect.Executable::sharedToGenericString (255 bytes)

VM state: at safepoint (normal execution)

VM Mutex/Monitor currently owned by a thread:  ([mutex/lock_event])
[0x000001aef0bd9150] Threads_lock - owner thread: 0x000001ae8f182710
[0x000001aef0bd8b20] Heap_lock - owner thread: 0x000001aeaf1c7de0

Heap address: 0x0000000080000000, size: 2048 MB, Compressed Oops mode: 32-bit

CDS archive(s) mapped at: [0x000001ae90000000-0x000001ae90bd0000-0x000001ae90bd0000), size 12386304, SharedBaseAddress: 0x000001ae90000000, ArchiveRelocationMode: 1.
Compressed class space mapped at: 0x000001ae91000000-0x000001aeab000000, reserved size: 436207616
Narrow klass base: 0x000001ae90000000, Narrow klass shift: 0, Narrow klass range: 0x100000000

GC Precious Log:
 CPUs: 8 total, 8 available
 Memory: 7959M
 Large Page Support: Disabled
 NUMA Support: Disabled
 Compressed Oops: Enabled (32-bit)
 Heap Region Size: 1M
 Heap Min Capacity: 8M
 Heap Initial Capacity: 126M
 Heap Max Capacity: 2G
 Pre-touch: Disabled
 Parallel Workers: 8
 Concurrent Workers: 2
 Concurrent Refinement Workers: 8
 Periodic GC: Disabled

Heap:
 garbage-first heap   total 134144K, used 78166K [0x0000000080000000, 0x0000000100000000)
  region size 1024K, 4 young (4096K), 4 survivors (4096K)
 Metaspace       used 75461K, committed 76224K, reserved 557056K
  class space    used 10311K, committed 10688K, reserved 425984K

Heap Regions: E=young(eden), S=young(survivor), O=old, HS=humongous(starts), HC=humongous(continues), CS=collection set, F=free, OA=open archive, CA=closed archive, TAMS=top-at-mark-start (previous, next)
|   0|0x0000000080000000, 0x0000000080100000, 0x0000000080100000|100%|HS|  |TAMS 0x0000000080100000, 0x0000000080100000| Complete 
|   1|0x0000000080100000, 0x0000000080200000, 0x0000000080200000|100%|HC|  |TAMS 0x0000000080200000, 0x0000000080200000| Complete 
|   2|0x0000000080200000, 0x0000000080300000, 0x0000000080300000|100%|HC|  |TAMS 0x0000000080300000, 0x0000000080300000| Complete 
|   3|0x0000000080300000, 0x0000000080400000, 0x0000000080400000|100%|HC|  |TAMS 0x0000000080400000, 0x0000000080400000| Complete 
|   4|0x0000000080400000, 0x0000000080500000, 0x0000000080500000|100%| O|  |TAMS 0x0000000080500000, 0x0000000080500000| Untracked 
|   5|0x0000000080500000, 0x0000000080600000, 0x0000000080600000|100%| O|  |TAMS 0x0000000080600000, 0x0000000080600000| Untracked 
|   6|0x0000000080600000, 0x0000000080700000, 0x0000000080700000|100%| O|  |TAMS 0x0000000080700000, 0x0000000080700000| Untracked 
|   7|0x0000000080700000, 0x0000000080800000, 0x0000000080800000|100%| O|  |TAMS 0x0000000080800000, 0x0000000080800000| Untracked 
|   8|0x0000000080800000, 0x0000000080900000, 0x0000000080900000|100%| O|  |TAMS 0x0000000080900000, 0x0000000080900000| Untracked 
|   9|0x0000000080900000, 0x0000000080a00000, 0x0000000080a00000|100%| O|  |TAMS 0x0000000080a00000, 0x0000000080a00000| Untracked 
|  10|0x0000000080a00000, 0x0000000080b00000, 0x0000000080b00000|100%| O|  |TAMS 0x0000000080b00000, 0x0000000080b00000| Untracked 
|  11|0x0000000080b00000, 0x0000000080c00000, 0x0000000080c00000|100%| O|  |TAMS 0x0000000080c00000, 0x0000000080c00000| Untracked 
|  12|0x0000000080c00000, 0x0000000080d00000, 0x0000000080d00000|100%| O|  |TAMS 0x0000000080d00000, 0x0000000080d00000| Untracked 
|  13|0x0000000080d00000, 0x0000000080e00000, 0x0000000080e00000|100%| O|  |TAMS 0x0000000080e00000, 0x0000000080e00000| Untracked 
|  14|0x0000000080e00000, 0x0000000080f00000, 0x0000000080f00000|100%| O|  |TAMS 0x0000000080f00000, 0x0000000080f00000| Untracked 
|  15|0x0000000080f00000, 0x0000000081000000, 0x0000000081000000|100%| O|  |TAMS 0x0000000081000000, 0x0000000081000000| Untracked 
|  16|0x0000000081000000, 0x0000000081100000, 0x0000000081100000|100%| O|  |TAMS 0x0000000081100000, 0x0000000081100000| Untracked 
|  17|0x0000000081100000, 0x0000000081200000, 0x0000000081200000|100%| O|  |TAMS 0x0000000081200000, 0x0000000081200000| Untracked 
|  18|0x0000000081200000, 0x0000000081300000, 0x0000000081300000|100%| O|  |TAMS 0x0000000081300000, 0x0000000081300000| Untracked 
|  19|0x0000000081300000, 0x0000000081400000, 0x0000000081400000|100%| O|  |TAMS 0x0000000081400000, 0x0000000081400000| Untracked 
|  20|0x0000000081400000, 0x0000000081500000, 0x0000000081500000|100%| O|  |TAMS 0x0000000081500000, 0x0000000081500000| Untracked 
|  21|0x0000000081500000, 0x0000000081600000, 0x0000000081600000|100%| O|  |TAMS 0x0000000081600000, 0x0000000081600000| Untracked 
|  22|0x0000000081600000, 0x0000000081700000, 0x0000000081700000|100%| O|  |TAMS 0x0000000081700000, 0x0000000081700000| Untracked 
|  23|0x0000000081700000, 0x0000000081800000, 0x0000000081800000|100%| O|  |TAMS 0x0000000081800000, 0x0000000081800000| Untracked 
|  24|0x0000000081800000, 0x0000000081900000, 0x0000000081900000|100%| O|  |TAMS 0x0000000081900000, 0x0000000081900000| Untracked 
|  25|0x0000000081900000, 0x0000000081a00000, 0x0000000081a00000|100%| O|  |TAMS 0x0000000081a00000, 0x0000000081a00000| Untracked 
|  26|0x0000000081a00000, 0x0000000081b00000, 0x0000000081b00000|100%| O|  |TAMS 0x0000000081b00000, 0x0000000081b00000| Untracked 
|  27|0x0000000081b00000, 0x0000000081c00000, 0x0000000081c00000|100%| O|  |TAMS 0x0000000081c00000, 0x0000000081c00000| Untracked 
|  28|0x0000000081c00000, 0x0000000081d00000, 0x0000000081d00000|100%|HS|  |TAMS 0x0000000081d00000, 0x0000000081d00000| Complete 
|  29|0x0000000081d00000, 0x0000000081e00000, 0x0000000081e00000|100%|HC|  |TAMS 0x0000000081e00000, 0x0000000081e00000| Complete 
|  30|0x0000000081e00000, 0x0000000081f00000, 0x0000000081f00000|100%|HS|  |TAMS 0x0000000081f00000, 0x0000000081f00000| Complete 
|  31|0x0000000081f00000, 0x0000000082000000, 0x0000000082000000|100%|HC|  |TAMS 0x0000000082000000, 0x0000000082000000| Complete 
|  32|0x0000000082000000, 0x0000000082100000, 0x0000000082100000|100%|HC|  |TAMS 0x0000000082100000, 0x0000000082100000| Complete 
|  33|0x0000000082100000, 0x0000000082200000, 0x0000000082200000|100%|HC|  |TAMS 0x0000000082200000, 0x0000000082200000| Complete 
|  34|0x0000000082200000, 0x00000000822ffff8, 0x0000000082300000| 99%| O|  |TAMS 0x00000000822ffff8, 0x00000000822ffff8| Untracked 
|  35|0x0000000082300000, 0x0000000082400000, 0x0000000082400000|100%| O|  |TAMS 0x0000000082400000, 0x0000000082400000| Untracked 
|  36|0x0000000082400000, 0x0000000082500000, 0x0000000082500000|100%| O|  |TAMS 0x0000000082500000, 0x0000000082500000| Untracked 
|  37|0x0000000082500000, 0x0000000082600000, 0x0000000082600000|100%| O|  |TAMS 0x0000000082600000, 0x0000000082600000| Untracked 
|  38|0x0000000082600000, 0x0000000082700000, 0x0000000082700000|100%| O|  |TAMS 0x0000000082700000, 0x0000000082700000| Untracked 
|  39|0x0000000082700000, 0x0000000082800000, 0x0000000082800000|100%| O|  |TAMS 0x0000000082800000, 0x0000000082800000| Untracked 
|  40|0x0000000082800000, 0x0000000082900000, 0x0000000082900000|100%| O|  |TAMS 0x0000000082900000, 0x0000000082900000| Untracked 
|  41|0x0000000082900000, 0x0000000082a00000, 0x0000000082a00000|100%| O|  |TAMS 0x0000000082a00000, 0x0000000082a00000| Untracked 
|  42|0x0000000082a00000, 0x0000000082b00000, 0x0000000082b00000|100%| O|  |TAMS 0x0000000082b00000, 0x0000000082b00000| Untracked 
|  43|0x0000000082b00000, 0x0000000082c00000, 0x0000000082c00000|100%| O|  |TAMS 0x0000000082c00000, 0x0000000082c00000| Untracked 
|  44|0x0000000082c00000, 0x0000000082d00000, 0x0000000082d00000|100%| O|  |TAMS 0x0000000082d00000, 0x0000000082d00000| Untracked 
|  45|0x0000000082d00000, 0x0000000082e00000, 0x0000000082e00000|100%| O|  |TAMS 0x0000000082e00000, 0x0000000082e00000| Untracked 
|  46|0x0000000082e00000, 0x0000000082f00000, 0x0000000082f00000|100%| O|  |TAMS 0x0000000082f00000, 0x0000000082f00000| Untracked 
|  47|0x0000000082f00000, 0x0000000083000000, 0x0000000083000000|100%| O|  |TAMS 0x0000000083000000, 0x0000000083000000| Untracked 
|  48|0x0000000083000000, 0x0000000083100000, 0x0000000083100000|100%| O|  |TAMS 0x0000000083100000, 0x0000000083100000| Untracked 
|  49|0x0000000083100000, 0x0000000083200000, 0x0000000083200000|100%| O|  |TAMS 0x0000000083200000, 0x0000000083200000| Untracked 
|  50|0x0000000083200000, 0x0000000083300000, 0x0000000083300000|100%| O|  |TAMS 0x0000000083300000, 0x0000000083300000| Untracked 
|  51|0x0000000083300000, 0x0000000083400000, 0x0000000083400000|100%| O|  |TAMS 0x0000000083400000, 0x0000000083400000| Untracked 
|  52|0x0000000083400000, 0x0000000083500000, 0x0000000083500000|100%| O|  |TAMS 0x0000000083500000, 0x0000000083500000| Untracked 
|  53|0x0000000083500000, 0x0000000083600000, 0x0000000083600000|100%| O|  |TAMS 0x0000000083500000, 0x0000000083600000| Untracked 
|  54|0x0000000083600000, 0x0000000083700000, 0x0000000083700000|100%| O|  |TAMS 0x0000000083700000, 0x0000000083700000| Untracked 
|  55|0x0000000083700000, 0x0000000083800000, 0x0000000083800000|100%| O|  |TAMS 0x0000000083800000, 0x0000000083800000| Untracked 
|  56|0x0000000083800000, 0x0000000083800000, 0x0000000083900000|  0%| F|  |TAMS 0x0000000083800000, 0x0000000083800000| Untracked 
|  57|0x0000000083900000, 0x0000000083a00000, 0x0000000083a00000|100%|HS|  |TAMS 0x0000000083a00000, 0x0000000083a00000| Complete 
|  58|0x0000000083a00000, 0x0000000083b00000, 0x0000000083b00000|100%|HS|  |TAMS 0x0000000083b00000, 0x0000000083b00000| Complete 
|  59|0x0000000083b00000, 0x0000000083c00000, 0x0000000083c00000|100%| O|  |TAMS 0x0000000083c00000, 0x0000000083c00000| Untracked 
|  60|0x0000000083c00000, 0x0000000083d00000, 0x0000000083d00000|100%| O|  |TAMS 0x0000000083d00000, 0x0000000083d00000| Untracked 
|  61|0x0000000083d00000, 0x0000000083e00000, 0x0000000083e00000|100%| O|  |TAMS 0x0000000083e00000, 0x0000000083e00000| Untracked 
|  62|0x0000000083e00000, 0x0000000083f00000, 0x0000000083f00000|100%| O|  |TAMS 0x0000000083f00000, 0x0000000083f00000| Untracked 
|  63|0x0000000083f00000, 0x0000000084000000, 0x0000000084000000|100%| O|  |TAMS 0x0000000084000000, 0x0000000084000000| Untracked 
|  64|0x0000000084000000, 0x0000000084100000, 0x0000000084100000|100%| O|  |TAMS 0x0000000084100000, 0x0000000084100000| Untracked 
|  65|0x0000000084100000, 0x0000000084200000, 0x0000000084200000|100%| O|  |TAMS 0x0000000084200000, 0x0000000084200000| Untracked 
|  66|0x0000000084200000, 0x0000000084300000, 0x0000000084300000|100%| O|  |TAMS 0x0000000084300000, 0x0000000084300000| Untracked 
|  67|0x0000000084300000, 0x0000000084400000, 0x0000000084400000|100%| O|  |TAMS 0x0000000084400000, 0x0000000084400000| Untracked 
|  68|0x0000000084400000, 0x0000000084500000, 0x0000000084500000|100%| O|  |TAMS 0x000000008446f800, 0x0000000084500000| Untracked 
|  69|0x0000000084500000, 0x0000000084600000, 0x0000000084600000|100%| O|  |TAMS 0x0000000084500000, 0x0000000084600000| Untracked 
|  70|0x0000000084600000, 0x0000000084700000, 0x0000000084700000|100%| O|  |TAMS 0x0000000084600000, 0x0000000084700000| Untracked 
|  71|0x0000000084700000, 0x0000000084800000, 0x0000000084800000|100%| O|  |TAMS 0x0000000084800000, 0x0000000084800000| Untracked 
|  72|0x0000000084800000, 0x0000000084900000, 0x0000000084900000|100%| O|  |TAMS 0x0000000084900000, 0x0000000084900000| Untracked 
|  73|0x0000000084900000, 0x0000000084a00000, 0x0000000084a00000|100%| O|  |TAMS 0x0000000084900000, 0x0000000084a00000| Untracked 
|  74|0x0000000084a00000, 0x0000000084a34e00, 0x0000000084b00000| 20%| O|  |TAMS 0x0000000084a00000, 0x0000000084a34e00| Untracked 
|  75|0x0000000084b00000, 0x0000000084b00000, 0x0000000084c00000|  0%| F|  |TAMS 0x0000000084b00000, 0x0000000084b00000| Untracked 
|  76|0x0000000084c00000, 0x0000000084c00000, 0x0000000084d00000|  0%| F|  |TAMS 0x0000000084c00000, 0x0000000084c00000| Untracked 
|  77|0x0000000084d00000, 0x0000000084d00000, 0x0000000084e00000|  0%| F|  |TAMS 0x0000000084d00000, 0x0000000084d00000| Untracked 
|  78|0x0000000084e00000, 0x0000000084e00000, 0x0000000084f00000|  0%| F|  |TAMS 0x0000000084e00000, 0x0000000084e00000| Untracked 
|  79|0x0000000084f00000, 0x0000000084f00000, 0x0000000085000000|  0%| F|  |TAMS 0x0000000084f00000, 0x0000000084f00000| Untracked 
|  80|0x0000000085000000, 0x0000000085000000, 0x0000000085100000|  0%| F|  |TAMS 0x0000000085000000, 0x0000000085000000| Untracked 
|  81|0x0000000085100000, 0x0000000085100000, 0x0000000085200000|  0%| F|  |TAMS 0x0000000085100000, 0x0000000085100000| Untracked 
|  82|0x0000000085200000, 0x0000000085200000, 0x0000000085300000|  0%| F|  |TAMS 0x0000000085200000, 0x0000000085200000| Untracked 
|  83|0x0000000085300000, 0x0000000085300000, 0x0000000085400000|  0%| F|  |TAMS 0x0000000085300000, 0x0000000085300000| Untracked 
|  84|0x0000000085400000, 0x0000000085400000, 0x0000000085500000|  0%| F|  |TAMS 0x0000000085400000, 0x0000000085400000| Untracked 
|  85|0x0000000085500000, 0x0000000085500000, 0x0000000085600000|  0%| F|  |TAMS 0x0000000085500000, 0x0000000085500000| Untracked 
|  86|0x0000000085600000, 0x0000000085600000, 0x0000000085700000|  0%| F|  |TAMS 0x0000000085600000, 0x0000000085600000| Untracked 
|  87|0x0000000085700000, 0x0000000085700000, 0x0000000085800000|  0%| F|  |TAMS 0x0000000085700000, 0x0000000085700000| Untracked 
|  88|0x0000000085800000, 0x0000000085800000, 0x0000000085900000|  0%| F|  |TAMS 0x0000000085800000, 0x0000000085800000| Untracked 
|  89|0x0000000085900000, 0x0000000085900000, 0x0000000085a00000|  0%| F|  |TAMS 0x0000000085900000, 0x0000000085900000| Untracked 
|  90|0x0000000085a00000, 0x0000000085a00000, 0x0000000085b00000|  0%| F|  |TAMS 0x0000000085a00000, 0x0000000085a00000| Untracked 
|  91|0x0000000085b00000, 0x0000000085b00000, 0x0000000085c00000|  0%| F|  |TAMS 0x0000000085b00000, 0x0000000085b00000| Untracked 
|  92|0x0000000085c00000, 0x0000000085c00000, 0x0000000085d00000|  0%| F|  |TAMS 0x0000000085c00000, 0x0000000085c00000| Untracked 
|  93|0x0000000085d00000, 0x0000000085d00000, 0x0000000085e00000|  0%| F|  |TAMS 0x0000000085d00000, 0x0000000085d00000| Untracked 
|  94|0x0000000085e00000, 0x0000000085e00000, 0x0000000085f00000|  0%| F|  |TAMS 0x0000000085e00000, 0x0000000085e00000| Untracked 
|  95|0x0000000085f00000, 0x0000000085f20bb0, 0x0000000086000000| 12%| S|CS|TAMS 0x0000000085f00000, 0x0000000085f00000| Complete 
|  96|0x0000000086000000, 0x0000000086100000, 0x0000000086100000|100%| S|CS|TAMS 0x0000000086000000, 0x0000000086000000| Complete 
|  97|0x0000000086100000, 0x0000000086200000, 0x0000000086200000|100%| S|CS|TAMS 0x0000000086100000, 0x0000000086100000| Complete 
|  98|0x0000000086200000, 0x0000000086300000, 0x0000000086300000|100%| S|CS|TAMS 0x0000000086200000, 0x0000000086200000| Complete 
|  99|0x0000000086300000, 0x0000000086300000, 0x0000000086400000|  0%| F|  |TAMS 0x0000000086300000, 0x0000000086300000| Untracked 
| 100|0x0000000086400000, 0x0000000086400000, 0x0000000086500000|  0%| F|  |TAMS 0x0000000086400000, 0x0000000086400000| Untracked 
| 101|0x0000000086500000, 0x0000000086500000, 0x0000000086600000|  0%| F|  |TAMS 0x0000000086500000, 0x0000000086500000| Untracked 
| 102|0x0000000086600000, 0x0000000086600000, 0x0000000086700000|  0%| F|  |TAMS 0x0000000086600000, 0x0000000086600000| Untracked 
| 103|0x0000000086700000, 0x0000000086700000, 0x0000000086800000|  0%| F|  |TAMS 0x0000000086700000, 0x0000000086700000| Untracked 
| 104|0x0000000086800000, 0x0000000086800000, 0x0000000086900000|  0%| F|  |TAMS 0x0000000086800000, 0x0000000086800000| Untracked 
| 105|0x0000000086900000, 0x0000000086900000, 0x0000000086a00000|  0%| F|  |TAMS 0x0000000086900000, 0x0000000086900000| Untracked 
| 106|0x0000000086a00000, 0x0000000086a00000, 0x0000000086b00000|  0%| F|  |TAMS 0x0000000086a00000, 0x0000000086a00000| Untracked 
| 107|0x0000000086b00000, 0x0000000086b00000, 0x0000000086c00000|  0%| F|  |TAMS 0x0000000086b00000, 0x0000000086b00000| Untracked 
| 108|0x0000000086c00000, 0x0000000086c00000, 0x0000000086d00000|  0%| F|  |TAMS 0x0000000086c00000, 0x0000000086c00000| Untracked 
| 109|0x0000000086d00000, 0x0000000086d00000, 0x0000000086e00000|  0%| F|  |TAMS 0x0000000086d00000, 0x0000000086d00000| Untracked 
| 110|0x0000000086e00000, 0x0000000086e00000, 0x0000000086f00000|  0%| F|  |TAMS 0x0000000086e00000, 0x0000000086e00000| Untracked 
| 111|0x0000000086f00000, 0x0000000086f00000, 0x0000000087000000|  0%| F|  |TAMS 0x0000000086f00000, 0x0000000086f00000| Untracked 
| 112|0x0000000087000000, 0x0000000087000000, 0x0000000087100000|  0%| F|  |TAMS 0x0000000087000000, 0x0000000087000000| Untracked 
| 113|0x0000000087100000, 0x0000000087100000, 0x0000000087200000|  0%| F|  |TAMS 0x0000000087100000, 0x0000000087100000| Untracked 
| 114|0x0000000087200000, 0x0000000087200000, 0x0000000087300000|  0%| F|  |TAMS 0x0000000087200000, 0x0000000087200000| Untracked 
| 115|0x0000000087300000, 0x0000000087300000, 0x0000000087400000|  0%| F|  |TAMS 0x0000000087300000, 0x0000000087300000| Untracked 
| 116|0x0000000087400000, 0x0000000087400000, 0x0000000087500000|  0%| F|  |TAMS 0x0000000087400000, 0x0000000087400000| Untracked 
| 117|0x0000000087500000, 0x0000000087500000, 0x0000000087600000|  0%| F|  |TAMS 0x0000000087500000, 0x0000000087500000| Untracked 
| 118|0x0000000087600000, 0x0000000087600000, 0x0000000087700000|  0%| F|  |TAMS 0x0000000087600000, 0x0000000087600000| Untracked 
| 119|0x0000000087700000, 0x0000000087700000, 0x0000000087800000|  0%| F|  |TAMS 0x0000000087700000, 0x0000000087700000| Untracked 
| 120|0x0000000087800000, 0x0000000087800000, 0x0000000087900000|  0%| F|  |TAMS 0x0000000087800000, 0x0000000087800000| Untracked 
| 121|0x0000000087900000, 0x0000000087900000, 0x0000000087a00000|  0%| F|  |TAMS 0x0000000087900000, 0x0000000087900000| Untracked 
| 122|0x0000000087a00000, 0x0000000087a00000, 0x0000000087b00000|  0%| F|  |TAMS 0x0000000087a00000, 0x0000000087a00000| Untracked 
| 123|0x0000000087b00000, 0x0000000087b00000, 0x0000000087c00000|  0%| F|  |TAMS 0x0000000087b00000, 0x0000000087b00000| Untracked 
| 124|0x0000000087c00000, 0x0000000087c00000, 0x0000000087d00000|  0%| F|  |TAMS 0x0000000087c00000, 0x0000000087c00000| Untracked 
| 125|0x0000000087d00000, 0x0000000087d00000, 0x0000000087e00000|  0%| F|  |TAMS 0x0000000087d00000, 0x0000000087d00000| Untracked 
| 126|0x0000000087e00000, 0x0000000087e00000, 0x0000000087f00000|  0%| F|  |TAMS 0x0000000087e00000, 0x0000000087e00000| Untracked 
| 127|0x0000000087f00000, 0x0000000087f00000, 0x0000000088000000|  0%| F|  |TAMS 0x0000000087f00000, 0x0000000087f00000| Untracked 
| 128|0x0000000088000000, 0x0000000088000000, 0x0000000088100000|  0%| F|  |TAMS 0x0000000088000000, 0x0000000088000000| Untracked 
| 129|0x0000000088100000, 0x0000000088100000, 0x0000000088200000|  0%| F|  |TAMS 0x0000000088100000, 0x0000000088100000| Untracked 
| 130|0x0000000088200000, 0x0000000088200000, 0x0000000088300000|  0%| F|  |TAMS 0x0000000088200000, 0x0000000088200000| Untracked 

Card table byte_map: [0x000001aef8e10000,0x000001aef9210000] _byte_map_base: 0x000001aef8a10000

Marking Bits (Prev, Next): (CMBitMap*) 0x000001aef0c39710, (CMBitMap*) 0x000001aef0c396d0
 Prev Bits: [0x000001aefb610000, 0x000001aefd610000)
 Next Bits: [0x000001aef9610000, 0x000001aefb610000)

Polling page: 0x000001aeeebb0000

Metaspace:

Usage:
  Non-class:     63.62 MB used.
      Class:     10.07 MB used.
       Both:     73.69 MB used.

Virtual space:
  Non-class space:      128.00 MB reserved,      64.00 MB ( 50%) committed,  2 nodes.
      Class space:      416.00 MB reserved,      10.44 MB (  3%) committed,  1 nodes.
             Both:      544.00 MB reserved,      74.44 MB ( 14%) committed. 

Chunk freelists:
   Non-Class:  15.53 MB
       Class:  5.61 MB
        Both:  21.14 MB

MaxMetaspaceSize: 512.00 MB
CompressedClassSpaceSize: 416.00 MB
Initial GC threshold: 21.00 MB
Current GC threshold: 119.62 MB
CDS: on
MetaspaceReclaimPolicy: balanced
 - commit_granule_bytes: 65536.
 - commit_granule_words: 8192.
 - virtual_space_node_default_size: 8388608.
 - enlarge_chunks_in_place: 1.
 - new_chunks_are_fully_committed: 0.
 - uncommit_free_chunks: 1.
 - use_allocation_guard: 0.
 - handle_deallocations: 1.


Internal statistics:

num_allocs_failed_limit: 6.
num_arena_births: 808.
num_arena_deaths: 0.
num_vsnodes_births: 3.
num_vsnodes_deaths: 0.
num_space_committed: 1191.
num_space_uncommitted: 0.
num_chunks_returned_to_freelist: 6.
num_chunks_taken_from_freelist: 3818.
num_chunk_merges: 3.
num_chunk_splits: 2592.
num_chunks_enlarged: 1788.
num_inconsistent_stats: 0.

CodeHeap 'non-profiled nmethods': size=120000Kb used=4535Kb max_used=5143Kb free=115464Kb
 bounds [0x000001ae87ad0000, 0x000001ae87fe0000, 0x000001ae8f000000]
CodeHeap 'profiled nmethods': size=120000Kb used=15004Kb max_used=16700Kb free=104995Kb
 bounds [0x000001ae80000000, 0x000001ae81050000, 0x000001ae87530000]
CodeHeap 'non-nmethods': size=5760Kb used=2405Kb max_used=2454Kb free=3354Kb
 bounds [0x000001ae87530000, 0x000001ae877a0000, 0x000001ae87ad0000]
 total_blobs=8820 nmethods=7898 adapters=834
 compilation: enabled
              stopped_count=0, restarted_count=0
 full_count=0

Compilation events (20 events):
Event: 19.490 Thread 0x000001ae8f1a5ea0 9325       3       org.gradle.api.internal.DefaultNamedDomainObjectCollection::hasWithName (32 bytes)
Event: 19.490 Thread 0x000001ae8f1a5ea0 nmethod 9325 0x000001ae8005b390 code [0x000001ae8005b540, 0x000001ae8005b898]
Event: 19.492 Thread 0x000001ae8f1a5ea0 9326       3       java.lang.invoke.StringConcatFactory::parseRecipe (198 bytes)
Event: 19.495 Thread 0x000001ae8f1a5ea0 nmethod 9326 0x000001ae80eca290 code [0x000001ae80eca700, 0x000001ae80eccc38]
Event: 19.495 Thread 0x000001ae8f1a5ea0 9327       1       org.gradle.api.internal.artifacts.ivyservice.moduleconverter.DefaultRootComponentMetadataBuilder::getValidator (5 bytes)
Event: 19.495 Thread 0x000001ae8f1a5ea0 nmethod 9327 0x000001ae87c60090 code [0x000001ae87c60220, 0x000001ae87c602f8]
Event: 19.516 Thread 0x000001ae8f1a5ea0 9328   !   3       org.slf4j.LoggerFactory::getILoggerFactory (103 bytes)
Event: 19.517 Thread 0x000001ae8f1a5ea0 nmethod 9328 0x000001ae8059cb90 code [0x000001ae8059cdc0, 0x000001ae8059d498]
Event: 19.536 Thread 0x000001ae8f1a5ea0 9330       3       java.lang.invoke.LambdaForm$MH/0x000001ae910cb400::invoke (148 bytes)
Event: 19.537 Thread 0x000001ae8f1a5ea0 nmethod 9330 0x000001ae80461e90 code [0x000001ae80462100, 0x000001ae80463288]
Event: 19.564 Thread 0x000001ae8f1a5ea0 9331       3       org.gradle.internal.instantiation.generator.AbstractClassGenerator::isRoleType (49 bytes)
Event: 19.566 Thread 0x000001ae8f1a5ea0 nmethod 9331 0x000001ae8048ff90 code [0x000001ae804902e0, 0x000001ae80491a38]
Event: 19.566 Thread 0x000001ae8f1a5ea0 9332       3       org.gradle.model.internal.asm.MethodVisitorScope::_ANEWARRAY (12 bytes)
Event: 19.567 Thread 0x000001ae8f1a5ea0 nmethod 9332 0x000001ae80548910 code [0x000001ae80548ae0, 0x000001ae80548e18]
Event: 19.567 Thread 0x000001ae8f1a5ea0 9333       3       java.lang.reflect.Constructor::getDeclaredAnnotations (5 bytes)
Event: 19.567 Thread 0x000001ae8f1a5ea0 nmethod 9333 0x000001ae80547c90 code [0x000001ae80547e80, 0x000001ae80548328]
Event: 19.569 Thread 0x000001ae8f1a5ea0 9334       3       sun.reflect.generics.parser.SignatureParser::parseClassSignature (37 bytes)
Event: 19.569 Thread 0x000001ae8f1a5ea0 nmethod 9334 0x000001ae80104490 code [0x000001ae80104680, 0x000001ae80104a08]
Event: 19.588 Thread 0x000001ae8f1a5ea0 9335       3       kotlin.LazyKt__LazyJVMKt::lazy (21 bytes)
Event: 19.588 Thread 0x000001ae8f1a5ea0 nmethod 9335 0x000001ae8073cd10 code [0x000001ae8073cf40, 0x000001ae8073d608]

GC Heap History (20 events):
Event: 13.759 GC heap after
{Heap after GC invocations=20 (full 0):
 garbage-first heap   total 103424K, used 57953K [0x0000000080000000, 0x0000000100000000)
  region size 1024K, 4 young (4096K), 4 survivors (4096K)
 Metaspace       used 60734K, committed 61312K, reserved 491520K
  class space    used 8517K, committed 8768K, reserved 425984K
}
Event: 14.231 GC heap before
{Heap before GC invocations=20 (full 0):
 garbage-first heap   total 103424K, used 80481K [0x0000000080000000, 0x0000000100000000)
  region size 1024K, 28 young (28672K), 4 survivors (4096K)
 Metaspace       used 61976K, committed 62592K, reserved 491520K
  class space    used 8668K, committed 8960K, reserved 425984K
}
Event: 14.236 GC heap after
{Heap after GC invocations=21 (full 0):
 garbage-first heap   total 103424K, used 59953K [0x0000000080000000, 0x0000000100000000)
  region size 1024K, 3 young (3072K), 3 survivors (3072K)
 Metaspace       used 61976K, committed 62592K, reserved 491520K
  class space    used 8668K, committed 8960K, reserved 425984K
}
Event: 14.757 GC heap before
{Heap before GC invocations=22 (full 0):
 garbage-first heap   total 111616K, used 84529K [0x0000000080000000, 0x0000000100000000)
  region size 1024K, 26 young (26624K), 3 survivors (3072K)
 Metaspace       used 64935K, committed 65536K, reserved 491520K
  class space    used 8997K, committed 9280K, reserved 425984K
}
Event: 14.762 GC heap after
{Heap after GC invocations=23 (full 0):
 garbage-first heap   total 111616K, used 65340K [0x0000000080000000, 0x0000000100000000)
  region size 1024K, 4 young (4096K), 4 survivors (4096K)
 Metaspace       used 64935K, committed 65536K, reserved 491520K
  class space    used 8997K, committed 9280K, reserved 425984K
}
Event: 14.779 GC heap before
{Heap before GC invocations=23 (full 0):
 garbage-first heap   total 111616K, used 66364K [0x0000000080000000, 0x0000000100000000)
  region size 1024K, 5 young (5120K), 4 survivors (4096K)
 Metaspace       used 65107K, committed 65728K, reserved 491520K
  class space    used 9014K, committed 9280K, reserved 425984K
}
Event: 14.783 GC heap after
{Heap after GC invocations=24 (full 0):
 garbage-first heap   total 134144K, used 65612K [0x0000000080000000, 0x0000000100000000)
  region size 1024K, 1 young (1024K), 1 survivors (1024K)
 Metaspace       used 65107K, committed 65728K, reserved 491520K
  class space    used 9014K, committed 9280K, reserved 425984K
}
Event: 14.954 GC heap before
{Heap before GC invocations=24 (full 0):
 garbage-first heap   total 134144K, used 74828K [0x0000000080000000, 0x0000000100000000)
  region size 1024K, 11 young (11264K), 1 survivors (1024K)
 Metaspace       used 66351K, committed 67008K, reserved 491520K
  class space    used 9145K, committed 9408K, reserved 425984K
}
Event: 14.956 GC heap after
{Heap after GC invocations=25 (full 0):
 garbage-first heap   total 134144K, used 67405K [0x0000000080000000, 0x0000000100000000)
  region size 1024K, 3 young (3072K), 3 survivors (3072K)
 Metaspace       used 66351K, committed 67008K, reserved 491520K
  class space    used 9145K, committed 9408K, reserved 425984K
}
Event: 15.553 GC heap before
{Heap before GC invocations=26 (full 0):
 garbage-first heap   total 134144K, used 109389K [0x0000000080000000, 0x0000000100000000)
  region size 1024K, 37 young (37888K), 3 survivors (3072K)
 Metaspace       used 69734K, committed 70464K, reserved 491520K
  class space    used 9548K, committed 9920K, reserved 425984K
}
Event: 15.558 GC heap after
{Heap after GC invocations=27 (full 0):
 garbage-first heap   total 134144K, used 71834K [0x0000000080000000, 0x0000000100000000)
  region size 1024K, 5 young (5120K), 5 survivors (5120K)
 Metaspace       used 69734K, committed 70464K, reserved 491520K
  class space    used 9548K, committed 9920K, reserved 425984K
}
Event: 15.579 GC heap before
{Heap before GC invocations=27 (full 0):
 garbage-first heap   total 134144K, used 72858K [0x0000000080000000, 0x0000000100000000)
  region size 1024K, 6 young (6144K), 5 survivors (5120K)
 Metaspace       used 69870K, committed 70592K, reserved 491520K
  class space    used 9567K, committed 9920K, reserved 425984K
}
Event: 15.582 GC heap after
{Heap after GC invocations=28 (full 0):
 garbage-first heap   total 134144K, used 71534K [0x0000000080000000, 0x0000000100000000)
  region size 1024K, 1 young (1024K), 1 survivors (1024K)
 Metaspace       used 69870K, committed 70592K, reserved 491520K
  class space    used 9567K, committed 9920K, reserved 425984K
}
Event: 16.114 GC heap before
{Heap before GC invocations=28 (full 0):
 garbage-first heap   total 134144K, used 100206K [0x0000000080000000, 0x0000000100000000)
  region size 1024K, 30 young (30720K), 1 survivors (1024K)
 Metaspace       used 72531K, committed 73216K, reserved 491520K
  class space    used 9888K, committed 10240K, reserved 425984K
}
Event: 16.117 GC heap after
{Heap after GC invocations=29 (full 0):
 garbage-first heap   total 134144K, used 73238K [0x0000000080000000, 0x0000000100000000)
  region size 1024K, 3 young (3072K), 3 survivors (3072K)
 Metaspace       used 72531K, committed 73216K, reserved 491520K
  class space    used 9888K, committed 10240K, reserved 425984K
}
Event: 16.542 GC heap before
{Heap before GC invocations=30 (full 0):
 garbage-first heap   total 134144K, used 106006K [0x0000000080000000, 0x0000000100000000)
  region size 1024K, 34 young (34816K), 3 survivors (3072K)
 Metaspace       used 73688K, committed 74432K, reserved 491520K
  class space    used 10078K, committed 10432K, reserved 425984K
}
Event: 16.547 GC heap after
{Heap after GC invocations=31 (full 0):
 garbage-first heap   total 134144K, used 75421K [0x0000000080000000, 0x0000000100000000)
  region size 1024K, 5 young (5120K), 5 survivors (5120K)
 Metaspace       used 73688K, committed 74432K, reserved 491520K
  class space    used 10078K, committed 10432K, reserved 425984K
}
Event: 16.552 GC heap before
{Heap before GC invocations=31 (full 0):
 garbage-first heap   total 134144K, used 76445K [0x0000000080000000, 0x0000000100000000)
  region size 1024K, 6 young (6144K), 5 survivors (5120K)
 Metaspace       used 73688K, committed 74432K, reserved 491520K
  class space    used 10078K, committed 10432K, reserved 425984K
}
Event: 16.557 GC heap after
{Heap after GC invocations=32 (full 0):
 garbage-first heap   total 134144K, used 75643K [0x0000000080000000, 0x0000000100000000)
  region size 1024K, 1 young (1024K), 1 survivors (1024K)
 Metaspace       used 73688K, committed 74432K, reserved 491520K
  class space    used 10078K, committed 10432K, reserved 425984K
}
Event: 19.601 GC heap before
{Heap before GC invocations=32 (full 0):
 garbage-first heap   total 134144K, used 107387K [0x0000000080000000, 0x0000000100000000)
  region size 1024K, 32 young (32768K), 1 survivors (1024K)
 Metaspace       used 75461K, committed 76224K, reserved 557056K
  class space    used 10311K, committed 10688K, reserved 425984K
}

Dll operation events (12 events):
Event: 0.008 Loaded shared library C:\Users\Kriti Sharma\AppData\Local\Programs\Eclipse Adoptium\jdk-17.0.8.7-hotspot\bin\java.dll
Event: 0.027 Loaded shared library C:\Users\Kriti Sharma\AppData\Local\Programs\Eclipse Adoptium\jdk-17.0.8.7-hotspot\bin\jsvml.dll
Event: 0.071 Loaded shared library C:\Users\Kriti Sharma\AppData\Local\Programs\Eclipse Adoptium\jdk-17.0.8.7-hotspot\bin\net.dll
Event: 0.073 Loaded shared library C:\Users\Kriti Sharma\AppData\Local\Programs\Eclipse Adoptium\jdk-17.0.8.7-hotspot\bin\nio.dll
Event: 0.077 Loaded shared library C:\Users\Kriti Sharma\AppData\Local\Programs\Eclipse Adoptium\jdk-17.0.8.7-hotspot\bin\zip.dll
Event: 0.269 Loaded shared library C:\Users\Kriti Sharma\AppData\Local\Programs\Eclipse Adoptium\jdk-17.0.8.7-hotspot\bin\jimage.dll
Event: 0.343 Loaded shared library C:\Users\Kriti Sharma\AppData\Local\Programs\Eclipse Adoptium\jdk-17.0.8.7-hotspot\bin\verify.dll
Event: 0.563 Loaded shared library C:\Users\Kriti Sharma\.gradle\native\68d5fa5c4cc2d200863cafc0d521ce42e7d3e7ee720ec0a83991735586a16f82\windows-amd64\native-platform.dll
Event: 0.570 Loaded shared library C:\Users\Kriti Sharma\.gradle\native\e376f236ea51e6404a007f0833ffe2c6e607c4080706a723a18a27aeea778392\windows-amd64\native-platform-file-events.dll
Event: 1.476 Loaded shared library C:\Users\Kriti Sharma\AppData\Local\Programs\Eclipse Adoptium\jdk-17.0.8.7-hotspot\bin\management.dll
Event: 1.480 Loaded shared library C:\Users\Kriti Sharma\AppData\Local\Programs\Eclipse Adoptium\jdk-17.0.8.7-hotspot\bin\management_ext.dll
Event: 1.978 Loaded shared library C:\Users\Kriti Sharma\AppData\Local\Programs\Eclipse Adoptium\jdk-17.0.8.7-hotspot\bin\sunmscapi.dll

Deoptimization events (20 events):
Event: 16.378 Thread 0x000001aeaf1c4630 Uncommon trap: trap_request=0xffffff45 fr.pc=0x000001ae87d0a110 relative=0x0000000000000450
Event: 16.378 Thread 0x000001aeaf1c4630 Uncommon trap: reason=unstable_if action=reinterpret pc=0x000001ae87d0a110 method=java.util.StringJoiner.add(Ljava/lang/CharSequence;)Ljava/util/StringJoiner; @ 33 c2
Event: 16.379 Thread 0x000001aeaf1c4630 DEOPT PACKING pc=0x000001ae87d0a110 sp=0x00000043759f6d90
Event: 16.379 Thread 0x000001aeaf1c4630 DEOPT UNPACKING pc=0x000001ae8758a1a3 sp=0x00000043759f6d40 mode 2
Event: 16.562 Thread 0x000001aeaf1c4630 Uncommon trap: trap_request=0xffffff45 fr.pc=0x000001ae87edaa50 relative=0x0000000000000990
Event: 16.562 Thread 0x000001aeaf1c4630 Uncommon trap: reason=unstable_if action=reinterpret pc=0x000001ae87edaa50 method=java.util.WeakHashMap.put(Ljava/lang/Object;Ljava/lang/Object;)Ljava/lang/Object; @ 57 c2
Event: 16.562 Thread 0x000001aeaf1c4630 DEOPT PACKING pc=0x000001ae87edaa50 sp=0x00000043759f49e0
Event: 16.562 Thread 0x000001aeaf1c4630 DEOPT UNPACKING pc=0x000001ae8758a1a3 sp=0x00000043759f49c0 mode 2
Event: 16.636 Thread 0x000001aeaf1c4630 Uncommon trap: trap_request=0xffffff45 fr.pc=0x000001ae87ce6f1c relative=0x0000000000000fdc
Event: 16.637 Thread 0x000001aeaf1c4630 Uncommon trap: reason=unstable_if action=reinterpret pc=0x000001ae87ce6f1c method=org.codehaus.groovy.runtime.metaclass.MetaMethodIndex.isOverridden(Lgroovy/lang/MetaMethod;Lgroovy/lang/MetaMethod;)Z @ 33 c2
Event: 16.637 Thread 0x000001aeaf1c4630 DEOPT PACKING pc=0x000001ae87ce6f1c sp=0x00000043759f41e0
Event: 16.637 Thread 0x000001aeaf1c4630 DEOPT UNPACKING pc=0x000001ae8758a1a3 sp=0x00000043759f4138 mode 2
Event: 19.379 Thread 0x000001aeaf1c4630 Uncommon trap: trap_request=0xffffffde fr.pc=0x000001ae87cb6d54 relative=0x0000000000002094
Event: 19.379 Thread 0x000001aeaf1c4630 Uncommon trap: reason=class_check action=maybe_recompile pc=0x000001ae87cb6d54 method=java.lang.Class.createAnnotationData(I)Ljava/lang/Class$AnnotationData; @ 103 c2
Event: 19.379 Thread 0x000001aeaf1c4630 DEOPT PACKING pc=0x000001ae87cb6d54 sp=0x00000043759f0c00
Event: 19.379 Thread 0x000001aeaf1c4630 DEOPT UNPACKING pc=0x000001ae8758a1a3 sp=0x00000043759f0b70 mode 2
Event: 19.381 Thread 0x000001aeaf1c4630 Uncommon trap: trap_request=0xffffffde fr.pc=0x000001ae87cb6d54 relative=0x0000000000002094
Event: 19.381 Thread 0x000001aeaf1c4630 Uncommon trap: reason=class_check action=maybe_recompile pc=0x000001ae87cb6d54 method=java.lang.Class.createAnnotationData(I)Ljava/lang/Class$AnnotationData; @ 103 c2
Event: 19.381 Thread 0x000001aeaf1c4630 DEOPT PACKING pc=0x000001ae87cb6d54 sp=0x00000043759f0d80
Event: 19.381 Thread 0x000001aeaf1c4630 DEOPT UNPACKING pc=0x000001ae8758a1a3 sp=0x00000043759f0cf0 mode 2

Classes unloaded (0 events):
No events

Classes redefined (0 events):
No events

Internal exceptions (20 events):
Event: 19.299 Thread 0x000001aeaf1c4630 Exception <a 'java/lang/ClassNotFoundException'{0x00000000874cc2b8}: java/io/FileBeanInfo> (0x00000000874cc2b8) 
thrown [s\src\hotspot\share\classfile\systemDictionary.cpp, line 256]
Event: 19.299 Thread 0x000001aeaf1c4630 Exception <a 'java/lang/ClassNotFoundException'{0x00000000874d32e0}: java/io/FileCustomizer> (0x00000000874d32e0) 
thrown [s\src\hotspot\share\classfile\systemDictionary.cpp, line 256]
Event: 19.313 Thread 0x000001aeaf1c4630 Exception <a 'java/lang/ClassNotFoundException'{0x00000000873a20c0}: org/gradle/api/DefaultTask_DecoratedBeanInfo> (0x00000000873a20c0) 
thrown [s\src\hotspot\share\classfile\systemDictionary.cpp, line 256]
Event: 19.314 Thread 0x000001aeaf1c4630 Exception <a 'java/lang/ClassNotFoundException'{0x00000000873b8da0}: org/gradle/api/DefaultTaskBeanInfo> (0x00000000873b8da0) 
thrown [s\src\hotspot\share\classfile\systemDictionary.cpp, line 256]
Event: 19.315 Thread 0x000001aeaf1c4630 Exception <a 'java/lang/ClassNotFoundException'{0x00000000873d0110}: org/gradle/api/internal/AbstractTaskBeanInfo> (0x00000000873d0110) 
thrown [s\src\hotspot\share\classfile\systemDictionary.cpp, line 256]
Event: 19.316 Thread 0x000001aeaf1c4630 Exception <a 'java/lang/ClassNotFoundException'{0x00000000873e7490}: org/gradle/api/internal/AbstractTaskCustomizer> (0x00000000873e7490) 
thrown [s\src\hotspot\share\classfile\systemDictionary.cpp, line 256]
Event: 19.319 Thread 0x000001aeaf1c4630 Exception <a 'java/lang/ClassNotFoundException'{0x000000008724ebb8}: org/gradle/api/DefaultTaskCustomizer> (0x000000008724ebb8) 
thrown [s\src\hotspot\share\classfile\systemDictionary.cpp, line 256]
Event: 19.322 Thread 0x000001aeaf1c4630 Exception <a 'java/lang/ClassNotFoundException'{0x00000000872c1788}: org/gradle/api/DefaultTask_DecoratedCustomizer> (0x00000000872c1788) 
thrown [s\src\hotspot\share\classfile\systemDictionary.cpp, line 256]
Event: 19.342 Thread 0x000001aeaf1c4630 Exception <a 'java/lang/ClassNotFoundException'{0x0000000087198498}: com/android/build/gradle/internal/api/DefaultAndroidSourceSet_DecoratedBeanInfo> (0x0000000087198498) 
thrown [s\src\hotspot\share\classfile\systemDictionary.cpp, line 256]
Event: 19.343 Thread 0x000001aeaf1c4630 Exception <a 'java/lang/ClassNotFoundException'{0x00000000871a7468}: com/android/build/gradle/internal/api/DefaultAndroidSourceSetBeanInfo> (0x00000000871a7468) 
thrown [s\src\hotspot\share\classfile\systemDictionary.cpp, line 256]
Event: 19.343 Thread 0x000001aeaf1c4630 Exception <a 'java/lang/ClassNotFoundException'{0x00000000871b5fd0}: com/android/build/gradle/internal/api/DefaultAndroidSourceSetCustomizer> (0x00000000871b5fd0) 
thrown [s\src\hotspot\share\classfile\systemDictionary.cpp, line 256]
Event: 19.350 Thread 0x000001aeaf1c4630 Exception <a 'java/lang/ClassNotFoundException'{0x000000008701d560}: com/android/build/gradle/internal/api/DefaultAndroidSourceSet_DecoratedCustomizer> (0x000000008701d560) 
thrown [s\src\hotspot\share\classfile\systemDictionary.cpp, line 256]
Event: 19.364 Thread 0x000001aeaf1c4630 Exception <a 'java/lang/ClassNotFoundException'{0x00000000870c0b78}: com/android/build/gradle/internal/api/DefaultAndroidSourceDirectorySetBeanInfo> (0x00000000870c0b78) 
thrown [s\src\hotspot\share\classfile\systemDictionary.cpp, line 256]
Event: 19.364 Thread 0x000001aeaf1c4630 Exception <a 'java/lang/ClassNotFoundException'{0x00000000870d0870}: com/android/build/gradle/internal/api/DefaultAndroidSourceDirectorySetCustomizer> (0x00000000870d0870) 
thrown [s\src\hotspot\share\classfile\systemDictionary.cpp, line 256]
Event: 19.369 Thread 0x000001aeaf1c4630 Exception <a 'java/lang/ClassNotFoundException'{0x0000000086fe9368}: com/google/common/collect/SingletonImmutableSetBeanInfo> (0x0000000086fe9368) 
thrown [s\src\hotspot\share\classfile\systemDictionary.cpp, line 256]
Event: 19.369 Thread 0x000001aeaf1c4630 Exception <a 'java/lang/ClassNotFoundException'{0x0000000086ff88b8}: com/google/common/collect/ImmutableSetBeanInfo> (0x0000000086ff88b8) 
thrown [s\src\hotspot\share\classfile\systemDictionary.cpp, line 256]
Event: 19.370 Thread 0x000001aeaf1c4630 Exception <a 'java/lang/ClassNotFoundException'{0x0000000086e08448}: com/google/common/collect/ImmutableCollectionBeanInfo> (0x0000000086e08448) 
thrown [s\src\hotspot\share\classfile\systemDictionary.cpp, line 256]
Event: 19.370 Thread 0x000001aeaf1c4630 Exception <a 'java/lang/ClassNotFoundException'{0x0000000086e17bd8}: com/google/common/collect/ImmutableCollectionCustomizer> (0x0000000086e17bd8) 
thrown [s\src\hotspot\share\classfile\systemDictionary.cpp, line 256]
Event: 19.379 Thread 0x000001aeaf1c4630 Exception <a 'java/lang/ClassNotFoundException'{0x0000000086e64f98}: com/google/common/collect/ImmutableSetCustomizer> (0x0000000086e64f98) 
thrown [s\src\hotspot\share\classfile\systemDictionary.cpp, line 256]
Event: 19.381 Thread 0x000001aeaf1c4630 Exception <a 'java/lang/ClassNotFoundException'{0x0000000086e8d278}: com/google/common/collect/SingletonImmutableSetCustomizer> (0x0000000086e8d278) 
thrown [s\src\hotspot\share\classfile\systemDictionary.cpp, line 256]

VM Operations (20 events):
Event: 16.188 Executing VM operation: G1PauseRemark done
Event: 16.224 Executing VM operation: G1PauseCleanup
Event: 16.224 Executing VM operation: G1PauseCleanup done
Event: 16.542 Executing VM operation: G1CollectForAllocation
Event: 16.547 Executing VM operation: G1CollectForAllocation done
Event: 16.552 Executing VM operation: G1CollectForAllocation
Event: 16.557 Executing VM operation: G1CollectForAllocation done
Event: 16.618 Executing VM operation: HandshakeAllThreads
Event: 16.618 Executing VM operation: HandshakeAllThreads done
Event: 16.640 Executing VM operation: HandshakeAllThreads
Event: 16.641 Executing VM operation: HandshakeAllThreads done
Event: 16.687 Executing VM operation: HandshakeAllThreads
Event: 16.688 Executing VM operation: HandshakeAllThreads done
Event: 17.689 Executing VM operation: Cleanup
Event: 17.689 Executing VM operation: Cleanup done
Event: 18.705 Executing VM operation: Cleanup
Event: 18.705 Executing VM operation: Cleanup done
Event: 19.415 Executing VM operation: HandshakeAllThreads
Event: 19.416 Executing VM operation: HandshakeAllThreads done
Event: 19.600 Executing VM operation: G1CollectForAllocation

Events (20 events):
Event: 16.701 Thread 0x000001ae8f1ae7c0 flushing nmethod 0x000001ae80f14b10
Event: 16.701 Thread 0x000001ae8f1ae7c0 flushing nmethod 0x000001ae80f1c390
Event: 16.701 Thread 0x000001ae8f1ae7c0 flushing nmethod 0x000001ae80fc0190
Event: 16.701 Thread 0x000001ae8f1ae7c0 flushing nmethod 0x000001ae80fc3010
Event: 16.701 Thread 0x000001ae8f1ae7c0 flushing nmethod 0x000001ae80fc4f90
Event: 16.701 Thread 0x000001ae8f1ae7c0 flushing nmethod 0x000001ae80fcdf90
Event: 16.701 Thread 0x000001ae8f1ae7c0 flushing nmethod 0x000001ae80fea790
Event: 16.701 Thread 0x000001ae8f1ae7c0 flushing nmethod 0x000001ae80feab90
Event: 16.701 Thread 0x000001ae8f1ae7c0 flushing nmethod 0x000001ae80feef10
Event: 17.535 Thread 0x000001ae8f5b01c0 Thread exited: 0x000001ae8f5b01c0
Event: 18.533 Thread 0x000001ae8f5b0c60 Thread exited: 0x000001ae8f5b0c60
Event: 19.298 loading class java/io/FileBeanInfo
Event: 19.298 loading class java/io/FileBeanInfo done
Event: 19.299 loading class java/io/FileBeanInfo
Event: 19.299 loading class java/io/FileBeanInfo done
Event: 19.299 loading class java/io/FileCustomizer
Event: 19.299 loading class java/io/FileCustomizer done
Event: 19.299 loading class java/io/FileCustomizer
Event: 19.299 loading class java/io/FileCustomizer done
Event: 19.313 Thread 0x000001ae8f5b0c60 Thread added: 0x000001ae8f5b0c60


Dynamic libraries:
0x00007ff6e2e00000 - 0x00007ff6e2e0e000 	C:\Users\Kriti Sharma\AppData\Local\Programs\Eclipse Adoptium\jdk-17.0.8.7-hotspot\bin\java.exe
0x00007ffe75ed0000 - 0x00007ffe760c8000 	C:\Windows\SYSTEM32\ntdll.dll
0x00007ffe74d90000 - 0x00007ffe74e4f000 	C:\Windows\System32\KERNEL32.DLL
0x00007ffe73b90000 - 0x00007ffe73e86000 	C:\Windows\System32\KERNELBASE.dll
0x00007ffe73920000 - 0x00007ffe73a20000 	C:\Windows\System32\ucrtbase.dll
0x00007ffe5d4d0000 - 0x00007ffe5d4e7000 	C:\Users\Kriti Sharma\AppData\Local\Programs\Eclipse Adoptium\jdk-17.0.8.7-hotspot\bin\jli.dll
0x00007ffe5bc10000 - 0x00007ffe5bc29000 	C:\Users\Kriti Sharma\AppData\Local\Programs\Eclipse Adoptium\jdk-17.0.8.7-hotspot\bin\VCRUNTIME140.dll
0x00007ffe74ab0000 - 0x00007ffe74c4d000 	C:\Windows\System32\USER32.dll
0x00007ffe73f00000 - 0x00007ffe73f22000 	C:\Windows\System32\win32u.dll
0x00007ffe5e6a0000 - 0x00007ffe5e93a000 	C:\Windows\WinSxS\amd64_microsoft.windows.common-controls_6595b64144ccf1df_6.0.19041.1110_none_60b5254171f9507e\COMCTL32.dll
0x00007ffe75db0000 - 0x00007ffe75ddc000 	C:\Windows\System32\GDI32.dll
0x00007ffe73a70000 - 0x00007ffe73b85000 	C:\Windows\System32\gdi32full.dll
0x00007ffe75de0000 - 0x00007ffe75e7e000 	C:\Windows\System32\msvcrt.dll
0x00007ffe73640000 - 0x00007ffe736dd000 	C:\Windows\System32\msvcp_win.dll
0x00007ffe75790000 - 0x00007ffe757c0000 	C:\Windows\System32\IMM32.DLL
0x00007ffe61090000 - 0x00007ffe6109c000 	C:\Users\Kriti Sharma\AppData\Local\Programs\Eclipse Adoptium\jdk-17.0.8.7-hotspot\bin\vcruntime140_1.dll
0x00007ffe41650000 - 0x00007ffe416e1000 	C:\Users\Kriti Sharma\AppData\Local\Programs\Eclipse Adoptium\jdk-17.0.8.7-hotspot\bin\msvcp140.dll
0x00007ffe31990000 - 0x00007ffe325dc000 	C:\Users\Kriti Sharma\AppData\Local\Programs\Eclipse Adoptium\jdk-17.0.8.7-hotspot\bin\server\jvm.dll
0x00007ffe75550000 - 0x00007ffe755ff000 	C:\Windows\System32\ADVAPI32.dll
0x00007ffe75600000 - 0x00007ffe7569c000 	C:\Windows\System32\sechost.dll
0x00007ffe751b0000 - 0x00007ffe752d6000 	C:\Windows\System32\RPCRT4.dll
0x00007ffe72b60000 - 0x00007ffe72bab000 	C:\Windows\SYSTEM32\POWRPROF.dll
0x00007ffe609c0000 - 0x00007ffe609e7000 	C:\Windows\SYSTEM32\WINMM.dll
0x00007ffe708f0000 - 0x00007ffe708f9000 	C:\Windows\SYSTEM32\WSOCK32.dll
0x00007ffe75d40000 - 0x00007ffe75dab000 	C:\Windows\System32\WS2_32.dll
0x00007ffe6ca60000 - 0x00007ffe6ca6a000 	C:\Windows\SYSTEM32\VERSION.dll
0x00007ffe729d0000 - 0x00007ffe729e2000 	C:\Windows\SYSTEM32\UMPDC.dll
0x00007ffe71de0000 - 0x00007ffe71df2000 	C:\Windows\SYSTEM32\kernel.appcore.dll
0x00007ffe60f10000 - 0x00007ffe60f1a000 	C:\Users\Kriti Sharma\AppData\Local\Programs\Eclipse Adoptium\jdk-17.0.8.7-hotspot\bin\jimage.dll
0x00007ffe711e0000 - 0x00007ffe713c4000 	C:\Windows\SYSTEM32\DBGHELP.DLL
0x00007ffe5fa90000 - 0x00007ffe5fac4000 	C:\Windows\SYSTEM32\dbgcore.DLL
0x00007ffe735b0000 - 0x00007ffe73632000 	C:\Windows\System32\bcryptPrimitives.dll
0x00007ffe5bbe0000 - 0x00007ffe5bc05000 	C:\Users\Kriti Sharma\AppData\Local\Programs\Eclipse Adoptium\jdk-17.0.8.7-hotspot\bin\java.dll
0x00007ffe41570000 - 0x00007ffe41646000 	C:\Users\Kriti Sharma\AppData\Local\Programs\Eclipse Adoptium\jdk-17.0.8.7-hotspot\bin\jsvml.dll
0x00007ffe74240000 - 0x00007ffe74984000 	C:\Windows\System32\SHELL32.dll
0x00007ffe71630000 - 0x00007ffe71dc3000 	C:\Windows\SYSTEM32\windows.storage.dll
0x00007ffe74e50000 - 0x00007ffe751a4000 	C:\Windows\System32\combase.dll
0x00007ffe72ff0000 - 0x00007ffe7301e000 	C:\Windows\SYSTEM32\Wldp.dll
0x00007ffe74060000 - 0x00007ffe7410d000 	C:\Windows\System32\SHCORE.dll
0x00007ffe756a0000 - 0x00007ffe756f5000 	C:\Windows\System32\shlwapi.dll
0x00007ffe734e0000 - 0x00007ffe73505000 	C:\Windows\SYSTEM32\profapi.dll
0x00007ffe5b9c0000 - 0x00007ffe5b9d9000 	C:\Users\Kriti Sharma\AppData\Local\Programs\Eclipse Adoptium\jdk-17.0.8.7-hotspot\bin\net.dll
0x00007ffe67bf0000 - 0x00007ffe67cfa000 	C:\Windows\SYSTEM32\WINHTTP.dll
0x00007ffe72d50000 - 0x00007ffe72dba000 	C:\Windows\system32\mswsock.dll
0x00007ffe4e230000 - 0x00007ffe4e245000 	C:\Users\Kriti Sharma\AppData\Local\Programs\Eclipse Adoptium\jdk-17.0.8.7-hotspot\bin\nio.dll
0x00007ffe4c360000 - 0x00007ffe4c378000 	C:\Users\Kriti Sharma\AppData\Local\Programs\Eclipse Adoptium\jdk-17.0.8.7-hotspot\bin\zip.dll
0x00007ffe5cdc0000 - 0x00007ffe5cdd0000 	C:\Users\Kriti Sharma\AppData\Local\Programs\Eclipse Adoptium\jdk-17.0.8.7-hotspot\bin\verify.dll
0x00007ffe61e90000 - 0x00007ffe61eb7000 	C:\Users\Kriti Sharma\.gradle\native\68d5fa5c4cc2d200863cafc0d521ce42e7d3e7ee720ec0a83991735586a16f82\windows-amd64\native-platform.dll
0x00007ffe41420000 - 0x00007ffe41564000 	C:\Users\Kriti Sharma\.gradle\native\e376f236ea51e6404a007f0833ffe2c6e607c4080706a723a18a27aeea778392\windows-amd64\native-platform-file-events.dll
0x00007ffe5c7f0000 - 0x00007ffe5c7f9000 	C:\Users\Kriti Sharma\AppData\Local\Programs\Eclipse Adoptium\jdk-17.0.8.7-hotspot\bin\management.dll
0x00007ffe5c6c0000 - 0x00007ffe5c6cb000 	C:\Users\Kriti Sharma\AppData\Local\Programs\Eclipse Adoptium\jdk-17.0.8.7-hotspot\bin\management_ext.dll
0x00007ffe75e80000 - 0x00007ffe75e88000 	C:\Windows\System32\PSAPI.DLL
0x00007ffe72f40000 - 0x00007ffe72f58000 	C:\Windows\SYSTEM32\CRYPTSP.dll
0x00007ffe725f0000 - 0x00007ffe72624000 	C:\Windows\system32\rsaenh.dll
0x00007ffe736e0000 - 0x00007ffe73707000 	C:\Windows\System32\bcrypt.dll
0x00007ffe734a0000 - 0x00007ffe734ce000 	C:\Windows\SYSTEM32\USERENV.dll
0x00007ffe72f60000 - 0x00007ffe72f6c000 	C:\Windows\SYSTEM32\CRYPTBASE.dll
0x00007ffe729f0000 - 0x00007ffe72a2b000 	C:\Windows\SYSTEM32\IPHLPAPI.DLL
0x00007ffe757c0000 - 0x00007ffe757c8000 	C:\Windows\System32\NSI.dll
0x00007ffe683a0000 - 0x00007ffe683b7000 	C:\Windows\SYSTEM32\dhcpcsvc6.DLL
0x00007ffe69a50000 - 0x00007ffe69a6d000 	C:\Windows\SYSTEM32\dhcpcsvc.DLL
0x00007ffe72a40000 - 0x00007ffe72b0a000 	C:\Windows\SYSTEM32\DNSAPI.dll
0x00007ffe5bb60000 - 0x00007ffe5bb6e000 	C:\Users\Kriti Sharma\AppData\Local\Programs\Eclipse Adoptium\jdk-17.0.8.7-hotspot\bin\sunmscapi.dll
0x00007ffe73710000 - 0x00007ffe7386e000 	C:\Windows\System32\CRYPT32.dll
0x00007ffe73060000 - 0x00007ffe73088000 	C:\Windows\SYSTEM32\ncrypt.dll
0x00007ffe73020000 - 0x00007ffe7305b000 	C:\Windows\SYSTEM32\NTASN1.dll
0x00007ffe631e0000 - 0x00007ffe631e7000 	C:\Windows\system32\wshunix.dll

dbghelp: loaded successfully - version: 4.0.5 - missing functions: none
symbol engine: initialized successfully - sym options: 0x614 - pdb path: .;C:\Users\Kriti Sharma\AppData\Local\Programs\Eclipse Adoptium\jdk-17.0.8.7-hotspot\bin;C:\Windows\SYSTEM32;C:\Windows\WinSxS\amd64_microsoft.windows.common-controls_6595b64144ccf1df_6.0.19041.1110_none_60b5254171f9507e;C:\Users\Kriti Sharma\AppData\Local\Programs\Eclipse Adoptium\jdk-17.0.8.7-hotspot\bin\server;C:\Users\Kriti Sharma\.gradle\native\68d5fa5c4cc2d200863cafc0d521ce42e7d3e7ee720ec0a83991735586a16f82\windows-amd64;C:\Users\Kriti Sharma\.gradle\native\e376f236ea51e6404a007f0833ffe2c6e607c4080706a723a18a27aeea778392\windows-amd64

VM Arguments:
jvm_args: -XX:MaxMetaspaceSize=512m --add-opens=java.base/java.util=ALL-UNNAMED --add-opens=java.base/java.lang=ALL-UNNAMED --add-opens=java.base/java.lang.invoke=ALL-UNNAMED --add-opens=java.prefs/java.util.prefs=ALL-UNNAMED --add-opens=java.base/java.nio.charset=ALL-UNNAMED --add-opens=java.base/java.net=ALL-UNNAMED --add-opens=java.base/java.util.concurrent.atomic=ALL-UNNAMED -Xmx2048m -Dfile.encoding=windows-1252 -Duser.country=IN -Duser.language=en -Duser.variant 
java_command: org.gradle.launcher.daemon.bootstrap.GradleDaemon 8.0.1
java_class_path (initial): C:\Users\Kriti Sharma\.gradle\wrapper\dists\gradle-8.0.1-all\aro4hu1c3oeioove7l0i4i14o\gradle-8.0.1\lib\gradle-launcher-8.0.1.jar
Launcher Type: SUN_STANDARD

[Global flags]
     intx CICompilerCount                          = 4                                         {product} {ergonomic}
   size_t CompressedClassSpaceSize                 = 436207616                                 {product} {ergonomic}
     uint ConcGCThreads                            = 2                                         {product} {ergonomic}
     uint G1ConcRefinementThreads                  = 8                                         {product} {ergonomic}
   size_t G1HeapRegionSize                         = 1048576                                   {product} {ergonomic}
    uintx GCDrainStackTargetSize                   = 64                                        {product} {ergonomic}
   size_t InitialHeapSize                          = 132120576                                 {product} {ergonomic}
   size_t MarkStackSize                            = 4194304                                   {product} {ergonomic}
   size_t MaxHeapSize                              = 2147483648                                {product} {command line}
   size_t MaxMetaspaceSize                         = 536870912                                 {product} {command line}
   size_t MaxNewSize                               = 1287651328                                {product} {ergonomic}
   size_t MinHeapDeltaBytes                        = 1048576                                   {product} {ergonomic}
   size_t MinHeapSize                              = 8388608                                   {product} {ergonomic}
    uintx NonNMethodCodeHeapSize                   = 5839372                                {pd product} {ergonomic}
    uintx NonProfiledCodeHeapSize                  = 122909434                              {pd product} {ergonomic}
    uintx ProfiledCodeHeapSize                     = 122909434                              {pd product} {ergonomic}
    uintx ReservedCodeCacheSize                    = 251658240                              {pd product} {ergonomic}
     bool SegmentedCodeCache                       = true                                      {product} {ergonomic}
   size_t SoftMaxHeapSize                          = 2147483648                             {manageable} {ergonomic}
     bool UseCompressedClassPointers               = true                           {product lp64_product} {ergonomic}
     bool UseCompressedOops                        = true                           {product lp64_product} {ergonomic}
     bool UseG1GC                                  = true                                      {product} {ergonomic}
     bool UseLargePagesIndividualAllocation        = false                                  {pd product} {ergonomic}

Logging:
Log output configuration:
 #0: stdout all=warning uptime,level,tags
 #1: stderr all=off uptime,level,tags

Environment Variables:
JAVA_HOME=C:\Users\Kriti Sharma\AppData\Local\Programs\Eclipse Adoptium\jdk-17.0.8.7-hotspot\
CLASSPATH=D:\ProjectNav\android\\gradle\wrapper\gradle-wrapper.jar
PATH=D:\ProjectNav\node_modules\.bin;D:\ProjectNav\node_modules\.bin;D:\node_modules\.bin;C:\Program Files\nodejs\node_modules\npm\node_modules\@npmcli\run-script\lib\node-gyp-bin;D:\ProjectNav\node_modules\.bin;D:\ProjectNav\node_modules\.bin;D:\node_modules\.bin;C:\Program Files\nodejs\node_modules\npm\node_modules\@npmcli\run-script\lib\node-gyp-bin;C:\Python311\Scripts\;C:\Python311\;C:\Windows\system32;C:\Windows;C:\Windows\System32\Wbem;C:\Windows\System32\WindowsPowerShell\v1.0\;C:\Windows\System32\OpenSSH\;C:\Program Files\Git\cmd;C:\ProgramData\chocolatey\bin;C:\Program Files\nodejs\;C:\Program Files\MySQL\MySQL Shell 8.0\bin\;C:\Users\Kriti Sharma\AppData\Local\Programs\Eclipse Adoptium\jdk-17.0.8.7-hotspot\bin;C:\Users\Kriti Sharma\AppData\Local\Microsoft\WindowsApps;C:\Users\Kriti Sharma\AppData\Local\Programs\Microsoft VS Code\bin;C:\Users\Kriti Sharma\AppData\Roaming\npm;C:\Users\Kriti Sharma\AppData\Local\Android\Sdk\platform-tools;C:\Users\Kriti Sharma\AppData\Local\Android\Sdk\emulator;C:\Users\Kriti Sharma\AppData\Local\Android\Sdk\tools;C:\Users\Kriti Sharma\AppData\Local\Android\Sdk\tools\bin;
USERNAME=Kriti Sharma
LANG=en_US.UTF-8
OS=Windows_NT
PROCESSOR_IDENTIFIER=Intel64 Family 6 Model 126 Stepping 5, GenuineIntel
TMP=C:\Users\KRITIS~1\AppData\Local\Temp
TEMP=C:\Users\KRITIS~1\AppData\Local\Temp



---------------  S Y S T E M  ---------------

OS:
 Windows 10 , 64 bit Build 19041 (10.0.19041.3155)
OS uptime: 3 days 21:37 hours

CPU: total 8 (initial active 8) (4 cores per cpu, 2 threads per core) family 6 model 126 stepping 5 microcode 0xb8, cx8, cmov, fxsr, ht, mmx, 3dnowpref, sse, sse2, sse3, ssse3, sse4.1, sse4.2, popcnt, lzcnt, tsc, tscinvbit, avx, avx2, aes, erms, clmul, bmi1, bmi2, adx, avx512f, avx512dq, avx512cd, avx512bw, avx512vl, sha, fma, vzeroupper, avx512_vpopcntdq, avx512_vpclmulqdq, avx512_vaes, avx512_vnni, clflush, clflushopt, avx512_vbmi2, avx512_vbmi
Processor Information for all 8 processors :
  Max Mhz: 1190, Current Mhz: 991, Mhz Limit: 987

Memory: 4k page, system-wide physical 7959M (529M free)
TotalPageFile size 13959M (AvailPageFile size 132M)
current process WorkingSet (physical memory assigned to process): 368M, peak: 370M
current process commit charge ("private bytes"): 411M, peak: 610M

vm_info: OpenJDK 64-Bit Server VM (17.0.8+7) for windows-amd64 JRE (17.0.8+7), built on Jul 18 2023 21:02:32 by "admin" with MS VC++ 16.7 (VS2019)

END.
