#
# There is insufficient memory for the Java Runtime Environment to continue.
# Native memory allocation (malloc) failed to allocate 845344 bytes for Chunk::new
# Possible reasons:
#   The system is out of physical RAM or swap space
#   The process is running with CompressedOops enabled, and the Java Heap may be blocking the growth of the native heap
# Possible solutions:
#   Reduce memory load on the system
#   Increase physical memory or swap space
#   Check if swap backing store is full
#   Decrease Java heap size (-Xmx/-Xms)
#   Decrease number of Java threads
#   Decrease Java thread stack sizes (-Xss)
#   Set larger code cache with -XX:ReservedCodeCacheSize=
#   JVM is running with Unscaled Compressed Oops mode in which the Java heap is
#     placed in the first 4GB address space. The Java Heap base address is the
#     maximum limit for the native heap growth. Please use -XX:HeapBaseMinAddress
#     to set the Java Heap base and to place the Java Heap above 4GB virtual address.
# This output file may be truncated or incomplete.
#
#  Out of Memory Error (arena.cpp:189), pid=5316, tid=3956
#
# JRE version: OpenJDK Runtime Environment Temurin-17.0.7+7 (17.0.7+7) (build 17.0.7+7)
# Java VM: OpenJDK 64-Bit Server VM Temurin-17.0.7+7 (17.0.7+7, mixed mode, tiered, compressed oops, compressed class ptrs, parallel gc, windows-amd64)
# No core dump will be written. Minidumps are not enabled by default on client versions of Windows
#

---------------  S U M M A R Y ------------

Command Line: --add-modules=ALL-SYSTEM --add-opens=java.base/java.util=ALL-UNNAMED --add-opens=java.base/java.lang=ALL-UNNAMED --add-opens=java.base/sun.nio.fs=ALL-UNNAMED -Declipse.application=org.eclipse.jdt.ls.core.id1 -Dosgi.bundles.defaultStartLevel=4 -Declipse.product=org.eclipse.jdt.ls.core.product -Djava.import.generatesMetadataFilesAtProjectRoot=false -Dfile.encoding=utf8 -XX:+UseParallelGC -XX:GCTimeRatio=4 -XX:AdaptiveSizePolicyWeight=90 -Dsun.zip.disableMemoryMapping=true -Xmx1G -Xms100m -Xlog:disable -javaagent:c:\Users\Kriti Sharma\.vscode\extensions\redhat.java-1.21.0-win32-x64\lombok\lombok-1.18.28.jar -XX:+HeapDumpOnOutOfMemoryError -XX:HeapDumpPath=c:\Users\Kriti Sharma\AppData\Roaming\Code\User\workspaceStorage\ffb5da50c8e053cae2f090bd663c88a5\redhat.java -Daether.dependencyCollector.impl=bf c:\Users\Kriti Sharma\.vscode\extensions\redhat.java-1.21.0-win32-x64\server\plugins\org.eclipse.equinox.launcher_1.6.500.v20230717-2134.jar -configuration c:\Users\Kriti Sharma\AppData\Roaming\Code\User\globalStorage\redhat.java\1.21.0\config_win -data c:\Users\Kriti Sharma\AppData\Roaming\Code\User\workspaceStorage\ffb5da50c8e053cae2f090bd663c88a5\redhat.java\jdt_ws

Host: Intel(R) Core(TM) i5-1035G1 CPU @ 1.00GHz, 8 cores, 7G,  Windows 10 , 64 bit Build 19041 (10.0.19041.3155)
Time: Wed Sep  6 18:11:40 2023 India Standard Time elapsed time: 9.192089 seconds (0d 0h 0m 9s)

---------------  T H R E A D  ---------------

Current thread (0x000001d9998d71b0):  JavaThread "C2 CompilerThread0" daemon [_thread_in_native, id=3956, stack(0x000000c213e00000,0x000000c213f00000)]


Current CompileTask:
C2:   9192 2946 %     4       java.io.WinNTFileSystem::normalize @ 22 (143 bytes)

Stack: [0x000000c213e00000,0x000000c213f00000]
Native frames: (J=compiled Java code, j=interpreted, Vv=VM code, C=native code)
V  [jvm.dll+0x67754a]
V  [jvm.dll+0x834304]
V  [jvm.dll+0x835aae]
V  [jvm.dll+0x836113]
V  [jvm.dll+0x24696f]
V  [jvm.dll+0xac0ac]
V  [jvm.dll+0xac67c]
V  [jvm.dll+0x364e37]
V  [jvm.dll+0x32f6b1]
V  [jvm.dll+0x32eb5a]
V  [jvm.dll+0x219641]
V  [jvm.dll+0x218a61]
V  [jvm.dll+0x1a4d8d]
V  [jvm.dll+0x2284da]
V  [jvm.dll+0x226615]
V  [jvm.dll+0x7ea90b]
V  [jvm.dll+0x7e4e7a]
V  [jvm.dll+0x676395]
C  [ucrtbase.dll+0x21bb2]
C  [KERNEL32.DLL+0x17614]
C  [ntdll.dll+0x526b1]


---------------  P R O C E S S  ---------------

Threads class SMR info:
_java_thread_list=0x000001d99b05a3c0, length=23, elements={
0x000001d9ffbc0980, 0x000001d9ffe8e130, 0x000001d9998a9a70, 0x000001d9998cf280,
0x000001d9998cfe30, 0x000001d9998d27f0, 0x000001d9998d31a0, 0x000001d9998d71b0,
0x000001d999939bf0, 0x000001d99993c8b0, 0x000001d999a4d3c0, 0x000001d999bc68b0,
0x000001d99a3a4540, 0x000001d99a950820, 0x000001d99a6a2b40, 0x000001d99a71be40,
0x000001d99a5e2e00, 0x000001d99abf2ec0, 0x000001d99ac3d180, 0x000001d99ac3b970,
0x000001d99ac3be40, 0x000001d99aefd330, 0x000001d99ac3c310
}

Java Threads: ( => current thread )
  0x000001d9ffbc0980 JavaThread "main" [_thread_blocked, id=7100, stack(0x000000c213500000,0x000000c213600000)]
  0x000001d9ffe8e130 JavaThread "Reference Handler" daemon [_thread_blocked, id=2216, stack(0x000000c213800000,0x000000c213900000)]
  0x000001d9998a9a70 JavaThread "Finalizer" daemon [_thread_blocked, id=3740, stack(0x000000c213900000,0x000000c213a00000)]
  0x000001d9998cf280 JavaThread "Signal Dispatcher" daemon [_thread_blocked, id=12040, stack(0x000000c213a00000,0x000000c213b00000)]
  0x000001d9998cfe30 JavaThread "Attach Listener" daemon [_thread_blocked, id=12276, stack(0x000000c213b00000,0x000000c213c00000)]
  0x000001d9998d27f0 JavaThread "Service Thread" daemon [_thread_blocked, id=10376, stack(0x000000c213c00000,0x000000c213d00000)]
  0x000001d9998d31a0 JavaThread "Monitor Deflation Thread" daemon [_thread_blocked, id=1468, stack(0x000000c213d00000,0x000000c213e00000)]
=>0x000001d9998d71b0 JavaThread "C2 CompilerThread0" daemon [_thread_in_native, id=3956, stack(0x000000c213e00000,0x000000c213f00000)]
  0x000001d999939bf0 JavaThread "C1 CompilerThread0" daemon [_thread_blocked, id=8744, stack(0x000000c213f00000,0x000000c214000000)]
  0x000001d99993c8b0 JavaThread "Sweeper thread" daemon [_thread_blocked, id=10840, stack(0x000000c214000000,0x000000c214100000)]
  0x000001d999a4d3c0 JavaThread "Common-Cleaner" daemon [_thread_blocked, id=8336, stack(0x000000c214100000,0x000000c214200000)]
  0x000001d999bc68b0 JavaThread "Notification Thread" daemon [_thread_blocked, id=8228, stack(0x000000c214200000,0x000000c214300000)]
  0x000001d99a3a4540 JavaThread "Active Thread: Equinox Container: 45e36ac3-11b8-4591-b870-0853731dd14c" [_thread_blocked, id=16008, stack(0x000000c214b00000,0x000000c214c00000)]
  0x000001d99a950820 JavaThread "Framework Event Dispatcher: Equinox Container: 45e36ac3-11b8-4591-b870-0853731dd14c" daemon [_thread_blocked, id=14436, stack(0x000000c214c00000,0x000000c214d00000)]
  0x000001d99a6a2b40 JavaThread "Start Level: Equinox Container: 45e36ac3-11b8-4591-b870-0853731dd14c" daemon [_thread_in_vm, id=8256, stack(0x000000c214d00000,0x000000c214e00000)]
  0x000001d99a71be40 JavaThread "SCR Component Actor" daemon [_thread_blocked, id=5648, stack(0x000000c214a00000,0x000000c214b00000)]
  0x000001d99a5e2e00 JavaThread "SCR Component Registry" daemon [_thread_blocked, id=1656, stack(0x000000c214f00000,0x000000c215000000)]
  0x000001d99abf2ec0 JavaThread "Worker-JM" [_thread_blocked, id=14148, stack(0x000000c215100000,0x000000c215200000)]
  0x000001d99ac3d180 JavaThread "Worker-0: Updating Maven Dependencies" [_thread_in_vm, id=1456, stack(0x000000c215000000,0x000000c215100000)]
  0x000001d99ac3b970 JavaThread "Worker-1: Repository registry initialization" [_thread_blocked, id=15332, stack(0x000000c215200000,0x000000c215300000)]
  0x000001d99ac3be40 JavaThread "Worker-2" [_thread_blocked, id=8984, stack(0x000000c215400000,0x000000c215500000)]
  0x000001d99aefd330 JavaThread "C2 CompilerThread1" daemon [_thread_in_native, id=9896, stack(0x000000c215300000,0x000000c215400000)]
  0x000001d99ac3c310 JavaThread "Java indexing" daemon [_thread_blocked, id=6088, stack(0x000000c215500000,0x000000c215600000)]

Other Threads:
  0x000001d9ffe885f0 VMThread "VM Thread" [stack: 0x000000c213700000,0x000000c213800000] [id=3420]
  0x000001d999dc8030 WatcherThread [stack: 0x000000c214300000,0x000000c214400000] [id=1044]
  0x000001d9ffbd6dc0 GCTaskThread "GC Thread#0" [stack: 0x000000c213600000,0x000000c213700000] [id=1460]
  0x000001d99a30d680 GCTaskThread "GC Thread#1" [stack: 0x000000c214400000,0x000000c214500000] [id=3116]
  0x000001d99a4a7ee0 GCTaskThread "GC Thread#2" [stack: 0x000000c214500000,0x000000c214600000] [id=16020]
  0x000001d99a4a8190 GCTaskThread "GC Thread#3" [stack: 0x000000c214600000,0x000000c214700000] [id=12412]
  0x000001d99a4a8440 GCTaskThread "GC Thread#4" [stack: 0x000000c214700000,0x000000c214800000] [id=4404]
  0x000001d99a4a86f0 GCTaskThread "GC Thread#5" [stack: 0x000000c214800000,0x000000c214900000] [id=9132]
  0x000001d99a30dd40 GCTaskThread "GC Thread#6" [stack: 0x000000c214900000,0x000000c214a00000] [id=2536]
  0x000001d99a8be070 GCTaskThread "GC Thread#7" [stack: 0x000000c214e00000,0x000000c214f00000] [id=9028]

Threads with active compile tasks:
C2 CompilerThread0     9229 2946 %     4       java.io.WinNTFileSystem::normalize @ 22 (143 bytes)
C2 CompilerThread1     9229 2977   !   4       java.util.zip.ZipFile::getEntry (59 bytes)

VM state: not at safepoint (normal execution)

VM Mutex/Monitor currently owned by a thread:  ([mutex/lock_event])
[0x000001d9fd9adaa0] Metaspace_lock - owner thread: 0x000001d99a6a2b40

Heap address: 0x00000000c0000000, size: 1024 MB, Compressed Oops mode: 32-bit

CDS archive(s) not mapped
Compressed class space mapped at: 0x0000000100000000-0x0000000140000000, reserved size: 1073741824
Narrow klass base: 0x0000000000000000, Narrow klass shift: 3, Narrow klass range: 0x140000000

GC Precious Log:
 CPUs: 8 total, 8 available
 Memory: 7959M
 Large Page Support: Disabled
 NUMA Support: Disabled
 Compressed Oops: Enabled (32-bit)
 Alignments: Space 512K, Generation 512K, Heap 2M
 Heap Min Capacity: 100M
 Heap Initial Capacity: 100M
 Heap Max Capacity: 1G
 Pre-touch: Disabled
 Parallel Workers: 8

Heap:
 PSYoungGen      total 28160K, used 6050K [0x00000000eab00000, 0x00000000eca00000, 0x0000000100000000)
  eden space 24576K, 10% used [0x00000000eab00000,0x00000000ead6b678,0x00000000ec300000)
  from space 3584K, 99% used [0x00000000ec300000,0x00000000ec67d398,0x00000000ec680000)
  to   space 3072K, 0% used [0x00000000ec700000,0x00000000ec700000,0x00000000eca00000)
 ParOldGen       total 68608K, used 8324K [0x00000000c0000000, 0x00000000c4300000, 0x00000000eab00000)
  object space 68608K, 12% used [0x00000000c0000000,0x00000000c0821248,0x00000000c4300000)
 Metaspace       used 30743K, committed 31296K, reserved 1114112K
  class space    used 3013K, committed 3264K, reserved 1048576K

Card table byte_map: [0x000001d9ff5a0000,0x000001d9ff7b0000] _byte_map_base: 0x000001d9fefa0000

Marking Bits: (ParMarkBitMap*) 0x00007ffa9a1952c0
 Begin Bits: [0x000001d991bc0000, 0x000001d992bc0000)
 End Bits:   [0x000001d992bc0000, 0x000001d993bc0000)

Polling page: 0x000001d9ff390000

Metaspace:

Usage:
  Non-class:     27.08 MB used.
      Class:      2.94 MB used.
       Both:     30.02 MB used.

Virtual space:
  Non-class space:       64.00 MB reserved,      27.38 MB ( 43%) committed,  1 nodes.
      Class space:        1.00 GB reserved,       3.19 MB ( <1%) committed,  1 nodes.
             Both:        1.06 GB reserved,      30.56 MB (  3%) committed. 

Chunk freelists:
   Non-Class:  4.61 MB
       Class:  12.81 MB
        Both:  17.42 MB

MaxMetaspaceSize: unlimited
CompressedClassSpaceSize: 1.00 GB
Initial GC threshold: 21.00 MB
Current GC threshold: 35.00 MB
CDS: off
MetaspaceReclaimPolicy: balanced
 - commit_granule_bytes: 65536.
 - commit_granule_words: 8192.
 - virtual_space_node_default_size: 8388608.
 - enlarge_chunks_in_place: 1.
 - new_chunks_are_fully_committed: 0.
 - uncommit_free_chunks: 1.
 - use_allocation_guard: 0.
 - handle_deallocations: 1.


Internal statistics:

num_allocs_failed_limit: 3.
num_arena_births: 310.
num_arena_deaths: 14.
num_vsnodes_births: 2.
num_vsnodes_deaths: 0.
num_space_committed: 489.
num_space_uncommitted: 0.
num_chunks_returned_to_freelist: 17.
num_chunks_taken_from_freelist: 1176.
num_chunk_merges: 7.
num_chunk_splits: 783.
num_chunks_enlarged: 541.
num_inconsistent_stats: 0.

CodeHeap 'non-profiled nmethods': size=120000Kb used=1188Kb max_used=1188Kb free=118811Kb
 bounds [0x000001d98a690000, 0x000001d98a900000, 0x000001d991bc0000]
CodeHeap 'profiled nmethods': size=120000Kb used=6087Kb max_used=6087Kb free=113912Kb
 bounds [0x000001d982bc0000, 0x000001d9831c0000, 0x000001d98a0f0000]
CodeHeap 'non-nmethods': size=5760Kb used=1262Kb max_used=1281Kb free=4497Kb
 bounds [0x000001d98a0f0000, 0x000001d98a360000, 0x000001d98a690000]
 total_blobs=3552 nmethods=2987 adapters=479
 compilation: enabled
              stopped_count=0, restarted_count=0
 full_count=0

Compilation events (20 events):
Event: 9.015 Thread 0x000001d99aefd330 nmethod 2951 0x000001d98a7b7890 code [0x000001d98a7b7a00, 0x000001d98a7b7bf8]
Event: 9.015 Thread 0x000001d999939bf0 nmethod 2973 0x000001d9831ab410 code [0x000001d9831ab5e0, 0x000001d9831ab928]
Event: 9.015 Thread 0x000001d99aefd330 2948       4       java.lang.String::getChars (54 bytes)
Event: 9.016 Thread 0x000001d999939bf0 2974       3       java.util.HashSet::remove (20 bytes)
Event: 9.017 Thread 0x000001d999939bf0 nmethod 2974 0x000001d9831abb10 code [0x000001d9831abcc0, 0x000001d9831abee8]
Event: 9.017 Thread 0x000001d999939bf0 2975       1       java.util.concurrent.atomic.AtomicReference::set (6 bytes)
Event: 9.017 Thread 0x000001d999939bf0 nmethod 2975 0x000001d98a7b7c90 code [0x000001d98a7b7e20, 0x000001d98a7b7ef8]
Event: 9.017 Thread 0x000001d999939bf0 2976       1       org.eclipse.core.internal.jobs.InternalJob::previous (5 bytes)
Event: 9.017 Thread 0x000001d999939bf0 nmethod 2976 0x000001d98a7b7f90 code [0x000001d98a7b8120, 0x000001d98a7b81f8]
Event: 9.019 Thread 0x000001d99aefd330 nmethod 2948 0x000001d98a7b8290 code [0x000001d98a7b8420, 0x000001d98a7b87d8]
Event: 9.019 Thread 0x000001d99aefd330 2928       4       org.eclipse.core.runtime.Path::segmentCount (6 bytes)
Event: 9.019 Thread 0x000001d99aefd330 nmethod 2928 0x000001d98a7b8a90 code [0x000001d98a7b8c00, 0x000001d98a7b8c98]
Event: 9.019 Thread 0x000001d99aefd330 2977   !   4       java.util.zip.ZipFile::getEntry (59 bytes)
Event: 9.071 Thread 0x000001d999939bf0 2979       3       org.eclipse.core.internal.registry.Handle::<init> (15 bytes)
Event: 9.073 Thread 0x000001d999939bf0 nmethod 2979 0x000001d9831abf90 code [0x000001d9831ac120, 0x000001d9831ac298]
Event: 9.073 Thread 0x000001d999939bf0 2980       3       org.eclipse.core.internal.registry.ConfigurationElementHandle::<init> (7 bytes)
Event: 9.073 Thread 0x000001d999939bf0 nmethod 2980 0x000001d9831ac390 code [0x000001d9831ac540, 0x000001d9831ac718]
Event: 9.075 Thread 0x000001d999939bf0 2981       3       java.util.concurrent.ConcurrentLinkedQueue::updateHead (26 bytes)
Event: 9.078 Thread 0x000001d999939bf0 nmethod 2981 0x000001d9831ac810 code [0x000001d9831acba0, 0x000001d9831ae378]
Event: 9.078 Thread 0x000001d999939bf0 2982       3       org.eclipse.osgi.internal.framework.FilterImpl::newInstance (13 bytes)

GC Heap History (16 events):
Event: 3.310 GC heap before
{Heap before GC invocations=1 (full 0):
 PSYoungGen      total 29696K, used 25600K [0x00000000eab00000, 0x00000000ecc00000, 0x0000000100000000)
  eden space 25600K, 100% used [0x00000000eab00000,0x00000000ec400000,0x00000000ec400000)
  from space 4096K, 0% used [0x00000000ec800000,0x00000000ec800000,0x00000000ecc00000)
  to   space 4096K, 0% used [0x00000000ec400000,0x00000000ec400000,0x00000000ec800000)
 ParOldGen       total 68608K, used 0K [0x00000000c0000000, 0x00000000c4300000, 0x00000000eab00000)
  object space 68608K, 0% used [0x00000000c0000000,0x00000000c0000000,0x00000000c4300000)
 Metaspace       used 11195K, committed 11392K, reserved 1114112K
  class space    used 1122K, committed 1216K, reserved 1048576K
}
Event: 3.382 GC heap after
{Heap after GC invocations=1 (full 0):
 PSYoungGen      total 29696K, used 3193K [0x00000000eab00000, 0x00000000ecc00000, 0x0000000100000000)
  eden space 25600K, 0% used [0x00000000eab00000,0x00000000eab00000,0x00000000ec400000)
  from space 4096K, 77% used [0x00000000ec400000,0x00000000ec71e4a0,0x00000000ec800000)
  to   space 4096K, 0% used [0x00000000ec800000,0x00000000ec800000,0x00000000ecc00000)
 ParOldGen       total 68608K, used 0K [0x00000000c0000000, 0x00000000c4300000, 0x00000000eab00000)
  object space 68608K, 0% used [0x00000000c0000000,0x00000000c0000000,0x00000000c4300000)
 Metaspace       used 11195K, committed 11392K, reserved 1114112K
  class space    used 1122K, committed 1216K, reserved 1048576K
}
Event: 4.916 GC heap before
{Heap before GC invocations=2 (full 0):
 PSYoungGen      total 29696K, used 28793K [0x00000000eab00000, 0x00000000ecc00000, 0x0000000100000000)
  eden space 25600K, 100% used [0x00000000eab00000,0x00000000ec400000,0x00000000ec400000)
  from space 4096K, 77% used [0x00000000ec400000,0x00000000ec71e4a0,0x00000000ec800000)
  to   space 4096K, 0% used [0x00000000ec800000,0x00000000ec800000,0x00000000ecc00000)
 ParOldGen       total 68608K, used 0K [0x00000000c0000000, 0x00000000c4300000, 0x00000000eab00000)
  object space 68608K, 0% used [0x00000000c0000000,0x00000000c0000000,0x00000000c4300000)
 Metaspace       used 15101K, committed 15360K, reserved 1114112K
  class space    used 1532K, committed 1664K, reserved 1048576K
}
Event: 4.927 GC heap after
{Heap after GC invocations=2 (full 0):
 PSYoungGen      total 29696K, used 4072K [0x00000000eab00000, 0x00000000ecc00000, 0x0000000100000000)
  eden space 25600K, 0% used [0x00000000eab00000,0x00000000eab00000,0x00000000ec400000)
  from space 4096K, 99% used [0x00000000ec800000,0x00000000ecbfa168,0x00000000ecc00000)
  to   space 4096K, 0% used [0x00000000ec400000,0x00000000ec400000,0x00000000ec800000)
 ParOldGen       total 68608K, used 1394K [0x00000000c0000000, 0x00000000c4300000, 0x00000000eab00000)
  object space 68608K, 2% used [0x00000000c0000000,0x00000000c015c840,0x00000000c4300000)
 Metaspace       used 15101K, committed 15360K, reserved 1114112K
  class space    used 1532K, committed 1664K, reserved 1048576K
}
Event: 6.503 GC heap before
{Heap before GC invocations=3 (full 0):
 PSYoungGen      total 29696K, used 29672K [0x00000000eab00000, 0x00000000ecc00000, 0x0000000100000000)
  eden space 25600K, 100% used [0x00000000eab00000,0x00000000ec400000,0x00000000ec400000)
  from space 4096K, 99% used [0x00000000ec800000,0x00000000ecbfa168,0x00000000ecc00000)
  to   space 4096K, 0% used [0x00000000ec400000,0x00000000ec400000,0x00000000ec800000)
 ParOldGen       total 68608K, used 1394K [0x00000000c0000000, 0x00000000c4300000, 0x00000000eab00000)
  object space 68608K, 2% used [0x00000000c0000000,0x00000000c015c840,0x00000000c4300000)
 Metaspace       used 19861K, committed 20288K, reserved 1114112K
  class space    used 2019K, committed 2176K, reserved 1048576K
}
Event: 6.509 GC heap after
{Heap after GC invocations=3 (full 0):
 PSYoungGen      total 29696K, used 4086K [0x00000000eab00000, 0x00000000ecc00000, 0x0000000100000000)
  eden space 25600K, 0% used [0x00000000eab00000,0x00000000eab00000,0x00000000ec400000)
  from space 4096K, 99% used [0x00000000ec400000,0x00000000ec7fd8e8,0x00000000ec800000)
  to   space 4096K, 0% used [0x00000000ec800000,0x00000000ec800000,0x00000000ecc00000)
 ParOldGen       total 68608K, used 3682K [0x00000000c0000000, 0x00000000c4300000, 0x00000000eab00000)
  object space 68608K, 5% used [0x00000000c0000000,0x00000000c03988f0,0x00000000c4300000)
 Metaspace       used 19861K, committed 20288K, reserved 1114112K
  class space    used 2019K, committed 2176K, reserved 1048576K
}
Event: 6.995 GC heap before
{Heap before GC invocations=4 (full 0):
 PSYoungGen      total 29696K, used 10957K [0x00000000eab00000, 0x00000000ecc00000, 0x0000000100000000)
  eden space 25600K, 26% used [0x00000000eab00000,0x00000000eb1b5f08,0x00000000ec400000)
  from space 4096K, 99% used [0x00000000ec400000,0x00000000ec7fd8e8,0x00000000ec800000)
  to   space 4096K, 0% used [0x00000000ec800000,0x00000000ec800000,0x00000000ecc00000)
 ParOldGen       total 68608K, used 3682K [0x00000000c0000000, 0x00000000c4300000, 0x00000000eab00000)
  object space 68608K, 5% used [0x00000000c0000000,0x00000000c03988f0,0x00000000c4300000)
 Metaspace       used 21011K, committed 21504K, reserved 1114112K
  class space    used 2139K, committed 2368K, reserved 1048576K
}
Event: 6.998 GC heap after
{Heap after GC invocations=4 (full 0):
 PSYoungGen      total 29696K, used 4064K [0x00000000eab00000, 0x00000000ecc00000, 0x0000000100000000)
  eden space 25600K, 0% used [0x00000000eab00000,0x00000000eab00000,0x00000000ec400000)
  from space 4096K, 99% used [0x00000000ec800000,0x00000000ecbf8240,0x00000000ecc00000)
  to   space 4096K, 0% used [0x00000000ec400000,0x00000000ec400000,0x00000000ec800000)
 ParOldGen       total 68608K, used 4020K [0x00000000c0000000, 0x00000000c4300000, 0x00000000eab00000)
  object space 68608K, 5% used [0x00000000c0000000,0x00000000c03ed090,0x00000000c4300000)
 Metaspace       used 21011K, committed 21504K, reserved 1114112K
  class space    used 2139K, committed 2368K, reserved 1048576K
}
Event: 6.999 GC heap before
{Heap before GC invocations=5 (full 1):
 PSYoungGen      total 29696K, used 4064K [0x00000000eab00000, 0x00000000ecc00000, 0x0000000100000000)
  eden space 25600K, 0% used [0x00000000eab00000,0x00000000eab00000,0x00000000ec400000)
  from space 4096K, 99% used [0x00000000ec800000,0x00000000ecbf8240,0x00000000ecc00000)
  to   space 4096K, 0% used [0x00000000ec400000,0x00000000ec400000,0x00000000ec800000)
 ParOldGen       total 68608K, used 4020K [0x00000000c0000000, 0x00000000c4300000, 0x00000000eab00000)
  object space 68608K, 5% used [0x00000000c0000000,0x00000000c03ed090,0x00000000c4300000)
 Metaspace       used 21011K, committed 21504K, reserved 1114112K
  class space    used 2139K, committed 2368K, reserved 1048576K
}
Event: 7.029 GC heap after
{Heap after GC invocations=5 (full 1):
 PSYoungGen      total 29696K, used 0K [0x00000000eab00000, 0x00000000ecc00000, 0x0000000100000000)
  eden space 25600K, 0% used [0x00000000eab00000,0x00000000eab00000,0x00000000ec400000)
  from space 4096K, 0% used [0x00000000ec800000,0x00000000ec800000,0x00000000ecc00000)
  to   space 4096K, 0% used [0x00000000ec400000,0x00000000ec400000,0x00000000ec800000)
 ParOldGen       total 68608K, used 7889K [0x00000000c0000000, 0x00000000c4300000, 0x00000000eab00000)
  object space 68608K, 11% used [0x00000000c0000000,0x00000000c07b4658,0x00000000c4300000)
 Metaspace       used 20998K, committed 21504K, reserved 1114112K
  class space    used 2136K, committed 2368K, reserved 1048576K
}
Event: 8.144 GC heap before
{Heap before GC invocations=6 (full 1):
 PSYoungGen      total 29696K, used 25600K [0x00000000eab00000, 0x00000000ecc00000, 0x0000000100000000)
  eden space 25600K, 100% used [0x00000000eab00000,0x00000000ec400000,0x00000000ec400000)
  from space 4096K, 0% used [0x00000000ec800000,0x00000000ec800000,0x00000000ecc00000)
  to   space 4096K, 0% used [0x00000000ec400000,0x00000000ec400000,0x00000000ec800000)
 ParOldGen       total 68608K, used 7889K [0x00000000c0000000, 0x00000000c4300000, 0x00000000eab00000)
  object space 68608K, 11% used [0x00000000c0000000,0x00000000c07b4658,0x00000000c4300000)
 Metaspace       used 24563K, committed 25152K, reserved 1114112K
  class space    used 2547K, committed 2816K, reserved 1048576K
}
Event: 8.147 GC heap after
{Heap after GC invocations=6 (full 1):
 PSYoungGen      total 28160K, used 2652K [0x00000000eab00000, 0x00000000eca80000, 0x0000000100000000)
  eden space 25088K, 0% used [0x00000000eab00000,0x00000000eab00000,0x00000000ec380000)
  from space 3072K, 86% used [0x00000000ec400000,0x00000000ec6973a8,0x00000000ec700000)
  to   space 3584K, 0% used [0x00000000ec700000,0x00000000ec700000,0x00000000eca80000)
 ParOldGen       total 68608K, used 7897K [0x00000000c0000000, 0x00000000c4300000, 0x00000000eab00000)
  object space 68608K, 11% used [0x00000000c0000000,0x00000000c07b6658,0x00000000c4300000)
 Metaspace       used 24563K, committed 25152K, reserved 1114112K
  class space    used 2547K, committed 2816K, reserved 1048576K
}
Event: 8.629 GC heap before
{Heap before GC invocations=7 (full 1):
 PSYoungGen      total 28160K, used 27740K [0x00000000eab00000, 0x00000000eca80000, 0x0000000100000000)
  eden space 25088K, 100% used [0x00000000eab00000,0x00000000ec380000,0x00000000ec380000)
  from space 3072K, 86% used [0x00000000ec400000,0x00000000ec6973a8,0x00000000ec700000)
  to   space 3584K, 0% used [0x00000000ec700000,0x00000000ec700000,0x00000000eca80000)
 ParOldGen       total 68608K, used 7897K [0x00000000c0000000, 0x00000000c4300000, 0x00000000eab00000)
  object space 68608K, 11% used [0x00000000c0000000,0x00000000c07b6658,0x00000000c4300000)
 Metaspace       used 27912K, committed 28480K, reserved 1114112K
  class space    used 2782K, committed 3008K, reserved 1048576K
}
Event: 8.631 GC heap after
{Heap after GC invocations=7 (full 1):
 PSYoungGen      total 27648K, used 3035K [0x00000000eab00000, 0x00000000eca00000, 0x0000000100000000)
  eden space 24576K, 0% used [0x00000000eab00000,0x00000000eab00000,0x00000000ec300000)
  from space 3072K, 98% used [0x00000000ec700000,0x00000000ec9f6d88,0x00000000eca00000)
  to   space 3584K, 0% used [0x00000000ec300000,0x00000000ec300000,0x00000000ec680000)
 ParOldGen       total 68608K, used 7905K [0x00000000c0000000, 0x00000000c4300000, 0x00000000eab00000)
  object space 68608K, 11% used [0x00000000c0000000,0x00000000c07b8658,0x00000000c4300000)
 Metaspace       used 27912K, committed 28480K, reserved 1114112K
  class space    used 2782K, committed 3008K, reserved 1048576K
}
Event: 9.026 GC heap before
{Heap before GC invocations=8 (full 1):
 PSYoungGen      total 27648K, used 27611K [0x00000000eab00000, 0x00000000eca00000, 0x0000000100000000)
  eden space 24576K, 100% used [0x00000000eab00000,0x00000000ec300000,0x00000000ec300000)
  from space 3072K, 98% used [0x00000000ec700000,0x00000000ec9f6d88,0x00000000eca00000)
  to   space 3584K, 0% used [0x00000000ec300000,0x00000000ec300000,0x00000000ec680000)
 ParOldGen       total 68608K, used 7905K [0x00000000c0000000, 0x00000000c4300000, 0x00000000eab00000)
  object space 68608K, 11% used [0x00000000c0000000,0x00000000c07b8658,0x00000000c4300000)
 Metaspace       used 30377K, committed 30848K, reserved 1114112K
  class space    used 2984K, committed 3200K, reserved 1048576K
}
Event: 9.029 GC heap after
{Heap after GC invocations=8 (full 1):
 PSYoungGen      total 28160K, used 3572K [0x00000000eab00000, 0x00000000eca00000, 0x0000000100000000)
  eden space 24576K, 0% used [0x00000000eab00000,0x00000000eab00000,0x00000000ec300000)
  from space 3584K, 99% used [0x00000000ec300000,0x00000000ec67d398,0x00000000ec680000)
  to   space 3072K, 0% used [0x00000000ec700000,0x00000000ec700000,0x00000000eca00000)
 ParOldGen       total 68608K, used 8324K [0x00000000c0000000, 0x00000000c4300000, 0x00000000eab00000)
  object space 68608K, 12% used [0x00000000c0000000,0x00000000c0821248,0x00000000c4300000)
 Metaspace       used 30377K, committed 30848K, reserved 1114112K
  class space    used 2984K, committed 3200K, reserved 1048576K
}

Dll operation events (9 events):
Event: 0.071 Loaded shared library c:\Users\Kriti Sharma\.vscode\extensions\redhat.java-1.21.0-win32-x64\jre\17.0.7-win32-x86_64\bin\java.dll
Event: 0.639 Loaded shared library c:\Users\Kriti Sharma\.vscode\extensions\redhat.java-1.21.0-win32-x64\jre\17.0.7-win32-x86_64\bin\zip.dll
Event: 0.644 Loaded shared library C:\Users\Kriti Sharma\.vscode\extensions\redhat.java-1.21.0-win32-x64\jre\17.0.7-win32-x86_64\bin\instrument.dll
Event: 0.755 Loaded shared library C:\Users\Kriti Sharma\.vscode\extensions\redhat.java-1.21.0-win32-x64\jre\17.0.7-win32-x86_64\bin\net.dll
Event: 0.759 Loaded shared library C:\Users\Kriti Sharma\.vscode\extensions\redhat.java-1.21.0-win32-x64\jre\17.0.7-win32-x86_64\bin\nio.dll
Event: 0.785 Loaded shared library C:\Users\Kriti Sharma\.vscode\extensions\redhat.java-1.21.0-win32-x64\jre\17.0.7-win32-x86_64\bin\zip.dll
Event: 0.893 Loaded shared library C:\Users\Kriti Sharma\.vscode\extensions\redhat.java-1.21.0-win32-x64\jre\17.0.7-win32-x86_64\bin\jimage.dll
Event: 1.111 Loaded shared library c:\Users\Kriti Sharma\.vscode\extensions\redhat.java-1.21.0-win32-x64\jre\17.0.7-win32-x86_64\bin\verify.dll
Event: 4.441 Loaded shared library C:\Users\Kriti Sharma\AppData\Roaming\Code\User\globalStorage\redhat.java\1.21.0\config_win\org.eclipse.equinox.launcher\org.eclipse.equinox.launcher.win32.win32.x86_64_1.2.700.v20221108-1024\eclipse_11801.dll

Deoptimization events (20 events):
Event: 8.406 Thread 0x000001d99a6a2b40 DEOPT PACKING pc=0x000001d983032b4e sp=0x000000c214df96c0
Event: 8.406 Thread 0x000001d99a6a2b40 DEOPT UNPACKING pc=0x000001d98a14a9e3 sp=0x000000c214df8bd0 mode 0
Event: 8.406 Thread 0x000001d99a6a2b40 DEOPT PACKING pc=0x000001d983032b4e sp=0x000000c214df96c0
Event: 8.406 Thread 0x000001d99a6a2b40 DEOPT UNPACKING pc=0x000001d98a14a9e3 sp=0x000000c214df8bd0 mode 0
Event: 8.883 Thread 0x000001d99a6a2b40 DEOPT PACKING pc=0x000001d9830f539e sp=0x000000c214df82d0
Event: 8.884 Thread 0x000001d99a6a2b40 DEOPT UNPACKING pc=0x000001d98a14a9e3 sp=0x000000c214df77c8 mode 0
Event: 8.885 Thread 0x000001d99a6a2b40 DEOPT PACKING pc=0x000001d9830f539e sp=0x000000c214df82d0
Event: 8.885 Thread 0x000001d99a6a2b40 DEOPT UNPACKING pc=0x000001d98a14a9e3 sp=0x000000c214df77c8 mode 0
Event: 8.886 Thread 0x000001d99a6a2b40 DEOPT PACKING pc=0x000001d9830f539e sp=0x000000c214df82d0
Event: 8.886 Thread 0x000001d99a6a2b40 DEOPT UNPACKING pc=0x000001d98a14a9e3 sp=0x000000c214df77c8 mode 0
Event: 8.929 Thread 0x000001d99a6a2b40 DEOPT PACKING pc=0x000001d9830f539e sp=0x000000c214df90c0
Event: 8.929 Thread 0x000001d99a6a2b40 DEOPT UNPACKING pc=0x000001d98a14a9e3 sp=0x000000c214df85b8 mode 0
Event: 8.933 Thread 0x000001d99a6a2b40 DEOPT PACKING pc=0x000001d9830f539e sp=0x000000c214df90c0
Event: 8.933 Thread 0x000001d99a6a2b40 DEOPT UNPACKING pc=0x000001d98a14a9e3 sp=0x000000c214df85b8 mode 0
Event: 8.933 Thread 0x000001d99a6a2b40 DEOPT PACKING pc=0x000001d9830e0a6f sp=0x000000c214df8e70
Event: 8.933 Thread 0x000001d99a6a2b40 DEOPT UNPACKING pc=0x000001d98a14a9e3 sp=0x000000c214df8380 mode 0
Event: 8.934 Thread 0x000001d99a6a2b40 DEOPT PACKING pc=0x000001d9830f539e sp=0x000000c214df90c0
Event: 8.934 Thread 0x000001d99a6a2b40 DEOPT UNPACKING pc=0x000001d98a14a9e3 sp=0x000000c214df85b8 mode 0
Event: 8.935 Thread 0x000001d99a6a2b40 DEOPT PACKING pc=0x000001d9830f539e sp=0x000000c214df90c0
Event: 8.935 Thread 0x000001d99a6a2b40 DEOPT UNPACKING pc=0x000001d98a14a9e3 sp=0x000000c214df85b8 mode 0

Classes unloaded (7 events):
Event: 7.003 Thread 0x000001d9ffe885f0 Unloading class 0x0000000100212000 'java/lang/invoke/LambdaForm$MH+0x0000000100212000'
Event: 7.003 Thread 0x000001d9ffe885f0 Unloading class 0x0000000100211c00 'java/lang/invoke/LambdaForm$MH+0x0000000100211c00'
Event: 7.003 Thread 0x000001d9ffe885f0 Unloading class 0x0000000100211800 'java/lang/invoke/LambdaForm$MH+0x0000000100211800'
Event: 7.003 Thread 0x000001d9ffe885f0 Unloading class 0x0000000100211400 'java/lang/invoke/LambdaForm$MH+0x0000000100211400'
Event: 7.003 Thread 0x000001d9ffe885f0 Unloading class 0x0000000100211000 'java/lang/invoke/LambdaForm$BMH+0x0000000100211000'
Event: 7.003 Thread 0x000001d9ffe885f0 Unloading class 0x0000000100210c00 'java/lang/invoke/LambdaForm$DMH+0x0000000100210c00'
Event: 7.003 Thread 0x000001d9ffe885f0 Unloading class 0x000000010020e000 'java/lang/invoke/LambdaForm$DMH+0x000000010020e000'

Classes redefined (0 events):
No events

Internal exceptions (20 events):
Event: 6.645 Thread 0x000001d99a6a2b40 Exception <a 'java/lang/NoSuchMethodError'{0x00000000ead68768}: 'java.lang.Object java.lang.invoke.DirectMethodHandle$Holder.newInvokeSpecial(java.lang.Object, java.lang.Object, java.lang.Object, java.lang.Object, java.lang.Object)'> (0x00000000ead68768) 
thrown [s\src\hotspot\share\interpreter\linkResolver.cpp, line 759]
Event: 6.940 Thread 0x000001d99a6a2b40 Exception <a 'java/lang/NoSuchMethodError'{0x00000000eb11f780}: 'java.lang.Object java.lang.invoke.DirectMethodHandle$Holder.invokeSpecial(java.lang.Object, java.lang.Object, java.lang.Object, long, java.lang.Object)'> (0x00000000eb11f780) 
thrown [s\src\hotspot\share\interpreter\linkResolver.cpp, line 759]
Event: 6.946 Thread 0x000001d99a6a2b40 Exception <a 'java/lang/NoSuchMethodError'{0x00000000eb127b78}: 'java.lang.Object java.lang.invoke.DirectMethodHandle$Holder.newInvokeSpecial(java.lang.Object, java.lang.Object, java.lang.Object, long)'> (0x00000000eb127b78) 
thrown [s\src\hotspot\share\interpreter\linkResolver.cpp, line 759]
Event: 6.947 Thread 0x000001d99a6a2b40 Exception <a 'java/lang/NoSuchMethodError'{0x00000000eb12c118}: 'java.lang.Object java.lang.invoke.DirectMethodHandle$Holder.invokeSpecial(java.lang.Object, java.lang.Object, java.lang.Object, java.lang.Object, long)'> (0x00000000eb12c118) 
thrown [s\src\hotspot\share\interpreter\linkResolver.cpp, line 759]
Event: 6.948 Thread 0x000001d99a6a2b40 Exception <a 'java/lang/NoSuchMethodError'{0x00000000eb12ff90}: 'java.lang.Object java.lang.invoke.Invokers$Holder.linkToTargetMethod(java.lang.Object, java.lang.Object, long, java.lang.Object)'> (0x00000000eb12ff90) 
thrown [s\src\hotspot\share\interpreter\linkResolver.cpp, line 759]
Event: 7.032 Thread 0x000001d99a6a2b40 Exception <a 'java/lang/NoSuchMethodError'{0x00000000eab6dcf0}: 'int java.lang.invoke.DirectMethodHandle$Holder.invokeStaticInit(java.lang.Object, java.lang.Object, java.lang.Object)'> (0x00000000eab6dcf0) 
thrown [s\src\hotspot\share\interpreter\linkResolver.cpp, line 759]
Event: 7.048 Thread 0x000001d99a6a2b40 Exception <a 'java/lang/IncompatibleClassChangeError'{0x00000000eabd5d20}: Found class java.lang.Object, but interface was expected> (0x00000000eabd5d20) 
thrown [s\src\hotspot\share\interpreter\linkResolver.cpp, line 826]
Event: 7.055 Thread 0x000001d99a6a2b40 Exception <a 'java/lang/NoSuchMethodError'{0x00000000eabea888}: 'java.lang.Object java.lang.invoke.DirectMethodHandle$Holder.invokeSpecial(java.lang.Object, java.lang.Object, java.lang.Object, int, java.lang.Object, java.lang.Object)'> (0x00000000eabea888) 
thrown [s\src\hotspot\share\interpreter\linkResolver.cpp, line 759]
Event: 7.056 Thread 0x000001d99a6a2b40 Exception <a 'java/lang/NoSuchMethodError'{0x00000000eabf3010}: 'java.lang.Object java.lang.invoke.DirectMethodHandle$Holder.newInvokeSpecial(java.lang.Object, java.lang.Object, java.lang.Object, int, java.lang.Object)'> (0x00000000eabf3010) 
thrown [s\src\hotspot\share\interpreter\linkResolver.cpp, line 759]
Event: 7.057 Thread 0x000001d99a6a2b40 Exception <a 'java/lang/NoSuchMethodError'{0x00000000eabf7468}: 'java.lang.Object java.lang.invoke.DirectMethodHandle$Holder.invokeSpecial(java.lang.Object, java.lang.Object, java.lang.Object, java.lang.Object, int, java.lang.Object)'> (0x00000000eabf7468) 
thrown [s\src\hotspot\share\interpreter\linkResolver.cpp, line 759]
Event: 7.061 Thread 0x000001d99ac3d180 Exception <a 'java/lang/NoSuchMethodError'{0x00000000eab4b6f0}: 'java.lang.Object java.lang.invoke.DirectMethodHandle$Holder.invokeSpecial(java.lang.Object, java.lang.Object, int, java.lang.Object, java.lang.Object)'> (0x00000000eab4b6f0) 
thrown [s\src\hotspot\share\interpreter\linkResolver.cpp, line 759]
Event: 7.062 Thread 0x000001d99ac3d180 Exception <a 'java/lang/NoSuchMethodError'{0x00000000eab52dc0}: 'java.lang.Object java.lang.invoke.DirectMethodHandle$Holder.newInvokeSpecial(java.lang.Object, java.lang.Object, int, java.lang.Object)'> (0x00000000eab52dc0) 
thrown [s\src\hotspot\share\interpreter\linkResolver.cpp, line 759]
Event: 7.063 Thread 0x000001d99ac3d180 Exception <a 'java/lang/NoSuchMethodError'{0x00000000eab568d0}: 'java.lang.Object java.lang.invoke.DirectMethodHandle$Holder.invokeSpecial(java.lang.Object, java.lang.Object, java.lang.Object, int, java.lang.Object)'> (0x00000000eab568d0) 
thrown [s\src\hotspot\share\interpreter\linkResolver.cpp, line 759]
Event: 7.767 Thread 0x000001d99a6a2b40 Exception <a 'java/io/FileNotFoundException'{0x00000000eb9988d8}> (0x00000000eb9988d8) 
thrown [s\src\hotspot\share\prims\jni.cpp, line 516]
Event: 8.005 Thread 0x000001d99a6a2b40 Exception <a 'java/lang/NoSuchMethodError'{0x00000000ebfcaa28}: 'void java.lang.invoke.DirectMethodHandle$Holder.invokeSpecial(java.lang.Object, java.lang.Object, java.lang.Object, int)'> (0x00000000ebfcaa28) 
thrown [s\src\hotspot\share\interpreter\linkResolver.cpp, line 759]
Event: 8.110 Thread 0x000001d99ac3d180 Exception <a 'java/io/FileNotFoundException'{0x00000000ec296b48}> (0x00000000ec296b48) 
thrown [s\src\hotspot\share\prims\jni.cpp, line 516]
Event: 8.925 Thread 0x000001d99a6a2b40 Exception <a 'java/lang/ClassNotFoundException'{0x00000000ebfef670}: com/sun/org/apache/xerces/internal/impl/msg/spi/DOMMessagesProvider> (0x00000000ebfef670) 
thrown [s\src\hotspot\share\classfile\systemDictionary.cpp, line 256]
Event: 8.930 Thread 0x000001d99a6a2b40 Exception <a 'java/lang/ClassNotFoundException'{0x00000000ec00b578}: com/sun/org/apache/xerces/internal/impl/msg/spi/XMLSerializerMessagesProvider> (0x00000000ec00b578) 
thrown [s\src\hotspot\share\classfile\systemDictionary.cpp, line 256]
Event: 8.932 Thread 0x000001d99a6a2b40 Exception <a 'java/lang/ClassNotFoundException'{0x00000000ec018850}: com/sun/org/apache/xerces/internal/impl/msg/spi/XMLMessagesProvider> (0x00000000ec018850) 
thrown [s\src\hotspot\share\classfile\systemDictionary.cpp, line 256]
Event: 9.010 Thread 0x000001d99a6a2b40 Exception <a 'java/lang/NoSuchMethodError'{0x00000000ec20b238}: 'void java.lang.invoke.DirectMethodHandle$Holder.invokeVirtual(java.lang.Object, java.lang.Object)'> (0x00000000ec20b238) 
thrown [s\src\hotspot\share\interpreter\linkResolver.cpp, line 759]

VM Operations (20 events):
Event: 6.261 Executing VM operation: HandshakeAllThreads
Event: 6.261 Executing VM operation: HandshakeAllThreads done
Event: 6.503 Executing VM operation: ParallelGCFailedAllocation
Event: 6.509 Executing VM operation: ParallelGCFailedAllocation done
Event: 6.981 Executing VM operation: CollectForMetadataAllocation
Event: 7.029 Executing VM operation: CollectForMetadataAllocation done
Event: 7.084 Executing VM operation: HandshakeAllThreads
Event: 7.084 Executing VM operation: HandshakeAllThreads done
Event: 7.504 Executing VM operation: HandshakeAllThreads
Event: 7.504 Executing VM operation: HandshakeAllThreads done
Event: 7.511 Executing VM operation: HandshakeAllThreads
Event: 7.511 Executing VM operation: HandshakeAllThreads done
Event: 7.617 Executing VM operation: HandshakeAllThreads
Event: 7.617 Executing VM operation: HandshakeAllThreads done
Event: 8.144 Executing VM operation: ParallelGCFailedAllocation
Event: 8.147 Executing VM operation: ParallelGCFailedAllocation done
Event: 8.629 Executing VM operation: ParallelGCFailedAllocation
Event: 8.632 Executing VM operation: ParallelGCFailedAllocation done
Event: 9.026 Executing VM operation: ParallelGCFailedAllocation
Event: 9.029 Executing VM operation: ParallelGCFailedAllocation done

Events (20 events):
Event: 8.936 loading class com/sun/org/apache/xerces/internal/impl/msg/XMLMessages_en
Event: 8.936 loading class com/sun/org/apache/xerces/internal/impl/msg/XMLMessages_en done
Event: 8.936 loading class com/sun/org/apache/xerces/internal/impl/msg/XMLMessages_en
Event: 8.936 loading class com/sun/org/apache/xerces/internal/impl/msg/XMLMessages_en done
Event: 8.936 loading class com/sun/org/apache/xerces/internal/impl/msg/XMLMessages_en_IN
Event: 8.936 loading class com/sun/org/apache/xerces/internal/impl/msg/XMLMessages_en_IN done
Event: 8.936 loading class com/sun/org/apache/xerces/internal/impl/msg/XMLMessages_en_IN
Event: 8.936 loading class com/sun/org/apache/xerces/internal/impl/msg/XMLMessages_en_IN done
Event: 8.986 Thread 0x000001d99aefd330 Thread added: 0x000001d99aefd330
Event: 9.011 Thread 0x000001d99ac3c310 Thread added: 0x000001d99ac3c310
Event: 9.012 loading class java/net/Authenticator
Event: 9.012 loading class java/net/Authenticator done
Event: 9.031 loading class java/net/SocketAddress
Event: 9.031 loading class java/net/SocketAddress done
Event: 9.031 loading class java/net/InetSocketAddress
Event: 9.031 loading class java/net/InetSocketAddress done
Event: 9.031 loading class java/nio/channels/AsynchronousByteChannel
Event: 9.031 loading class java/nio/channels/AsynchronousChannel
Event: 9.031 loading class java/nio/channels/AsynchronousChannel done
Event: 9.031 loading class java/nio/channels/AsynchronousByteChannel done


Dynamic libraries:
0x00007ff7f9060000 - 0x00007ff7f906e000 	c:\Users\Kriti Sharma\.vscode\extensions\redhat.java-1.21.0-win32-x64\jre\17.0.7-win32-x86_64\bin\java.exe
0x00007ffadb070000 - 0x00007ffadb268000 	C:\Windows\SYSTEM32\ntdll.dll
0x00007ffad9490000 - 0x00007ffad954f000 	C:\Windows\System32\KERNEL32.DLL
0x00007ffad8ad0000 - 0x00007ffad8dc6000 	C:\Windows\System32\KERNELBASE.dll
0x00007ffad8810000 - 0x00007ffad8910000 	C:\Windows\System32\ucrtbase.dll
0x00007ffac52d0000 - 0x00007ffac52e7000 	c:\Users\Kriti Sharma\.vscode\extensions\redhat.java-1.21.0-win32-x64\jre\17.0.7-win32-x86_64\bin\jli.dll
0x00007ffacd380000 - 0x00007ffacd399000 	c:\Users\Kriti Sharma\.vscode\extensions\redhat.java-1.21.0-win32-x64\jre\17.0.7-win32-x86_64\bin\VCRUNTIME140.dll
0x00007ffada280000 - 0x00007ffada41d000 	C:\Windows\System32\USER32.dll
0x00007ffad8e90000 - 0x00007ffad8eb2000 	C:\Windows\System32\win32u.dll
0x00007ffadaef0000 - 0x00007ffadaf1c000 	C:\Windows\System32\GDI32.dll
0x00007ffad89b0000 - 0x00007ffad8ac5000 	C:\Windows\System32\gdi32full.dll
0x00007ffad8910000 - 0x00007ffad89ad000 	C:\Windows\System32\msvcp_win.dll
0x00007ffac4ab0000 - 0x00007ffac4d4a000 	C:\Windows\WinSxS\amd64_microsoft.windows.common-controls_6595b64144ccf1df_6.0.19041.1110_none_60b5254171f9507e\COMCTL32.dll
0x00007ffad90d0000 - 0x00007ffad916e000 	C:\Windows\System32\msvcrt.dll
0x00007ffadb000000 - 0x00007ffadb030000 	C:\Windows\System32\IMM32.DLL
0x00007ffad37b0000 - 0x00007ffad37bc000 	c:\Users\Kriti Sharma\.vscode\extensions\redhat.java-1.21.0-win32-x64\jre\17.0.7-win32-x86_64\bin\vcruntime140_1.dll
0x00007ffab0330000 - 0x00007ffab03c1000 	c:\Users\Kriti Sharma\.vscode\extensions\redhat.java-1.21.0-win32-x64\jre\17.0.7-win32-x86_64\bin\msvcp140.dll
0x00007ffa99610000 - 0x00007ffa9a258000 	c:\Users\Kriti Sharma\.vscode\extensions\redhat.java-1.21.0-win32-x64\jre\17.0.7-win32-x86_64\bin\server\jvm.dll
0x00007ffad9380000 - 0x00007ffad942f000 	C:\Windows\System32\ADVAPI32.dll
0x00007ffad9210000 - 0x00007ffad92ac000 	C:\Windows\System32\sechost.dll
0x00007ffad9550000 - 0x00007ffad9676000 	C:\Windows\System32\RPCRT4.dll
0x00007ffac3650000 - 0x00007ffac3677000 	C:\Windows\SYSTEM32\WINMM.dll
0x00007ffacd2f0000 - 0x00007ffacd2f9000 	C:\Windows\SYSTEM32\WSOCK32.dll
0x00007ffad9690000 - 0x00007ffad96fb000 	C:\Windows\System32\WS2_32.dll
0x00007ffad2910000 - 0x00007ffad291a000 	C:\Windows\SYSTEM32\VERSION.dll
0x00007ffad6f80000 - 0x00007ffad6f92000 	C:\Windows\SYSTEM32\kernel.appcore.dll
0x00007ffacd100000 - 0x00007ffacd10a000 	c:\Users\Kriti Sharma\.vscode\extensions\redhat.java-1.21.0-win32-x64\jre\17.0.7-win32-x86_64\bin\jimage.dll
0x00007ffad64d0000 - 0x00007ffad66b4000 	C:\Windows\SYSTEM32\DBGHELP.DLL
0x00007ffac13e0000 - 0x00007ffac1414000 	C:\Windows\SYSTEM32\dbgcore.DLL
0x00007ffad8e00000 - 0x00007ffad8e82000 	C:\Windows\System32\bcryptPrimitives.dll
0x00007ffacd0c0000 - 0x00007ffacd0ce000 	c:\Users\Kriti Sharma\.vscode\extensions\redhat.java-1.21.0-win32-x64\jre\17.0.7-win32-x86_64\bin\instrument.dll
0x00007ffab67e0000 - 0x00007ffab6805000 	c:\Users\Kriti Sharma\.vscode\extensions\redhat.java-1.21.0-win32-x64\jre\17.0.7-win32-x86_64\bin\java.dll
0x00007ffac0fd0000 - 0x00007ffac0fe8000 	c:\Users\Kriti Sharma\.vscode\extensions\redhat.java-1.21.0-win32-x64\jre\17.0.7-win32-x86_64\bin\zip.dll
0x00007ffada690000 - 0x00007ffadadd4000 	C:\Windows\System32\SHELL32.dll
0x00007ffad67d0000 - 0x00007ffad6f63000 	C:\Windows\SYSTEM32\windows.storage.dll
0x00007ffad9f20000 - 0x00007ffada274000 	C:\Windows\System32\combase.dll
0x00007ffad8190000 - 0x00007ffad81be000 	C:\Windows\SYSTEM32\Wldp.dll
0x00007ffada550000 - 0x00007ffada5fd000 	C:\Windows\System32\SHCORE.dll
0x00007ffad9820000 - 0x00007ffad9875000 	C:\Windows\System32\shlwapi.dll
0x00007ffad8680000 - 0x00007ffad86a5000 	C:\Windows\SYSTEM32\profapi.dll
0x00007ffab6b50000 - 0x00007ffab6b69000 	C:\Users\Kriti Sharma\.vscode\extensions\redhat.java-1.21.0-win32-x64\jre\17.0.7-win32-x86_64\bin\net.dll
0x00007fface830000 - 0x00007fface93a000 	C:\Windows\SYSTEM32\WINHTTP.dll
0x00007ffad7ef0000 - 0x00007ffad7f5a000 	C:\Windows\system32\mswsock.dll
0x00007ffab6650000 - 0x00007ffab6665000 	C:\Users\Kriti Sharma\.vscode\extensions\redhat.java-1.21.0-win32-x64\jre\17.0.7-win32-x86_64\bin\nio.dll
0x00007ffac52a0000 - 0x00007ffac52b0000 	c:\Users\Kriti Sharma\.vscode\extensions\redhat.java-1.21.0-win32-x64\jre\17.0.7-win32-x86_64\bin\verify.dll
0x00007ffab4c80000 - 0x00007ffab4cbe000 	C:\Users\Kriti Sharma\AppData\Roaming\Code\User\globalStorage\redhat.java\1.21.0\config_win\org.eclipse.equinox.launcher\org.eclipse.equinox.launcher.win32.win32.x86_64_1.2.700.v20221108-1024\eclipse_11801.dll
0x00007ffada420000 - 0x00007ffada54a000 	C:\Windows\System32\ole32.dll

dbghelp: loaded successfully - version: 4.0.5 - missing functions: none
symbol engine: initialized successfully - sym options: 0x614 - pdb path: .;c:\Users\Kriti Sharma\.vscode\extensions\redhat.java-1.21.0-win32-x64\jre\17.0.7-win32-x86_64\bin;C:\Windows\SYSTEM32;C:\Windows\WinSxS\amd64_microsoft.windows.common-controls_6595b64144ccf1df_6.0.19041.1110_none_60b5254171f9507e;c:\Users\Kriti Sharma\.vscode\extensions\redhat.java-1.21.0-win32-x64\jre\17.0.7-win32-x86_64\bin\server;C:\Users\Kriti Sharma\AppData\Roaming\Code\User\globalStorage\redhat.java\1.21.0\config_win\org.eclipse.equinox.launcher\org.eclipse.equinox.launcher.win32.win32.x86_64_1.2.700.v20221108-1024

VM Arguments:
jvm_args: --add-modules=ALL-SYSTEM --add-opens=java.base/java.util=ALL-UNNAMED --add-opens=java.base/java.lang=ALL-UNNAMED --add-opens=java.base/sun.nio.fs=ALL-UNNAMED -Declipse.application=org.eclipse.jdt.ls.core.id1 -Dosgi.bundles.defaultStartLevel=4 -Declipse.product=org.eclipse.jdt.ls.core.product -Djava.import.generatesMetadataFilesAtProjectRoot=false -Dfile.encoding=utf8 -XX:+UseParallelGC -XX:GCTimeRatio=4 -XX:AdaptiveSizePolicyWeight=90 -Dsun.zip.disableMemoryMapping=true -Xmx1G -Xms100m -Xlog:disable -javaagent:c:\Users\Kriti Sharma\.vscode\extensions\redhat.java-1.21.0-win32-x64\lombok\lombok-1.18.28.jar -XX:+HeapDumpOnOutOfMemoryError -XX:HeapDumpPath=c:\Users\Kriti Sharma\AppData\Roaming\Code\User\workspaceStorage\ffb5da50c8e053cae2f090bd663c88a5\redhat.java -Daether.dependencyCollector.impl=bf 
java_command: c:\Users\Kriti Sharma\.vscode\extensions\redhat.java-1.21.0-win32-x64\server\plugins\org.eclipse.equinox.launcher_1.6.500.v20230717-2134.jar -configuration c:\Users\Kriti Sharma\AppData\Roaming\Code\User\globalStorage\redhat.java\1.21.0\config_win -data c:\Users\Kriti Sharma\AppData\Roaming\Code\User\workspaceStorage\ffb5da50c8e053cae2f090bd663c88a5\redhat.java\jdt_ws
java_class_path (initial): c:\Users\Kriti Sharma\.vscode\extensions\redhat.java-1.21.0-win32-x64\server\plugins\org.eclipse.equinox.launcher_1.6.500.v20230717-2134.jar
Launcher Type: SUN_STANDARD

[Global flags]
    uintx AdaptiveSizePolicyWeight                 = 90                                        {product} {command line}
     intx CICompilerCount                          = 4                                         {product} {ergonomic}
    uintx GCTimeRatio                              = 4                                         {product} {command line}
     bool HeapDumpOnOutOfMemoryError               = true                                   {manageable} {command line}
    ccstr HeapDumpPath                             = c:\Users\Kriti Sharma\AppData\Roaming\Code\User\workspaceStorage\ffb5da50c8e053cae2f090bd663c88a5\redhat.java         {manageable} {command line}
   size_t InitialHeapSize                          = 104857600                                 {product} {command line}
   size_t MaxHeapSize                              = 1073741824                                {product} {command line}
   size_t MaxNewSize                               = 357564416                                 {product} {ergonomic}
   size_t MinHeapDeltaBytes                        = 524288                                    {product} {ergonomic}
   size_t MinHeapSize                              = 104857600                                 {product} {command line}
   size_t NewSize                                  = 34603008                                  {product} {ergonomic}
    uintx NonNMethodCodeHeapSize                   = 5839372                                {pd product} {ergonomic}
    uintx NonProfiledCodeHeapSize                  = 122909434                              {pd product} {ergonomic}
   size_t OldSize                                  = 70254592                                  {product} {ergonomic}
    uintx ProfiledCodeHeapSize                     = 122909434                              {pd product} {ergonomic}
    uintx ReservedCodeCacheSize                    = 251658240                              {pd product} {ergonomic}
     bool SegmentedCodeCache                       = true                                      {product} {ergonomic}
   size_t SoftMaxHeapSize                          = 1073741824                             {manageable} {ergonomic}
     bool UseCompressedClassPointers               = true                           {product lp64_product} {ergonomic}
     bool UseCompressedOops                        = true                           {product lp64_product} {ergonomic}
     bool UseLargePagesIndividualAllocation        = false                                  {pd product} {ergonomic}
     bool UseParallelGC                            = true                                      {product} {command line}

Logging:
Log output configuration:
 #0: stdout all=off uptime,level,tags
 #1: stderr all=off uptime,level,tags

Environment Variables:
JAVA_HOME=C:\Users\Kriti Sharma\AppData\Local\Programs\Eclipse Adoptium\jdk-17.0.8.7-hotspot\
PATH=C:\Python311\Scripts\;C:\Python311\;C:\Windows\system32;C:\Windows;C:\Windows\System32\Wbem;C:\Windows\System32\WindowsPowerShell\v1.0\;C:\Windows\System32\OpenSSH\;C:\Program Files\Git\cmd;C:\ProgramData\chocolatey\bin;C:\Program Files\nodejs\;C:\Program Files\MySQL\MySQL Shell 8.0\bin\;C:\Users\Kriti Sharma\AppData\Local\Programs\Eclipse Adoptium\jdk-17.0.8.7-hotspot\bin;C:\Users\Kriti Sharma\AppData\Local\Microsoft\WindowsApps;C:\Users\Kriti Sharma\AppData\Local\Programs\Microsoft VS Code\bin;C:\Users\Kriti Sharma\AppData\Roaming\npm;C:\Users\Kriti Sharma\AppData\Local\Android\Sdk\platform-tools;C:\Users\Kriti Sharma\AppData\Local\Android\Sdk\emulator;C:\Users\Kriti Sharma\AppData\Local\Android\Sdk\tools;C:\Users\Kriti Sharma\AppData\Local\Android\Sdk\tools\bin;
USERNAME=Kriti Sharma
OS=Windows_NT
PROCESSOR_IDENTIFIER=Intel64 Family 6 Model 126 Stepping 5, GenuineIntel
TMP=C:\Users\KRITIS~1\AppData\Local\Temp
TEMP=C:\Users\KRITIS~1\AppData\Local\Temp



---------------  S Y S T E M  ---------------

OS:
 Windows 10 , 64 bit Build 19041 (10.0.19041.3155)
OS uptime: 0 days 20:02 hours

CPU: total 8 (initial active 8) (4 cores per cpu, 2 threads per core) family 6 model 126 stepping 5 microcode 0xbc, cx8, cmov, fxsr, ht, mmx, 3dnowpref, sse, sse2, sse3, ssse3, sse4.1, sse4.2, popcnt, lzcnt, tsc, tscinvbit, avx, avx2, aes, erms, clmul, bmi1, bmi2, adx, avx512f, avx512dq, avx512cd, avx512bw, avx512vl, sha, fma, vzeroupper, avx512_vpopcntdq, avx512_vpclmulqdq, avx512_vaes, avx512_vnni, clflush, clflushopt, avx512_vbmi2, avx512_vbmi

Memory: 4k page, system-wide physical 7959M (432M free)
TotalPageFile size 13959M (AvailPageFile size 22M)
current process WorkingSet (physical memory assigned to process): 128M, peak: 128M
current process commit charge ("private bytes"): 235M, peak: 236M

vm_info: OpenJDK 64-Bit Server VM (17.0.7+7) for windows-amd64 JRE (17.0.7+7), built on Apr 18 2023 22:10:42 by "temurin" with MS VC++ 16.7 (VS2019)

END.
