#
# There is insufficient memory for the Java Runtime Environment to continue.
# Native memory allocation (mmap) failed to map 30408704 bytes for G1 virtual space
# Possible reasons:
#   The system is out of physical RAM or swap space
#   The process is running with CompressedOops enabled, and the Java Heap may be blocking the growth of the native heap
# Possible solutions:
#   Reduce memory load on the system
#   Increase physical memory or swap space
#   Check if swap backing store is full
#   Decrease Java heap size (-Xmx/-Xms)
#   Decrease number of Java threads
#   Decrease Java thread stack sizes (-Xss)
#   Set larger code cache with -XX:ReservedCodeCacheSize=
#   JVM is running with Unscaled Compressed Oops mode in which the Java heap is
#     placed in the first 4GB address space. The Java Heap base address is the
#     maximum limit for the native heap growth. Please use -XX:HeapBaseMinAddress
#     to set the Java Heap base and to place the Java Heap above 4GB virtual address.
# This output file may be truncated or incomplete.
#
#  Out of Memory Error (os_windows.cpp:3617), pid=15772, tid=548
#
# JRE version: OpenJDK Runtime Environment Temurin-17.0.8+7 (17.0.8+7) (build 17.0.8+7)
# Java VM: OpenJDK 64-Bit Server VM Temurin-17.0.8+7 (17.0.8+7, mixed mode, sharing, tiered, compressed oops, compressed class ptrs, g1 gc, windows-amd64)
# No core dump will be written. Minidumps are not enabled by default on client versions of Windows
#

---------------  S U M M A R Y ------------

Command Line: -XX:MaxMetaspaceSize=512m --add-opens=java.base/java.util=ALL-UNNAMED --add-opens=java.base/java.lang=ALL-UNNAMED --add-opens=java.base/java.lang.invoke=ALL-UNNAMED --add-opens=java.prefs/java.util.prefs=ALL-UNNAMED --add-opens=java.base/java.nio.charset=ALL-UNNAMED --add-opens=java.base/java.net=ALL-UNNAMED --add-opens=java.base/java.util.concurrent.atomic=ALL-UNNAMED -Xmx2048m -Dfile.encoding=windows-1252 -Duser.country=IN -Duser.language=en -Duser.variant org.gradle.launcher.daemon.bootstrap.GradleDaemon 8.0.1

Host: Intel(R) Core(TM) i5-1035G1 CPU @ 1.00GHz, 8 cores, 7G,  Windows 10 , 64 bit Build 19041 (10.0.19041.3155)
Time: Wed Sep  6 16:26:39 2023 India Standard Time elapsed time: 15.087002 seconds (0d 0h 0m 15s)

---------------  T H R E A D  ---------------

Current thread (0x0000019eeac63a30):  VMThread "VM Thread" [stack: 0x0000008247d00000,0x0000008247e00000] [id=548]

Stack: [0x0000008247d00000,0x0000008247e00000]
Native frames: (J=compiled Java code, j=interpreted, Vv=VM code, C=native code)
V  [jvm.dll+0x678b0a]
V  [jvm.dll+0x835e84]
V  [jvm.dll+0x83762e]
V  [jvm.dll+0x837c93]
V  [jvm.dll+0x24746f]
V  [jvm.dll+0x675859]
V  [jvm.dll+0x66a0ea]
V  [jvm.dll+0x306c7b]
V  [jvm.dll+0x30e166]
V  [jvm.dll+0x35dd3e]
V  [jvm.dll+0x35df6f]
V  [jvm.dll+0x2ddb48]
V  [jvm.dll+0x2dbd0c]
V  [jvm.dll+0x2db2dc]
V  [jvm.dll+0x31f18b]
V  [jvm.dll+0x83c15b]
V  [jvm.dll+0x83ce94]
V  [jvm.dll+0x83d3ac]
V  [jvm.dll+0x83d784]
V  [jvm.dll+0x83d850]
V  [jvm.dll+0x7e64ca]
V  [jvm.dll+0x677955]
C  [ucrtbase.dll+0x21bb2]
C  [KERNEL32.DLL+0x17614]
C  [ntdll.dll+0x526b1]

VM_Operation (0x000000824d1f9f80): G1CollectForAllocation, mode: safepoint, requested by thread 0x0000019ef2a04aa0


---------------  P R O C E S S  ---------------

Threads class SMR info:
_java_thread_list=0x0000019ef27c9960, length=83, elements={
0x0000019ecaabdff0, 0x0000019eeac663e0, 0x0000019eeac67ec0, 0x0000019eeac7fca0,
0x0000019eeac82680, 0x0000019eeac84f60, 0x0000019eeac85830, 0x0000019eeac8f180,
0x0000019eeac98ab0, 0x0000019eeaca2fd0, 0x0000019eef224e70, 0x0000019eef226f90,
0x0000019ef0f47f30, 0x0000019ef12c7080, 0x0000019ef0ebf5c0, 0x0000019ef09686c0,
0x0000019ef0968ba0, 0x0000019ef04a0f80, 0x0000019ef04a4220, 0x0000019ef04a4730,
0x0000019ef04a3800, 0x0000019ef04a1490, 0x0000019ef04a28d0, 0x0000019ef04a19a0,
0x0000019ef04a1eb0, 0x0000019ef04a23c0, 0x0000019ef04a2de0, 0x0000019ef04a32f0,
0x0000019ef2a41410, 0x0000019ef2a46510, 0x0000019ef2a446b0, 0x0000019ef2a42850,
0x0000019ef2a41920, 0x0000019ef2a46f30, 0x0000019ef2a44bc0, 0x0000019ef2a41e30,
0x0000019ef2a404e0, 0x0000019ef2a409f0, 0x0000019ef2a42340, 0x0000019ef2a43780,
0x0000019ef2a45af0, 0x0000019ef2a42d60, 0x0000019ef2a46a20, 0x0000019ef2a43270,
0x0000019ef2a47440, 0x0000019ef2a43c90, 0x0000019ef2a47950, 0x0000019ef2a441a0,
0x0000019ef2a47e60, 0x0000019ef2a40f00, 0x0000019ef1a54810, 0x0000019ef1a524a0,
0x0000019ef1a54d20, 0x0000019ef1a57090, 0x0000019ef1a51f90, 0x0000019ef1a55c50,
0x0000019ef1a529b0, 0x0000019ef1a533d0, 0x0000019ef1a52ec0, 0x0000019ef1a57ab0,
0x0000019ef1a538e0, 0x0000019ef1a51060, 0x0000019ef1a56b80, 0x0000019ef1a575a0,
0x0000019ef1a584d0, 0x0000019ef1a57fc0, 0x0000019ef1a51a80, 0x0000019ef1a55230,
0x0000019ef1a589e0, 0x0000019ef1a55740, 0x0000019ef1a54300, 0x0000019ef1a56160,
0x0000019ef0055ae0, 0x0000019ef2a03b70, 0x0000019ef2a04fb0, 0x0000019ef2a04aa0,
0x0000019ef2a07320, 0x0000019ef2a02220, 0x0000019ef2a02730, 0x0000019ef2a054c0,
0x0000019ef2a059d0, 0x0000019ef2a05ee0, 0x0000019ef2a063f0
}

Java Threads: ( => current thread )
  0x0000019ecaabdff0 JavaThread "main" [_thread_blocked, id=11168, stack(0x0000008247700000,0x0000008247800000)]
  0x0000019eeac663e0 JavaThread "Reference Handler" daemon [_thread_blocked, id=12020, stack(0x0000008247e00000,0x0000008247f00000)]
  0x0000019eeac67ec0 JavaThread "Finalizer" daemon [_thread_blocked, id=8252, stack(0x0000008247f00000,0x0000008248000000)]
  0x0000019eeac7fca0 JavaThread "Signal Dispatcher" daemon [_thread_blocked, id=12532, stack(0x0000008248000000,0x0000008248100000)]
  0x0000019eeac82680 JavaThread "Attach Listener" daemon [_thread_blocked, id=11696, stack(0x0000008248100000,0x0000008248200000)]
  0x0000019eeac84f60 JavaThread "Service Thread" daemon [_thread_blocked, id=13824, stack(0x0000008248200000,0x0000008248300000)]
  0x0000019eeac85830 JavaThread "Monitor Deflation Thread" daemon [_thread_blocked, id=14908, stack(0x0000008248300000,0x0000008248400000)]
  0x0000019eeac8f180 JavaThread "C2 CompilerThread0" daemon [_thread_in_native, id=13800, stack(0x0000008248400000,0x0000008248500000)]
  0x0000019eeac98ab0 JavaThread "C1 CompilerThread0" daemon [_thread_blocked, id=12792, stack(0x0000008248500000,0x0000008248600000)]
  0x0000019eeaca2fd0 JavaThread "Sweeper thread" daemon [_thread_blocked, id=3596, stack(0x0000008248600000,0x0000008248700000)]
  0x0000019eef224e70 JavaThread "Common-Cleaner" daemon [_thread_blocked, id=10636, stack(0x0000008248700000,0x0000008248800000)]
  0x0000019eef226f90 JavaThread "Notification Thread" daemon [_thread_blocked, id=3540, stack(0x0000008248800000,0x0000008248900000)]
  0x0000019ef0f47f30 JavaThread "Daemon health stats" [_thread_blocked, id=14620, stack(0x0000008249000000,0x0000008249100000)]
  0x0000019ef12c7080 JavaThread "Incoming local TCP Connector on port 52283" [_thread_in_native, id=9808, stack(0x0000008249100000,0x0000008249200000)]
  0x0000019ef0ebf5c0 JavaThread "Daemon periodic checks" [_thread_blocked, id=5264, stack(0x0000008249200000,0x0000008249300000)]
  0x0000019ef09686c0 JavaThread "Daemon" [_thread_blocked, id=14376, stack(0x0000008249300000,0x0000008249400000)]
  0x0000019ef0968ba0 JavaThread "Handler for socket connection from /127.0.0.1:52283 to /127.0.0.1:52284" [_thread_in_native, id=5376, stack(0x0000008249400000,0x0000008249500000)]
  0x0000019ef04a0f80 JavaThread "Cancel handler" [_thread_blocked, id=236, stack(0x0000008249500000,0x0000008249600000)]
  0x0000019ef04a4220 JavaThread "Daemon worker" [_thread_blocked, id=1520, stack(0x0000008249600000,0x0000008249700000)]
  0x0000019ef04a4730 JavaThread "Asynchronous log dispatcher for DefaultDaemonConnection: socket connection from /127.0.0.1:52283 to /127.0.0.1:52284" [_thread_blocked, id=5348, stack(0x0000008249700000,0x0000008249800000)]
  0x0000019ef04a3800 JavaThread "Stdin handler" [_thread_blocked, id=10808, stack(0x0000008249800000,0x0000008249900000)]
  0x0000019ef04a1490 JavaThread "Daemon client event forwarder" [_thread_blocked, id=13408, stack(0x0000008249900000,0x0000008249a00000)]
  0x0000019ef04a28d0 JavaThread "Cache worker for journal cache (C:\Users\Kriti Sharma\.gradle\caches\journal-1)" [_thread_blocked, id=7440, stack(0x0000008249a00000,0x0000008249b00000)]
  0x0000019ef04a19a0 JavaThread "File lock request listener" [_thread_in_native, id=2216, stack(0x0000008249b00000,0x0000008249c00000)]
  0x0000019ef04a1eb0 JavaThread "Cache worker for file hash cache (C:\Users\Kriti Sharma\.gradle\caches\8.0.1\fileHashes)" [_thread_blocked, id=9076, stack(0x0000008249c00000,0x0000008249d00000)]
  0x0000019ef04a23c0 JavaThread "File lock release action executor" [_thread_blocked, id=13036, stack(0x0000008249d00000,0x0000008249e00000)]
  0x0000019ef04a2de0 JavaThread "File watcher server" daemon [_thread_in_native, id=12304, stack(0x000000824a100000,0x000000824a200000)]
  0x0000019ef04a32f0 JavaThread "File watcher consumer" daemon [_thread_blocked, id=15628, stack(0x000000824a200000,0x000000824a300000)]
  0x0000019ef2a41410 JavaThread "Cache worker for checksums cache (D:\Internship\react project\Calculator\android\.gradle\8.0.1\checksums)" [_thread_blocked, id=10756, stack(0x000000824a300000,0x000000824a400000)]
  0x0000019ef2a46510 JavaThread "Cache worker for cache directory md-rule (C:\Users\Kriti Sharma\.gradle\caches\8.0.1\md-rule)" [_thread_blocked, id=13072, stack(0x000000824a400000,0x000000824a500000)]
  0x0000019ef2a446b0 JavaThread "Cache worker for file content cache (C:\Users\Kriti Sharma\.gradle\caches\8.0.1\fileContent)" [_thread_blocked, id=12940, stack(0x000000824a500000,0x000000824a600000)]
  0x0000019ef2a42850 JavaThread "Cache worker for file hash cache (D:\Internship\react project\Calculator\android\.gradle\8.0.1\fileHashes)" [_thread_blocked, id=444, stack(0x000000824a600000,0x000000824a700000)]
  0x0000019ef2a41920 JavaThread "Cache worker for cache directory md-supplier (C:\Users\Kriti Sharma\.gradle\caches\8.0.1\md-supplier)" [_thread_blocked, id=9536, stack(0x000000824a800000,0x000000824a900000)]
  0x0000019ef2a46f30 JavaThread "Cache worker for execution history cache (C:\Users\Kriti Sharma\.gradle\caches\8.0.1\executionHistory)" [_thread_blocked, id=8748, stack(0x0000008248b00000,0x0000008248c00000)]
  0x0000019ef2a44bc0 JavaThread "jar transforms" [_thread_blocked, id=13264, stack(0x000000824aa00000,0x000000824ab00000)]
  0x0000019ef2a41e30 JavaThread "jar transforms Thread 2" [_thread_blocked, id=15260, stack(0x000000824ab00000,0x000000824ac00000)]
  0x0000019ef2a404e0 JavaThread "jar transforms Thread 3" [_thread_blocked, id=13488, stack(0x000000824ac00000,0x000000824ad00000)]
  0x0000019ef2a409f0 JavaThread "jar transforms Thread 4" [_thread_blocked, id=14900, stack(0x0000008248a00000,0x0000008248b00000)]
  0x0000019ef2a42340 JavaThread "Cache worker for kotlin-dsl (C:\Users\Kriti Sharma\.gradle\caches\8.0.1\kotlin-dsl)" [_thread_blocked, id=8756, stack(0x000000824ad00000,0x000000824ae00000)]
  0x0000019ef2a43780 JavaThread "jar transforms Thread 5" [_thread_blocked, id=4196, stack(0x000000824ae00000,0x000000824af00000)]
  0x0000019ef2a45af0 JavaThread "jar transforms Thread 6" [_thread_blocked, id=6340, stack(0x000000824af00000,0x000000824b000000)]
  0x0000019ef2a42d60 JavaThread "Cache worker for dependencies-accessors (D:\Internship\react project\Calculator\android\.gradle\8.0.1\dependencies-accessors)" [_thread_blocked, id=11116, stack(0x000000824b000000,0x000000824b100000)]
  0x0000019ef2a46a20 JavaThread "Cache worker for Build Output Cleanup Cache (D:\Internship\react project\Calculator\node_modules\@react-native\gradle-plugin\.gradle\buildOutputCleanup)" [_thread_blocked, id=2428, stack(0x000000824b100000,0x000000824b200000)]
  0x0000019ef2a43270 JavaThread "jar transforms Thread 7" [_thread_blocked, id=10624, stack(0x000000824b200000,0x000000824b300000)]
  0x0000019ef2a47440 JavaThread "Unconstrained build operations" [_thread_blocked, id=2944, stack(0x000000824b300000,0x000000824b400000)]
  0x0000019ef2a43c90 JavaThread "Unconstrained build operations Thread 2" [_thread_blocked, id=16020, stack(0x000000824b400000,0x000000824b500000)]
  0x0000019ef2a47950 JavaThread "Unconstrained build operations Thread 3" [_thread_blocked, id=15428, stack(0x000000824b500000,0x000000824b600000)]
  0x0000019ef2a441a0 JavaThread "Unconstrained build operations Thread 4" [_thread_blocked, id=15088, stack(0x000000824b600000,0x000000824b700000)]
  0x0000019ef2a47e60 JavaThread "Unconstrained build operations Thread 5" [_thread_blocked, id=8512, stack(0x000000824b700000,0x000000824b800000)]
  0x0000019ef2a40f00 JavaThread "Unconstrained build operations Thread 6" [_thread_blocked, id=10968, stack(0x000000824b800000,0x000000824b900000)]
  0x0000019ef1a54810 JavaThread "Unconstrained build operations Thread 7" [_thread_blocked, id=532, stack(0x000000824b900000,0x000000824ba00000)]
  0x0000019ef1a524a0 JavaThread "Unconstrained build operations Thread 8" [_thread_blocked, id=16040, stack(0x000000824ba00000,0x000000824bb00000)]
  0x0000019ef1a54d20 JavaThread "Unconstrained build operations Thread 9" [_thread_blocked, id=7128, stack(0x000000824bb00000,0x000000824bc00000)]
  0x0000019ef1a57090 JavaThread "Unconstrained build operations Thread 10" [_thread_blocked, id=756, stack(0x000000824bc00000,0x000000824bd00000)]
  0x0000019ef1a51f90 JavaThread "Unconstrained build operations Thread 11" [_thread_blocked, id=14680, stack(0x000000824bd00000,0x000000824be00000)]
  0x0000019ef1a55c50 JavaThread "Unconstrained build operations Thread 12" [_thread_blocked, id=6092, stack(0x000000824be00000,0x000000824bf00000)]
  0x0000019ef1a529b0 JavaThread "Unconstrained build operations Thread 13" [_thread_blocked, id=12948, stack(0x000000824bf00000,0x000000824c000000)]
  0x0000019ef1a533d0 JavaThread "Unconstrained build operations Thread 14" [_thread_blocked, id=2644, stack(0x000000824c000000,0x000000824c100000)]
  0x0000019ef1a52ec0 JavaThread "Unconstrained build operations Thread 15" [_thread_blocked, id=14360, stack(0x000000824c100000,0x000000824c200000)]
  0x0000019ef1a57ab0 JavaThread "Unconstrained build operations Thread 16" [_thread_blocked, id=9376, stack(0x000000824c200000,0x000000824c300000)]
  0x0000019ef1a538e0 JavaThread "Unconstrained build operations Thread 17" [_thread_blocked, id=5968, stack(0x000000824c300000,0x000000824c400000)]
  0x0000019ef1a51060 JavaThread "Unconstrained build operations Thread 18" [_thread_blocked, id=5464, stack(0x000000824c400000,0x000000824c500000)]
  0x0000019ef1a56b80 JavaThread "Unconstrained build operations Thread 19" [_thread_blocked, id=11296, stack(0x000000824c500000,0x000000824c600000)]
  0x0000019ef1a575a0 JavaThread "Unconstrained build operations Thread 20" [_thread_blocked, id=14500, stack(0x000000824c600000,0x000000824c700000)]
  0x0000019ef1a584d0 JavaThread "Unconstrained build operations Thread 21" [_thread_blocked, id=13476, stack(0x000000824c700000,0x000000824c800000)]
  0x0000019ef1a57fc0 JavaThread "Unconstrained build operations Thread 22" [_thread_blocked, id=3872, stack(0x000000824c800000,0x000000824c900000)]
  0x0000019ef1a51a80 JavaThread "Unconstrained build operations Thread 23" [_thread_blocked, id=7200, stack(0x000000824c900000,0x000000824ca00000)]
  0x0000019ef1a55230 JavaThread "Unconstrained build operations Thread 24" [_thread_blocked, id=1404, stack(0x000000824ca00000,0x000000824cb00000)]
  0x0000019ef1a589e0 JavaThread "Unconstrained build operations Thread 25" [_thread_blocked, id=3736, stack(0x000000824cb00000,0x000000824cc00000)]
  0x0000019ef1a55740 JavaThread "Unconstrained build operations Thread 26" [_thread_blocked, id=14512, stack(0x000000824cc00000,0x000000824cd00000)]
  0x0000019ef1a54300 JavaThread "jar transforms Thread 8" [_thread_blocked, id=608, stack(0x000000824cd00000,0x000000824ce00000)]
  0x0000019ef1a56160 JavaThread "Memory manager" [_thread_blocked, id=15844, stack(0x000000824ce00000,0x000000824cf00000)]
  0x0000019ef0055ae0 JavaThread "C2 CompilerThread1" daemon [_thread_blocked, id=12908, stack(0x000000824a900000,0x000000824aa00000)]
  0x0000019ef2a03b70 JavaThread "Cache worker for Build Output Cleanup Cache (D:\Internship\react project\Calculator\android\.gradle\buildOutputCleanup)" [_thread_blocked, id=7060, stack(0x000000824cf00000,0x000000824d000000)]
  0x0000019ef2a04fb0 JavaThread "included builds" [_thread_blocked, id=15340, stack(0x000000824d000000,0x000000824d100000)]
  0x0000019ef2a04aa0 JavaThread "Execution worker" [_thread_blocked, id=14472, stack(0x000000824d100000,0x000000824d200000)]
  0x0000019ef2a07320 JavaThread "Execution worker Thread 2" [_thread_blocked, id=4068, stack(0x000000824d200000,0x000000824d300000)]
  0x0000019ef2a02220 JavaThread "Execution worker Thread 3" [_thread_blocked, id=13188, stack(0x000000824d300000,0x000000824d400000)]
  0x0000019ef2a02730 JavaThread "Execution worker Thread 4" [_thread_blocked, id=7412, stack(0x000000824d400000,0x000000824d500000)]
  0x0000019ef2a054c0 JavaThread "Execution worker Thread 5" [_thread_blocked, id=14732, stack(0x000000824d500000,0x000000824d600000)]
  0x0000019ef2a059d0 JavaThread "Execution worker Thread 6" [_thread_blocked, id=14848, stack(0x000000824d600000,0x000000824d700000)]
  0x0000019ef2a05ee0 JavaThread "Execution worker Thread 7" [_thread_blocked, id=6124, stack(0x000000824d700000,0x000000824d800000)]
  0x0000019ef2a063f0 JavaThread "Cache worker for execution history cache (D:\Internship\react project\Calculator\node_modules\@react-native\gradle-plugin\.gradle\8.0.1\executionHistory)" [_thread_blocked, id=15748, stack(0x000000824d800000,0x000000824d900000)]

Other Threads:
=>0x0000019eeac63a30 VMThread "VM Thread" [stack: 0x0000008247d00000,0x0000008247e00000] [id=548]
  0x0000019eccba49e0 WatcherThread [stack: 0x0000008248900000,0x0000008248a00000] [id=14172]
  0x0000019eccb88bc0 GCTaskThread "GC Thread#0" [stack: 0x0000008247800000,0x0000008247900000] [id=7748]
  0x0000019ef0b31ea0 GCTaskThread "GC Thread#1" [stack: 0x0000008248c00000,0x0000008248d00000] [id=8296]
  0x0000019eefdace10 GCTaskThread "GC Thread#2" [stack: 0x0000008248d00000,0x0000008248e00000] [id=15944]
  0x0000019ef0235670 GCTaskThread "GC Thread#3" [stack: 0x0000008248e00000,0x0000008248f00000] [id=14152]
  0x0000019ef0866970 GCTaskThread "GC Thread#4" [stack: 0x0000008248f00000,0x0000008249000000] [id=16128]
  0x0000019ef1818370 GCTaskThread "GC Thread#5" [stack: 0x0000008249e00000,0x0000008249f00000] [id=4708]
  0x0000019ef18180b0 GCTaskThread "GC Thread#6" [stack: 0x0000008249f00000,0x000000824a000000] [id=9532]
  0x0000019ef1818630 GCTaskThread "GC Thread#7" [stack: 0x000000824a000000,0x000000824a100000] [id=3528]
  0x0000019eccb9aa30 ConcurrentGCThread "G1 Main Marker" [stack: 0x0000008247900000,0x0000008247a00000] [id=7708]
  0x0000019eccb9b350 ConcurrentGCThread "G1 Conc#0" [stack: 0x0000008247a00000,0x0000008247b00000] [id=3296]
  0x0000019ef18188f0 ConcurrentGCThread "G1 Conc#1" [stack: 0x000000824a700000,0x000000824a800000] [id=10484]
  0x0000019eeab25c80 ConcurrentGCThread "G1 Refine#0" [stack: 0x0000008247b00000,0x0000008247c00000] [id=13772]
  0x0000019eeab265c0 ConcurrentGCThread "G1 Service" [stack: 0x0000008247c00000,0x0000008247d00000] [id=15188]

Threads with active compile tasks:
C2 CompilerThread0    15120 7283       4       org.gradle.internal.instantiation.generator.AbstractClassGenerator::inspectType (560 bytes)
C2 CompilerThread1    15120 7415       4       sun.reflect.generics.parser.SignatureParser::parsePackageNameAndSimpleClassTypeSignature (119 bytes)

VM state: at safepoint (normal execution)

VM Mutex/Monitor currently owned by a thread:  ([mutex/lock_event])
[0x0000019ecaaba890] Threads_lock - owner thread: 0x0000019eeac63a30
[0x0000019ecaabab60] Heap_lock - owner thread: 0x0000019ef2a04aa0

Heap address: 0x0000000080000000, size: 2048 MB, Compressed Oops mode: 32-bit

CDS archive(s) mapped at: [0x0000019e80000000-0x0000019e80bd0000-0x0000019e80bd0000), size 12386304, SharedBaseAddress: 0x0000019e80000000, ArchiveRelocationMode: 1.
Compressed class space mapped at: 0x0000019e81000000-0x0000019e9b000000, reserved size: 436207616
Narrow klass base: 0x0000019e80000000, Narrow klass shift: 0, Narrow klass range: 0x100000000

GC Precious Log:
 CPUs: 8 total, 8 available
 Memory: 7959M
 Large Page Support: Disabled
 NUMA Support: Disabled
 Compressed Oops: Enabled (32-bit)
 Heap Region Size: 1M
 Heap Min Capacity: 8M
 Heap Initial Capacity: 126M
 Heap Max Capacity: 2G
 Pre-touch: Disabled
 Parallel Workers: 8
 Concurrent Workers: 2
 Concurrent Refinement Workers: 8
 Periodic GC: Disabled

Heap:
 garbage-first heap   total 99328K, used 56685K [0x0000000080000000, 0x0000000100000000)
  region size 1024K, 4 young (4096K), 4 survivors (4096K)
 Metaspace       used 59302K, committed 59904K, reserved 491520K
  class space    used 8303K, committed 8576K, reserved 425984K

Heap Regions: E=young(eden), S=young(survivor), O=old, HS=humongous(starts), HC=humongous(continues), CS=collection set, F=free, OA=open archive, CA=closed archive, TAMS=top-at-mark-start (previous, next)
|   0|0x0000000080000000, 0x0000000080100000, 0x0000000080100000|100%|HS|  |TAMS 0x0000000080100000, 0x0000000080100000| Complete 
|   1|0x0000000080100000, 0x0000000080200000, 0x0000000080200000|100%|HC|  |TAMS 0x0000000080200000, 0x0000000080200000| Complete 
|   2|0x0000000080200000, 0x0000000080300000, 0x0000000080300000|100%|HC|  |TAMS 0x0000000080300000, 0x0000000080300000| Complete 
|   3|0x0000000080300000, 0x0000000080400000, 0x0000000080400000|100%|HC|  |TAMS 0x0000000080400000, 0x0000000080400000| Complete 
|   4|0x0000000080400000, 0x0000000080500000, 0x0000000080500000|100%| O|  |TAMS 0x0000000080500000, 0x0000000080500000| Untracked 
|   5|0x0000000080500000, 0x0000000080600000, 0x0000000080600000|100%| O|  |TAMS 0x0000000080600000, 0x0000000080600000| Untracked 
|   6|0x0000000080600000, 0x0000000080700000, 0x0000000080700000|100%| O|  |TAMS 0x0000000080700000, 0x0000000080700000| Untracked 
|   7|0x0000000080700000, 0x0000000080800000, 0x0000000080800000|100%| O|  |TAMS 0x0000000080800000, 0x0000000080800000| Untracked 
|   8|0x0000000080800000, 0x0000000080900000, 0x0000000080900000|100%| O|  |TAMS 0x0000000080900000, 0x0000000080900000| Untracked 
|   9|0x0000000080900000, 0x0000000080a00000, 0x0000000080a00000|100%| O|  |TAMS 0x0000000080a00000, 0x0000000080a00000| Untracked 
|  10|0x0000000080a00000, 0x0000000080b00000, 0x0000000080b00000|100%| O|  |TAMS 0x0000000080b00000, 0x0000000080b00000| Untracked 
|  11|0x0000000080b00000, 0x0000000080c00000, 0x0000000080c00000|100%| O|  |TAMS 0x0000000080c00000, 0x0000000080c00000| Untracked 
|  12|0x0000000080c00000, 0x0000000080d00000, 0x0000000080d00000|100%| O|  |TAMS 0x0000000080d00000, 0x0000000080d00000| Untracked 
|  13|0x0000000080d00000, 0x0000000080e00000, 0x0000000080e00000|100%| O|  |TAMS 0x0000000080e00000, 0x0000000080e00000| Untracked 
|  14|0x0000000080e00000, 0x0000000080f00000, 0x0000000080f00000|100%| O|  |TAMS 0x0000000080f00000, 0x0000000080f00000| Untracked 
|  15|0x0000000080f00000, 0x0000000081000000, 0x0000000081000000|100%| O|  |TAMS 0x0000000081000000, 0x0000000081000000| Untracked 
|  16|0x0000000081000000, 0x0000000081100000, 0x0000000081100000|100%| O|  |TAMS 0x0000000081100000, 0x0000000081100000| Untracked 
|  17|0x0000000081100000, 0x0000000081200000, 0x0000000081200000|100%| O|  |TAMS 0x0000000081200000, 0x0000000081200000| Untracked 
|  18|0x0000000081200000, 0x0000000081300000, 0x0000000081300000|100%| O|  |TAMS 0x0000000081300000, 0x0000000081300000| Untracked 
|  19|0x0000000081300000, 0x0000000081400000, 0x0000000081400000|100%| O|  |TAMS 0x0000000081400000, 0x0000000081400000| Untracked 
|  20|0x0000000081400000, 0x0000000081500000, 0x0000000081500000|100%| O|  |TAMS 0x0000000081500000, 0x0000000081500000| Untracked 
|  21|0x0000000081500000, 0x0000000081600000, 0x0000000081600000|100%| O|  |TAMS 0x0000000081600000, 0x0000000081600000| Untracked 
|  22|0x0000000081600000, 0x0000000081700000, 0x0000000081700000|100%| O|  |TAMS 0x0000000081700000, 0x0000000081700000| Untracked 
|  23|0x0000000081700000, 0x0000000081800000, 0x0000000081800000|100%| O|  |TAMS 0x0000000081800000, 0x0000000081800000| Untracked 
|  24|0x0000000081800000, 0x0000000081900000, 0x0000000081900000|100%| O|  |TAMS 0x0000000081900000, 0x0000000081900000| Untracked 
|  25|0x0000000081900000, 0x0000000081a00000, 0x0000000081a00000|100%| O|  |TAMS 0x0000000081a00000, 0x0000000081a00000| Untracked 
|  26|0x0000000081a00000, 0x0000000081b00000, 0x0000000081b00000|100%| O|  |TAMS 0x0000000081b00000, 0x0000000081b00000| Untracked 
|  27|0x0000000081b00000, 0x0000000081c00000, 0x0000000081c00000|100%| O|  |TAMS 0x0000000081c00000, 0x0000000081c00000| Untracked 
|  28|0x0000000081c00000, 0x0000000081d00000, 0x0000000081d00000|100%| O|  |TAMS 0x0000000081d00000, 0x0000000081d00000| Untracked 
|  29|0x0000000081d00000, 0x0000000081e00000, 0x0000000081e00000|100%| O|  |TAMS 0x0000000081e00000, 0x0000000081e00000| Untracked 
|  30|0x0000000081e00000, 0x0000000081f00000, 0x0000000081f00000|100%|HS|  |TAMS 0x0000000081f00000, 0x0000000081f00000| Complete 
|  31|0x0000000081f00000, 0x0000000082000000, 0x0000000082000000|100%|HC|  |TAMS 0x0000000082000000, 0x0000000082000000| Complete 
|  32|0x0000000082000000, 0x0000000082100000, 0x0000000082100000|100%| O|  |TAMS 0x0000000082100000, 0x0000000082100000| Untracked 
|  33|0x0000000082100000, 0x0000000082200000, 0x0000000082200000|100%| O|  |TAMS 0x0000000082200000, 0x0000000082200000| Untracked 
|  34|0x0000000082200000, 0x0000000082300000, 0x0000000082300000|100%| O|  |TAMS 0x0000000082300000, 0x0000000082300000| Untracked 
|  35|0x0000000082300000, 0x0000000082400000, 0x0000000082400000|100%| O|  |TAMS 0x0000000082400000, 0x0000000082400000| Untracked 
|  36|0x0000000082400000, 0x0000000082500000, 0x0000000082500000|100%| O|  |TAMS 0x0000000082500000, 0x0000000082500000| Untracked 
|  37|0x0000000082500000, 0x0000000082600000, 0x0000000082600000|100%| O|  |TAMS 0x0000000082600000, 0x0000000082600000| Untracked 
|  38|0x0000000082600000, 0x0000000082700000, 0x0000000082700000|100%|HS|  |TAMS 0x0000000082700000, 0x0000000082700000| Complete 
|  39|0x0000000082700000, 0x0000000082800000, 0x0000000082800000|100%|HC|  |TAMS 0x0000000082800000, 0x0000000082800000| Complete 
|  40|0x0000000082800000, 0x0000000082900000, 0x0000000082900000|100%|HC|  |TAMS 0x0000000082900000, 0x0000000082900000| Complete 
|  41|0x0000000082900000, 0x0000000082a00000, 0x0000000082a00000|100%|HC|  |TAMS 0x0000000082a00000, 0x0000000082a00000| Complete 
|  42|0x0000000082a00000, 0x0000000082b00000, 0x0000000082b00000|100%| O|  |TAMS 0x0000000082b00000, 0x0000000082b00000| Untracked 
|  43|0x0000000082b00000, 0x0000000082c00000, 0x0000000082c00000|100%| O|  |TAMS 0x0000000082c00000, 0x0000000082c00000| Untracked 
|  44|0x0000000082c00000, 0x0000000082d00000, 0x0000000082d00000|100%| O|  |TAMS 0x0000000082d00000, 0x0000000082d00000| Untracked 
|  45|0x0000000082d00000, 0x0000000082e00000, 0x0000000082e00000|100%| O|  |TAMS 0x0000000082e00000, 0x0000000082e00000| Untracked 
|  46|0x0000000082e00000, 0x0000000082f00000, 0x0000000082f00000|100%| O|  |TAMS 0x0000000082f00000, 0x0000000082f00000| Untracked 
|  47|0x0000000082f00000, 0x0000000083000000, 0x0000000083000000|100%| O|  |TAMS 0x0000000082f24c00, 0x0000000083000000| Untracked 
|  48|0x0000000083000000, 0x0000000083100000, 0x0000000083100000|100%| O|  |TAMS 0x0000000083000000, 0x0000000083100000| Untracked 
|  49|0x0000000083100000, 0x0000000083200000, 0x0000000083200000|100%| O|  |TAMS 0x0000000083100000, 0x00000000831f3400| Untracked 
|  50|0x0000000083200000, 0x0000000083300000, 0x0000000083300000|100%| O|  |TAMS 0x0000000083200000, 0x0000000083200000| Untracked 
|  51|0x0000000083300000, 0x000000008335ce00, 0x0000000083400000| 36%| O|  |TAMS 0x0000000083300000, 0x0000000083300000| Untracked 
|  52|0x0000000083400000, 0x0000000083400000, 0x0000000083500000|  0%| F|  |TAMS 0x0000000083400000, 0x0000000083400000| Untracked 
|  53|0x0000000083500000, 0x0000000083500000, 0x0000000083600000|  0%| F|  |TAMS 0x0000000083500000, 0x0000000083500000| Untracked 
|  54|0x0000000083600000, 0x0000000083600000, 0x0000000083700000|  0%| F|  |TAMS 0x0000000083600000, 0x0000000083600000| Untracked 
|  55|0x0000000083700000, 0x0000000083700000, 0x0000000083800000|  0%| F|  |TAMS 0x0000000083700000, 0x0000000083700000| Untracked 
|  56|0x0000000083800000, 0x0000000083800000, 0x0000000083900000|  0%| F|  |TAMS 0x0000000083800000, 0x0000000083800000| Untracked 
|  57|0x0000000083900000, 0x0000000083900000, 0x0000000083a00000|  0%| F|  |TAMS 0x0000000083900000, 0x0000000083900000| Untracked 
|  58|0x0000000083a00000, 0x0000000083a00000, 0x0000000083b00000|  0%| F|  |TAMS 0x0000000083a00000, 0x0000000083a00000| Untracked 
|  59|0x0000000083b00000, 0x0000000083b00000, 0x0000000083c00000|  0%| F|  |TAMS 0x0000000083b00000, 0x0000000083b00000| Untracked 
|  60|0x0000000083c00000, 0x0000000083c00000, 0x0000000083d00000|  0%| F|  |TAMS 0x0000000083c00000, 0x0000000083c00000| Untracked 
|  61|0x0000000083d00000, 0x0000000083dfe6f8, 0x0000000083e00000| 99%| S|CS|TAMS 0x0000000083d00000, 0x0000000083d00000| Complete 
|  62|0x0000000083e00000, 0x0000000083f00000, 0x0000000083f00000|100%| S|CS|TAMS 0x0000000083e00000, 0x0000000083e00000| Complete 
|  63|0x0000000083f00000, 0x0000000084000000, 0x0000000084000000|100%| S|CS|TAMS 0x0000000083f00000, 0x0000000083f00000| Complete 
|  64|0x0000000084000000, 0x0000000084100000, 0x0000000084100000|100%| S|CS|TAMS 0x0000000084000000, 0x0000000084000000| Complete 
|  65|0x0000000084100000, 0x0000000084100000, 0x0000000084200000|  0%| F|  |TAMS 0x0000000084100000, 0x0000000084100000| Untracked 
|  66|0x0000000084200000, 0x0000000084200000, 0x0000000084300000|  0%| F|  |TAMS 0x0000000084200000, 0x0000000084200000| Untracked 
|  67|0x0000000084300000, 0x0000000084300000, 0x0000000084400000|  0%| F|  |TAMS 0x0000000084300000, 0x0000000084300000| Untracked 
|  68|0x0000000084400000, 0x0000000084400000, 0x0000000084500000|  0%| F|  |TAMS 0x0000000084400000, 0x0000000084400000| Untracked 
|  69|0x0000000084500000, 0x0000000084500000, 0x0000000084600000|  0%| F|  |TAMS 0x0000000084500000, 0x0000000084500000| Untracked 
|  70|0x0000000084600000, 0x0000000084600000, 0x0000000084700000|  0%| F|  |TAMS 0x0000000084600000, 0x0000000084600000| Untracked 
|  71|0x0000000084700000, 0x0000000084700000, 0x0000000084800000|  0%| F|  |TAMS 0x0000000084700000, 0x0000000084700000| Untracked 
|  72|0x0000000084800000, 0x0000000084800000, 0x0000000084900000|  0%| F|  |TAMS 0x0000000084800000, 0x0000000084800000| Untracked 
|  73|0x0000000084900000, 0x0000000084900000, 0x0000000084a00000|  0%| F|  |TAMS 0x0000000084900000, 0x0000000084900000| Untracked 
|  74|0x0000000084a00000, 0x0000000084a00000, 0x0000000084b00000|  0%| F|  |TAMS 0x0000000084a00000, 0x0000000084a00000| Untracked 
|  75|0x0000000084b00000, 0x0000000084b00000, 0x0000000084c00000|  0%| F|  |TAMS 0x0000000084b00000, 0x0000000084b00000| Untracked 
|  76|0x0000000084c00000, 0x0000000084c00000, 0x0000000084d00000|  0%| F|  |TAMS 0x0000000084c00000, 0x0000000084c00000| Untracked 
|  77|0x0000000084d00000, 0x0000000084d00000, 0x0000000084e00000|  0%| F|  |TAMS 0x0000000084d00000, 0x0000000084d00000| Untracked 
|  78|0x0000000084e00000, 0x0000000084e00000, 0x0000000084f00000|  0%| F|  |TAMS 0x0000000084e00000, 0x0000000084e00000| Untracked 
|  79|0x0000000084f00000, 0x0000000084f00000, 0x0000000085000000|  0%| F|  |TAMS 0x0000000084f00000, 0x0000000084f00000| Untracked 
|  80|0x0000000085000000, 0x0000000085000000, 0x0000000085100000|  0%| F|  |TAMS 0x0000000085000000, 0x0000000085000000| Untracked 
|  81|0x0000000085100000, 0x0000000085100000, 0x0000000085200000|  0%| F|  |TAMS 0x0000000085100000, 0x0000000085100000| Untracked 
|  82|0x0000000085200000, 0x0000000085200000, 0x0000000085300000|  0%| F|  |TAMS 0x0000000085200000, 0x0000000085200000| Untracked 
|  83|0x0000000085300000, 0x0000000085300000, 0x0000000085400000|  0%| F|  |TAMS 0x0000000085300000, 0x0000000085300000| Untracked 
|  84|0x0000000085400000, 0x0000000085400000, 0x0000000085500000|  0%| F|  |TAMS 0x0000000085400000, 0x0000000085400000| Untracked 
|  85|0x0000000085500000, 0x0000000085500000, 0x0000000085600000|  0%| F|  |TAMS 0x0000000085500000, 0x0000000085500000| Untracked 
|  86|0x0000000085600000, 0x0000000085600000, 0x0000000085700000|  0%| F|  |TAMS 0x0000000085600000, 0x0000000085600000| Untracked 
|  87|0x0000000085700000, 0x0000000085700000, 0x0000000085800000|  0%| F|  |TAMS 0x0000000085700000, 0x0000000085700000| Untracked 
|  88|0x0000000085800000, 0x0000000085800000, 0x0000000085900000|  0%| F|  |TAMS 0x0000000085800000, 0x0000000085800000| Untracked 
|  89|0x0000000085900000, 0x0000000085900000, 0x0000000085a00000|  0%| F|  |TAMS 0x0000000085900000, 0x0000000085900000| Untracked 
|  90|0x0000000085a00000, 0x0000000085a00000, 0x0000000085b00000|  0%| F|  |TAMS 0x0000000085a00000, 0x0000000085a00000| Untracked 
|  91|0x0000000085b00000, 0x0000000085b00000, 0x0000000085c00000|  0%| F|  |TAMS 0x0000000085b00000, 0x0000000085b00000| Untracked 
|  92|0x0000000085c00000, 0x0000000085c00000, 0x0000000085d00000|  0%| F|  |TAMS 0x0000000085c00000, 0x0000000085c00000| Untracked 
|  93|0x0000000085d00000, 0x0000000085d00000, 0x0000000085e00000|  0%| F|  |TAMS 0x0000000085d00000, 0x0000000085d00000| Untracked 
|  94|0x0000000085e00000, 0x0000000085e00000, 0x0000000085f00000|  0%| F|  |TAMS 0x0000000085e00000, 0x0000000085e00000| Untracked 
|  95|0x0000000085f00000, 0x0000000085f00000, 0x0000000086000000|  0%| F|  |TAMS 0x0000000085f00000, 0x0000000085f00000| Untracked 
| 125|0x0000000087d00000, 0x0000000087d00000, 0x0000000087e00000|  0%| F|  |TAMS 0x0000000087d00000, 0x0000000087d00000| Untracked 

Card table byte_map: [0x0000019ee3d50000,0x0000019ee4150000] _byte_map_base: 0x0000019ee3950000

Marking Bits (Prev, Next): (CMBitMap*) 0x0000019eccb8a100, (CMBitMap*) 0x0000019eccb8a140
 Prev Bits: [0x0000019ee4550000, 0x0000019ee6550000)
 Next Bits: [0x0000019ee6550000, 0x0000019ee8550000)

Polling page: 0x0000019ecc2f0000

Metaspace:

Usage:
  Non-class:     49.80 MB used.
      Class:      8.11 MB used.
       Both:     57.91 MB used.

Virtual space:
  Non-class space:       64.00 MB reserved,      50.12 MB ( 78%) committed,  1 nodes.
      Class space:      416.00 MB reserved,       8.38 MB (  2%) committed,  1 nodes.
             Both:      480.00 MB reserved,      58.50 MB ( 12%) committed. 

Chunk freelists:
   Non-Class:  13.76 MB
       Class:  7.47 MB
        Both:  21.23 MB

MaxMetaspaceSize: 512.00 MB
CompressedClassSpaceSize: 416.00 MB
Initial GC threshold: 21.00 MB
Current GC threshold: 92.50 MB
CDS: on
MetaspaceReclaimPolicy: balanced
 - commit_granule_bytes: 65536.
 - commit_granule_words: 8192.
 - virtual_space_node_default_size: 8388608.
 - enlarge_chunks_in_place: 1.
 - new_chunks_are_fully_committed: 0.
 - uncommit_free_chunks: 1.
 - use_allocation_guard: 0.
 - handle_deallocations: 1.


Internal statistics:

num_allocs_failed_limit: 6.
num_arena_births: 708.
num_arena_deaths: 0.
num_vsnodes_births: 2.
num_vsnodes_deaths: 0.
num_space_committed: 936.
num_space_uncommitted: 0.
num_chunks_returned_to_freelist: 6.
num_chunks_taken_from_freelist: 3056.
num_chunk_merges: 6.
num_chunk_splits: 2055.
num_chunks_enlarged: 1398.
num_inconsistent_stats: 0.

CodeHeap 'non-profiled nmethods': size=120000Kb used=3827Kb max_used=3827Kb free=116172Kb
 bounds [0x0000019edc0f0000, 0x0000019edc4b0000, 0x0000019ee3620000]
CodeHeap 'profiled nmethods': size=120000Kb used=12776Kb max_used=12776Kb free=107223Kb
 bounds [0x0000019ed4620000, 0x0000019ed52a0000, 0x0000019edbb50000]
CodeHeap 'non-nmethods': size=5760Kb used=2370Kb max_used=2424Kb free=3389Kb
 bounds [0x0000019edbb50000, 0x0000019edbdc0000, 0x0000019edc0f0000]
 total_blobs=7540 nmethods=6659 adapters=793
 compilation: enabled
              stopped_count=0, restarted_count=0
 full_count=0

Compilation events (20 events):
Event: 15.051 Thread 0x0000019eeac98ab0 7440       3       org.gradle.internal.execution.history.impl.FileSystemSnapshotSerializer::readEntryType (11 bytes)
Event: 15.051 Thread 0x0000019eeac98ab0 nmethod 7440 0x0000019ed5295010 code [0x0000019ed52951e0, 0x0000019ed52955f8]
Event: 15.051 Thread 0x0000019eeac98ab0 7438       3       java.util.ArrayDeque$DeqSpliterator::estimateSize (21 bytes)
Event: 15.052 Thread 0x0000019eeac98ab0 nmethod 7438 0x0000019ed5295790 code [0x0000019ed5295940, 0x0000019ed5295bb8]
Event: 15.052 Thread 0x0000019eeac98ab0 7435       3       org.gradle.internal.file.FileMetadata$AccessType::values (10 bytes)
Event: 15.052 Thread 0x0000019eeac98ab0 nmethod 7435 0x0000019ed5295d10 code [0x0000019ed5295ec0, 0x0000019ed5296168]
Event: 15.052 Thread 0x0000019eeac98ab0 7436       3       org.gradle.internal.execution.history.impl.FileSystemSnapshotSerializer::readAccessType (11 bytes)
Event: 15.052 Thread 0x0000019eeac98ab0 nmethod 7436 0x0000019ed5296210 code [0x0000019ed52963e0, 0x0000019ed52967f8]
Event: 15.052 Thread 0x0000019eeac98ab0 7437       3       org.gradle.internal.execution.history.impl.FileSystemSnapshotSerializer::readHashCode (10 bytes)
Event: 15.053 Thread 0x0000019eeac98ab0 nmethod 7437 0x0000019ed5296990 code [0x0000019ed5296b40, 0x0000019ed5296d18]
Event: 15.053 Thread 0x0000019eeac98ab0 7434       3       org.gradle.internal.fingerprint.impl.DefaultFileSystemLocationFingerprint::<init> (19 bytes)
Event: 15.053 Thread 0x0000019eeac98ab0 nmethod 7434 0x0000019ed5296e10 code [0x0000019ed5296fc0, 0x0000019ed5297228]
Event: 15.053 Thread 0x0000019eeac98ab0 7433       3       com.google.common.collect.ImmutableMap::isEmpty (13 bytes)
Event: 15.053 Thread 0x0000019eeac98ab0 nmethod 7433 0x0000019ed5297310 code [0x0000019ed52974c0, 0x0000019ed52976e8]
Event: 15.055 Thread 0x0000019eeac98ab0 7442       3       org.gradle.util.internal.DeferredUtil::unpackNestableDeferred (37 bytes)
Event: 15.056 Thread 0x0000019eeac98ab0 nmethod 7442 0x0000019ed5297790 code [0x0000019ed52979c0, 0x0000019ed52985c8]
Event: 15.071 Thread 0x0000019eeac98ab0 7445       3       java.lang.invoke.InvokerBytecodeGenerator::classData (170 bytes)
Event: 15.072 Thread 0x0000019eeac98ab0 nmethod 7445 0x0000019ed5298890 code [0x0000019ed5298b20, 0x0000019ed5299888]
Event: 15.072 Thread 0x0000019eeac98ab0 7446       3       jdk.internal.org.objectweb.asm.AnnotationWriter::computeAnnotationsSize (42 bytes)
Event: 15.072 Thread 0x0000019eeac98ab0 nmethod 7446 0x0000019ed5299b90 code [0x0000019ed5299d40, 0x0000019ed5299f88]

GC Heap History (20 events):
Event: 11.173 GC heap after
{Heap after GC invocations=14 (full 0):
 garbage-first heap   total 81920K, used 36744K [0x0000000080000000, 0x0000000100000000)
  region size 1024K, 2 young (2048K), 2 survivors (2048K)
 Metaspace       used 42043K, committed 42624K, reserved 491520K
  class space    used 5862K, committed 6144K, reserved 425984K
}
Event: 11.206 GC heap before
{Heap before GC invocations=14 (full 0):
 garbage-first heap   total 81920K, used 40840K [0x0000000080000000, 0x0000000100000000)
  region size 1024K, 5 young (5120K), 2 survivors (2048K)
 Metaspace       used 42156K, committed 42752K, reserved 491520K
  class space    used 5877K, committed 6144K, reserved 425984K
}
Event: 11.209 GC heap after
{Heap after GC invocations=15 (full 0):
 garbage-first heap   total 81920K, used 39589K [0x0000000080000000, 0x0000000100000000)
  region size 1024K, 3 young (3072K), 3 survivors (3072K)
 Metaspace       used 42156K, committed 42752K, reserved 491520K
  class space    used 5877K, committed 6144K, reserved 425984K
}
Event: 11.686 GC heap before
{Heap before GC invocations=16 (full 0):
 garbage-first heap   total 81920K, used 68261K [0x0000000080000000, 0x0000000100000000)
  region size 1024K, 27 young (27648K), 3 survivors (3072K)
 Metaspace       used 45770K, committed 46336K, reserved 491520K
  class space    used 6366K, committed 6656K, reserved 425984K
}
Event: 11.690 GC heap after
{Heap after GC invocations=17 (full 0):
 garbage-first heap   total 81920K, used 46266K [0x0000000080000000, 0x0000000100000000)
  region size 1024K, 4 young (4096K), 4 survivors (4096K)
 Metaspace       used 45770K, committed 46336K, reserved 491520K
  class space    used 6366K, committed 6656K, reserved 425984K
}
Event: 11.702 GC heap before
{Heap before GC invocations=17 (full 0):
 garbage-first heap   total 81920K, used 47290K [0x0000000080000000, 0x0000000100000000)
  region size 1024K, 5 young (5120K), 4 survivors (4096K)
 Metaspace       used 45840K, committed 46400K, reserved 491520K
  class space    used 6380K, committed 6656K, reserved 425984K
}
Event: 11.706 GC heap after
{Heap after GC invocations=18 (full 0):
 garbage-first heap   total 81920K, used 46409K [0x0000000080000000, 0x0000000100000000)
  region size 1024K, 1 young (1024K), 1 survivors (1024K)
 Metaspace       used 45840K, committed 46400K, reserved 491520K
  class space    used 6380K, committed 6656K, reserved 425984K
}
Event: 12.064 GC heap before
{Heap before GC invocations=18 (full 0):
 garbage-first heap   total 81920K, used 65865K [0x0000000080000000, 0x0000000100000000)
  region size 1024K, 20 young (20480K), 1 survivors (1024K)
 Metaspace       used 47933K, committed 48576K, reserved 491520K
  class space    used 6705K, committed 6976K, reserved 425984K
}
Event: 12.066 GC heap after
{Heap after GC invocations=19 (full 0):
 garbage-first heap   total 81920K, used 47127K [0x0000000080000000, 0x0000000100000000)
  region size 1024K, 1 young (1024K), 1 survivors (1024K)
 Metaspace       used 47933K, committed 48576K, reserved 491520K
  class space    used 6705K, committed 6976K, reserved 425984K
}
Event: 12.502 GC heap before
{Heap before GC invocations=20 (full 0):
 garbage-first heap   total 86016K, used 66583K [0x0000000080000000, 0x0000000100000000)
  region size 1024K, 20 young (20480K), 1 survivors (1024K)
 Metaspace       used 50024K, committed 50624K, reserved 491520K
  class space    used 7008K, committed 7296K, reserved 425984K
}
Event: 12.506 GC heap after
{Heap after GC invocations=21 (full 0):
 garbage-first heap   total 86016K, used 48262K [0x0000000080000000, 0x0000000100000000)
  region size 1024K, 3 young (3072K), 3 survivors (3072K)
 Metaspace       used 50024K, committed 50624K, reserved 491520K
  class space    used 7008K, committed 7296K, reserved 425984K
}
Event: 12.991 GC heap before
{Heap before GC invocations=21 (full 0):
 garbage-first heap   total 86016K, used 69766K [0x0000000080000000, 0x0000000100000000)
  region size 1024K, 24 young (24576K), 3 survivors (3072K)
 Metaspace       used 52810K, committed 53376K, reserved 491520K
  class space    used 7366K, committed 7616K, reserved 425984K
}
Event: 12.996 GC heap after
{Heap after GC invocations=22 (full 0):
 garbage-first heap   total 86016K, used 49573K [0x0000000080000000, 0x0000000100000000)
  region size 1024K, 3 young (3072K), 3 survivors (3072K)
 Metaspace       used 52810K, committed 53376K, reserved 491520K
  class space    used 7366K, committed 7616K, reserved 425984K
}
Event: 13.479 GC heap before
{Heap before GC invocations=23 (full 0):
 garbage-first heap   total 87040K, used 70053K [0x0000000080000000, 0x0000000100000000)
  region size 1024K, 24 young (24576K), 3 survivors (3072K)
 Metaspace       used 54562K, committed 55232K, reserved 491520K
  class space    used 7564K, committed 7872K, reserved 425984K
}
Event: 13.485 GC heap after
{Heap after GC invocations=24 (full 0):
 garbage-first heap   total 87040K, used 51327K [0x0000000080000000, 0x0000000100000000)
  region size 1024K, 3 young (3072K), 3 survivors (3072K)
 Metaspace       used 54562K, committed 55232K, reserved 491520K
  class space    used 7564K, committed 7872K, reserved 425984K
}
Event: 13.922 GC heap before
{Heap before GC invocations=24 (full 0):
 garbage-first heap   total 87040K, used 71807K [0x0000000080000000, 0x0000000100000000)
  region size 1024K, 23 young (23552K), 3 survivors (3072K)
 Metaspace       used 56206K, committed 56768K, reserved 491520K
  class space    used 7819K, committed 8064K, reserved 425984K
}
Event: 13.927 GC heap after
{Heap after GC invocations=25 (full 0):
 garbage-first heap   total 87040K, used 52840K [0x0000000080000000, 0x0000000100000000)
  region size 1024K, 2 young (2048K), 2 survivors (2048K)
 Metaspace       used 56206K, committed 56768K, reserved 491520K
  class space    used 7819K, committed 8064K, reserved 425984K
}
Event: 14.352 GC heap before
{Heap before GC invocations=26 (full 0):
 garbage-first heap   total 92160K, used 72296K [0x0000000080000000, 0x0000000100000000)
  region size 1024K, 21 young (21504K), 2 survivors (2048K)
 Metaspace       used 57694K, committed 58240K, reserved 491520K
  class space    used 8066K, committed 8320K, reserved 425984K
}
Event: 14.357 GC heap after
{Heap after GC invocations=27 (full 0):
 garbage-first heap   total 92160K, used 54025K [0x0000000080000000, 0x0000000100000000)
  region size 1024K, 3 young (3072K), 3 survivors (3072K)
 Metaspace       used 57694K, committed 58240K, reserved 491520K
  class space    used 8066K, committed 8320K, reserved 425984K
}
Event: 15.077 GC heap before
{Heap before GC invocations=27 (full 0):
 garbage-first heap   total 92160K, used 76553K [0x0000000080000000, 0x0000000100000000)
  region size 1024K, 25 young (25600K), 3 survivors (3072K)
 Metaspace       used 59302K, committed 59904K, reserved 491520K
  class space    used 8303K, committed 8576K, reserved 425984K
}

Dll operation events (12 events):
Event: 0.007 Loaded shared library C:\Users\Kriti Sharma\AppData\Local\Programs\Eclipse Adoptium\jdk-17.0.8.7-hotspot\bin\java.dll
Event: 0.025 Loaded shared library C:\Users\Kriti Sharma\AppData\Local\Programs\Eclipse Adoptium\jdk-17.0.8.7-hotspot\bin\jsvml.dll
Event: 0.064 Loaded shared library C:\Users\Kriti Sharma\AppData\Local\Programs\Eclipse Adoptium\jdk-17.0.8.7-hotspot\bin\net.dll
Event: 0.065 Loaded shared library C:\Users\Kriti Sharma\AppData\Local\Programs\Eclipse Adoptium\jdk-17.0.8.7-hotspot\bin\nio.dll
Event: 0.070 Loaded shared library C:\Users\Kriti Sharma\AppData\Local\Programs\Eclipse Adoptium\jdk-17.0.8.7-hotspot\bin\zip.dll
Event: 0.260 Loaded shared library C:\Users\Kriti Sharma\AppData\Local\Programs\Eclipse Adoptium\jdk-17.0.8.7-hotspot\bin\jimage.dll
Event: 0.424 Loaded shared library C:\Users\Kriti Sharma\AppData\Local\Programs\Eclipse Adoptium\jdk-17.0.8.7-hotspot\bin\verify.dll
Event: 0.733 Loaded shared library C:\Users\Kriti Sharma\.gradle\native\68d5fa5c4cc2d200863cafc0d521ce42e7d3e7ee720ec0a83991735586a16f82\windows-amd64\native-platform.dll
Event: 0.739 Loaded shared library C:\Users\Kriti Sharma\.gradle\native\e376f236ea51e6404a007f0833ffe2c6e607c4080706a723a18a27aeea778392\windows-amd64\native-platform-file-events.dll
Event: 1.868 Loaded shared library C:\Users\Kriti Sharma\AppData\Local\Programs\Eclipse Adoptium\jdk-17.0.8.7-hotspot\bin\management.dll
Event: 1.874 Loaded shared library C:\Users\Kriti Sharma\AppData\Local\Programs\Eclipse Adoptium\jdk-17.0.8.7-hotspot\bin\management_ext.dll
Event: 2.510 Loaded shared library C:\Users\Kriti Sharma\AppData\Local\Programs\Eclipse Adoptium\jdk-17.0.8.7-hotspot\bin\sunmscapi.dll

Deoptimization events (20 events):
Event: 14.970 Thread 0x0000019ef2a04aa0 Uncommon trap: trap_request=0xffffffde fr.pc=0x0000019edc23e2d0 relative=0x00000000000003f0
Event: 14.970 Thread 0x0000019ef2a04aa0 Uncommon trap: reason=class_check action=maybe_recompile pc=0x0000019edc23e2d0 method=java.util.Collections$SetFromMap.remove(Ljava/lang/Object;)Z @ 5 c2
Event: 14.970 Thread 0x0000019ef2a04aa0 DEOPT PACKING pc=0x0000019edc23e2d0 sp=0x000000824d1fe790
Event: 14.970 Thread 0x0000019ef2a04aa0 DEOPT UNPACKING pc=0x0000019edbbaa1a3 sp=0x000000824d1fe778 mode 2
Event: 14.973 Thread 0x0000019ef2a04aa0 Uncommon trap: trap_request=0xffffffc6 fr.pc=0x0000019edc2a5fdc relative=0x00000000000003fc
Event: 14.973 Thread 0x0000019ef2a04aa0 Uncommon trap: reason=bimorphic_or_optimized_type_check action=maybe_recompile pc=0x0000019edc2a5fdc method=java.util.Spliterators$IteratorSpliterator.tryAdvance(Ljava/util/function/Consumer;)Z @ 50 c2
Event: 14.973 Thread 0x0000019ef2a04aa0 DEOPT PACKING pc=0x0000019edc2a5fdc sp=0x000000824d1fe160
Event: 14.973 Thread 0x0000019ef2a04aa0 DEOPT UNPACKING pc=0x0000019edbbaa1a3 sp=0x000000824d1fe100 mode 2
Event: 15.042 Thread 0x0000019ef2a063f0 Uncommon trap: trap_request=0xffffffc6 fr.pc=0x0000019edc3685a8 relative=0x0000000000000988
Event: 15.042 Thread 0x0000019ef2a063f0 Uncommon trap: reason=bimorphic_or_optimized_type_check action=maybe_recompile pc=0x0000019edc3685a8 method=java.io.BufferedInputStream.read1([BII)I @ 39 c2
Event: 15.042 Thread 0x0000019ef2a063f0 DEOPT PACKING pc=0x0000019edc3685a8 sp=0x000000824d8fe080
Event: 15.042 Thread 0x0000019ef2a063f0 DEOPT UNPACKING pc=0x0000019edbbaa1a3 sp=0x000000824d8fdf98 mode 2
Event: 15.043 Thread 0x0000019ef2a063f0 Uncommon trap: trap_request=0xffffff45 fr.pc=0x0000019edc47e970 relative=0x0000000000000230
Event: 15.043 Thread 0x0000019ef2a063f0 Uncommon trap: reason=unstable_if action=reinterpret pc=0x0000019edc47e970 method=com.esotericsoftware.kryo.io.Input.readVarInt(Z)I @ 42 c2
Event: 15.043 Thread 0x0000019ef2a063f0 DEOPT PACKING pc=0x0000019edc47e970 sp=0x000000824d8fe260
Event: 15.043 Thread 0x0000019ef2a063f0 DEOPT UNPACKING pc=0x0000019edbbaa1a3 sp=0x000000824d8fe150 mode 2
Event: 15.062 Thread 0x0000019ef2a04aa0 Uncommon trap: trap_request=0xffffff45 fr.pc=0x0000019edc24c0d4 relative=0x0000000000000694
Event: 15.062 Thread 0x0000019ef2a04aa0 Uncommon trap: reason=unstable_if action=reinterpret pc=0x0000019edc24c0d4 method=java.lang.ThreadLocal$ThreadLocalMap.set(Ljava/lang/ThreadLocal;Ljava/lang/Object;)V @ 125 c2
Event: 15.062 Thread 0x0000019ef2a04aa0 DEOPT PACKING pc=0x0000019edc24c0d4 sp=0x000000824d1f9450
Event: 15.062 Thread 0x0000019ef2a04aa0 DEOPT UNPACKING pc=0x0000019edbbaa1a3 sp=0x000000824d1f9400 mode 2

Classes unloaded (0 events):
No events

Classes redefined (0 events):
No events

Internal exceptions (20 events):
Event: 13.892 Thread 0x0000019ef04a4220 Exception <a 'java/lang/ClassNotFoundException'{0x00000000843a2ea8}: org/gradle/api/internal/artifacts/DefaultArtifactRepositoryContainerBeanInfo> (0x00000000843a2ea8) 
thrown [s\src\hotspot\share\classfile\systemDictionary.cpp, line 256]
Event: 13.892 Thread 0x0000019ef04a4220 Exception <a 'java/lang/ClassNotFoundException'{0x00000000843b7d18}: org/gradle/api/internal/DefaultNamedDomainObjectListBeanInfo> (0x00000000843b7d18) 
thrown [s\src\hotspot\share\classfile\systemDictionary.cpp, line 256]
Event: 13.893 Thread 0x0000019ef04a4220 Exception <a 'java/lang/ClassNotFoundException'{0x00000000843ccd38}: org/gradle/api/internal/DefaultNamedDomainObjectCollectionBeanInfo> (0x00000000843ccd38) 
thrown [s\src\hotspot\share\classfile\systemDictionary.cpp, line 256]
Event: 13.894 Thread 0x0000019ef04a4220 Exception <a 'java/lang/ClassNotFoundException'{0x00000000843e1b98}: org/gradle/api/internal/DefaultDomainObjectCollectionBeanInfo> (0x00000000843e1b98) 
thrown [s\src\hotspot\share\classfile\systemDictionary.cpp, line 256]
Event: 13.895 Thread 0x0000019ef04a4220 Exception <a 'java/lang/ClassNotFoundException'{0x00000000843f6b30}: org/gradle/api/internal/DefaultDomainObjectCollectionCustomizer> (0x00000000843f6b30) 
thrown [s\src\hotspot\share\classfile\systemDictionary.cpp, line 256]
Event: 13.899 Thread 0x0000019ef04a4220 Exception <a 'java/lang/ClassNotFoundException'{0x000000008422c328}: org/gradle/api/internal/DefaultNamedDomainObjectCollectionCustomizer> (0x000000008422c328) 
thrown [s\src\hotspot\share\classfile\systemDictionary.cpp, line 256]
Event: 13.903 Thread 0x0000019ef04a4220 Exception <a 'java/lang/ClassNotFoundException'{0x0000000084268dd0}: org/gradle/api/internal/DefaultNamedDomainObjectListCustomizer> (0x0000000084268dd0) 
thrown [s\src\hotspot\share\classfile\systemDictionary.cpp, line 256]
Event: 13.906 Thread 0x0000019ef04a4220 Exception <a 'java/lang/ClassNotFoundException'{0x000000008429c2a0}: org/gradle/api/internal/artifacts/DefaultArtifactRepositoryContainerCustomizer> (0x000000008429c2a0) 
thrown [s\src\hotspot\share\classfile\systemDictionary.cpp, line 256]
Event: 13.908 Thread 0x0000019ef04a4220 Exception <a 'java/lang/ClassNotFoundException'{0x00000000842c6a18}: org/gradle/api/internal/artifacts/dsl/DefaultRepositoryHandlerCustomizer> (0x00000000842c6a18) 
thrown [s\src\hotspot\share\classfile\systemDictionary.cpp, line 256]
Event: 13.910 Thread 0x0000019ef04a4220 Exception <a 'java/lang/ClassNotFoundException'{0x00000000842fe678}: org/gradle/api/internal/artifacts/dsl/DefaultRepositoryHandler_DecoratedCustomizer> (0x00000000842fe678) 
thrown [s\src\hotspot\share\classfile\systemDictionary.cpp, line 256]
Event: 13.917 Thread 0x0000019ef04a4220 Exception <a 'java/lang/ClassNotFoundException'{0x000000008418dc00}: org/gradle/api/internal/artifacts/dsl/dependencies/DefaultDependencyHandler_DecoratedBeanInfo> (0x000000008418dc00) 
thrown [s\src\hotspot\share\classfile\systemDictionary.cpp, line 256]
Event: 13.918 Thread 0x0000019ef04a4220 Exception <a 'java/lang/ClassNotFoundException'{0x00000000841a3728}: org/gradle/api/internal/artifacts/dsl/dependencies/DefaultDependencyHandlerBeanInfo> (0x00000000841a3728) 
thrown [s\src\hotspot\share\classfile\systemDictionary.cpp, line 256]
Event: 13.919 Thread 0x0000019ef04a4220 Exception <a 'java/lang/ClassNotFoundException'{0x00000000841b8f00}: org/gradle/api/internal/artifacts/dsl/dependencies/DefaultDependencyHandlerCustomizer> (0x00000000841b8f00) 
thrown [s\src\hotspot\share\classfile\systemDictionary.cpp, line 256]
Event: 13.922 Thread 0x0000019ef04a4220 Exception <a 'java/lang/ClassNotFoundException'{0x00000000841f5540}: org/gradle/api/internal/artifacts/dsl/dependencies/DefaultDependencyHandler_DecoratedCustomizer> (0x00000000841f5540) 
thrown [s\src\hotspot\share\classfile\systemDictionary.cpp, line 256]
Event: 14.572 Thread 0x0000019ef04a4220 Exception <a 'java/lang/NoSuchMethodError'{0x00000000854f2730}: 'java.lang.Object java.lang.invoke.DirectMethodHandle$Holder.newInvokeSpecial(java.lang.Object, java.lang.Object, java.lang.Object, java.lang.Object, java.lang.Object, java.lang.Object, java.lang.Object, java.lang.Object, java.lang.Object)'> (0x00000000854f2730) 
thrown [s\src\hotspot\share\interpreter\linkResolver.cpp, line 759]
Event: 14.573 Thread 0x0000019ef04a4220 Exception <a 'java/lang/NoSuchMethodError'{0x00000000854f83d0}: 'java.lang.Object java.lang.invoke.Invokers$Holder.linkToTargetMethod(java.lang.Object, java.lang.Object, java.lang.Object, java.lang.Object, java.lang.Object, java.lang.Object, java.lang.Object, java.lang.Object, java.lang.Object)'> (0x00000000854f83d0) 
thrown [s\src\hotspot\share\interpreter\linkResolver.cpp, line 759]
Event: 14.957 Thread 0x0000019ef2a04aa0 Exception <a 'java/lang/NoSuchMethodError'{0x0000000084378ca0}: 'java.lang.Object java.lang.invoke.DirectMethodHandle$Holder.newInvokeSpecial(java.lang.Object, java.lang.Object, java.lang.Object, java.lang.Object, int, java.lang.Object)'> (0x0000000084378ca0) 
thrown [s\src\hotspot\share\interpreter\linkResolver.cpp, line 759]
Event: 14.957 Thread 0x0000019ef2a04aa0 Exception <a 'java/lang/NoSuchMethodError'{0x000000008437cd18}: 'java.lang.Object java.lang.invoke.Invokers$Holder.linkToTargetMethod(java.lang.Object, java.lang.Object, java.lang.Object, int, java.lang.Object, java.lang.Object)'> (0x000000008437cd18) 
thrown [s\src\hotspot\share\interpreter\linkResolver.cpp, line 759]
Event: 14.977 Thread 0x0000019ef2a04aa0 Exception <a 'java/lang/NoSuchMethodError'{0x00000000843eba90}: 'void java.lang.invoke.DirectMethodHandle$Holder.invokeInterface(java.lang.Object, java.lang.Object, java.lang.Object, java.lang.Object)'> (0x00000000843eba90) 
thrown [s\src\hotspot\share\interpreter\linkResolver.cpp, line 759]
Event: 15.071 Thread 0x0000019ef2a04aa0 Exception <a 'java/lang/NoSuchMethodError'{0x00000000841d4568}: 'int java.lang.invoke.DirectMethodHandle$Holder.invokeSpecial(java.lang.Object, java.lang.Object, java.lang.Object, java.lang.Object, java.lang.Object)'> (0x00000000841d4568) 
thrown [s\src\hotspot\share\interpreter\linkResolver.cpp, line 759]

VM Operations (20 events):
Event: 13.928 Executing VM operation: G1CollectForAllocation done
Event: 13.978 Executing VM operation: G1PauseRemark
Event: 13.981 Executing VM operation: G1PauseRemark done
Event: 14.005 Executing VM operation: G1PauseCleanup
Event: 14.005 Executing VM operation: G1PauseCleanup done
Event: 14.310 Executing VM operation: HandshakeAllThreads
Event: 14.310 Executing VM operation: HandshakeAllThreads done
Event: 14.352 Executing VM operation: G1CollectForAllocation
Event: 14.357 Executing VM operation: G1CollectForAllocation done
Event: 14.699 Executing VM operation: HandshakeAllThreads
Event: 14.699 Executing VM operation: HandshakeAllThreads done
Event: 14.700 Executing VM operation: ICBufferFull
Event: 14.700 Executing VM operation: ICBufferFull done
Event: 14.788 Executing VM operation: ICBufferFull
Event: 14.788 Executing VM operation: ICBufferFull done
Event: 14.969 Executing VM operation: HandshakeAllThreads
Event: 14.969 Executing VM operation: HandshakeAllThreads done
Event: 15.069 Executing VM operation: HandshakeAllThreads
Event: 15.069 Executing VM operation: HandshakeAllThreads done
Event: 15.076 Executing VM operation: G1CollectForAllocation

Events (20 events):
Event: 13.828 loading class java/time/Month$1
Event: 13.828 loading class java/time/Month$1 done
Event: 13.829 loading class java/nio/channels/Channels
Event: 13.829 loading class java/nio/channels/Channels done
Event: 13.829 loading class java/nio/channels/Channels$1
Event: 13.829 loading class java/nio/channels/Channels$1 done
Event: 13.947 Thread 0x0000019ef2a03b70 Thread added: 0x0000019ef2a03b70
Event: 14.705 Thread 0x0000019eeaca2fd0 flushing nmethod 0x0000019ed489ab10
Event: 14.705 Thread 0x0000019eeaca2fd0 flushing nmethod 0x0000019ed48b7710
Event: 14.707 Thread 0x0000019eeaca2fd0 flushing nmethod 0x0000019ed4b6e810
Event: 14.709 Thread 0x0000019eeaca2fd0 flushing nmethod 0x0000019ed4d16990
Event: 14.918 Thread 0x0000019ef2a04fb0 Thread added: 0x0000019ef2a04fb0
Event: 14.929 Thread 0x0000019ef2a04aa0 Thread added: 0x0000019ef2a04aa0
Event: 14.929 Thread 0x0000019ef2a07320 Thread added: 0x0000019ef2a07320
Event: 14.929 Thread 0x0000019ef2a02220 Thread added: 0x0000019ef2a02220
Event: 14.929 Thread 0x0000019ef2a02730 Thread added: 0x0000019ef2a02730
Event: 14.930 Thread 0x0000019ef2a054c0 Thread added: 0x0000019ef2a054c0
Event: 14.930 Thread 0x0000019ef2a059d0 Thread added: 0x0000019ef2a059d0
Event: 14.930 Thread 0x0000019ef2a05ee0 Thread added: 0x0000019ef2a05ee0
Event: 14.986 Thread 0x0000019ef2a063f0 Thread added: 0x0000019ef2a063f0


Dynamic libraries:
0x00007ff780120000 - 0x00007ff78012e000 	C:\Users\Kriti Sharma\AppData\Local\Programs\Eclipse Adoptium\jdk-17.0.8.7-hotspot\bin\java.exe
0x00007ffadb070000 - 0x00007ffadb268000 	C:\Windows\SYSTEM32\ntdll.dll
0x00007ffad9490000 - 0x00007ffad954f000 	C:\Windows\System32\KERNEL32.DLL
0x00007ffad8ad0000 - 0x00007ffad8dc6000 	C:\Windows\System32\KERNELBASE.dll
0x00007ffad8810000 - 0x00007ffad8910000 	C:\Windows\System32\ucrtbase.dll
0x00007ffac4560000 - 0x00007ffac4579000 	C:\Users\Kriti Sharma\AppData\Local\Programs\Eclipse Adoptium\jdk-17.0.8.7-hotspot\bin\VCRUNTIME140.dll
0x00007ffad3f10000 - 0x00007ffad3f27000 	C:\Users\Kriti Sharma\AppData\Local\Programs\Eclipse Adoptium\jdk-17.0.8.7-hotspot\bin\jli.dll
0x00007ffada280000 - 0x00007ffada41d000 	C:\Windows\System32\USER32.dll
0x00007ffac4ab0000 - 0x00007ffac4d4a000 	C:\Windows\WinSxS\amd64_microsoft.windows.common-controls_6595b64144ccf1df_6.0.19041.1110_none_60b5254171f9507e\COMCTL32.dll
0x00007ffad8e90000 - 0x00007ffad8eb2000 	C:\Windows\System32\win32u.dll
0x00007ffad90d0000 - 0x00007ffad916e000 	C:\Windows\System32\msvcrt.dll
0x00007ffadaef0000 - 0x00007ffadaf1c000 	C:\Windows\System32\GDI32.dll
0x00007ffad89b0000 - 0x00007ffad8ac5000 	C:\Windows\System32\gdi32full.dll
0x00007ffad8910000 - 0x00007ffad89ad000 	C:\Windows\System32\msvcp_win.dll
0x00007ffadb000000 - 0x00007ffadb030000 	C:\Windows\System32\IMM32.DLL
0x00007ffacd190000 - 0x00007ffacd19c000 	C:\Users\Kriti Sharma\AppData\Local\Programs\Eclipse Adoptium\jdk-17.0.8.7-hotspot\bin\vcruntime140_1.dll
0x00007ffaad230000 - 0x00007ffaad2c1000 	C:\Users\Kriti Sharma\AppData\Local\Programs\Eclipse Adoptium\jdk-17.0.8.7-hotspot\bin\msvcp140.dll
0x00007ffa9e8b0000 - 0x00007ffa9f4fc000 	C:\Users\Kriti Sharma\AppData\Local\Programs\Eclipse Adoptium\jdk-17.0.8.7-hotspot\bin\server\jvm.dll
0x00007ffad9380000 - 0x00007ffad942f000 	C:\Windows\System32\ADVAPI32.dll
0x00007ffad9210000 - 0x00007ffad92ac000 	C:\Windows\System32\sechost.dll
0x00007ffad9550000 - 0x00007ffad9676000 	C:\Windows\System32\RPCRT4.dll
0x00007ffad7d00000 - 0x00007ffad7d4b000 	C:\Windows\SYSTEM32\POWRPROF.dll
0x00007ffac3650000 - 0x00007ffac3677000 	C:\Windows\SYSTEM32\WINMM.dll
0x00007ffacd2f0000 - 0x00007ffacd2f9000 	C:\Windows\SYSTEM32\WSOCK32.dll
0x00007ffad9690000 - 0x00007ffad96fb000 	C:\Windows\System32\WS2_32.dll
0x00007ffad2910000 - 0x00007ffad291a000 	C:\Windows\SYSTEM32\VERSION.dll
0x00007ffad7b70000 - 0x00007ffad7b82000 	C:\Windows\SYSTEM32\UMPDC.dll
0x00007ffad6f80000 - 0x00007ffad6f92000 	C:\Windows\SYSTEM32\kernel.appcore.dll
0x00007ffac4550000 - 0x00007ffac455a000 	C:\Users\Kriti Sharma\AppData\Local\Programs\Eclipse Adoptium\jdk-17.0.8.7-hotspot\bin\jimage.dll
0x00007ffad64d0000 - 0x00007ffad66b4000 	C:\Windows\SYSTEM32\DBGHELP.DLL
0x00007ffac13e0000 - 0x00007ffac1414000 	C:\Windows\SYSTEM32\dbgcore.DLL
0x00007ffad8e00000 - 0x00007ffad8e82000 	C:\Windows\System32\bcryptPrimitives.dll
0x00007ffac2be0000 - 0x00007ffac2c05000 	C:\Users\Kriti Sharma\AppData\Local\Programs\Eclipse Adoptium\jdk-17.0.8.7-hotspot\bin\java.dll
0x00007ffaacc60000 - 0x00007ffaacd36000 	C:\Users\Kriti Sharma\AppData\Local\Programs\Eclipse Adoptium\jdk-17.0.8.7-hotspot\bin\jsvml.dll
0x00007ffada690000 - 0x00007ffadadd4000 	C:\Windows\System32\SHELL32.dll
0x00007ffad67d0000 - 0x00007ffad6f63000 	C:\Windows\SYSTEM32\windows.storage.dll
0x00007ffad9f20000 - 0x00007ffada274000 	C:\Windows\System32\combase.dll
0x00007ffad8190000 - 0x00007ffad81be000 	C:\Windows\SYSTEM32\Wldp.dll
0x00007ffada550000 - 0x00007ffada5fd000 	C:\Windows\System32\SHCORE.dll
0x00007ffad9820000 - 0x00007ffad9875000 	C:\Windows\System32\shlwapi.dll
0x00007ffad8680000 - 0x00007ffad86a5000 	C:\Windows\SYSTEM32\profapi.dll
0x00007ffac2bc0000 - 0x00007ffac2bd9000 	C:\Users\Kriti Sharma\AppData\Local\Programs\Eclipse Adoptium\jdk-17.0.8.7-hotspot\bin\net.dll
0x00007fface830000 - 0x00007fface93a000 	C:\Windows\SYSTEM32\WINHTTP.dll
0x00007ffad7ef0000 - 0x00007ffad7f5a000 	C:\Windows\system32\mswsock.dll
0x00007ffac2ba0000 - 0x00007ffac2bb5000 	C:\Users\Kriti Sharma\AppData\Local\Programs\Eclipse Adoptium\jdk-17.0.8.7-hotspot\bin\nio.dll
0x00007ffac2660000 - 0x00007ffac2678000 	C:\Users\Kriti Sharma\AppData\Local\Programs\Eclipse Adoptium\jdk-17.0.8.7-hotspot\bin\zip.dll
0x00007ffac4540000 - 0x00007ffac4550000 	C:\Users\Kriti Sharma\AppData\Local\Programs\Eclipse Adoptium\jdk-17.0.8.7-hotspot\bin\verify.dll
0x00007ffac4580000 - 0x00007ffac45a7000 	C:\Users\Kriti Sharma\.gradle\native\68d5fa5c4cc2d200863cafc0d521ce42e7d3e7ee720ec0a83991735586a16f82\windows-amd64\native-platform.dll
0x00007ffaa0310000 - 0x00007ffaa0454000 	C:\Users\Kriti Sharma\.gradle\native\e376f236ea51e6404a007f0833ffe2c6e607c4080706a723a18a27aeea778392\windows-amd64\native-platform-file-events.dll
0x00007ffac2e60000 - 0x00007ffac2e69000 	C:\Users\Kriti Sharma\AppData\Local\Programs\Eclipse Adoptium\jdk-17.0.8.7-hotspot\bin\management.dll
0x00007ffac28a0000 - 0x00007ffac28ab000 	C:\Users\Kriti Sharma\AppData\Local\Programs\Eclipse Adoptium\jdk-17.0.8.7-hotspot\bin\management_ext.dll
0x00007ffad9680000 - 0x00007ffad9688000 	C:\Windows\System32\PSAPI.DLL
0x00007ffad80e0000 - 0x00007ffad80f8000 	C:\Windows\SYSTEM32\CRYPTSP.dll
0x00007ffad7790000 - 0x00007ffad77c4000 	C:\Windows\system32\rsaenh.dll
0x00007ffad8dd0000 - 0x00007ffad8df7000 	C:\Windows\System32\bcrypt.dll
0x00007ffad8640000 - 0x00007ffad866e000 	C:\Windows\SYSTEM32\USERENV.dll
0x00007ffad8100000 - 0x00007ffad810c000 	C:\Windows\SYSTEM32\CRYPTBASE.dll
0x00007ffad7b90000 - 0x00007ffad7bcb000 	C:\Windows\SYSTEM32\IPHLPAPI.DLL
0x00007ffad9880000 - 0x00007ffad9888000 	C:\Windows\System32\NSI.dll
0x00007ffad1190000 - 0x00007ffad11a7000 	C:\Windows\SYSTEM32\dhcpcsvc6.DLL
0x00007ffad1e30000 - 0x00007ffad1e4d000 	C:\Windows\SYSTEM32\dhcpcsvc.DLL
0x00007ffad7be0000 - 0x00007ffad7caa000 	C:\Windows\SYSTEM32\DNSAPI.dll
0x00007ffac1eb0000 - 0x00007ffac1ebe000 	C:\Users\Kriti Sharma\AppData\Local\Programs\Eclipse Adoptium\jdk-17.0.8.7-hotspot\bin\sunmscapi.dll
0x00007ffad8f70000 - 0x00007ffad90ce000 	C:\Windows\System32\CRYPT32.dll
0x00007ffad8200000 - 0x00007ffad8228000 	C:\Windows\SYSTEM32\ncrypt.dll
0x00007ffad81c0000 - 0x00007ffad81fb000 	C:\Windows\SYSTEM32\NTASN1.dll
0x00007ffac5770000 - 0x00007ffac5777000 	C:\Windows\system32\wshunix.dll

dbghelp: loaded successfully - version: 4.0.5 - missing functions: none
symbol engine: initialized successfully - sym options: 0x614 - pdb path: .;C:\Users\Kriti Sharma\AppData\Local\Programs\Eclipse Adoptium\jdk-17.0.8.7-hotspot\bin;C:\Windows\SYSTEM32;C:\Windows\WinSxS\amd64_microsoft.windows.common-controls_6595b64144ccf1df_6.0.19041.1110_none_60b5254171f9507e;C:\Users\Kriti Sharma\AppData\Local\Programs\Eclipse Adoptium\jdk-17.0.8.7-hotspot\bin\server;C:\Users\Kriti Sharma\.gradle\native\68d5fa5c4cc2d200863cafc0d521ce42e7d3e7ee720ec0a83991735586a16f82\windows-amd64;C:\Users\Kriti Sharma\.gradle\native\e376f236ea51e6404a007f0833ffe2c6e607c4080706a723a18a27aeea778392\windows-amd64

VM Arguments:
jvm_args: -XX:MaxMetaspaceSize=512m --add-opens=java.base/java.util=ALL-UNNAMED --add-opens=java.base/java.lang=ALL-UNNAMED --add-opens=java.base/java.lang.invoke=ALL-UNNAMED --add-opens=java.prefs/java.util.prefs=ALL-UNNAMED --add-opens=java.base/java.nio.charset=ALL-UNNAMED --add-opens=java.base/java.net=ALL-UNNAMED --add-opens=java.base/java.util.concurrent.atomic=ALL-UNNAMED -Xmx2048m -Dfile.encoding=windows-1252 -Duser.country=IN -Duser.language=en -Duser.variant 
java_command: org.gradle.launcher.daemon.bootstrap.GradleDaemon 8.0.1
java_class_path (initial): C:\Users\Kriti Sharma\.gradle\wrapper\dists\gradle-8.0.1-all\aro4hu1c3oeioove7l0i4i14o\gradle-8.0.1\lib\gradle-launcher-8.0.1.jar
Launcher Type: SUN_STANDARD

[Global flags]
     intx CICompilerCount                          = 4                                         {product} {ergonomic}
   size_t CompressedClassSpaceSize                 = 436207616                                 {product} {ergonomic}
     uint ConcGCThreads                            = 2                                         {product} {ergonomic}
     uint G1ConcRefinementThreads                  = 8                                         {product} {ergonomic}
   size_t G1HeapRegionSize                         = 1048576                                   {product} {ergonomic}
    uintx GCDrainStackTargetSize                   = 64                                        {product} {ergonomic}
   size_t InitialHeapSize                          = 132120576                                 {product} {ergonomic}
   size_t MarkStackSize                            = 4194304                                   {product} {ergonomic}
   size_t MaxHeapSize                              = 2147483648                                {product} {command line}
   size_t MaxMetaspaceSize                         = 536870912                                 {product} {command line}
   size_t MaxNewSize                               = 1287651328                                {product} {ergonomic}
   size_t MinHeapDeltaBytes                        = 1048576                                   {product} {ergonomic}
   size_t MinHeapSize                              = 8388608                                   {product} {ergonomic}
    uintx NonNMethodCodeHeapSize                   = 5839372                                {pd product} {ergonomic}
    uintx NonProfiledCodeHeapSize                  = 122909434                              {pd product} {ergonomic}
    uintx ProfiledCodeHeapSize                     = 122909434                              {pd product} {ergonomic}
    uintx ReservedCodeCacheSize                    = 251658240                              {pd product} {ergonomic}
     bool SegmentedCodeCache                       = true                                      {product} {ergonomic}
   size_t SoftMaxHeapSize                          = 2147483648                             {manageable} {ergonomic}
     bool UseCompressedClassPointers               = true                           {product lp64_product} {ergonomic}
     bool UseCompressedOops                        = true                           {product lp64_product} {ergonomic}
     bool UseG1GC                                  = true                                      {product} {ergonomic}
     bool UseLargePagesIndividualAllocation        = false                                  {pd product} {ergonomic}

Logging:
Log output configuration:
 #0: stdout all=warning uptime,level,tags
 #1: stderr all=off uptime,level,tags

Environment Variables:
JAVA_HOME=C:\Users\Kriti Sharma\AppData\Local\Programs\Eclipse Adoptium\jdk-17.0.8.7-hotspot\
CLASSPATH=D:\Internship\react project\Calculator\android\\gradle\wrapper\gradle-wrapper.jar
PATH=D:\Internship\react project\Calculator\node_modules\.bin;D:\Internship\react project\Calculator\node_modules\.bin;D:\Internship\react project\node_modules\.bin;D:\Internship\node_modules\.bin;D:\node_modules\.bin;C:\Program Files\nodejs\node_modules\npm\node_modules\@npmcli\run-script\lib\node-gyp-bin;D:\Internship\react project\Calculator\node_modules\.bin;D:\Internship\react project\Calculator\node_modules\.bin;D:\Internship\react project\node_modules\.bin;D:\Internship\node_modules\.bin;D:\node_modules\.bin;C:\Program Files\nodejs\node_modules\npm\node_modules\@npmcli\run-script\lib\node-gyp-bin;C:\Python311\Scripts\;C:\Python311\;C:\Windows\system32;C:\Windows;C:\Windows\System32\Wbem;C:\Windows\System32\WindowsPowerShell\v1.0\;C:\Windows\System32\OpenSSH\;C:\Program Files\Git\cmd;C:\ProgramData\chocolatey\bin;C:\Program Files\nodejs\;C:\Program Files\MySQL\MySQL Shell 8.0\bin\;C:\Users\Kriti Sharma\AppData\Local\Programs\Eclipse Adoptium\jdk-17.0.8.7-hotspot\bin;C:\Users\Kriti Sharma\AppData\Local\Microsoft\WindowsApps;C:\Users\Kriti Sharma\AppData\Local\Programs\Microsoft VS Code\bin;C:\Users\Kriti Sharma\AppData\Roaming\npm;C:\Users\Kriti Sharma\AppData\Local\Android\Sdk\platform-tools;C:\Users\Kriti Sharma\AppData\Local\Android\Sdk\emulator;C:\Users\Kriti Sharma\AppData\Local\Android\Sdk\tools;C:\Users\Kriti Sharma\AppData\Local\Android\Sdk\tools\bin;
USERNAME=Kriti Sharma
LANG=en_US.UTF-8
OS=Windows_NT
PROCESSOR_IDENTIFIER=Intel64 Family 6 Model 126 Stepping 5, GenuineIntel
TMP=C:\Users\KRITIS~1\AppData\Local\Temp
TEMP=C:\Users\KRITIS~1\AppData\Local\Temp



---------------  S Y S T E M  ---------------

OS:
 Windows 10 , 64 bit Build 19041 (10.0.19041.3155)
OS uptime: 0 days 18:17 hours

CPU: total 8 (initial active 8) (4 cores per cpu, 2 threads per core) family 6 model 126 stepping 5 microcode 0xbc, cx8, cmov, fxsr, ht, mmx, 3dnowpref, sse, sse2, sse3, ssse3, sse4.1, sse4.2, popcnt, lzcnt, tsc, tscinvbit, avx, avx2, aes, erms, clmul, bmi1, bmi2, adx, avx512f, avx512dq, avx512cd, avx512bw, avx512vl, sha, fma, vzeroupper, avx512_vpopcntdq, avx512_vpclmulqdq, avx512_vaes, avx512_vnni, clflush, clflushopt, avx512_vbmi2, avx512_vbmi
Processor Information for all 8 processors :
  Max Mhz: 1190, Current Mhz: 991, Mhz Limit: 987

Memory: 4k page, system-wide physical 7959M (481M free)
TotalPageFile size 13959M (AvailPageFile size 23M)
current process WorkingSet (physical memory assigned to process): 289M, peak: 293M
current process commit charge ("private bytes"): 337M, peak: 365M

vm_info: OpenJDK 64-Bit Server VM (17.0.8+7) for windows-amd64 JRE (17.0.8+7), built on Jul 18 2023 21:02:32 by "admin" with MS VC++ 16.7 (VS2019)

END.
