#
# There is insufficient memory for the Java Runtime Environment to continue.
# Native memory allocation (malloc) failed to allocate 885648 bytes for Chunk::new
# Possible reasons:
#   The system is out of physical RAM or swap space
#   The process is running with CompressedOops enabled, and the Java Heap may be blocking the growth of the native heap
# Possible solutions:
#   Reduce memory load on the system
#   Increase physical memory or swap space
#   Check if swap backing store is full
#   Decrease Java heap size (-Xmx/-Xms)
#   Decrease number of Java threads
#   Decrease Java thread stack sizes (-Xss)
#   Set larger code cache with -XX:ReservedCodeCacheSize=
#   JVM is running with Unscaled Compressed Oops mode in which the Java heap is
#     placed in the first 4GB address space. The Java Heap base address is the
#     maximum limit for the native heap growth. Please use -XX:HeapBaseMinAddress
#     to set the Java Heap base and to place the Java Heap above 4GB virtual address.
# This output file may be truncated or incomplete.
#
#  Out of Memory Error (arena.cpp:189), pid=12056, tid=15900
#
# JRE version: OpenJDK Runtime Environment Temurin-17.0.8+7 (17.0.8+7) (build 17.0.8+7)
# Java VM: OpenJDK 64-Bit Server VM Temurin-17.0.8+7 (17.0.8+7, mixed mode, sharing, tiered, compressed oops, compressed class ptrs, g1 gc, windows-amd64)
# No core dump will be written. Minidumps are not enabled by default on client versions of Windows
#

---------------  S U M M A R Y ------------

Command Line: -XX:MaxMetaspaceSize=512m --add-opens=java.base/java.util=ALL-UNNAMED --add-opens=java.base/java.lang=ALL-UNNAMED --add-opens=java.base/java.lang.invoke=ALL-UNNAMED --add-opens=java.prefs/java.util.prefs=ALL-UNNAMED --add-opens=java.base/java.nio.charset=ALL-UNNAMED --add-opens=java.base/java.net=ALL-UNNAMED --add-opens=java.base/java.util.concurrent.atomic=ALL-UNNAMED -Xmx2048m -Dfile.encoding=windows-1252 -Duser.country=IN -Duser.language=en -Duser.variant org.gradle.launcher.daemon.bootstrap.GradleDaemon 8.0.1

Host: Intel(R) Core(TM) i5-1035G1 CPU @ 1.00GHz, 8 cores, 7G,  Windows 10 , 64 bit Build 19041 (10.0.19041.3155)
Time: Wed Sep  6 16:24:13 2023 India Standard Time elapsed time: 20.204191 seconds (0d 0h 0m 20s)

---------------  T H R E A D  ---------------

Current thread (0x000001e38181b370):  JavaThread "C2 CompilerThread1" daemon [_thread_in_native, id=15900, stack(0x000000e1c8200000,0x000000e1c8300000)]


Current CompileTask:
C2:  20204 8472       4       org.gradle.internal.service.DefaultServiceRegistry$OwnServices::getService (309 bytes)

Stack: [0x000000e1c8200000,0x000000e1c8300000]
Native frames: (J=compiled Java code, j=interpreted, Vv=VM code, C=native code)
V  [jvm.dll+0x678b0a]
V  [jvm.dll+0x835e84]
V  [jvm.dll+0x83762e]
V  [jvm.dll+0x837c93]
V  [jvm.dll+0x24746f]
V  [jvm.dll+0xac20c]
V  [jvm.dll+0xac7dc]
V  [jvm.dll+0x365ca7]
V  [jvm.dll+0x3301a1]
V  [jvm.dll+0x32f64a]
V  [jvm.dll+0x219bf1]
V  [jvm.dll+0x219011]
V  [jvm.dll+0x1a534d]
V  [jvm.dll+0x228d8a]
V  [jvm.dll+0x226dcc]
V  [jvm.dll+0x7ec09b]
V  [jvm.dll+0x7e64ca]
V  [jvm.dll+0x677955]
C  [ucrtbase.dll+0x21bb2]
C  [KERNEL32.DLL+0x17614]
C  [ntdll.dll+0x526b1]


---------------  P R O C E S S  ---------------

Threads class SMR info:
_java_thread_list=0x000001e38086f9d0, length=137, elements={
0x000001e3bcbfdff0, 0x000001e3dd151ee0, 0x000001e3dd1539c0, 0x000001e3dd16b7b0,
0x000001e3dd16e190, 0x000001e3dd170a70, 0x000001e3dd171340, 0x000001e3dd171ff0,
0x000001e3dd17a9c0, 0x000001e3dd1aefa0, 0x000001e3dd3d4220, 0x000001e3dd3d6180,
0x000001e3fdb57ba0, 0x000001e3fe973010, 0x000001e3fe47cbc0, 0x000001e3fd6f54f0,
0x000001e3fd242c60, 0x000001e3fdeb5040, 0x000001e3fdeb6680, 0x000001e3fd98ec80,
0x000001e3fd98d330, 0x000001e3fd98d840, 0x000001e3fd98ce20, 0x000001e3fd98dd50,
0x000001e3fd98e260, 0x000001e3fd98e770, 0x000001e3fd98b9e0, 0x000001e3fd98bef0,
0x000001e3fd98c400, 0x000001e3fd98c910, 0x000001e3fde12890, 0x000001e3fde17480,
0x000001e3fde141e0, 0x000001e3fde183b0, 0x000001e3fde17ea0, 0x000001e3fde16a60,
0x000001e3fde15b30, 0x000001e3fde17990, 0x000001e38181b370, 0x000001e3fde188c0,
0x000001e3fde192e0, 0x000001e3fde15620, 0x000001e3fde1a210, 0x000001e3fde197f0,
0x000001e3fde14c00, 0x000001e3fde19d00, 0x000001e3fde16040, 0x000001e3fde12da0,
0x000001e3fde132b0, 0x000001e3fde137c0, 0x000001e3fde16550, 0x000001e3fde146f0,
0x000001e3fde13cd0, 0x000001e3fd07fab0, 0x000001e3fd07a4a0, 0x000001e3fd07d740,
0x000001e3fd07c300, 0x000001e3fd079a80, 0x000001e3fd07e670, 0x000001e3fd079060,
0x000001e3fd07c810, 0x000001e3fd079570, 0x000001e3fd07cd20, 0x000001e3fd07aec0,
0x000001e3fd079f90, 0x000001e3fd07e160, 0x000001e3fd07bdf0, 0x000001e3fd07a9b0,
0x000001e3fd07d230, 0x000001e3fd07b8e0, 0x000001e3fd07eb80, 0x000001e3fd07b3d0,
0x000001e3fd07dc50, 0x000001e3fd07ffc0, 0x000001e3fd0809e0, 0x000001e3feda7bb0,
0x000001e3feda9f20, 0x000001e3feda6c80, 0x000001e3fedab360, 0x000001e3feda9a10,
0x000001e3feda76a0, 0x000001e3feda6260, 0x000001e3fedab870, 0x000001e3feda9500,
0x000001e3feda8ff0, 0x000001e3feda80c0, 0x000001e3fedac290, 0x000001e3feda85d0,
0x000001e3fedaa940, 0x000001e3fedaa430, 0x000001e3feda8ae0, 0x000001e3feda7190,
0x000001e3fedaae50, 0x000001e3feda6770, 0x000001e3fedac7a0, 0x000001e3feda5d50,
0x000001e3fedaccb0, 0x000001e3fedad1c0, 0x000001e3fedad6d0, 0x000001e3800baf80,
0x000001e3800b8700, 0x000001e3800bb9a0, 0x000001e3800baa70, 0x000001e3800ba050,
0x000001e3800bb490, 0x000001e3800b81f0, 0x000001e3800b9630, 0x000001e3800bcde0,
0x000001e3800bbeb0, 0x000001e3800bec40, 0x000001e3800b8c10, 0x000001e3800bd2f0,
0x000001e3800bd800, 0x000001e3800bc8d0, 0x000001e3800bdd10, 0x000001e3800be220,
0x000001e3800bc3c0, 0x000001e3800b9120, 0x000001e3800be730, 0x000001e3800b77d0,
0x000001e3800bf150, 0x000001e3800b7ce0, 0x000001e3800b9b40, 0x000001e3fe375a90,
0x000001e3fe379240, 0x000001e3fe375fa0, 0x000001e3fe3778f0, 0x000001e3fe3764b0,
0x000001e3fe373210, 0x000001e3fe375580, 0x000001e3fe373720, 0x000001e3fe372d00,
0x000001e3fe3769c0, 0x000001e3fe374b60, 0x000001e3fe377e00, 0x000001e3fe3773e0,
0x000001e3fe376ed0
}

Java Threads: ( => current thread )
  0x000001e3bcbfdff0 JavaThread "main" [_thread_blocked, id=13252, stack(0x000000e1c4d00000,0x000000e1c4e00000)]
  0x000001e3dd151ee0 JavaThread "Reference Handler" daemon [_thread_blocked, id=12240, stack(0x000000e1c5400000,0x000000e1c5500000)]
  0x000001e3dd1539c0 JavaThread "Finalizer" daemon [_thread_blocked, id=7428, stack(0x000000e1c5500000,0x000000e1c5600000)]
  0x000001e3dd16b7b0 JavaThread "Signal Dispatcher" daemon [_thread_blocked, id=14668, stack(0x000000e1c5600000,0x000000e1c5700000)]
  0x000001e3dd16e190 JavaThread "Attach Listener" daemon [_thread_blocked, id=8, stack(0x000000e1c5700000,0x000000e1c5800000)]
  0x000001e3dd170a70 JavaThread "Service Thread" daemon [_thread_blocked, id=8212, stack(0x000000e1c5800000,0x000000e1c5900000)]
  0x000001e3dd171340 JavaThread "Monitor Deflation Thread" daemon [_thread_blocked, id=8764, stack(0x000000e1c5900000,0x000000e1c5a00000)]
  0x000001e3dd171ff0 JavaThread "C2 CompilerThread0" daemon [_thread_blocked, id=9484, stack(0x000000e1c5a00000,0x000000e1c5b00000)]
  0x000001e3dd17a9c0 JavaThread "C1 CompilerThread0" daemon [_thread_blocked, id=14784, stack(0x000000e1c5b00000,0x000000e1c5c00000)]
  0x000001e3dd1aefa0 JavaThread "Sweeper thread" daemon [_thread_blocked, id=10956, stack(0x000000e1c5c00000,0x000000e1c5d00000)]
  0x000001e3dd3d4220 JavaThread "Common-Cleaner" daemon [_thread_blocked, id=14344, stack(0x000000e1c5d00000,0x000000e1c5e00000)]
  0x000001e3dd3d6180 JavaThread "Notification Thread" daemon [_thread_blocked, id=7016, stack(0x000000e1c5e00000,0x000000e1c5f00000)]
  0x000001e3fdb57ba0 JavaThread "Daemon health stats" [_thread_blocked, id=12412, stack(0x000000e1c6500000,0x000000e1c6600000)]
  0x000001e3fe973010 JavaThread "Incoming local TCP Connector on port 52193" [_thread_in_native, id=5320, stack(0x000000e1c6000000,0x000000e1c6100000)]
  0x000001e3fe47cbc0 JavaThread "Daemon periodic checks" [_thread_blocked, id=11972, stack(0x000000e1c6600000,0x000000e1c6700000)]
  0x000001e3fd6f54f0 JavaThread "Daemon" [_thread_blocked, id=4196, stack(0x000000e1c6700000,0x000000e1c6800000)]
  0x000001e3fd242c60 JavaThread "Handler for socket connection from /127.0.0.1:52193 to /127.0.0.1:52194" [_thread_in_native, id=6340, stack(0x000000e1c6800000,0x000000e1c6900000)]
  0x000001e3fdeb5040 JavaThread "Cancel handler" [_thread_blocked, id=11116, stack(0x000000e1c6900000,0x000000e1c6a00000)]
  0x000001e3fdeb6680 JavaThread "Daemon worker" [_thread_blocked, id=10072, stack(0x000000e1c6a00000,0x000000e1c6b00000)]
  0x000001e3fd98ec80 JavaThread "Asynchronous log dispatcher for DefaultDaemonConnection: socket connection from /127.0.0.1:52193 to /127.0.0.1:52194" [_thread_blocked, id=15584, stack(0x000000e1c6b00000,0x000000e1c6c00000)]
  0x000001e3fd98d330 JavaThread "Stdin handler" [_thread_blocked, id=2428, stack(0x000000e1c6c00000,0x000000e1c6d00000)]
  0x000001e3fd98d840 JavaThread "Daemon client event forwarder" [_thread_blocked, id=10624, stack(0x000000e1c6d00000,0x000000e1c6e00000)]
  0x000001e3fd98ce20 JavaThread "Cache worker for journal cache (C:\Users\Kriti Sharma\.gradle\caches\journal-1)" [_thread_blocked, id=11600, stack(0x000000e1c6f00000,0x000000e1c7000000)]
  0x000001e3fd98dd50 JavaThread "File lock request listener" [_thread_in_native, id=14488, stack(0x000000e1c7000000,0x000000e1c7100000)]
  0x000001e3fd98e260 JavaThread "Cache worker for file hash cache (C:\Users\Kriti Sharma\.gradle\caches\8.0.1\fileHashes)" [_thread_blocked, id=13912, stack(0x000000e1c7100000,0x000000e1c7200000)]
  0x000001e3fd98e770 JavaThread "File lock release action executor" [_thread_blocked, id=16048, stack(0x000000e1c7500000,0x000000e1c7600000)]
  0x000001e3fd98b9e0 JavaThread "File watcher server" daemon [_thread_in_native, id=1456, stack(0x000000e1c7600000,0x000000e1c7700000)]
  0x000001e3fd98bef0 JavaThread "File watcher consumer" daemon [_thread_blocked, id=6060, stack(0x000000e1c7700000,0x000000e1c7800000)]
  0x000001e3fd98c400 JavaThread "Cache worker for checksums cache (D:\Internship\react project\Calculator\android\.gradle\8.0.1\checksums)" [_thread_blocked, id=14036, stack(0x000000e1c7800000,0x000000e1c7900000)]
  0x000001e3fd98c910 JavaThread "Cache worker for cache directory md-rule (C:\Users\Kriti Sharma\.gradle\caches\8.0.1\md-rule)" [_thread_blocked, id=15328, stack(0x000000e1c7900000,0x000000e1c7a00000)]
  0x000001e3fde12890 JavaThread "Cache worker for file content cache (C:\Users\Kriti Sharma\.gradle\caches\8.0.1\fileContent)" [_thread_blocked, id=5812, stack(0x000000e1c7a00000,0x000000e1c7b00000)]
  0x000001e3fde17480 JavaThread "Cache worker for file hash cache (D:\Internship\react project\Calculator\android\.gradle\8.0.1\fileHashes)" [_thread_blocked, id=13112, stack(0x000000e1c7b00000,0x000000e1c7c00000)]
  0x000001e3fde141e0 JavaThread "Cache worker for cache directory md-supplier (C:\Users\Kriti Sharma\.gradle\caches\8.0.1\md-supplier)" [_thread_blocked, id=11136, stack(0x000000e1c7d00000,0x000000e1c7e00000)]
  0x000001e3fde183b0 JavaThread "Cache worker for execution history cache (C:\Users\Kriti Sharma\.gradle\caches\8.0.1\executionHistory)" [_thread_blocked, id=1468, stack(0x000000e1c7e00000,0x000000e1c7f00000)]
  0x000001e3fde17ea0 JavaThread "jar transforms" [_thread_blocked, id=8952, stack(0x000000e1c7f00000,0x000000e1c8000000)]
  0x000001e3fde16a60 JavaThread "jar transforms Thread 2" [_thread_blocked, id=12520, stack(0x000000e1c8000000,0x000000e1c8100000)]
  0x000001e3fde15b30 JavaThread "jar transforms Thread 3" [_thread_blocked, id=6244, stack(0x000000e1c6e00000,0x000000e1c6f00000)]
  0x000001e3fde17990 JavaThread "jar transforms Thread 4" [_thread_blocked, id=13940, stack(0x000000e1c8100000,0x000000e1c8200000)]
=>0x000001e38181b370 JavaThread "C2 CompilerThread1" daemon [_thread_in_native, id=15900, stack(0x000000e1c8200000,0x000000e1c8300000)]
  0x000001e3fde188c0 JavaThread "Cache worker for kotlin-dsl (C:\Users\Kriti Sharma\.gradle\caches\8.0.1\kotlin-dsl)" [_thread_blocked, id=8776, stack(0x000000e1c8300000,0x000000e1c8400000)]
  0x000001e3fde192e0 JavaThread "jar transforms Thread 5" [_thread_blocked, id=9088, stack(0x000000e1c8400000,0x000000e1c8500000)]
  0x000001e3fde15620 JavaThread "jar transforms Thread 6" [_thread_blocked, id=2944, stack(0x000000e1c8500000,0x000000e1c8600000)]
  0x000001e3fde1a210 JavaThread "Cache worker for dependencies-accessors (D:\Internship\react project\Calculator\android\.gradle\8.0.1\dependencies-accessors)" [_thread_blocked, id=16020, stack(0x000000e1c8600000,0x000000e1c8700000)]
  0x000001e3fde197f0 JavaThread "Cache worker for Build Output Cleanup Cache (D:\Internship\react project\Calculator\node_modules\@react-native\gradle-plugin\.gradle\buildOutputCleanup)" [_thread_blocked, id=15428, stack(0x000000e1c8700000,0x000000e1c8800000)]
  0x000001e3fde14c00 JavaThread "jar transforms Thread 7" [_thread_blocked, id=10968, stack(0x000000e1c8800000,0x000000e1c8900000)]
  0x000001e3fde19d00 JavaThread "Unconstrained build operations" [_thread_blocked, id=532, stack(0x000000e1c8900000,0x000000e1c8a00000)]
  0x000001e3fde16040 JavaThread "Unconstrained build operations Thread 2" [_thread_blocked, id=16040, stack(0x000000e1c8a00000,0x000000e1c8b00000)]
  0x000001e3fde12da0 JavaThread "Unconstrained build operations Thread 3" [_thread_blocked, id=7128, stack(0x000000e1c8b00000,0x000000e1c8c00000)]
  0x000001e3fde132b0 JavaThread "Unconstrained build operations Thread 4" [_thread_blocked, id=15088, stack(0x000000e1c8c00000,0x000000e1c8d00000)]
  0x000001e3fde137c0 JavaThread "Unconstrained build operations Thread 5" [_thread_blocked, id=756, stack(0x000000e1c8d00000,0x000000e1c8e00000)]
  0x000001e3fde16550 JavaThread "Unconstrained build operations Thread 6" [_thread_blocked, id=14680, stack(0x000000e1c8e00000,0x000000e1c8f00000)]
  0x000001e3fde146f0 JavaThread "Unconstrained build operations Thread 7" [_thread_blocked, id=6092, stack(0x000000e1c8f00000,0x000000e1c9000000)]
  0x000001e3fde13cd0 JavaThread "Unconstrained build operations Thread 8" [_thread_blocked, id=12948, stack(0x000000e1c9000000,0x000000e1c9100000)]
  0x000001e3fd07fab0 JavaThread "Unconstrained build operations Thread 9" [_thread_blocked, id=2644, stack(0x000000e1c9100000,0x000000e1c9200000)]
  0x000001e3fd07a4a0 JavaThread "Unconstrained build operations Thread 10" [_thread_blocked, id=14360, stack(0x000000e1c9200000,0x000000e1c9300000)]
  0x000001e3fd07d740 JavaThread "Unconstrained build operations Thread 11" [_thread_blocked, id=9376, stack(0x000000e1c9300000,0x000000e1c9400000)]
  0x000001e3fd07c300 JavaThread "Unconstrained build operations Thread 12" [_thread_blocked, id=5968, stack(0x000000e1c9400000,0x000000e1c9500000)]
  0x000001e3fd079a80 JavaThread "Unconstrained build operations Thread 13" [_thread_blocked, id=5464, stack(0x000000e1c9500000,0x000000e1c9600000)]
  0x000001e3fd07e670 JavaThread "Unconstrained build operations Thread 14" [_thread_blocked, id=11296, stack(0x000000e1c9600000,0x000000e1c9700000)]
  0x000001e3fd079060 JavaThread "Unconstrained build operations Thread 15" [_thread_blocked, id=14500, stack(0x000000e1c9700000,0x000000e1c9800000)]
  0x000001e3fd07c810 JavaThread "Unconstrained build operations Thread 16" [_thread_blocked, id=13476, stack(0x000000e1c9800000,0x000000e1c9900000)]
  0x000001e3fd079570 JavaThread "Unconstrained build operations Thread 17" [_thread_blocked, id=3872, stack(0x000000e1c9900000,0x000000e1c9a00000)]
  0x000001e3fd07cd20 JavaThread "Unconstrained build operations Thread 18" [_thread_blocked, id=7200, stack(0x000000e1c9a00000,0x000000e1c9b00000)]
  0x000001e3fd07aec0 JavaThread "Unconstrained build operations Thread 19" [_thread_blocked, id=1404, stack(0x000000e1c9b00000,0x000000e1c9c00000)]
  0x000001e3fd079f90 JavaThread "Unconstrained build operations Thread 20" [_thread_blocked, id=3736, stack(0x000000e1c9c00000,0x000000e1c9d00000)]
  0x000001e3fd07e160 JavaThread "Unconstrained build operations Thread 21" [_thread_blocked, id=14512, stack(0x000000e1c9d00000,0x000000e1c9e00000)]
  0x000001e3fd07bdf0 JavaThread "Unconstrained build operations Thread 22" [_thread_blocked, id=608, stack(0x000000e1c9e00000,0x000000e1c9f00000)]
  0x000001e3fd07a9b0 JavaThread "Unconstrained build operations Thread 23" [_thread_blocked, id=2656, stack(0x000000e1c9f00000,0x000000e1ca000000)]
  0x000001e3fd07d230 JavaThread "Unconstrained build operations Thread 24" [_thread_blocked, id=15844, stack(0x000000e1ca000000,0x000000e1ca100000)]
  0x000001e3fd07b8e0 JavaThread "Unconstrained build operations Thread 25" [_thread_blocked, id=1196, stack(0x000000e1ca100000,0x000000e1ca200000)]
  0x000001e3fd07eb80 JavaThread "Unconstrained build operations Thread 26" [_thread_blocked, id=8208, stack(0x000000e1ca200000,0x000000e1ca300000)]
  0x000001e3fd07b3d0 JavaThread "jar transforms Thread 8" [_thread_blocked, id=8512, stack(0x000000e1ca300000,0x000000e1ca400000)]
  0x000001e3fd07dc50 JavaThread "Memory manager" [_thread_blocked, id=12908, stack(0x000000e1ca400000,0x000000e1ca500000)]
  0x000001e3fd07ffc0 JavaThread "Cache worker for Build Output Cleanup Cache (D:\Internship\react project\Calculator\android\.gradle\buildOutputCleanup)" [_thread_blocked, id=7060, stack(0x000000e1ca500000,0x000000e1ca600000)]
  0x000001e3fd0809e0 JavaThread "included builds" [_thread_blocked, id=11200, stack(0x000000e1ca600000,0x000000e1ca700000)]
  0x000001e3feda7bb0 JavaThread "Execution worker" [_thread_blocked, id=7812, stack(0x000000e1ca700000,0x000000e1ca800000)]
  0x000001e3feda9f20 JavaThread "Execution worker Thread 2" [_thread_blocked, id=15804, stack(0x000000e1ca800000,0x000000e1ca900000)]
  0x000001e3feda6c80 JavaThread "Execution worker Thread 3" [_thread_blocked, id=16296, stack(0x000000e1ca900000,0x000000e1caa00000)]
  0x000001e3fedab360 JavaThread "Execution worker Thread 4" [_thread_blocked, id=7412, stack(0x000000e1caa00000,0x000000e1cab00000)]
  0x000001e3feda9a10 JavaThread "Execution worker Thread 5" [_thread_blocked, id=15340, stack(0x000000e1cab00000,0x000000e1cac00000)]
  0x000001e3feda76a0 JavaThread "Execution worker Thread 6" [_thread_blocked, id=14472, stack(0x000000e1cac00000,0x000000e1cad00000)]
  0x000001e3feda6260 JavaThread "Execution worker Thread 7" [_thread_blocked, id=4068, stack(0x000000e1cad00000,0x000000e1cae00000)]
  0x000001e3fedab870 JavaThread "Cache worker for execution history cache (D:\Internship\react project\Calculator\node_modules\@react-native\gradle-plugin\.gradle\8.0.1\executionHistory)" [_thread_blocked, id=13188, stack(0x000000e1cae00000,0x000000e1caf00000)]
  0x000001e3feda9500 JavaThread "Unconstrained build operations Thread 27" [_thread_blocked, id=14848, stack(0x000000e1caf00000,0x000000e1cb000000)]
  0x000001e3feda8ff0 JavaThread "Unconstrained build operations Thread 28" [_thread_blocked, id=6124, stack(0x000000e1cb000000,0x000000e1cb100000)]
  0x000001e3feda80c0 JavaThread "Unconstrained build operations Thread 29" [_thread_blocked, id=14732, stack(0x000000e1cb100000,0x000000e1cb200000)]
  0x000001e3fedac290 JavaThread "Unconstrained build operations Thread 30" [_thread_blocked, id=15748, stack(0x000000e1cb200000,0x000000e1cb300000)]
  0x000001e3feda85d0 JavaThread "Unconstrained build operations Thread 31" [_thread_blocked, id=12828, stack(0x000000e1cb300000,0x000000e1cb400000)]
  0x000001e3fedaa940 JavaThread "Unconstrained build operations Thread 32" [_thread_blocked, id=8292, stack(0x000000e1cb400000,0x000000e1cb500000)]
  0x000001e3fedaa430 JavaThread "Unconstrained build operations Thread 33" [_thread_blocked, id=7780, stack(0x000000e1cb500000,0x000000e1cb600000)]
  0x000001e3feda8ae0 JavaThread "Unconstrained build operations Thread 34" [_thread_blocked, id=5676, stack(0x000000e1cb600000,0x000000e1cb700000)]
  0x000001e3feda7190 JavaThread "Unconstrained build operations Thread 35" [_thread_blocked, id=15720, stack(0x000000e1cb700000,0x000000e1cb800000)]
  0x000001e3fedaae50 JavaThread "Unconstrained build operations Thread 36" [_thread_blocked, id=10516, stack(0x000000e1cb800000,0x000000e1cb900000)]
  0x000001e3feda6770 JavaThread "Unconstrained build operations Thread 37" [_thread_blocked, id=15952, stack(0x000000e1cb900000,0x000000e1cba00000)]
  0x000001e3fedac7a0 JavaThread "Unconstrained build operations Thread 38" [_thread_blocked, id=4344, stack(0x000000e1cba00000,0x000000e1cbb00000)]
  0x000001e3feda5d50 JavaThread "Unconstrained build operations Thread 39" [_thread_blocked, id=9524, stack(0x000000e1cbb00000,0x000000e1cbc00000)]
  0x000001e3fedaccb0 JavaThread "Unconstrained build operations Thread 40" [_thread_blocked, id=13904, stack(0x000000e1cbc00000,0x000000e1cbd00000)]
  0x000001e3fedad1c0 JavaThread "Unconstrained build operations Thread 41" [_thread_blocked, id=10360, stack(0x000000e1cbd00000,0x000000e1cbe00000)]
  0x000001e3fedad6d0 JavaThread "Unconstrained build operations Thread 42" [_thread_blocked, id=9888, stack(0x000000e1cbe00000,0x000000e1cbf00000)]
  0x000001e3800baf80 JavaThread "Unconstrained build operations Thread 43" [_thread_blocked, id=3628, stack(0x000000e1cbf00000,0x000000e1cc000000)]
  0x000001e3800b8700 JavaThread "Unconstrained build operations Thread 44" [_thread_blocked, id=6912, stack(0x000000e1cc000000,0x000000e1cc100000)]
  0x000001e3800bb9a0 JavaThread "Unconstrained build operations Thread 45" [_thread_blocked, id=960, stack(0x000000e1cc100000,0x000000e1cc200000)]
  0x000001e3800baa70 JavaThread "Unconstrained build operations Thread 46" [_thread_blocked, id=7500, stack(0x000000e1cc200000,0x000000e1cc300000)]
  0x000001e3800ba050 JavaThread "Unconstrained build operations Thread 47" [_thread_blocked, id=1900, stack(0x000000e1cc300000,0x000000e1cc400000)]
  0x000001e3800bb490 JavaThread "Unconstrained build operations Thread 48" [_thread_blocked, id=11152, stack(0x000000e1cc400000,0x000000e1cc500000)]
  0x000001e3800b81f0 JavaThread "Unconstrained build operations Thread 49" [_thread_blocked, id=10592, stack(0x000000e1cc500000,0x000000e1cc600000)]
  0x000001e3800b9630 JavaThread "Unconstrained build operations Thread 50" [_thread_blocked, id=14796, stack(0x000000e1cc600000,0x000000e1cc700000)]
  0x000001e3800bcde0 JavaThread "Unconstrained build operations Thread 51" [_thread_blocked, id=9488, stack(0x000000e1cc700000,0x000000e1cc800000)]
  0x000001e3800bbeb0 JavaThread "Unconstrained build operations Thread 52" [_thread_blocked, id=2488, stack(0x000000e1cc800000,0x000000e1cc900000)]
  0x000001e3800bec40 JavaThread "Unconstrained build operations Thread 53" [_thread_blocked, id=15912, stack(0x000000e1cc900000,0x000000e1cca00000)]
  0x000001e3800b8c10 JavaThread "Unconstrained build operations Thread 54" [_thread_blocked, id=9332, stack(0x000000e1cca00000,0x000000e1ccb00000)]
  0x000001e3800bd2f0 JavaThread "Unconstrained build operations Thread 55" [_thread_blocked, id=1704, stack(0x000000e1ccb00000,0x000000e1ccc00000)]
  0x000001e3800bd800 JavaThread "Unconstrained build operations Thread 56" [_thread_blocked, id=9860, stack(0x000000e1ccc00000,0x000000e1ccd00000)]
  0x000001e3800bc8d0 JavaThread "Unconstrained build operations Thread 57" [_thread_blocked, id=4720, stack(0x000000e1ccd00000,0x000000e1cce00000)]
  0x000001e3800bdd10 JavaThread "Unconstrained build operations Thread 58" [_thread_blocked, id=7532, stack(0x000000e1cce00000,0x000000e1ccf00000)]
  0x000001e3800be220 JavaThread "Unconstrained build operations Thread 59" [_thread_blocked, id=2960, stack(0x000000e1ccf00000,0x000000e1cd000000)]
  0x000001e3800bc3c0 JavaThread "Unconstrained build operations Thread 60" [_thread_blocked, id=15296, stack(0x000000e1cd000000,0x000000e1cd100000)]
  0x000001e3800b9120 JavaThread "Unconstrained build operations Thread 61" [_thread_blocked, id=12556, stack(0x000000e1cd100000,0x000000e1cd200000)]
  0x000001e3800be730 JavaThread "Unconstrained build operations Thread 62" [_thread_blocked, id=1936, stack(0x000000e1cd200000,0x000000e1cd300000)]
  0x000001e3800b77d0 JavaThread "Unconstrained build operations Thread 63" [_thread_blocked, id=15480, stack(0x000000e1cd300000,0x000000e1cd400000)]
  0x000001e3800bf150 JavaThread "Unconstrained build operations Thread 64" [_thread_blocked, id=788, stack(0x000000e1cd400000,0x000000e1cd500000)]
  0x000001e3800b7ce0 JavaThread "Unconstrained build operations Thread 65" [_thread_blocked, id=15084, stack(0x000000e1cd500000,0x000000e1cd600000)]
  0x000001e3800b9b40 JavaThread "Unconstrained build operations Thread 66" [_thread_blocked, id=13688, stack(0x000000e1cd600000,0x000000e1cd700000)]
  0x000001e3fe375a90 JavaThread "Unconstrained build operations Thread 67" [_thread_blocked, id=7248, stack(0x000000e1cd700000,0x000000e1cd800000)]
  0x000001e3fe379240 JavaThread "Unconstrained build operations Thread 68" [_thread_blocked, id=9928, stack(0x000000e1cd800000,0x000000e1cd900000)]
  0x000001e3fe375fa0 JavaThread "Unconstrained build operations Thread 69" [_thread_blocked, id=16352, stack(0x000000e1cd900000,0x000000e1cda00000)]
  0x000001e3fe3778f0 JavaThread "Unconstrained build operations Thread 70" [_thread_blocked, id=3744, stack(0x000000e1cda00000,0x000000e1cdb00000)]
  0x000001e3fe3764b0 JavaThread "Unconstrained build operations Thread 71" [_thread_blocked, id=4548, stack(0x000000e1cdb00000,0x000000e1cdc00000)]
  0x000001e3fe373210 JavaThread "Unconstrained build operations Thread 72" [_thread_blocked, id=15460, stack(0x000000e1cdc00000,0x000000e1cdd00000)]
  0x000001e3fe375580 JavaThread "Unconstrained build operations Thread 73" [_thread_blocked, id=1440, stack(0x000000e1cdd00000,0x000000e1cde00000)]
  0x000001e3fe373720 JavaThread "Unconstrained build operations Thread 74" [_thread_blocked, id=14560, stack(0x000000e1cde00000,0x000000e1cdf00000)]
  0x000001e3fe372d00 JavaThread "Unconstrained build operations Thread 75" [_thread_blocked, id=12804, stack(0x000000e1cdf00000,0x000000e1ce000000)]
  0x000001e3fe3769c0 JavaThread "Unconstrained build operations Thread 76" [_thread_blocked, id=14880, stack(0x000000e1ce000000,0x000000e1ce100000)]
  0x000001e3fe374b60 JavaThread "Unconstrained build operations Thread 77" [_thread_blocked, id=15224, stack(0x000000e1ce100000,0x000000e1ce200000)]
  0x000001e3fe377e00 JavaThread "Unconstrained build operations Thread 78" [_thread_blocked, id=15636, stack(0x000000e1ce200000,0x000000e1ce300000)]
  0x000001e3fe3773e0 JavaThread "Unconstrained build operations Thread 79" [_thread_blocked, id=6504, stack(0x000000e1ce300000,0x000000e1ce400000)]
  0x000001e3fe376ed0 JavaThread "Unconstrained build operations Thread 80" [_thread_blocked, id=13460, stack(0x000000e1ce400000,0x000000e1ce500000)]

Other Threads:
  0x000001e3dd14f530 VMThread "VM Thread" [stack: 0x000000e1c5300000,0x000000e1c5400000] [id=16056]
  0x000001e3dd3d6a70 WatcherThread [stack: 0x000000e1c5f00000,0x000000e1c6000000] [id=15104]
  0x000001e3bed88dc0 GCTaskThread "GC Thread#0" [stack: 0x000000e1c4e00000,0x000000e1c4f00000] [id=14412]
  0x000001e3fd015d70 GCTaskThread "GC Thread#1" [stack: 0x000000e1c6100000,0x000000e1c6200000] [id=12152]
  0x000001e3fd016030 GCTaskThread "GC Thread#2" [stack: 0x000000e1c6200000,0x000000e1c6300000] [id=12920]
  0x000001e3dd88db20 GCTaskThread "GC Thread#3" [stack: 0x000000e1c6300000,0x000000e1c6400000] [id=8756]
  0x000001e3ddc7f120 GCTaskThread "GC Thread#4" [stack: 0x000000e1c6400000,0x000000e1c6500000] [id=10452]
  0x000001e3ddc7e0a0 GCTaskThread "GC Thread#5" [stack: 0x000000e1c7200000,0x000000e1c7300000] [id=10648]
  0x000001e3ddc7d5a0 GCTaskThread "GC Thread#6" [stack: 0x000000e1c7300000,0x000000e1c7400000] [id=1652]
  0x000001e3ddc7eba0 GCTaskThread "GC Thread#7" [stack: 0x000000e1c7400000,0x000000e1c7500000] [id=7528]
  0x000001e3bed9ac30 ConcurrentGCThread "G1 Main Marker" [stack: 0x000000e1c4f00000,0x000000e1c5000000] [id=2604]
  0x000001e3bed9b550 ConcurrentGCThread "G1 Conc#0" [stack: 0x000000e1c5000000,0x000000e1c5100000] [id=11648]
  0x000001e3ddc7dde0 ConcurrentGCThread "G1 Conc#1" [stack: 0x000000e1c7c00000,0x000000e1c7d00000] [id=14572]
  0x000001e3bededbb0 ConcurrentGCThread "G1 Refine#0" [stack: 0x000000e1c5100000,0x000000e1c5200000] [id=5200]
  0x000001e3bedee4f0 ConcurrentGCThread "G1 Service" [stack: 0x000000e1c5200000,0x000000e1c5300000] [id=7844]

Threads with active compile tasks:
C2 CompilerThread0    20231 8524       4       org.gradle.internal.service.DefaultServiceRegistry$ClassInspector$ClassDetails::collectTypes (63 bytes)
C2 CompilerThread1    20231 8472       4       org.gradle.internal.service.DefaultServiceRegistry$OwnServices::getService (309 bytes)

VM state: at safepoint (normal execution)

VM Mutex/Monitor currently owned by a thread:  ([mutex/lock_event])
[0x000001e3bcbfa2f0] Threads_lock - owner thread: 0x000001e3dd14f530
[0x000001e3bcbfaa40] Heap_lock - owner thread: 0x000001e3fdeb6680

Heap address: 0x0000000080000000, size: 2048 MB, Compressed Oops mode: 32-bit

CDS archive(s) mapped at: [0x000001e3de000000-0x000001e3debd0000-0x000001e3debd0000), size 12386304, SharedBaseAddress: 0x000001e3de000000, ArchiveRelocationMode: 1.
Compressed class space mapped at: 0x000001e3df000000-0x000001e3f9000000, reserved size: 436207616
Narrow klass base: 0x000001e3de000000, Narrow klass shift: 0, Narrow klass range: 0x100000000

GC Precious Log:
 CPUs: 8 total, 8 available
 Memory: 7959M
 Large Page Support: Disabled
 NUMA Support: Disabled
 Compressed Oops: Enabled (32-bit)
 Heap Region Size: 1M
 Heap Min Capacity: 8M
 Heap Initial Capacity: 126M
 Heap Max Capacity: 2G
 Pre-touch: Disabled
 Parallel Workers: 8
 Concurrent Workers: 2
 Concurrent Refinement Workers: 8
 Periodic GC: Disabled

Heap:
 garbage-first heap   total 112640K, used 67594K [0x0000000080000000, 0x0000000100000000)
  region size 1024K, 3 young (3072K), 3 survivors (3072K)
 Metaspace       used 66481K, committed 67136K, reserved 491520K
  class space    used 9147K, committed 9472K, reserved 425984K

Heap Regions: E=young(eden), S=young(survivor), O=old, HS=humongous(starts), HC=humongous(continues), CS=collection set, F=free, OA=open archive, CA=closed archive, TAMS=top-at-mark-start (previous, next)
|   0|0x0000000080000000, 0x0000000080100000, 0x0000000080100000|100%|HS|  |TAMS 0x0000000080100000, 0x0000000080100000| Complete 
|   1|0x0000000080100000, 0x0000000080200000, 0x0000000080200000|100%|HC|  |TAMS 0x0000000080200000, 0x0000000080200000| Complete 
|   2|0x0000000080200000, 0x0000000080300000, 0x0000000080300000|100%|HC|  |TAMS 0x0000000080300000, 0x0000000080300000| Complete 
|   3|0x0000000080300000, 0x0000000080400000, 0x0000000080400000|100%|HC|  |TAMS 0x0000000080400000, 0x0000000080400000| Complete 
|   4|0x0000000080400000, 0x0000000080500000, 0x0000000080500000|100%| O|  |TAMS 0x0000000080500000, 0x0000000080500000| Untracked 
|   5|0x0000000080500000, 0x0000000080600000, 0x0000000080600000|100%| O|  |TAMS 0x0000000080600000, 0x0000000080600000| Untracked 
|   6|0x0000000080600000, 0x0000000080700000, 0x0000000080700000|100%| O|  |TAMS 0x0000000080700000, 0x0000000080700000| Untracked 
|   7|0x0000000080700000, 0x0000000080800000, 0x0000000080800000|100%| O|  |TAMS 0x0000000080800000, 0x0000000080800000| Untracked 
|   8|0x0000000080800000, 0x0000000080900000, 0x0000000080900000|100%| O|  |TAMS 0x0000000080900000, 0x0000000080900000| Untracked 
|   9|0x0000000080900000, 0x0000000080a00000, 0x0000000080a00000|100%| O|  |TAMS 0x0000000080a00000, 0x0000000080a00000| Untracked 
|  10|0x0000000080a00000, 0x0000000080b00000, 0x0000000080b00000|100%| O|  |TAMS 0x0000000080b00000, 0x0000000080b00000| Untracked 
|  11|0x0000000080b00000, 0x0000000080c00000, 0x0000000080c00000|100%| O|  |TAMS 0x0000000080c00000, 0x0000000080c00000| Untracked 
|  12|0x0000000080c00000, 0x0000000080d00000, 0x0000000080d00000|100%| O|  |TAMS 0x0000000080d00000, 0x0000000080d00000| Untracked 
|  13|0x0000000080d00000, 0x0000000080e00000, 0x0000000080e00000|100%| O|  |TAMS 0x0000000080e00000, 0x0000000080e00000| Untracked 
|  14|0x0000000080e00000, 0x0000000080f00000, 0x0000000080f00000|100%| O|  |TAMS 0x0000000080f00000, 0x0000000080f00000| Untracked 
|  15|0x0000000080f00000, 0x0000000081000000, 0x0000000081000000|100%| O|  |TAMS 0x0000000081000000, 0x0000000081000000| Untracked 
|  16|0x0000000081000000, 0x0000000081100000, 0x0000000081100000|100%| O|  |TAMS 0x0000000081100000, 0x0000000081100000| Untracked 
|  17|0x0000000081100000, 0x0000000081200000, 0x0000000081200000|100%| O|  |TAMS 0x0000000081200000, 0x0000000081200000| Untracked 
|  18|0x0000000081200000, 0x0000000081300000, 0x0000000081300000|100%| O|  |TAMS 0x0000000081300000, 0x0000000081300000| Untracked 
|  19|0x0000000081300000, 0x0000000081400000, 0x0000000081400000|100%| O|  |TAMS 0x0000000081400000, 0x0000000081400000| Untracked 
|  20|0x0000000081400000, 0x0000000081400000, 0x0000000081500000|  0%| F|  |TAMS 0x0000000081400000, 0x0000000081400000| Untracked 
|  21|0x0000000081500000, 0x0000000081600000, 0x0000000081600000|100%| O|  |TAMS 0x0000000081600000, 0x0000000081600000| Untracked 
|  22|0x0000000081600000, 0x0000000081700000, 0x0000000081700000|100%| O|  |TAMS 0x0000000081700000, 0x0000000081700000| Untracked 
|  23|0x0000000081700000, 0x0000000081800000, 0x0000000081800000|100%| O|  |TAMS 0x0000000081800000, 0x0000000081800000| Untracked 
|  24|0x0000000081800000, 0x0000000081900000, 0x0000000081900000|100%| O|  |TAMS 0x0000000081900000, 0x0000000081900000| Untracked 
|  25|0x0000000081900000, 0x0000000081a00000, 0x0000000081a00000|100%| O|  |TAMS 0x0000000081a00000, 0x0000000081a00000| Untracked 
|  26|0x0000000081a00000, 0x0000000081b00000, 0x0000000081b00000|100%| O|  |TAMS 0x0000000081b00000, 0x0000000081b00000| Untracked 
|  27|0x0000000081b00000, 0x0000000081c00000, 0x0000000081c00000|100%| O|  |TAMS 0x0000000081c00000, 0x0000000081c00000| Untracked 
|  28|0x0000000081c00000, 0x0000000081d00000, 0x0000000081d00000|100%| O|  |TAMS 0x0000000081d00000, 0x0000000081d00000| Untracked 
|  29|0x0000000081d00000, 0x0000000081e00000, 0x0000000081e00000|100%|HS|  |TAMS 0x0000000081e00000, 0x0000000081e00000| Complete 
|  30|0x0000000081e00000, 0x0000000081f00000, 0x0000000081f00000|100%|HC|  |TAMS 0x0000000081f00000, 0x0000000081f00000| Complete 
|  31|0x0000000081f00000, 0x0000000082000000, 0x0000000082000000|100%| O|  |TAMS 0x0000000082000000, 0x0000000082000000| Untracked 
|  32|0x0000000082000000, 0x0000000082100000, 0x0000000082100000|100%| O|  |TAMS 0x0000000082100000, 0x0000000082100000| Untracked 
|  33|0x0000000082100000, 0x0000000082200000, 0x0000000082200000|100%| O|  |TAMS 0x0000000082200000, 0x0000000082200000| Untracked 
|  34|0x0000000082200000, 0x0000000082300000, 0x0000000082300000|100%| O|  |TAMS 0x0000000082300000, 0x0000000082300000| Untracked 
|  35|0x0000000082300000, 0x0000000082400000, 0x0000000082400000|100%| O|  |TAMS 0x0000000082400000, 0x0000000082400000| Untracked 
|  36|0x0000000082400000, 0x0000000082500000, 0x0000000082500000|100%| O|  |TAMS 0x0000000082500000, 0x0000000082500000| Untracked 
|  37|0x0000000082500000, 0x0000000082600000, 0x0000000082600000|100%|HS|  |TAMS 0x0000000082600000, 0x0000000082600000| Complete 
|  38|0x0000000082600000, 0x0000000082700000, 0x0000000082700000|100%|HC|  |TAMS 0x0000000082700000, 0x0000000082700000| Complete 
|  39|0x0000000082700000, 0x0000000082800000, 0x0000000082800000|100%|HC|  |TAMS 0x0000000082800000, 0x0000000082800000| Complete 
|  40|0x0000000082800000, 0x0000000082900000, 0x0000000082900000|100%|HC|  |TAMS 0x0000000082900000, 0x0000000082900000| Complete 
|  41|0x0000000082900000, 0x0000000082a00000, 0x0000000082a00000|100%| O|  |TAMS 0x0000000082a00000, 0x0000000082a00000| Untracked 
|  42|0x0000000082a00000, 0x0000000082b00000, 0x0000000082b00000|100%| O|  |TAMS 0x0000000082b00000, 0x0000000082b00000| Untracked 
|  43|0x0000000082b00000, 0x0000000082c00000, 0x0000000082c00000|100%| O|  |TAMS 0x0000000082c00000, 0x0000000082c00000| Untracked 
|  44|0x0000000082c00000, 0x0000000082d00000, 0x0000000082d00000|100%| O|  |TAMS 0x0000000082d00000, 0x0000000082d00000| Untracked 
|  45|0x0000000082d00000, 0x0000000082e00000, 0x0000000082e00000|100%| O|  |TAMS 0x0000000082e00000, 0x0000000082e00000| Untracked 
|  46|0x0000000082e00000, 0x0000000082f00000, 0x0000000082f00000|100%| O|  |TAMS 0x0000000082f00000, 0x0000000082f00000| Untracked 
|  47|0x0000000082f00000, 0x0000000083000000, 0x0000000083000000|100%| O|  |TAMS 0x0000000083000000, 0x0000000083000000| Untracked 
|  48|0x0000000083000000, 0x0000000083100000, 0x0000000083100000|100%| O|  |TAMS 0x0000000083100000, 0x0000000083100000| Untracked 
|  49|0x0000000083100000, 0x0000000083200000, 0x0000000083200000|100%| O|  |TAMS 0x0000000083200000, 0x0000000083200000| Untracked 
|  50|0x0000000083200000, 0x0000000083300000, 0x0000000083300000|100%| O|  |TAMS 0x0000000083300000, 0x0000000083300000| Untracked 
|  51|0x0000000083300000, 0x0000000083400000, 0x0000000083400000|100%| O|  |TAMS 0x0000000083400000, 0x0000000083400000| Untracked 
|  52|0x0000000083400000, 0x0000000083500000, 0x0000000083500000|100%| O|  |TAMS 0x0000000083500000, 0x0000000083500000| Untracked 
|  53|0x0000000083500000, 0x0000000083600000, 0x0000000083600000|100%| O|  |TAMS 0x0000000083600000, 0x0000000083600000| Untracked 
|  54|0x0000000083600000, 0x0000000083700000, 0x0000000083700000|100%| O|  |TAMS 0x000000008367ac00, 0x0000000083700000| Untracked 
|  55|0x0000000083700000, 0x0000000083800000, 0x0000000083800000|100%| O|  |TAMS 0x0000000083700000, 0x0000000083800000| Untracked 
|  56|0x0000000083800000, 0x0000000083900000, 0x0000000083900000|100%| O|  |TAMS 0x0000000083800000, 0x0000000083900000| Untracked 
|  57|0x0000000083900000, 0x0000000083a00000, 0x0000000083a00000|100%| O|  |TAMS 0x0000000083900000, 0x0000000083a00000| Untracked 
|  58|0x0000000083a00000, 0x0000000083b00000, 0x0000000083b00000|100%| O|  |TAMS 0x0000000083a00000, 0x0000000083b00000| Untracked 
|  59|0x0000000083b00000, 0x0000000083c00000, 0x0000000083c00000|100%|HS|  |TAMS 0x0000000083b00000, 0x0000000083c00000| Complete 
|  60|0x0000000083c00000, 0x0000000083d00000, 0x0000000083d00000|100%|HS|  |TAMS 0x0000000083c00000, 0x0000000083d00000| Complete 
|  61|0x0000000083d00000, 0x0000000083e00000, 0x0000000083e00000|100%| O|  |TAMS 0x0000000083d00000, 0x0000000083e00000| Untracked 
|  62|0x0000000083e00000, 0x0000000083f00000, 0x0000000083f00000|100%| O|  |TAMS 0x0000000083e00000, 0x0000000083f00000| Untracked 
|  63|0x0000000083f00000, 0x0000000084000000, 0x0000000084000000|100%| O|  |TAMS 0x0000000083f00000, 0x0000000084000000| Untracked 
|  64|0x0000000084000000, 0x00000000840fca00, 0x0000000084100000| 98%| O|  |TAMS 0x0000000084000000, 0x00000000840fca00| Untracked 
|  65|0x0000000084100000, 0x0000000084100000, 0x0000000084200000|  0%| F|  |TAMS 0x0000000084100000, 0x0000000084100000| Untracked 
|  66|0x0000000084200000, 0x0000000084200000, 0x0000000084300000|  0%| F|  |TAMS 0x0000000084200000, 0x0000000084200000| Untracked 
|  67|0x0000000084300000, 0x0000000084300000, 0x0000000084400000|  0%| F|  |TAMS 0x0000000084300000, 0x0000000084300000| Untracked 
|  68|0x0000000084400000, 0x0000000084400000, 0x0000000084500000|  0%| F|  |TAMS 0x0000000084400000, 0x0000000084400000| Untracked 
|  69|0x0000000084500000, 0x0000000084500000, 0x0000000084600000|  0%| F|  |TAMS 0x0000000084500000, 0x0000000084500000| Untracked 
|  70|0x0000000084600000, 0x0000000084600000, 0x0000000084700000|  0%| F|  |TAMS 0x0000000084600000, 0x0000000084600000| Untracked 
|  71|0x0000000084700000, 0x0000000084700000, 0x0000000084800000|  0%| F|  |TAMS 0x0000000084700000, 0x0000000084700000| Untracked 
|  72|0x0000000084800000, 0x0000000084800000, 0x0000000084900000|  0%| F|  |TAMS 0x0000000084800000, 0x0000000084800000| Untracked 
|  73|0x0000000084900000, 0x0000000084900000, 0x0000000084a00000|  0%| F|  |TAMS 0x0000000084900000, 0x0000000084900000| Untracked 
|  74|0x0000000084a00000, 0x0000000084a00000, 0x0000000084b00000|  0%| F|  |TAMS 0x0000000084a00000, 0x0000000084a00000| Untracked 
|  75|0x0000000084b00000, 0x0000000084b00000, 0x0000000084c00000|  0%| F|  |TAMS 0x0000000084b00000, 0x0000000084b00000| Untracked 
|  76|0x0000000084c00000, 0x0000000084c00000, 0x0000000084d00000|  0%| F|  |TAMS 0x0000000084c00000, 0x0000000084c00000| Untracked 
|  77|0x0000000084d00000, 0x0000000084d00000, 0x0000000084e00000|  0%| F|  |TAMS 0x0000000084d00000, 0x0000000084d00000| Untracked 
|  78|0x0000000084e00000, 0x0000000084e00000, 0x0000000084f00000|  0%| F|  |TAMS 0x0000000084e00000, 0x0000000084e00000| Untracked 
|  79|0x0000000084f00000, 0x0000000084f00000, 0x0000000085000000|  0%| F|  |TAMS 0x0000000084f00000, 0x0000000084f00000| Untracked 
|  80|0x0000000085000000, 0x0000000085000000, 0x0000000085100000|  0%| F|  |TAMS 0x0000000085000000, 0x0000000085000000| Untracked 
|  81|0x0000000085100000, 0x0000000085100000, 0x0000000085200000|  0%| F|  |TAMS 0x0000000085100000, 0x0000000085100000| Untracked 
|  82|0x0000000085200000, 0x0000000085200000, 0x0000000085300000|  0%| F|  |TAMS 0x0000000085200000, 0x0000000085200000| Untracked 
|  83|0x0000000085300000, 0x0000000085300000, 0x0000000085400000|  0%| F|  |TAMS 0x0000000085300000, 0x0000000085300000| Untracked 
|  84|0x0000000085400000, 0x0000000085400000, 0x0000000085500000|  0%| F|  |TAMS 0x0000000085400000, 0x0000000085400000| Untracked 
|  85|0x0000000085500000, 0x0000000085500000, 0x0000000085600000|  0%| F|  |TAMS 0x0000000085500000, 0x0000000085500000| Untracked 
|  86|0x0000000085600000, 0x0000000085600000, 0x0000000085700000|  0%| F|  |TAMS 0x0000000085600000, 0x0000000085600000| Untracked 
|  87|0x0000000085700000, 0x0000000085700000, 0x0000000085800000|  0%| F|  |TAMS 0x0000000085700000, 0x0000000085700000| Untracked 
|  88|0x0000000085800000, 0x0000000085800000, 0x0000000085900000|  0%| F|  |TAMS 0x0000000085800000, 0x0000000085800000| Untracked 
|  89|0x0000000085900000, 0x0000000085900000, 0x0000000085a00000|  0%| F|  |TAMS 0x0000000085900000, 0x0000000085900000| Untracked 
|  90|0x0000000085a00000, 0x0000000085a00000, 0x0000000085b00000|  0%| F|  |TAMS 0x0000000085a00000, 0x0000000085a00000| Untracked 
|  91|0x0000000085b00000, 0x0000000085b00000, 0x0000000085c00000|  0%| F|  |TAMS 0x0000000085b00000, 0x0000000085b00000| Untracked 
|  92|0x0000000085c00000, 0x0000000085c00000, 0x0000000085d00000|  0%| F|  |TAMS 0x0000000085c00000, 0x0000000085c00000| Untracked 
|  93|0x0000000085d00000, 0x0000000085d00000, 0x0000000085e00000|  0%| F|  |TAMS 0x0000000085d00000, 0x0000000085d00000| Untracked 
|  94|0x0000000085e00000, 0x0000000085e00000, 0x0000000085f00000|  0%| F|  |TAMS 0x0000000085e00000, 0x0000000085e00000| Untracked 
|  95|0x0000000085f00000, 0x0000000085f06030, 0x0000000086000000|  2%| S|CS|TAMS 0x0000000085f00000, 0x0000000085f00000| Complete 
|  96|0x0000000086000000, 0x0000000086100000, 0x0000000086100000|100%| S|CS|TAMS 0x0000000086000000, 0x0000000086000000| Complete 
|  97|0x0000000086100000, 0x0000000086200000, 0x0000000086200000|100%| S|CS|TAMS 0x0000000086100000, 0x0000000086100000| Complete 
|  98|0x0000000086200000, 0x0000000086200000, 0x0000000086300000|  0%| F|  |TAMS 0x0000000086200000, 0x0000000086200000| Untracked 
|  99|0x0000000086300000, 0x0000000086300000, 0x0000000086400000|  0%| F|  |TAMS 0x0000000086300000, 0x0000000086300000| Untracked 
| 100|0x0000000086400000, 0x0000000086400000, 0x0000000086500000|  0%| F|  |TAMS 0x0000000086400000, 0x0000000086400000| Untracked 
| 101|0x0000000086500000, 0x0000000086500000, 0x0000000086600000|  0%| F|  |TAMS 0x0000000086500000, 0x0000000086500000| Untracked 
| 102|0x0000000086600000, 0x0000000086600000, 0x0000000086700000|  0%| F|  |TAMS 0x0000000086600000, 0x0000000086600000| Untracked 
| 103|0x0000000086700000, 0x0000000086700000, 0x0000000086800000|  0%| F|  |TAMS 0x0000000086700000, 0x0000000086700000| Untracked 
| 104|0x0000000086800000, 0x0000000086800000, 0x0000000086900000|  0%| F|  |TAMS 0x0000000086800000, 0x0000000086800000| Untracked 
| 105|0x0000000086900000, 0x0000000086900000, 0x0000000086a00000|  0%| F|  |TAMS 0x0000000086900000, 0x0000000086900000| Untracked 
| 106|0x0000000086a00000, 0x0000000086a00000, 0x0000000086b00000|  0%| F|  |TAMS 0x0000000086a00000, 0x0000000086a00000| Untracked 
| 107|0x0000000086b00000, 0x0000000086b00000, 0x0000000086c00000|  0%| F|  |TAMS 0x0000000086b00000, 0x0000000086b00000| Untracked 
| 124|0x0000000087c00000, 0x0000000087c00000, 0x0000000087d00000|  0%| F|  |TAMS 0x0000000087c00000, 0x0000000087c00000| Untracked 
| 125|0x0000000087d00000, 0x0000000087d00000, 0x0000000087e00000|  0%| F|  |TAMS 0x0000000087d00000, 0x0000000087d00000| Untracked 

Card table byte_map: [0x000001e3d5f50000,0x000001e3d6350000] _byte_map_base: 0x000001e3d5b50000

Marking Bits (Prev, Next): (CMBitMap*) 0x000001e3bed8a300, (CMBitMap*) 0x000001e3bed8a340
 Prev Bits: [0x000001e3d6750000, 0x000001e3d8750000)
 Next Bits: [0x000001e3d8750000, 0x000001e3da750000)

Polling page: 0x000001e3bcc50000

Metaspace:

Usage:
  Non-class:     55.99 MB used.
      Class:      8.93 MB used.
       Both:     64.92 MB used.

Virtual space:
  Non-class space:       64.00 MB reserved,      56.31 MB ( 88%) committed,  1 nodes.
      Class space:      416.00 MB reserved,       9.25 MB (  2%) committed,  1 nodes.
             Both:      480.00 MB reserved,      65.56 MB ( 14%) committed. 

Chunk freelists:
   Non-Class:  7.23 MB
       Class:  6.62 MB
        Both:  13.86 MB

MaxMetaspaceSize: 512.00 MB
CompressedClassSpaceSize: 416.00 MB
Initial GC threshold: 21.00 MB
Current GC threshold: 102.31 MB
CDS: on
MetaspaceReclaimPolicy: balanced
 - commit_granule_bytes: 65536.
 - commit_granule_words: 8192.
 - virtual_space_node_default_size: 8388608.
 - enlarge_chunks_in_place: 1.
 - new_chunks_are_fully_committed: 0.
 - uncommit_free_chunks: 1.
 - use_allocation_guard: 0.
 - handle_deallocations: 1.


Internal statistics:

num_allocs_failed_limit: 6.
num_arena_births: 758.
num_arena_deaths: 0.
num_vsnodes_births: 2.
num_vsnodes_deaths: 0.
num_space_committed: 1049.
num_space_uncommitted: 0.
num_chunks_returned_to_freelist: 6.
num_chunks_taken_from_freelist: 3415.
num_chunk_merges: 6.
num_chunk_splits: 2327.
num_chunks_enlarged: 1585.
num_inconsistent_stats: 0.

CodeHeap 'non-profiled nmethods': size=120000Kb used=4391Kb max_used=4391Kb free=115608Kb
 bounds [0x000001e3ce2f0000, 0x000001e3ce740000, 0x000001e3d5820000]
CodeHeap 'profiled nmethods': size=120000Kb used=15191Kb max_used=15191Kb free=104809Kb
 bounds [0x000001e3c6820000, 0x000001e3c7700000, 0x000001e3cdd50000]
CodeHeap 'non-nmethods': size=5760Kb used=2388Kb max_used=2433Kb free=3371Kb
 bounds [0x000001e3cdd50000, 0x000001e3cdfc0000, 0x000001e3ce2f0000]
 total_blobs=8639 nmethods=7737 adapters=812
 compilation: enabled
              stopped_count=0, restarted_count=0
 full_count=0

Compilation events (20 events):
Event: 20.134 Thread 0x000001e3dd17a9c0 8544       3       org.gradle.api.internal.provider.AbstractMinimalProvider::asSupplier (96 bytes)
Event: 20.136 Thread 0x000001e3dd17a9c0 nmethod 8544 0x000001e3c76ee290 code [0x000001e3c76ee620, 0x000001e3c76f0118]
Event: 20.136 Thread 0x000001e3dd17a9c0 8545       3       com.google.common.reflect.Types$ClassOwnership$2::getOwnerType (14 bytes)
Event: 20.137 Thread 0x000001e3dd17a9c0 nmethod 8545 0x000001e3c76f0890 code [0x000001e3c76f0aa0, 0x000001e3c76f0f68]
Event: 20.137 Thread 0x000001e3dd17a9c0 8547       3       com.google.common.reflect.Types::newParameterizedTypeWithOwner (44 bytes)
Event: 20.137 Thread 0x000001e3dd17a9c0 nmethod 8547 0x000001e3c76f1110 code [0x000001e3c76f1300, 0x000001e3c76f1768]
Event: 20.137 Thread 0x000001e3dd17a9c0 8548       3       com.google.common.reflect.Types::newParameterizedType (17 bytes)
Event: 20.138 Thread 0x000001e3dd17a9c0 nmethod 8548 0x000001e3c76f1910 code [0x000001e3c76f1b20, 0x000001e3c76f20b8]
Event: 20.138 Thread 0x000001e3dd17a9c0 8549       3       com.google.common.reflect.Types$ParameterizedTypeImpl::<init> (55 bytes)
Event: 20.140 Thread 0x000001e3dd17a9c0 nmethod 8549 0x000001e3c76f2310 code [0x000001e3c76f2580, 0x000001e3c76f3148]
Event: 20.143 Thread 0x000001e3dd17a9c0 8550       3       com.google.common.collect.AbstractIndexedListIterator::hasNext (17 bytes)
Event: 20.143 Thread 0x000001e3dd17a9c0 nmethod 8550 0x000001e3c76f3510 code [0x000001e3c76f36a0, 0x000001e3c76f3818]
Event: 20.143 Thread 0x000001e3dd17a9c0 8552       3       com.google.common.reflect.TypeResolver::<init> (16 bytes)
Event: 20.144 Thread 0x000001e3dd17a9c0 nmethod 8552 0x000001e3c76f3890 code [0x000001e3c76f3a60, 0x000001e3c76f3e18]
Event: 20.144 Thread 0x000001e3dd17a9c0 8553       3       com.google.common.reflect.TypeResolver::where (16 bytes)
Event: 20.144 Thread 0x000001e3dd17a9c0 nmethod 8553 0x000001e3c76f3f90 code [0x000001e3c76f4140, 0x000001e3c76f4408]
Event: 20.144 Thread 0x000001e3dd17a9c0 8551       3       com.google.common.reflect.TypeResolver::covariantly (15 bytes)
Event: 20.145 Thread 0x000001e3dd17a9c0 nmethod 8551 0x000001e3c76f4590 code [0x000001e3c76f47a0, 0x000001e3c76f4e38]
Event: 20.145 Thread 0x000001e3dd17a9c0 8554       2       java.util.Arrays::copyOfRange (90 bytes)
Event: 20.145 Thread 0x000001e3dd17a9c0 nmethod 8554 0x000001e3c76f5090 code [0x000001e3c76f52c0, 0x000001e3c76f5918]

GC Heap History (20 events):
Event: 15.929 GC heap before
{Heap before GC invocations=15 (full 0):
 garbage-first heap   total 86016K, used 69312K [0x0000000080000000, 0x0000000100000000)
  region size 1024K, 24 young (24576K), 2 survivors (2048K)
 Metaspace       used 50808K, committed 51456K, reserved 491520K
  class space    used 7126K, committed 7424K, reserved 425984K
}
Event: 15.932 GC heap after
{Heap after GC invocations=16 (full 0):
 garbage-first heap   total 86016K, used 47653K [0x0000000080000000, 0x0000000100000000)
  region size 1024K, 3 young (3072K), 3 survivors (3072K)
 Metaspace       used 50808K, committed 51456K, reserved 491520K
  class space    used 7126K, committed 7424K, reserved 425984K
}
Event: 16.227 GC heap before
{Heap before GC invocations=17 (full 0):
 garbage-first heap   total 87040K, used 69157K [0x0000000080000000, 0x0000000100000000)
  region size 1024K, 24 young (24576K), 3 survivors (3072K)
 Metaspace       used 53705K, committed 54336K, reserved 491520K
  class space    used 7487K, committed 7744K, reserved 425984K
}
Event: 16.231 GC heap after
{Heap after GC invocations=18 (full 0):
 garbage-first heap   total 87040K, used 48947K [0x0000000080000000, 0x0000000100000000)
  region size 1024K, 3 young (3072K), 3 survivors (3072K)
 Metaspace       used 53705K, committed 54336K, reserved 491520K
  class space    used 7487K, committed 7744K, reserved 425984K
}
Event: 16.712 GC heap before
{Heap before GC invocations=18 (full 0):
 garbage-first heap   total 87040K, used 69427K [0x0000000080000000, 0x0000000100000000)
  region size 1024K, 24 young (24576K), 3 survivors (3072K)
 Metaspace       used 55274K, committed 55872K, reserved 491520K
  class space    used 7687K, committed 7936K, reserved 425984K
}
Event: 16.715 GC heap after
{Heap after GC invocations=19 (full 0):
 garbage-first heap   total 87040K, used 50734K [0x0000000080000000, 0x0000000100000000)
  region size 1024K, 3 young (3072K), 3 survivors (3072K)
 Metaspace       used 55274K, committed 55872K, reserved 491520K
  class space    used 7687K, committed 7936K, reserved 425984K
}
Event: 17.051 GC heap before
{Heap before GC invocations=20 (full 0):
 garbage-first heap   total 91136K, used 71214K [0x0000000080000000, 0x0000000100000000)
  region size 1024K, 23 young (23552K), 3 survivors (3072K)
 Metaspace       used 56703K, committed 57344K, reserved 491520K
  class space    used 7916K, committed 8192K, reserved 425984K
}
Event: 17.057 GC heap after
{Heap after GC invocations=21 (full 0):
 garbage-first heap   total 91136K, used 52346K [0x0000000080000000, 0x0000000100000000)
  region size 1024K, 2 young (2048K), 2 survivors (2048K)
 Metaspace       used 56703K, committed 57344K, reserved 491520K
  class space    used 7916K, committed 8192K, reserved 425984K
}
Event: 17.526 GC heap before
{Heap before GC invocations=21 (full 0):
 garbage-first heap   total 91136K, used 73850K [0x0000000080000000, 0x0000000100000000)
  region size 1024K, 23 young (23552K), 2 survivors (2048K)
 Metaspace       used 58144K, committed 58752K, reserved 491520K
  class space    used 8121K, committed 8384K, reserved 425984K
}
Event: 17.530 GC heap after
{Heap after GC invocations=22 (full 0):
 garbage-first heap   total 91136K, used 54276K [0x0000000080000000, 0x0000000100000000)
  region size 1024K, 2 young (2048K), 2 survivors (2048K)
 Metaspace       used 58144K, committed 58752K, reserved 491520K
  class space    used 8121K, committed 8384K, reserved 425984K
}
Event: 18.070 GC heap before
{Heap before GC invocations=23 (full 0):
 garbage-first heap   total 97280K, used 73732K [0x0000000080000000, 0x0000000100000000)
  region size 1024K, 22 young (22528K), 2 survivors (2048K)
 Metaspace       used 59746K, committed 60416K, reserved 491520K
  class space    used 8390K, committed 8704K, reserved 425984K
}
Event: 18.075 GC heap after
{Heap after GC invocations=24 (full 0):
 garbage-first heap   total 97280K, used 56330K [0x0000000080000000, 0x0000000100000000)
  region size 1024K, 3 young (3072K), 3 survivors (3072K)
 Metaspace       used 59746K, committed 60416K, reserved 491520K
  class space    used 8390K, committed 8704K, reserved 425984K
}
Event: 18.664 GC heap before
{Heap before GC invocations=24 (full 0):
 garbage-first heap   total 97280K, used 77834K [0x0000000080000000, 0x0000000100000000)
  region size 1024K, 25 young (25600K), 3 survivors (3072K)
 Metaspace       used 61883K, committed 62464K, reserved 491520K
  class space    used 8654K, committed 8896K, reserved 425984K
}
Event: 18.671 GC heap after
{Heap after GC invocations=25 (full 0):
 garbage-first heap   total 97280K, used 59072K [0x0000000080000000, 0x0000000100000000)
  region size 1024K, 4 young (4096K), 4 survivors (4096K)
 Metaspace       used 61883K, committed 62464K, reserved 491520K
  class space    used 8654K, committed 8896K, reserved 425984K
}
Event: 19.094 GC heap before
{Heap before GC invocations=26 (full 0):
 garbage-first heap   total 102400K, used 71360K [0x0000000080000000, 0x0000000100000000)
  region size 1024K, 18 young (18432K), 4 survivors (4096K)
 Metaspace       used 62073K, committed 62656K, reserved 491520K
  class space    used 8667K, committed 8960K, reserved 425984K
}
Event: 19.100 GC heap after
{Heap after GC invocations=27 (full 0):
 garbage-first heap   total 102400K, used 60269K [0x0000000080000000, 0x0000000100000000)
  region size 1024K, 2 young (2048K), 2 survivors (2048K)
 Metaspace       used 62073K, committed 62656K, reserved 491520K
  class space    used 8667K, committed 8960K, reserved 425984K
}
Event: 19.878 GC heap before
{Heap before GC invocations=28 (full 0):
 garbage-first heap   total 112640K, used 84845K [0x0000000080000000, 0x0000000100000000)
  region size 1024K, 25 young (25600K), 2 survivors (2048K)
 Metaspace       used 64986K, committed 65600K, reserved 491520K
  class space    used 8995K, committed 9280K, reserved 425984K
}
Event: 19.882 GC heap after
{Heap after GC invocations=29 (full 0):
 garbage-first heap   total 112640K, used 65292K [0x0000000080000000, 0x0000000100000000)
  region size 1024K, 4 young (4096K), 4 survivors (4096K)
 Metaspace       used 64986K, committed 65600K, reserved 491520K
  class space    used 8995K, committed 9280K, reserved 425984K
}
Event: 19.899 GC heap before
{Heap before GC invocations=29 (full 0):
 garbage-first heap   total 112640K, used 66316K [0x0000000080000000, 0x0000000100000000)
  region size 1024K, 5 young (5120K), 4 survivors (4096K)
 Metaspace       used 65201K, committed 65792K, reserved 491520K
  class space    used 9010K, committed 9280K, reserved 425984K
}
Event: 19.902 GC heap after
{Heap after GC invocations=30 (full 0):
 garbage-first heap   total 112640K, used 65773K [0x0000000080000000, 0x0000000100000000)
  region size 1024K, 1 young (1024K), 1 survivors (1024K)
 Metaspace       used 65201K, committed 65792K, reserved 491520K
  class space    used 9010K, committed 9280K, reserved 425984K
}

Dll operation events (12 events):
Event: 0.011 Loaded shared library C:\Users\Kriti Sharma\AppData\Local\Programs\Eclipse Adoptium\jdk-17.0.8.7-hotspot\bin\java.dll
Event: 0.045 Loaded shared library C:\Users\Kriti Sharma\AppData\Local\Programs\Eclipse Adoptium\jdk-17.0.8.7-hotspot\bin\jsvml.dll
Event: 0.126 Loaded shared library C:\Users\Kriti Sharma\AppData\Local\Programs\Eclipse Adoptium\jdk-17.0.8.7-hotspot\bin\net.dll
Event: 0.129 Loaded shared library C:\Users\Kriti Sharma\AppData\Local\Programs\Eclipse Adoptium\jdk-17.0.8.7-hotspot\bin\nio.dll
Event: 0.137 Loaded shared library C:\Users\Kriti Sharma\AppData\Local\Programs\Eclipse Adoptium\jdk-17.0.8.7-hotspot\bin\zip.dll
Event: 0.510 Loaded shared library C:\Users\Kriti Sharma\AppData\Local\Programs\Eclipse Adoptium\jdk-17.0.8.7-hotspot\bin\jimage.dll
Event: 0.604 Loaded shared library C:\Users\Kriti Sharma\AppData\Local\Programs\Eclipse Adoptium\jdk-17.0.8.7-hotspot\bin\verify.dll
Event: 0.879 Loaded shared library C:\Users\Kriti Sharma\.gradle\native\68d5fa5c4cc2d200863cafc0d521ce42e7d3e7ee720ec0a83991735586a16f82\windows-amd64\native-platform.dll
Event: 0.885 Loaded shared library C:\Users\Kriti Sharma\.gradle\native\e376f236ea51e6404a007f0833ffe2c6e607c4080706a723a18a27aeea778392\windows-amd64\native-platform-file-events.dll
Event: 2.375 Loaded shared library C:\Users\Kriti Sharma\AppData\Local\Programs\Eclipse Adoptium\jdk-17.0.8.7-hotspot\bin\management.dll
Event: 2.380 Loaded shared library C:\Users\Kriti Sharma\AppData\Local\Programs\Eclipse Adoptium\jdk-17.0.8.7-hotspot\bin\management_ext.dll
Event: 3.087 Loaded shared library C:\Users\Kriti Sharma\AppData\Local\Programs\Eclipse Adoptium\jdk-17.0.8.7-hotspot\bin\sunmscapi.dll

Deoptimization events (20 events):
Event: 19.819 Thread 0x000001e3fdeb6680 Uncommon trap: trap_request=0xffffffde fr.pc=0x000001e3ce43e6ac relative=0x000000000000694c
Event: 19.819 Thread 0x000001e3fdeb6680 Uncommon trap: reason=class_check action=maybe_recompile pc=0x000001e3ce43e6ac method=com.google.common.reflect.TypeVisitor.visit([Ljava/lang/reflect/Type;)V @ 96 c2
Event: 19.819 Thread 0x000001e3fdeb6680 DEOPT PACKING pc=0x000001e3ce43e6ac sp=0x000000e1c6af6820
Event: 19.819 Thread 0x000001e3fdeb6680 DEOPT UNPACKING pc=0x000001e3cddaa1a3 sp=0x000000e1c6af6840 mode 2
Event: 19.960 Thread 0x000001e3fdeb6680 Uncommon trap: trap_request=0xffffffbe fr.pc=0x000001e3ce6d30c4 relative=0x00000000000001a4
Event: 19.960 Thread 0x000001e3fdeb6680 Uncommon trap: reason=profile_predicate action=maybe_recompile pc=0x000001e3ce6d30c4 method=java.util.LinkedHashMap.keysToArray([Ljava/lang/Object;)[Ljava/lang/Object; @ 12 c2
Event: 19.960 Thread 0x000001e3fdeb6680 DEOPT PACKING pc=0x000001e3ce6d30c4 sp=0x000000e1c6af5480
Event: 19.960 Thread 0x000001e3fdeb6680 DEOPT UNPACKING pc=0x000001e3cddaa1a3 sp=0x000000e1c6af5438 mode 2
Event: 20.037 Thread 0x000001e3fdeb6680 Uncommon trap: trap_request=0xffffffc6 fr.pc=0x000001e3ce684b18 relative=0x0000000000000058
Event: 20.037 Thread 0x000001e3fdeb6680 Uncommon trap: reason=bimorphic_or_optimized_type_check action=maybe_recompile pc=0x000001e3ce684b18 method=java.util.AbstractQueue.add(Ljava/lang/Object;)Z @ 2 c2
Event: 20.037 Thread 0x000001e3fdeb6680 DEOPT PACKING pc=0x000001e3ce684b18 sp=0x000000e1c6af7450
Event: 20.037 Thread 0x000001e3fdeb6680 DEOPT UNPACKING pc=0x000001e3cddaa1a3 sp=0x000000e1c6af7418 mode 2
Event: 20.037 Thread 0x000001e3fdeb6680 Uncommon trap: trap_request=0xffffffc6 fr.pc=0x000001e3ce684b18 relative=0x0000000000000058
Event: 20.037 Thread 0x000001e3fdeb6680 Uncommon trap: reason=bimorphic_or_optimized_type_check action=maybe_recompile pc=0x000001e3ce684b18 method=java.util.AbstractQueue.add(Ljava/lang/Object;)Z @ 2 c2
Event: 20.037 Thread 0x000001e3fdeb6680 DEOPT PACKING pc=0x000001e3ce684b18 sp=0x000000e1c6af7450
Event: 20.037 Thread 0x000001e3fdeb6680 DEOPT UNPACKING pc=0x000001e3cddaa1a3 sp=0x000000e1c6af7418 mode 2
Event: 20.100 Thread 0x000001e3fdeb6680 Uncommon trap: trap_request=0xffffffcc fr.pc=0x000001e3ce736fb8 relative=0x0000000000000298
Event: 20.100 Thread 0x000001e3fdeb6680 Uncommon trap: reason=intrinsic_or_type_checked_inlining action=make_not_entrant pc=0x000001e3ce736fb8 method=java.util.Arrays.copyOfRange([Ljava/lang/Object;IILjava/lang/Class;)[Ljava/lang/Object; @ 84 c2
Event: 20.100 Thread 0x000001e3fdeb6680 DEOPT PACKING pc=0x000001e3ce736fb8 sp=0x000000e1c6af7400
Event: 20.100 Thread 0x000001e3fdeb6680 DEOPT UNPACKING pc=0x000001e3cddaa1a3 sp=0x000000e1c6af7380 mode 2

Classes unloaded (0 events):
No events

Classes redefined (0 events):
No events

Internal exceptions (20 events):
Event: 16.894 Thread 0x000001e3fdeb6680 Exception <a 'java/lang/ClassNotFoundException'{0x0000000084c3dfb8}: org/gradle/api/internal/DefaultNamedDomainObjectListCustomizer> (0x0000000084c3dfb8) 
thrown [s\src\hotspot\share\classfile\systemDictionary.cpp, line 256]
Event: 16.897 Thread 0x000001e3fdeb6680 Exception <a 'java/lang/ClassNotFoundException'{0x0000000084c71700}: org/gradle/api/internal/artifacts/DefaultArtifactRepositoryContainerCustomizer> (0x0000000084c71700) 
thrown [s\src\hotspot\share\classfile\systemDictionary.cpp, line 256]
Event: 16.899 Thread 0x000001e3fdeb6680 Exception <a 'java/lang/ClassNotFoundException'{0x0000000084c9bbd8}: org/gradle/api/internal/artifacts/dsl/DefaultRepositoryHandlerCustomizer> (0x0000000084c9bbd8) 
thrown [s\src\hotspot\share\classfile\systemDictionary.cpp, line 256]
Event: 16.902 Thread 0x000001e3fdeb6680 Exception <a 'java/lang/ClassNotFoundException'{0x0000000084cd3bb8}: org/gradle/api/internal/artifacts/dsl/DefaultRepositoryHandler_DecoratedCustomizer> (0x0000000084cd3bb8) 
thrown [s\src\hotspot\share\classfile\systemDictionary.cpp, line 256]
Event: 16.911 Thread 0x000001e3fdeb6680 Exception <a 'java/lang/ClassNotFoundException'{0x0000000084b65e68}: org/gradle/api/internal/artifacts/dsl/dependencies/DefaultDependencyHandler_DecoratedBeanInfo> (0x0000000084b65e68) 
thrown [s\src\hotspot\share\classfile\systemDictionary.cpp, line 256]
Event: 16.913 Thread 0x000001e3fdeb6680 Exception <a 'java/lang/ClassNotFoundException'{0x0000000084b7dd30}: org/gradle/api/internal/artifacts/dsl/dependencies/DefaultDependencyHandlerBeanInfo> (0x0000000084b7dd30) 
thrown [s\src\hotspot\share\classfile\systemDictionary.cpp, line 256]
Event: 16.914 Thread 0x000001e3fdeb6680 Exception <a 'java/lang/ClassNotFoundException'{0x0000000084b95668}: org/gradle/api/internal/artifacts/dsl/dependencies/DefaultDependencyHandlerCustomizer> (0x0000000084b95668) 
thrown [s\src\hotspot\share\classfile\systemDictionary.cpp, line 256]
Event: 16.916 Thread 0x000001e3fdeb6680 Exception <a 'java/lang/ClassNotFoundException'{0x0000000084bd44f0}: org/gradle/api/internal/artifacts/dsl/dependencies/DefaultDependencyHandler_DecoratedCustomizer> (0x0000000084bd44f0) 
thrown [s\src\hotspot\share\classfile\systemDictionary.cpp, line 256]
Event: 17.474 Thread 0x000001e3fdeb6680 Exception <a 'java/lang/NoSuchMethodError'{0x00000000846fbd08}: 'java.lang.Object java.lang.invoke.DirectMethodHandle$Holder.newInvokeSpecial(java.lang.Object, java.lang.Object, java.lang.Object, java.lang.Object, java.lang.Object, java.lang.Object, java.lang.Object, java.lang.Object, java.lang.Object)'> (0x00000000846fbd08) 
thrown [s\src\hotspot\share\interpreter\linkResolver.cpp, line 759]
Event: 17.474 Thread 0x000001e3fdeb6680 Exception <a 'java/lang/NoSuchMethodError'{0x0000000084501e30}: 'java.lang.Object java.lang.invoke.Invokers$Holder.linkToTargetMethod(java.lang.Object, java.lang.Object, java.lang.Object, java.lang.Object, java.lang.Object, java.lang.Object, java.lang.Object, java.lang.Object, java.lang.Object)'> (0x0000000084501e30) 
thrown [s\src\hotspot\share\interpreter\linkResolver.cpp, line 759]
Event: 17.810 Thread 0x000001e3fedab360 Exception <a 'java/lang/NoSuchMethodError'{0x00000000853c7ec8}: 'java.lang.Object java.lang.invoke.DirectMethodHandle$Holder.newInvokeSpecial(java.lang.Object, java.lang.Object, java.lang.Object, java.lang.Object, int, java.lang.Object)'> (0x00000000853c7ec8) 
thrown [s\src\hotspot\share\interpreter\linkResolver.cpp, line 759]
Event: 17.810 Thread 0x000001e3fedab360 Exception <a 'java/lang/NoSuchMethodError'{0x00000000853cc1f8}: 'java.lang.Object java.lang.invoke.Invokers$Holder.linkToTargetMethod(java.lang.Object, java.lang.Object, java.lang.Object, int, java.lang.Object, java.lang.Object)'> (0x00000000853cc1f8) 
thrown [s\src\hotspot\share\interpreter\linkResolver.cpp, line 759]
Event: 17.826 Thread 0x000001e3fedab360 Exception <a 'java/lang/NoSuchMethodError'{0x000000008523b818}: 'void java.lang.invoke.DirectMethodHandle$Holder.invokeInterface(java.lang.Object, java.lang.Object, java.lang.Object, java.lang.Object)'> (0x000000008523b818) 
thrown [s\src\hotspot\share\interpreter\linkResolver.cpp, line 759]
Event: 17.939 Thread 0x000001e3fedab360 Exception <a 'java/lang/NoSuchMethodError'{0x0000000085019660}: 'int java.lang.invoke.DirectMethodHandle$Holder.invokeSpecial(java.lang.Object, java.lang.Object, java.lang.Object, java.lang.Object, java.lang.Object)'> (0x0000000085019660) 
thrown [s\src\hotspot\share\interpreter\linkResolver.cpp, line 759]
Event: 18.606 Thread 0x000001e3fd0809e0 Exception <a 'sun/nio/fs/WindowsException'{0x0000000084696ee8}> (0x0000000084696ee8) 
thrown [s\src\hotspot\share\prims\jni.cpp, line 516]
Event: 18.610 Thread 0x000001e3fd0809e0 Exception <a 'sun/nio/fs/WindowsException'{0x0000000084699490}> (0x0000000084699490) 
thrown [s\src\hotspot\share\prims\jni.cpp, line 516]
Event: 18.611 Thread 0x000001e3fd0809e0 Exception <a 'sun/nio/fs/WindowsException'{0x000000008469b890}> (0x000000008469b890) 
thrown [s\src\hotspot\share\prims\jni.cpp, line 516]
Event: 18.612 Thread 0x000001e3fd0809e0 Exception <a 'sun/nio/fs/WindowsException'{0x000000008469d948}> (0x000000008469d948) 
thrown [s\src\hotspot\share\prims\jni.cpp, line 516]
Event: 19.089 Thread 0x000001e3fdeb6680 Exception <a 'java/lang/ClassNotFoundException'{0x00000000856b19c0}: build_2sr7dwr0o9cvh97nllmg0a84oBeanInfo> (0x00000000856b19c0) 
thrown [s\src\hotspot\share\classfile\systemDictionary.cpp, line 256]
Event: 19.090 Thread 0x000001e3fdeb6680 Exception <a 'java/lang/ClassNotFoundException'{0x00000000856b8560}: build_2sr7dwr0o9cvh97nllmg0a84oCustomizer> (0x00000000856b8560) 
thrown [s\src\hotspot\share\classfile\systemDictionary.cpp, line 256]

VM Operations (20 events):
Event: 18.609 Executing VM operation: HandshakeAllThreads
Event: 18.609 Executing VM operation: HandshakeAllThreads done
Event: 18.664 Executing VM operation: G1CollectForAllocation
Event: 18.671 Executing VM operation: G1CollectForAllocation done
Event: 18.745 Executing VM operation: G1PauseRemark
Event: 18.751 Executing VM operation: G1PauseRemark done
Event: 18.781 Executing VM operation: G1PauseCleanup
Event: 18.782 Executing VM operation: G1PauseCleanup done
Event: 19.094 Executing VM operation: G1TryInitiateConcMark
Event: 19.101 Executing VM operation: G1TryInitiateConcMark done
Event: 19.172 Executing VM operation: G1PauseRemark
Event: 19.177 Executing VM operation: G1PauseRemark done
Event: 19.209 Executing VM operation: G1PauseCleanup
Event: 19.210 Executing VM operation: G1PauseCleanup done
Event: 19.472 Executing VM operation: HandshakeAllThreads
Event: 19.473 Executing VM operation: HandshakeAllThreads done
Event: 19.878 Executing VM operation: G1CollectForAllocation
Event: 19.882 Executing VM operation: G1CollectForAllocation done
Event: 19.899 Executing VM operation: G1CollectForAllocation
Event: 19.902 Executing VM operation: G1CollectForAllocation done

Events (20 events):
Event: 18.849 Thread 0x000001e3fe3764b0 Thread added: 0x000001e3fe3764b0
Event: 18.850 Thread 0x000001e3fe373210 Thread added: 0x000001e3fe373210
Event: 18.852 Thread 0x000001e3fe375580 Thread added: 0x000001e3fe375580
Event: 18.852 Thread 0x000001e3fe373720 Thread added: 0x000001e3fe373720
Event: 18.857 Thread 0x000001e3fe372d00 Thread added: 0x000001e3fe372d00
Event: 18.858 Thread 0x000001e3fe3769c0 Thread added: 0x000001e3fe3769c0
Event: 18.858 Thread 0x000001e3fe374b60 Thread added: 0x000001e3fe374b60
Event: 18.859 Thread 0x000001e3fe377e00 Thread added: 0x000001e3fe377e00
Event: 18.859 Thread 0x000001e3fe3773e0 Thread added: 0x000001e3fe3773e0
Event: 18.859 Thread 0x000001e3fe376ed0 Thread added: 0x000001e3fe376ed0
Event: 19.742 loading class sun/nio/ch/ChannelInputStream
Event: 19.743 loading class sun/nio/ch/ChannelInputStream done
Event: 19.766 loading class sun/text/resources/cldr/FormatData_en_US
Event: 19.766 loading class sun/text/resources/cldr/FormatData_en_US done
Event: 19.958 loading class java/util/Collections$SynchronizedRandomAccessList
Event: 19.958 loading class java/util/Collections$SynchronizedList
Event: 19.958 loading class java/util/Collections$SynchronizedList done
Event: 19.958 loading class java/util/Collections$SynchronizedRandomAccessList done
Event: 19.963 loading class java/util/concurrent/Executors$DefaultThreadFactory
Event: 19.963 loading class java/util/concurrent/Executors$DefaultThreadFactory done


Dynamic libraries:
0x00007ff780120000 - 0x00007ff78012e000 	C:\Users\Kriti Sharma\AppData\Local\Programs\Eclipse Adoptium\jdk-17.0.8.7-hotspot\bin\java.exe
0x00007ffadb070000 - 0x00007ffadb268000 	C:\Windows\SYSTEM32\ntdll.dll
0x00007ffad9490000 - 0x00007ffad954f000 	C:\Windows\System32\KERNEL32.DLL
0x00007ffad8ad0000 - 0x00007ffad8dc6000 	C:\Windows\System32\KERNELBASE.dll
0x00007ffad8810000 - 0x00007ffad8910000 	C:\Windows\System32\ucrtbase.dll
0x00007ffad3f10000 - 0x00007ffad3f27000 	C:\Users\Kriti Sharma\AppData\Local\Programs\Eclipse Adoptium\jdk-17.0.8.7-hotspot\bin\jli.dll
0x00007ffada280000 - 0x00007ffada41d000 	C:\Windows\System32\USER32.dll
0x00007ffac4560000 - 0x00007ffac4579000 	C:\Users\Kriti Sharma\AppData\Local\Programs\Eclipse Adoptium\jdk-17.0.8.7-hotspot\bin\VCRUNTIME140.dll
0x00007ffad8e90000 - 0x00007ffad8eb2000 	C:\Windows\System32\win32u.dll
0x00007ffac4ab0000 - 0x00007ffac4d4a000 	C:\Windows\WinSxS\amd64_microsoft.windows.common-controls_6595b64144ccf1df_6.0.19041.1110_none_60b5254171f9507e\COMCTL32.dll
0x00007ffadaef0000 - 0x00007ffadaf1c000 	C:\Windows\System32\GDI32.dll
0x00007ffad90d0000 - 0x00007ffad916e000 	C:\Windows\System32\msvcrt.dll
0x00007ffad89b0000 - 0x00007ffad8ac5000 	C:\Windows\System32\gdi32full.dll
0x00007ffad8910000 - 0x00007ffad89ad000 	C:\Windows\System32\msvcp_win.dll
0x00007ffadb000000 - 0x00007ffadb030000 	C:\Windows\System32\IMM32.DLL
0x00007ffacd190000 - 0x00007ffacd19c000 	C:\Users\Kriti Sharma\AppData\Local\Programs\Eclipse Adoptium\jdk-17.0.8.7-hotspot\bin\vcruntime140_1.dll
0x00007ffaad230000 - 0x00007ffaad2c1000 	C:\Users\Kriti Sharma\AppData\Local\Programs\Eclipse Adoptium\jdk-17.0.8.7-hotspot\bin\msvcp140.dll
0x00007ffa9e8b0000 - 0x00007ffa9f4fc000 	C:\Users\Kriti Sharma\AppData\Local\Programs\Eclipse Adoptium\jdk-17.0.8.7-hotspot\bin\server\jvm.dll
0x00007ffad9380000 - 0x00007ffad942f000 	C:\Windows\System32\ADVAPI32.dll
0x00007ffad9210000 - 0x00007ffad92ac000 	C:\Windows\System32\sechost.dll
0x00007ffad9550000 - 0x00007ffad9676000 	C:\Windows\System32\RPCRT4.dll
0x00007ffad7d00000 - 0x00007ffad7d4b000 	C:\Windows\SYSTEM32\POWRPROF.dll
0x00007ffacd2f0000 - 0x00007ffacd2f9000 	C:\Windows\SYSTEM32\WSOCK32.dll
0x00007ffac3650000 - 0x00007ffac3677000 	C:\Windows\SYSTEM32\WINMM.dll
0x00007ffad9690000 - 0x00007ffad96fb000 	C:\Windows\System32\WS2_32.dll
0x00007ffad2910000 - 0x00007ffad291a000 	C:\Windows\SYSTEM32\VERSION.dll
0x00007ffad7b70000 - 0x00007ffad7b82000 	C:\Windows\SYSTEM32\UMPDC.dll
0x00007ffad6f80000 - 0x00007ffad6f92000 	C:\Windows\SYSTEM32\kernel.appcore.dll
0x00007ffac4550000 - 0x00007ffac455a000 	C:\Users\Kriti Sharma\AppData\Local\Programs\Eclipse Adoptium\jdk-17.0.8.7-hotspot\bin\jimage.dll
0x00007ffad64d0000 - 0x00007ffad66b4000 	C:\Windows\SYSTEM32\DBGHELP.DLL
0x00007ffac13e0000 - 0x00007ffac1414000 	C:\Windows\SYSTEM32\dbgcore.DLL
0x00007ffad8e00000 - 0x00007ffad8e82000 	C:\Windows\System32\bcryptPrimitives.dll
0x00007ffac2be0000 - 0x00007ffac2c05000 	C:\Users\Kriti Sharma\AppData\Local\Programs\Eclipse Adoptium\jdk-17.0.8.7-hotspot\bin\java.dll
0x00007ffaacc60000 - 0x00007ffaacd36000 	C:\Users\Kriti Sharma\AppData\Local\Programs\Eclipse Adoptium\jdk-17.0.8.7-hotspot\bin\jsvml.dll
0x00007ffada690000 - 0x00007ffadadd4000 	C:\Windows\System32\SHELL32.dll
0x00007ffad67d0000 - 0x00007ffad6f63000 	C:\Windows\SYSTEM32\windows.storage.dll
0x00007ffad9f20000 - 0x00007ffada274000 	C:\Windows\System32\combase.dll
0x00007ffad8190000 - 0x00007ffad81be000 	C:\Windows\SYSTEM32\Wldp.dll
0x00007ffada550000 - 0x00007ffada5fd000 	C:\Windows\System32\SHCORE.dll
0x00007ffad9820000 - 0x00007ffad9875000 	C:\Windows\System32\shlwapi.dll
0x00007ffad8680000 - 0x00007ffad86a5000 	C:\Windows\SYSTEM32\profapi.dll
0x00007ffac2bc0000 - 0x00007ffac2bd9000 	C:\Users\Kriti Sharma\AppData\Local\Programs\Eclipse Adoptium\jdk-17.0.8.7-hotspot\bin\net.dll
0x00007fface830000 - 0x00007fface93a000 	C:\Windows\SYSTEM32\WINHTTP.dll
0x00007ffad7ef0000 - 0x00007ffad7f5a000 	C:\Windows\system32\mswsock.dll
0x00007ffac2ba0000 - 0x00007ffac2bb5000 	C:\Users\Kriti Sharma\AppData\Local\Programs\Eclipse Adoptium\jdk-17.0.8.7-hotspot\bin\nio.dll
0x00007ffac2660000 - 0x00007ffac2678000 	C:\Users\Kriti Sharma\AppData\Local\Programs\Eclipse Adoptium\jdk-17.0.8.7-hotspot\bin\zip.dll
0x00007ffac4540000 - 0x00007ffac4550000 	C:\Users\Kriti Sharma\AppData\Local\Programs\Eclipse Adoptium\jdk-17.0.8.7-hotspot\bin\verify.dll
0x00007ffac4580000 - 0x00007ffac45a7000 	C:\Users\Kriti Sharma\.gradle\native\68d5fa5c4cc2d200863cafc0d521ce42e7d3e7ee720ec0a83991735586a16f82\windows-amd64\native-platform.dll
0x00007ffaa0310000 - 0x00007ffaa0454000 	C:\Users\Kriti Sharma\.gradle\native\e376f236ea51e6404a007f0833ffe2c6e607c4080706a723a18a27aeea778392\windows-amd64\native-platform-file-events.dll
0x00007ffac2e60000 - 0x00007ffac2e69000 	C:\Users\Kriti Sharma\AppData\Local\Programs\Eclipse Adoptium\jdk-17.0.8.7-hotspot\bin\management.dll
0x00007ffac28a0000 - 0x00007ffac28ab000 	C:\Users\Kriti Sharma\AppData\Local\Programs\Eclipse Adoptium\jdk-17.0.8.7-hotspot\bin\management_ext.dll
0x00007ffad9680000 - 0x00007ffad9688000 	C:\Windows\System32\PSAPI.DLL
0x00007ffad80e0000 - 0x00007ffad80f8000 	C:\Windows\SYSTEM32\CRYPTSP.dll
0x00007ffad7790000 - 0x00007ffad77c4000 	C:\Windows\system32\rsaenh.dll
0x00007ffad8dd0000 - 0x00007ffad8df7000 	C:\Windows\System32\bcrypt.dll
0x00007ffad8640000 - 0x00007ffad866e000 	C:\Windows\SYSTEM32\USERENV.dll
0x00007ffad8100000 - 0x00007ffad810c000 	C:\Windows\SYSTEM32\CRYPTBASE.dll
0x00007ffad7b90000 - 0x00007ffad7bcb000 	C:\Windows\SYSTEM32\IPHLPAPI.DLL
0x00007ffad9880000 - 0x00007ffad9888000 	C:\Windows\System32\NSI.dll
0x00007ffad1190000 - 0x00007ffad11a7000 	C:\Windows\SYSTEM32\dhcpcsvc6.DLL
0x00007ffad1e30000 - 0x00007ffad1e4d000 	C:\Windows\SYSTEM32\dhcpcsvc.DLL
0x00007ffad7be0000 - 0x00007ffad7caa000 	C:\Windows\SYSTEM32\DNSAPI.dll
0x00007ffac1eb0000 - 0x00007ffac1ebe000 	C:\Users\Kriti Sharma\AppData\Local\Programs\Eclipse Adoptium\jdk-17.0.8.7-hotspot\bin\sunmscapi.dll
0x00007ffad8f70000 - 0x00007ffad90ce000 	C:\Windows\System32\CRYPT32.dll
0x00007ffad8200000 - 0x00007ffad8228000 	C:\Windows\SYSTEM32\ncrypt.dll
0x00007ffad81c0000 - 0x00007ffad81fb000 	C:\Windows\SYSTEM32\NTASN1.dll
0x00007ffac5770000 - 0x00007ffac5777000 	C:\Windows\system32\wshunix.dll

dbghelp: loaded successfully - version: 4.0.5 - missing functions: none
symbol engine: initialized successfully - sym options: 0x614 - pdb path: .;C:\Users\Kriti Sharma\AppData\Local\Programs\Eclipse Adoptium\jdk-17.0.8.7-hotspot\bin;C:\Windows\SYSTEM32;C:\Windows\WinSxS\amd64_microsoft.windows.common-controls_6595b64144ccf1df_6.0.19041.1110_none_60b5254171f9507e;C:\Users\Kriti Sharma\AppData\Local\Programs\Eclipse Adoptium\jdk-17.0.8.7-hotspot\bin\server;C:\Users\Kriti Sharma\.gradle\native\68d5fa5c4cc2d200863cafc0d521ce42e7d3e7ee720ec0a83991735586a16f82\windows-amd64;C:\Users\Kriti Sharma\.gradle\native\e376f236ea51e6404a007f0833ffe2c6e607c4080706a723a18a27aeea778392\windows-amd64

VM Arguments:
jvm_args: -XX:MaxMetaspaceSize=512m --add-opens=java.base/java.util=ALL-UNNAMED --add-opens=java.base/java.lang=ALL-UNNAMED --add-opens=java.base/java.lang.invoke=ALL-UNNAMED --add-opens=java.prefs/java.util.prefs=ALL-UNNAMED --add-opens=java.base/java.nio.charset=ALL-UNNAMED --add-opens=java.base/java.net=ALL-UNNAMED --add-opens=java.base/java.util.concurrent.atomic=ALL-UNNAMED -Xmx2048m -Dfile.encoding=windows-1252 -Duser.country=IN -Duser.language=en -Duser.variant 
java_command: org.gradle.launcher.daemon.bootstrap.GradleDaemon 8.0.1
java_class_path (initial): C:\Users\Kriti Sharma\.gradle\wrapper\dists\gradle-8.0.1-all\aro4hu1c3oeioove7l0i4i14o\gradle-8.0.1\lib\gradle-launcher-8.0.1.jar
Launcher Type: SUN_STANDARD

[Global flags]
     intx CICompilerCount                          = 4                                         {product} {ergonomic}
   size_t CompressedClassSpaceSize                 = 436207616                                 {product} {ergonomic}
     uint ConcGCThreads                            = 2                                         {product} {ergonomic}
     uint G1ConcRefinementThreads                  = 8                                         {product} {ergonomic}
   size_t G1HeapRegionSize                         = 1048576                                   {product} {ergonomic}
    uintx GCDrainStackTargetSize                   = 64                                        {product} {ergonomic}
   size_t InitialHeapSize                          = 132120576                                 {product} {ergonomic}
   size_t MarkStackSize                            = 4194304                                   {product} {ergonomic}
   size_t MaxHeapSize                              = 2147483648                                {product} {command line}
   size_t MaxMetaspaceSize                         = 536870912                                 {product} {command line}
   size_t MaxNewSize                               = 1287651328                                {product} {ergonomic}
   size_t MinHeapDeltaBytes                        = 1048576                                   {product} {ergonomic}
   size_t MinHeapSize                              = 8388608                                   {product} {ergonomic}
    uintx NonNMethodCodeHeapSize                   = 5839372                                {pd product} {ergonomic}
    uintx NonProfiledCodeHeapSize                  = 122909434                              {pd product} {ergonomic}
    uintx ProfiledCodeHeapSize                     = 122909434                              {pd product} {ergonomic}
    uintx ReservedCodeCacheSize                    = 251658240                              {pd product} {ergonomic}
     bool SegmentedCodeCache                       = true                                      {product} {ergonomic}
   size_t SoftMaxHeapSize                          = 2147483648                             {manageable} {ergonomic}
     bool UseCompressedClassPointers               = true                           {product lp64_product} {ergonomic}
     bool UseCompressedOops                        = true                           {product lp64_product} {ergonomic}
     bool UseG1GC                                  = true                                      {product} {ergonomic}
     bool UseLargePagesIndividualAllocation        = false                                  {pd product} {ergonomic}

Logging:
Log output configuration:
 #0: stdout all=warning uptime,level,tags
 #1: stderr all=off uptime,level,tags

Environment Variables:
JAVA_HOME=C:\Users\Kriti Sharma\AppData\Local\Programs\Eclipse Adoptium\jdk-17.0.8.7-hotspot\
CLASSPATH=D:\Internship\react project\Calculator\android\\gradle\wrapper\gradle-wrapper.jar
PATH=D:\Internship\react project\Calculator\node_modules\.bin;D:\Internship\react project\Calculator\node_modules\.bin;D:\Internship\react project\node_modules\.bin;D:\Internship\node_modules\.bin;D:\node_modules\.bin;C:\Program Files\nodejs\node_modules\npm\node_modules\@npmcli\run-script\lib\node-gyp-bin;D:\Internship\react project\Calculator\node_modules\.bin;D:\Internship\react project\Calculator\node_modules\.bin;D:\Internship\react project\node_modules\.bin;D:\Internship\node_modules\.bin;D:\node_modules\.bin;C:\Program Files\nodejs\node_modules\npm\node_modules\@npmcli\run-script\lib\node-gyp-bin;C:\Python311\Scripts\;C:\Python311\;C:\Windows\system32;C:\Windows;C:\Windows\System32\Wbem;C:\Windows\System32\WindowsPowerShell\v1.0\;C:\Windows\System32\OpenSSH\;C:\Program Files\Git\cmd;C:\ProgramData\chocolatey\bin;C:\Program Files\nodejs\;C:\Program Files\MySQL\MySQL Shell 8.0\bin\;C:\Users\Kriti Sharma\AppData\Local\Programs\Eclipse Adoptium\jdk-17.0.8.7-hotspot\bin;C:\Users\Kriti Sharma\AppData\Local\Microsoft\WindowsApps;C:\Users\Kriti Sharma\AppData\Local\Programs\Microsoft VS Code\bin;C:\Users\Kriti Sharma\AppData\Roaming\npm;C:\Users\Kriti Sharma\AppData\Local\Android\Sdk\platform-tools;C:\Users\Kriti Sharma\AppData\Local\Android\Sdk\emulator;C:\Users\Kriti Sharma\AppData\Local\Android\Sdk\tools;C:\Users\Kriti Sharma\AppData\Local\Android\Sdk\tools\bin;
USERNAME=Kriti Sharma
LANG=en_US.UTF-8
OS=Windows_NT
PROCESSOR_IDENTIFIER=Intel64 Family 6 Model 126 Stepping 5, GenuineIntel
TMP=C:\Users\KRITIS~1\AppData\Local\Temp
TEMP=C:\Users\KRITIS~1\AppData\Local\Temp



---------------  S Y S T E M  ---------------

OS:
 Windows 10 , 64 bit Build 19041 (10.0.19041.3155)
OS uptime: 0 days 18:15 hours

CPU: total 8 (initial active 8) (4 cores per cpu, 2 threads per core) family 6 model 126 stepping 5 microcode 0xbc, cx8, cmov, fxsr, ht, mmx, 3dnowpref, sse, sse2, sse3, ssse3, sse4.1, sse4.2, popcnt, lzcnt, tsc, tscinvbit, avx, avx2, aes, erms, clmul, bmi1, bmi2, adx, avx512f, avx512dq, avx512cd, avx512bw, avx512vl, sha, fma, vzeroupper, avx512_vpopcntdq, avx512_vpclmulqdq, avx512_vaes, avx512_vnni, clflush, clflushopt, avx512_vbmi2, avx512_vbmi
Processor Information for all 8 processors :
  Max Mhz: 1190, Current Mhz: 991, Mhz Limit: 987

Memory: 4k page, system-wide physical 7959M (460M free)
TotalPageFile size 13959M (AvailPageFile size 65M)
current process WorkingSet (physical memory assigned to process): 321M, peak: 327M
current process commit charge ("private bytes"): 365M, peak: 381M

vm_info: OpenJDK 64-Bit Server VM (17.0.8+7) for windows-amd64 JRE (17.0.8+7), built on Jul 18 2023 21:02:32 by "admin" with MS VC++ 16.7 (VS2019)

END.
