#
# There is insufficient memory for the Java Runtime Environment to continue.
# Native memory allocation (malloc) failed to allocate 647216 bytes for Chunk::new
# Possible reasons:
#   The system is out of physical RAM or swap space
#   The process is running with CompressedOops enabled, and the Java Heap may be blocking the growth of the native heap
# Possible solutions:
#   Reduce memory load on the system
#   Increase physical memory or swap space
#   Check if swap backing store is full
#   Decrease Java heap size (-Xmx/-Xms)
#   Decrease number of Java threads
#   Decrease Java thread stack sizes (-Xss)
#   Set larger code cache with -XX:ReservedCodeCacheSize=
#   JVM is running with Unscaled Compressed Oops mode in which the Java heap is
#     placed in the first 4GB address space. The Java Heap base address is the
#     maximum limit for the native heap growth. Please use -XX:HeapBaseMinAddress
#     to set the Java Heap base and to place the Java Heap above 4GB virtual address.
# This output file may be truncated or incomplete.
#
#  Out of Memory Error (arena.cpp:189), pid=15780, tid=15056
#
# JRE version: OpenJDK Runtime Environment Temurin-17.0.8+7 (17.0.8+7) (build 17.0.8+7)
# Java VM: OpenJDK 64-Bit Server VM Temurin-17.0.8+7 (17.0.8+7, mixed mode, sharing, tiered, compressed oops, compressed class ptrs, g1 gc, windows-amd64)
# No core dump will be written. Minidumps are not enabled by default on client versions of Windows
#

---------------  S U M M A R Y ------------

Command Line: -XX:MaxMetaspaceSize=512m --add-opens=java.base/java.util=ALL-UNNAMED --add-opens=java.base/java.lang=ALL-UNNAMED --add-opens=java.base/java.lang.invoke=ALL-UNNAMED --add-opens=java.prefs/java.util.prefs=ALL-UNNAMED --add-opens=java.base/java.nio.charset=ALL-UNNAMED --add-opens=java.base/java.net=ALL-UNNAMED --add-opens=java.base/java.util.concurrent.atomic=ALL-UNNAMED -Xmx2048m -Dfile.encoding=windows-1252 -Duser.country=IN -Duser.language=en -Duser.variant org.gradle.launcher.daemon.bootstrap.GradleDaemon 8.0.1

Host: Intel(R) Core(TM) i5-1035G1 CPU @ 1.00GHz, 8 cores, 7G,  Windows 10 , 64 bit Build 19041 (10.0.19041.3155)
Time: Wed Sep  6 16:24:13 2023 India Standard Time elapsed time: 28.669890 seconds (0d 0h 0m 28s)

---------------  T H R E A D  ---------------

Current thread (0x000001deab846b50):  JavaThread "C2 CompilerThread1" daemon [_thread_in_native, id=15056, stack(0x0000003dbae00000,0x0000003dbaf00000)]


Current CompileTask:
C2:  28669 9815       4       java.net.URLStreamHandler::toExternalForm (156 bytes)

Stack: [0x0000003dbae00000,0x0000003dbaf00000]
Native frames: (J=compiled Java code, j=interpreted, Vv=VM code, C=native code)
V  [jvm.dll+0x678b0a]
V  [jvm.dll+0x835e84]
V  [jvm.dll+0x83762e]
V  [jvm.dll+0x837c93]
V  [jvm.dll+0x24746f]
V  [jvm.dll+0xac20c]
V  [jvm.dll+0xac7dc]
V  [jvm.dll+0x365c52]
V  [jvm.dll+0x3301a1]
V  [jvm.dll+0x32f64a]
V  [jvm.dll+0x219bf1]
V  [jvm.dll+0x219011]
V  [jvm.dll+0x1a534d]
V  [jvm.dll+0x228d8a]
V  [jvm.dll+0x226dcc]
V  [jvm.dll+0x7ec09b]
V  [jvm.dll+0x7e64ca]
V  [jvm.dll+0x677955]
C  [ucrtbase.dll+0x21bb2]
C  [KERNEL32.DLL+0x17614]
C  [ntdll.dll+0x526b1]


---------------  P R O C E S S  ---------------

Threads class SMR info:
_java_thread_list=0x000001deae2461c0, length=137, elements={
0x000001deeac1bb20, 0x000001defa053de0, 0x000001defa0558c0, 0x000001defa06ee00,
0x000001defa06f8d0, 0x000001defa0741c0, 0x000001defa0752b0, 0x000001defa075f60,
0x000001defa079e20, 0x000001defa082740, 0x000001defa2c0a00, 0x000001defa2c5300,
0x000001deaa57f3d0, 0x000001defff31820, 0x000001deaa0ef920, 0x000001deaa1e2a30,
0x000001deaa24cd00, 0x000001deaa24a990, 0x000001deaa24d720, 0x000001deaa24dc30,
0x000001deaa24d210, 0x000001deaa24b8c0, 0x000001deaa24e140, 0x000001deaa24c2e0,
0x000001deaa24c7f0, 0x000001deacbe87f0, 0x000001deacbe7dd0, 0x000001deacbe4620,
0x000001deacbe9c30, 0x000001deacbe4b30, 0x000001deacbe4110, 0x000001deacbe6ea0,
0x000001deacbe5550, 0x000001deacbe6990, 0x000001deacbea650, 0x000001deacbe6480,
0x000001deacbe36f0, 0x000001deacbe9210, 0x000001deacbe9720, 0x000001deacbea140,
0x000001deacbe3c00, 0x000001deacbe5a60, 0x000001defad00060, 0x000001defad04230,
0x000001defad06090, 0x000001defad065a0, 0x000001defad06fc0, 0x000001defad00570,
0x000001defad06ab0, 0x000001defad03810, 0x000001defad03d20, 0x000001defad04740,
0x000001defad074d0, 0x000001defad01ec0, 0x000001defad04c50, 0x000001defad023d0,
0x000001defad05b80, 0x000001defad028e0, 0x000001defad05160, 0x000001defad014a0,
0x000001defad05670, 0x000001defad02df0, 0x000001defad019b0, 0x000001defad079e0,
0x000001defad03300, 0x000001defad00a80, 0x000001defad00f90, 0x000001deaadfc4f0,
0x000001deaadff280, 0x000001deaadff790, 0x000001deaadfca00, 0x000001deaadfd930,
0x000001deaadfbfe0, 0x000001deaadf9760, 0x000001deaadfcf10, 0x000001deaadf8320,
0x000001deaadffca0, 0x000001deaadf9250, 0x000001deaadfde40, 0x000001deaadf9c70,
0x000001deaadfbad0, 0x000001deaadfe350, 0x000001deaadf8830, 0x000001deaadfa180,
0x000001deaadfaba0, 0x000001deaadf8d40, 0x000001deaa2f18e0, 0x000001deaa2ef060,
0x000001deaa2f4160, 0x000001deaa2ee640, 0x000001deaa2f09b0, 0x000001deaa2efa80,
0x000001deaa2f4b80, 0x000001deaa2f0ec0, 0x000001deaa2f2d20, 0x000001deaa2eeb50,
0x000001deaa2f4670, 0x000001deaa2ef570, 0x000001deaa2f3230, 0x000001deaa2eff90,
0x000001deaa2f13d0, 0x000001deaa2f1df0, 0x000001deaa2f2300, 0x000001deaa2edc20,
0x000001deaa2f04a0, 0x000001deaa2f2810, 0x000001deaa2f3740, 0x000001deaa2f5090,
0x000001deaa2f55a0, 0x000001deaa2ee130, 0x000001deab1d5f90, 0x000001deab1d6ec0,
0x000001deab1d69b0, 0x000001deab1d73d0, 0x000001deab1d8300, 0x000001deab1d64a0,
0x000001deab1d5570, 0x000001deab1d78e0, 0x000001deab1d5a80, 0x000001deab1d7df0,
0x000001deab1d8810, 0x000001deab1d5060, 0x000001dead281140, 0x000001dead2843e0,
0x000001dead2839c0, 0x000001dead280c30, 0x000001dead27edd0, 0x000001dead27fd00,
0x000001dead282a90, 0x000001dead2834b0, 0x000001dead27cf70, 0x000001dead281650,
0x000001dead280210, 0x000001dead27dea0, 0x000001dead283ed0, 0x000001dead27e3b0,
0x000001deab846b50
}

Java Threads: ( => current thread )
  0x000001deeac1bb20 JavaThread "main" [_thread_blocked, id=16324, stack(0x0000003db1700000,0x0000003db1800000)]
  0x000001defa053de0 JavaThread "Reference Handler" daemon [_thread_blocked, id=8832, stack(0x0000003db1e00000,0x0000003db1f00000)]
  0x000001defa0558c0 JavaThread "Finalizer" daemon [_thread_blocked, id=7984, stack(0x0000003db1f00000,0x0000003db2000000)]
  0x000001defa06ee00 JavaThread "Signal Dispatcher" daemon [_thread_blocked, id=14216, stack(0x0000003db2000000,0x0000003db2100000)]
  0x000001defa06f8d0 JavaThread "Attach Listener" daemon [_thread_blocked, id=6948, stack(0x0000003db2100000,0x0000003db2200000)]
  0x000001defa0741c0 JavaThread "Service Thread" daemon [_thread_blocked, id=12516, stack(0x0000003db2200000,0x0000003db2300000)]
  0x000001defa0752b0 JavaThread "Monitor Deflation Thread" daemon [_thread_blocked, id=8508, stack(0x0000003db2300000,0x0000003db2400000)]
  0x000001defa075f60 JavaThread "C2 CompilerThread0" daemon [_thread_in_native, id=10656, stack(0x0000003db2400000,0x0000003db2500000)]
  0x000001defa079e20 JavaThread "C1 CompilerThread0" daemon [_thread_blocked, id=13548, stack(0x0000003db2500000,0x0000003db2600000)]
  0x000001defa082740 JavaThread "Sweeper thread" daemon [_thread_blocked, id=9004, stack(0x0000003db2600000,0x0000003db2700000)]
  0x000001defa2c0a00 JavaThread "Common-Cleaner" daemon [_thread_blocked, id=9900, stack(0x0000003db2700000,0x0000003db2800000)]
  0x000001defa2c5300 JavaThread "Notification Thread" daemon [_thread_blocked, id=2660, stack(0x0000003db2800000,0x0000003db2900000)]
  0x000001deaa57f3d0 JavaThread "Daemon health stats" [_thread_blocked, id=10708, stack(0x0000003db3000000,0x0000003db3100000)]
  0x000001defff31820 JavaThread "Incoming local TCP Connector on port 52188" [_thread_in_native, id=15724, stack(0x0000003db3100000,0x0000003db3200000)]
  0x000001deaa0ef920 JavaThread "Daemon periodic checks" [_thread_blocked, id=15176, stack(0x0000003db3200000,0x0000003db3300000)]
  0x000001deaa1e2a30 JavaThread "Daemon" [_thread_blocked, id=14820, stack(0x0000003db3300000,0x0000003db3400000)]
  0x000001deaa24cd00 JavaThread "Handler for socket connection from /127.0.0.1:52188 to /127.0.0.1:52189" [_thread_in_native, id=15488, stack(0x0000003db3400000,0x0000003db3500000)]
  0x000001deaa24a990 JavaThread "Cancel handler" [_thread_blocked, id=16332, stack(0x0000003db3500000,0x0000003db3600000)]
  0x000001deaa24d720 JavaThread "Daemon worker" [_thread_in_native, id=2996, stack(0x0000003db3600000,0x0000003db3700000)]
  0x000001deaa24dc30 JavaThread "Asynchronous log dispatcher for DefaultDaemonConnection: socket connection from /127.0.0.1:52188 to /127.0.0.1:52189" [_thread_blocked, id=912, stack(0x0000003db3700000,0x0000003db3800000)]
  0x000001deaa24d210 JavaThread "Stdin handler" [_thread_blocked, id=11656, stack(0x0000003db3800000,0x0000003db3900000)]
  0x000001deaa24b8c0 JavaThread "Daemon client event forwarder" [_thread_blocked, id=3520, stack(0x0000003db3900000,0x0000003db3a00000)]
  0x000001deaa24e140 JavaThread "Cache worker for journal cache (C:\Users\Kriti Sharma\.gradle\caches\journal-1)" [_thread_blocked, id=9184, stack(0x0000003db3a00000,0x0000003db3b00000)]
  0x000001deaa24c2e0 JavaThread "File lock request listener" [_thread_in_native, id=15760, stack(0x0000003db3b00000,0x0000003db3c00000)]
  0x000001deaa24c7f0 JavaThread "Cache worker for file hash cache (C:\Users\Kriti Sharma\.gradle\caches\8.0.1\fileHashes)" [_thread_blocked, id=8172, stack(0x0000003db3c00000,0x0000003db3d00000)]
  0x000001deacbe87f0 JavaThread "File watcher server" daemon [_thread_in_native, id=11076, stack(0x0000003db4000000,0x0000003db4100000)]
  0x000001deacbe7dd0 JavaThread "File watcher consumer" daemon [_thread_blocked, id=14164, stack(0x0000003db4100000,0x0000003db4200000)]
  0x000001deacbe4620 JavaThread "Cache worker for checksums cache (D:\Internship\react project\Calculator\android\.gradle\8.0.1\checksums)" [_thread_blocked, id=13356, stack(0x0000003db2a00000,0x0000003db2b00000)]
  0x000001deacbe9c30 JavaThread "Cache worker for cache directory md-rule (C:\Users\Kriti Sharma\.gradle\caches\8.0.1\md-rule)" [_thread_blocked, id=7280, stack(0x0000003db4200000,0x0000003db4300000)]
  0x000001deacbe4b30 JavaThread "Cache worker for file content cache (C:\Users\Kriti Sharma\.gradle\caches\8.0.1\fileContent)" [_thread_blocked, id=10820, stack(0x0000003db4300000,0x0000003db4400000)]
  0x000001deacbe4110 JavaThread "Cache worker for file hash cache (D:\Internship\react project\Calculator\android\.gradle\8.0.1\fileHashes)" [_thread_blocked, id=9644, stack(0x0000003db4400000,0x0000003db4500000)]
  0x000001deacbe6ea0 JavaThread "Cache worker for cache directory md-supplier (C:\Users\Kriti Sharma\.gradle\caches\8.0.1\md-supplier)" [_thread_blocked, id=15124, stack(0x0000003db4500000,0x0000003db4600000)]
  0x000001deacbe5550 JavaThread "Cache worker for execution history cache (C:\Users\Kriti Sharma\.gradle\caches\8.0.1\executionHistory)" [_thread_blocked, id=6472, stack(0x0000003db4700000,0x0000003db4800000)]
  0x000001deacbe6990 JavaThread "jar transforms" [_thread_blocked, id=7000, stack(0x0000003db4800000,0x0000003db4900000)]
  0x000001deacbea650 JavaThread "jar transforms Thread 2" [_thread_blocked, id=5720, stack(0x0000003db4900000,0x0000003db4a00000)]
  0x000001deacbe6480 JavaThread "jar transforms Thread 3" [_thread_blocked, id=3852, stack(0x0000003db2b00000,0x0000003db2c00000)]
  0x000001deacbe36f0 JavaThread "jar transforms Thread 4" [_thread_blocked, id=1764, stack(0x0000003db4b00000,0x0000003db4c00000)]
  0x000001deacbe9210 JavaThread "Cache worker for kotlin-dsl (C:\Users\Kriti Sharma\.gradle\caches\8.0.1\kotlin-dsl)" [_thread_blocked, id=3320, stack(0x0000003db4c00000,0x0000003db4d00000)]
  0x000001deacbe9720 JavaThread "jar transforms Thread 5" [_thread_blocked, id=15784, stack(0x0000003db4d00000,0x0000003db4e00000)]
  0x000001deacbea140 JavaThread "jar transforms Thread 6" [_thread_blocked, id=15008, stack(0x0000003db4e00000,0x0000003db4f00000)]
  0x000001deacbe3c00 JavaThread "Cache worker for dependencies-accessors (D:\Internship\react project\Calculator\android\.gradle\8.0.1\dependencies-accessors)" [_thread_blocked, id=13756, stack(0x0000003db4f00000,0x0000003db5000000)]
  0x000001deacbe5a60 JavaThread "Cache worker for Build Output Cleanup Cache (D:\Internship\react project\Calculator\node_modules\@react-native\gradle-plugin\.gradle\buildOutputCleanup)" [_thread_blocked, id=7364, stack(0x0000003db5000000,0x0000003db5100000)]
  0x000001defad00060 JavaThread "jar transforms Thread 7" [_thread_blocked, id=10920, stack(0x0000003db5100000,0x0000003db5200000)]
  0x000001defad04230 JavaThread "Unconstrained build operations" [_thread_blocked, id=10972, stack(0x0000003db5200000,0x0000003db5300000)]
  0x000001defad06090 JavaThread "Unconstrained build operations Thread 2" [_thread_blocked, id=14444, stack(0x0000003db5300000,0x0000003db5400000)]
  0x000001defad065a0 JavaThread "Unconstrained build operations Thread 3" [_thread_blocked, id=12040, stack(0x0000003db5400000,0x0000003db5500000)]
  0x000001defad06fc0 JavaThread "Unconstrained build operations Thread 4" [_thread_blocked, id=6224, stack(0x0000003db5500000,0x0000003db5600000)]
  0x000001defad00570 JavaThread "Unconstrained build operations Thread 5" [_thread_blocked, id=3396, stack(0x0000003db5600000,0x0000003db5700000)]
  0x000001defad06ab0 JavaThread "Unconstrained build operations Thread 6" [_thread_blocked, id=8340, stack(0x0000003db5700000,0x0000003db5800000)]
  0x000001defad03810 JavaThread "Unconstrained build operations Thread 7" [_thread_blocked, id=14752, stack(0x0000003db5800000,0x0000003db5900000)]
  0x000001defad03d20 JavaThread "Unconstrained build operations Thread 8" [_thread_blocked, id=2592, stack(0x0000003db5900000,0x0000003db5a00000)]
  0x000001defad04740 JavaThread "Unconstrained build operations Thread 9" [_thread_blocked, id=16224, stack(0x0000003db5a00000,0x0000003db5b00000)]
  0x000001defad074d0 JavaThread "Unconstrained build operations Thread 10" [_thread_blocked, id=9128, stack(0x0000003db5b00000,0x0000003db5c00000)]
  0x000001defad01ec0 JavaThread "Unconstrained build operations Thread 11" [_thread_blocked, id=15312, stack(0x0000003db5c00000,0x0000003db5d00000)]
  0x000001defad04c50 JavaThread "Unconstrained build operations Thread 12" [_thread_blocked, id=9816, stack(0x0000003db5d00000,0x0000003db5e00000)]
  0x000001defad023d0 JavaThread "Unconstrained build operations Thread 13" [_thread_blocked, id=9252, stack(0x0000003db5e00000,0x0000003db5f00000)]
  0x000001defad05b80 JavaThread "Unconstrained build operations Thread 14" [_thread_blocked, id=11072, stack(0x0000003db5f00000,0x0000003db6000000)]
  0x000001defad028e0 JavaThread "Unconstrained build operations Thread 15" [_thread_blocked, id=2672, stack(0x0000003db6000000,0x0000003db6100000)]
  0x000001defad05160 JavaThread "Unconstrained build operations Thread 16" [_thread_blocked, id=13428, stack(0x0000003db6100000,0x0000003db6200000)]
  0x000001defad014a0 JavaThread "Unconstrained build operations Thread 17" [_thread_blocked, id=7272, stack(0x0000003db6200000,0x0000003db6300000)]
  0x000001defad05670 JavaThread "Unconstrained build operations Thread 18" [_thread_blocked, id=10424, stack(0x0000003db6300000,0x0000003db6400000)]
  0x000001defad02df0 JavaThread "Unconstrained build operations Thread 19" [_thread_blocked, id=10740, stack(0x0000003db6400000,0x0000003db6500000)]
  0x000001defad019b0 JavaThread "Unconstrained build operations Thread 20" [_thread_blocked, id=8276, stack(0x0000003db6500000,0x0000003db6600000)]
  0x000001defad079e0 JavaThread "Unconstrained build operations Thread 21" [_thread_blocked, id=12456, stack(0x0000003db6600000,0x0000003db6700000)]
  0x000001defad03300 JavaThread "Unconstrained build operations Thread 22" [_thread_blocked, id=14764, stack(0x0000003db6700000,0x0000003db6800000)]
  0x000001defad00a80 JavaThread "Unconstrained build operations Thread 23" [_thread_blocked, id=11444, stack(0x0000003db6800000,0x0000003db6900000)]
  0x000001defad00f90 JavaThread "Unconstrained build operations Thread 24" [_thread_blocked, id=15664, stack(0x0000003db6900000,0x0000003db6a00000)]
  0x000001deaadfc4f0 JavaThread "Unconstrained build operations Thread 25" [_thread_blocked, id=14776, stack(0x0000003db6a00000,0x0000003db6b00000)]
  0x000001deaadff280 JavaThread "Unconstrained build operations Thread 26" [_thread_blocked, id=2520, stack(0x0000003db6b00000,0x0000003db6c00000)]
  0x000001deaadff790 JavaThread "jar transforms Thread 8" [_thread_blocked, id=7212, stack(0x0000003db6c00000,0x0000003db6d00000)]
  0x000001deaadfca00 JavaThread "Memory manager" [_thread_blocked, id=16192, stack(0x0000003db6d00000,0x0000003db6e00000)]
  0x000001deaadfd930 JavaThread "File lock release action executor" [_thread_blocked, id=7040, stack(0x0000003db6e00000,0x0000003db6f00000)]
  0x000001deaadfbfe0 JavaThread "Cache worker for Build Output Cleanup Cache (D:\Internship\react project\Calculator\android\.gradle\buildOutputCleanup)" [_thread_blocked, id=10436, stack(0x0000003db6f00000,0x0000003db7000000)]
  0x000001deaadf9760 JavaThread "included builds" [_thread_blocked, id=15696, stack(0x0000003db7000000,0x0000003db7100000)]
  0x000001deaadfcf10 JavaThread "Execution worker" [_thread_blocked, id=2820, stack(0x0000003db7100000,0x0000003db7200000)]
  0x000001deaadf8320 JavaThread "Execution worker Thread 2" [_thread_blocked, id=14272, stack(0x0000003db7200000,0x0000003db7300000)]
  0x000001deaadffca0 JavaThread "Execution worker Thread 3" [_thread_blocked, id=12204, stack(0x0000003db7300000,0x0000003db7400000)]
  0x000001deaadf9250 JavaThread "Execution worker Thread 4" [_thread_blocked, id=14832, stack(0x0000003db7400000,0x0000003db7500000)]
  0x000001deaadfde40 JavaThread "Execution worker Thread 5" [_thread_blocked, id=10560, stack(0x0000003db7500000,0x0000003db7600000)]
  0x000001deaadf9c70 JavaThread "Execution worker Thread 6" [_thread_blocked, id=14984, stack(0x0000003db7600000,0x0000003db7700000)]
  0x000001deaadfbad0 JavaThread "Execution worker Thread 7" [_thread_blocked, id=3564, stack(0x0000003db7700000,0x0000003db7800000)]
  0x000001deaadfe350 JavaThread "Cache worker for execution history cache (D:\Internship\react project\Calculator\node_modules\@react-native\gradle-plugin\.gradle\8.0.1\executionHistory)" [_thread_blocked, id=10568, stack(0x0000003db7800000,0x0000003db7900000)]
  0x000001deaadf8830 JavaThread "Unconstrained build operations Thread 27" [_thread_blocked, id=13620, stack(0x0000003db4a00000,0x0000003db4b00000)]
  0x000001deaadfa180 JavaThread "Unconstrained build operations Thread 28" [_thread_blocked, id=9696, stack(0x0000003db7900000,0x0000003db7a00000)]
  0x000001deaadfaba0 JavaThread "Unconstrained build operations Thread 29" [_thread_blocked, id=14656, stack(0x0000003db7a00000,0x0000003db7b00000)]
  0x000001deaadf8d40 JavaThread "Unconstrained build operations Thread 30" [_thread_blocked, id=8652, stack(0x0000003db7b00000,0x0000003db7c00000)]
  0x000001deaa2f18e0 JavaThread "Unconstrained build operations Thread 31" [_thread_blocked, id=13908, stack(0x0000003db7c00000,0x0000003db7d00000)]
  0x000001deaa2ef060 JavaThread "Unconstrained build operations Thread 32" [_thread_blocked, id=6076, stack(0x0000003db7d00000,0x0000003db7e00000)]
  0x000001deaa2f4160 JavaThread "Unconstrained build operations Thread 33" [_thread_blocked, id=5624, stack(0x0000003db7e00000,0x0000003db7f00000)]
  0x000001deaa2ee640 JavaThread "Unconstrained build operations Thread 34" [_thread_blocked, id=11992, stack(0x0000003db7f00000,0x0000003db8000000)]
  0x000001deaa2f09b0 JavaThread "Unconstrained build operations Thread 35" [_thread_blocked, id=15536, stack(0x0000003db8000000,0x0000003db8100000)]
  0x000001deaa2efa80 JavaThread "Unconstrained build operations Thread 36" [_thread_blocked, id=14428, stack(0x0000003db8100000,0x0000003db8200000)]
  0x000001deaa2f4b80 JavaThread "Unconstrained build operations Thread 37" [_thread_blocked, id=14664, stack(0x0000003db8200000,0x0000003db8300000)]
  0x000001deaa2f0ec0 JavaThread "Unconstrained build operations Thread 38" [_thread_blocked, id=13020, stack(0x0000003db8300000,0x0000003db8400000)]
  0x000001deaa2f2d20 JavaThread "Unconstrained build operations Thread 39" [_thread_blocked, id=12680, stack(0x0000003db8400000,0x0000003db8500000)]
  0x000001deaa2eeb50 JavaThread "Unconstrained build operations Thread 40" [_thread_blocked, id=6460, stack(0x0000003db8500000,0x0000003db8600000)]
  0x000001deaa2f4670 JavaThread "Unconstrained build operations Thread 41" [_thread_blocked, id=7336, stack(0x0000003db8600000,0x0000003db8700000)]
  0x000001deaa2ef570 JavaThread "Unconstrained build operations Thread 42" [_thread_blocked, id=15048, stack(0x0000003db8700000,0x0000003db8800000)]
  0x000001deaa2f3230 JavaThread "Unconstrained build operations Thread 43" [_thread_blocked, id=3884, stack(0x0000003db8800000,0x0000003db8900000)]
  0x000001deaa2eff90 JavaThread "Unconstrained build operations Thread 44" [_thread_blocked, id=6760, stack(0x0000003db8900000,0x0000003db8a00000)]
  0x000001deaa2f13d0 JavaThread "Unconstrained build operations Thread 45" [_thread_blocked, id=2456, stack(0x0000003db8a00000,0x0000003db8b00000)]
  0x000001deaa2f1df0 JavaThread "Unconstrained build operations Thread 46" [_thread_blocked, id=14900, stack(0x0000003db8b00000,0x0000003db8c00000)]
  0x000001deaa2f2300 JavaThread "Unconstrained build operations Thread 47" [_thread_blocked, id=15660, stack(0x0000003db8c00000,0x0000003db8d00000)]
  0x000001deaa2edc20 JavaThread "Unconstrained build operations Thread 48" [_thread_blocked, id=9756, stack(0x0000003db8d00000,0x0000003db8e00000)]
  0x000001deaa2f04a0 JavaThread "Unconstrained build operations Thread 49" [_thread_blocked, id=14788, stack(0x0000003db8e00000,0x0000003db8f00000)]
  0x000001deaa2f2810 JavaThread "Unconstrained build operations Thread 50" [_thread_blocked, id=10860, stack(0x0000003db8f00000,0x0000003db9000000)]
  0x000001deaa2f3740 JavaThread "Unconstrained build operations Thread 51" [_thread_blocked, id=13100, stack(0x0000003db9000000,0x0000003db9100000)]
  0x000001deaa2f5090 JavaThread "Unconstrained build operations Thread 52" [_thread_blocked, id=4600, stack(0x0000003db9200000,0x0000003db9300000)]
  0x000001deaa2f55a0 JavaThread "Unconstrained build operations Thread 53" [_thread_blocked, id=10896, stack(0x0000003db9100000,0x0000003db9200000)]
  0x000001deaa2ee130 JavaThread "Unconstrained build operations Thread 54" [_thread_blocked, id=7840, stack(0x0000003db9300000,0x0000003db9400000)]
  0x000001deab1d5f90 JavaThread "Unconstrained build operations Thread 55" [_thread_blocked, id=15700, stack(0x0000003db9400000,0x0000003db9500000)]
  0x000001deab1d6ec0 JavaThread "Unconstrained build operations Thread 56" [_thread_blocked, id=14892, stack(0x0000003db9500000,0x0000003db9600000)]
  0x000001deab1d69b0 JavaThread "Unconstrained build operations Thread 57" [_thread_blocked, id=14688, stack(0x0000003db9600000,0x0000003db9700000)]
  0x000001deab1d73d0 JavaThread "Unconstrained build operations Thread 58" [_thread_blocked, id=10912, stack(0x0000003db9700000,0x0000003db9800000)]
  0x000001deab1d8300 JavaThread "Unconstrained build operations Thread 59" [_thread_blocked, id=4732, stack(0x0000003db9800000,0x0000003db9900000)]
  0x000001deab1d64a0 JavaThread "Unconstrained build operations Thread 60" [_thread_blocked, id=1416, stack(0x0000003db9900000,0x0000003db9a00000)]
  0x000001deab1d5570 JavaThread "Unconstrained build operations Thread 61" [_thread_blocked, id=1180, stack(0x0000003db9a00000,0x0000003db9b00000)]
  0x000001deab1d78e0 JavaThread "Unconstrained build operations Thread 62" [_thread_blocked, id=13724, stack(0x0000003db9b00000,0x0000003db9c00000)]
  0x000001deab1d5a80 JavaThread "Unconstrained build operations Thread 63" [_thread_blocked, id=9740, stack(0x0000003db9c00000,0x0000003db9d00000)]
  0x000001deab1d7df0 JavaThread "Unconstrained build operations Thread 64" [_thread_blocked, id=14928, stack(0x0000003db9d00000,0x0000003db9e00000)]
  0x000001deab1d8810 JavaThread "Unconstrained build operations Thread 65" [_thread_blocked, id=13304, stack(0x0000003db9e00000,0x0000003db9f00000)]
  0x000001deab1d5060 JavaThread "Unconstrained build operations Thread 66" [_thread_blocked, id=13072, stack(0x0000003db9f00000,0x0000003dba000000)]
  0x000001dead281140 JavaThread "Unconstrained build operations Thread 67" [_thread_blocked, id=4856, stack(0x0000003dba000000,0x0000003dba100000)]
  0x000001dead2843e0 JavaThread "Unconstrained build operations Thread 68" [_thread_blocked, id=9148, stack(0x0000003dba100000,0x0000003dba200000)]
  0x000001dead2839c0 JavaThread "Unconstrained build operations Thread 69" [_thread_blocked, id=14408, stack(0x0000003dba200000,0x0000003dba300000)]
  0x000001dead280c30 JavaThread "Unconstrained build operations Thread 70" [_thread_blocked, id=15012, stack(0x0000003dba300000,0x0000003dba400000)]
  0x000001dead27edd0 JavaThread "Unconstrained build operations Thread 71" [_thread_blocked, id=7144, stack(0x0000003dba400000,0x0000003dba500000)]
  0x000001dead27fd00 JavaThread "Unconstrained build operations Thread 72" [_thread_blocked, id=15368, stack(0x0000003dba500000,0x0000003dba600000)]
  0x000001dead282a90 JavaThread "Unconstrained build operations Thread 73" [_thread_blocked, id=15356, stack(0x0000003dba600000,0x0000003dba700000)]
  0x000001dead2834b0 JavaThread "Unconstrained build operations Thread 74" [_thread_blocked, id=5380, stack(0x0000003dba700000,0x0000003dba800000)]
  0x000001dead27cf70 JavaThread "Unconstrained build operations Thread 75" [_thread_blocked, id=3404, stack(0x0000003dba800000,0x0000003dba900000)]
  0x000001dead281650 JavaThread "Unconstrained build operations Thread 76" [_thread_blocked, id=9176, stack(0x0000003dba900000,0x0000003dbaa00000)]
  0x000001dead280210 JavaThread "Unconstrained build operations Thread 77" [_thread_blocked, id=13400, stack(0x0000003dbaa00000,0x0000003dbab00000)]
  0x000001dead27dea0 JavaThread "Unconstrained build operations Thread 78" [_thread_blocked, id=15528, stack(0x0000003dbab00000,0x0000003dbac00000)]
  0x000001dead283ed0 JavaThread "Unconstrained build operations Thread 79" [_thread_blocked, id=144, stack(0x0000003dbac00000,0x0000003dbad00000)]
  0x000001dead27e3b0 JavaThread "Unconstrained build operations Thread 80" [_thread_blocked, id=2444, stack(0x0000003dbad00000,0x0000003dbae00000)]
=>0x000001deab846b50 JavaThread "C2 CompilerThread1" daemon [_thread_in_native, id=15056, stack(0x0000003dbae00000,0x0000003dbaf00000)]

Other Threads:
  0x000001defa050df0 VMThread "VM Thread" [stack: 0x0000003db1d00000,0x0000003db1e00000] [id=3340]
  0x000001deeac9d530 WatcherThread [stack: 0x0000003db2900000,0x0000003db2a00000] [id=14964]
  0x000001deeac78c30 GCTaskThread "GC Thread#0" [stack: 0x0000003db1800000,0x0000003db1900000] [id=15596]
  0x000001defa43ff40 GCTaskThread "GC Thread#1" [stack: 0x0000003db2c00000,0x0000003db2d00000] [id=6900]
  0x000001defa440200 GCTaskThread "GC Thread#2" [stack: 0x0000003db2d00000,0x0000003db2e00000] [id=9340]
  0x000001deff601c70 GCTaskThread "GC Thread#3" [stack: 0x0000003db2e00000,0x0000003db2f00000] [id=4392]
  0x000001deffe0dd10 GCTaskThread "GC Thread#4" [stack: 0x0000003db2f00000,0x0000003db3000000] [id=7996]
  0x000001deaa3dd0c0 GCTaskThread "GC Thread#5" [stack: 0x0000003db3d00000,0x0000003db3e00000] [id=11348]
  0x000001deaaf5d010 GCTaskThread "GC Thread#6" [stack: 0x0000003db3e00000,0x0000003db3f00000] [id=10256]
  0x000001deab5f5010 GCTaskThread "GC Thread#7" [stack: 0x0000003db3f00000,0x0000003db4000000] [id=15500]
  0x000001deeac8bab0 ConcurrentGCThread "G1 Main Marker" [stack: 0x0000003db1900000,0x0000003db1a00000] [id=10320]
  0x000001deeac8c3d0 ConcurrentGCThread "G1 Conc#0" [stack: 0x0000003db1a00000,0x0000003db1b00000] [id=5424]
  0x000001deac5bc600 ConcurrentGCThread "G1 Conc#1" [stack: 0x0000003db4600000,0x0000003db4700000] [id=13632]
  0x000001deeacde5f0 ConcurrentGCThread "G1 Refine#0" [stack: 0x0000003db1b00000,0x0000003db1c00000] [id=1840]
  0x000001def9f080f0 ConcurrentGCThread "G1 Service" [stack: 0x0000003db1c00000,0x0000003db1d00000] [id=15408]

Threads with active compile tasks:
C2 CompilerThread0    28719 9825       4       java.lang.ClassLoader::postDefineClass (39 bytes)
C1 CompilerThread0    28719 9902       3       org.gradle.internal.instantiation.generator.AsmBackedClassGenerator$ClassBuilderImpl::generateInitMethod (16 bytes)
C2 CompilerThread1    28719 9815       4       java.net.URLStreamHandler::toExternalForm (156 bytes)

VM state: not at safepoint (normal execution)

VM Mutex/Monitor currently owned by a thread:  ([mutex/lock_event])
[0x000001deeac17380] MethodData_lock - owner thread: 0x0000000000000000

Heap address: 0x0000000080000000, size: 2048 MB, Compressed Oops mode: 32-bit

CDS archive(s) mapped at: [0x000001de8f000000-0x000001de8fbd0000-0x000001de8fbd0000), size 12386304, SharedBaseAddress: 0x000001de8f000000, ArchiveRelocationMode: 1.
Compressed class space mapped at: 0x000001de90000000-0x000001deaa000000, reserved size: 436207616
Narrow klass base: 0x000001de8f000000, Narrow klass shift: 0, Narrow klass range: 0x100000000

GC Precious Log:
 CPUs: 8 total, 8 available
 Memory: 7959M
 Large Page Support: Disabled
 NUMA Support: Disabled
 Compressed Oops: Enabled (32-bit)
 Heap Region Size: 1M
 Heap Min Capacity: 8M
 Heap Initial Capacity: 126M
 Heap Max Capacity: 2G
 Pre-touch: Disabled
 Parallel Workers: 8
 Concurrent Workers: 2
 Concurrent Refinement Workers: 8
 Periodic GC: Disabled

Heap:
 garbage-first heap   total 223232K, used 138172K [0x0000000080000000, 0x0000000100000000)
  region size 1024K, 61 young (62464K), 2 survivors (2048K)
 Metaspace       used 80436K, committed 81216K, reserved 557056K
  class space    used 11141K, committed 11520K, reserved 425984K

Heap Regions: E=young(eden), S=young(survivor), O=old, HS=humongous(starts), HC=humongous(continues), CS=collection set, F=free, OA=open archive, CA=closed archive, TAMS=top-at-mark-start (previous, next)
|   0|0x0000000080000000, 0x0000000080100000, 0x0000000080100000|100%|HS|  |TAMS 0x0000000080100000, 0x0000000080000000| Complete 
|   1|0x0000000080100000, 0x0000000080200000, 0x0000000080200000|100%|HC|  |TAMS 0x0000000080200000, 0x0000000080100000| Complete 
|   2|0x0000000080200000, 0x0000000080300000, 0x0000000080300000|100%|HC|  |TAMS 0x0000000080300000, 0x0000000080200000| Complete 
|   3|0x0000000080300000, 0x0000000080400000, 0x0000000080400000|100%|HC|  |TAMS 0x0000000080400000, 0x0000000080300000| Complete 
|   4|0x0000000080400000, 0x0000000080500000, 0x0000000080500000|100%| O|  |TAMS 0x0000000080500000, 0x0000000080400000| Untracked 
|   5|0x0000000080500000, 0x0000000080600000, 0x0000000080600000|100%| O|  |TAMS 0x0000000080600000, 0x0000000080500000| Untracked 
|   6|0x0000000080600000, 0x0000000080700000, 0x0000000080700000|100%| O|  |TAMS 0x0000000080700000, 0x0000000080600000| Untracked 
|   7|0x0000000080700000, 0x0000000080800000, 0x0000000080800000|100%| O|  |TAMS 0x0000000080800000, 0x0000000080700000| Untracked 
|   8|0x0000000080800000, 0x0000000080900000, 0x0000000080900000|100%| O|  |TAMS 0x0000000080900000, 0x0000000080800000| Untracked 
|   9|0x0000000080900000, 0x0000000080a00000, 0x0000000080a00000|100%| O|  |TAMS 0x0000000080a00000, 0x0000000080900000| Untracked 
|  10|0x0000000080a00000, 0x0000000080b00000, 0x0000000080b00000|100%| O|  |TAMS 0x0000000080b00000, 0x0000000080a00000| Untracked 
|  11|0x0000000080b00000, 0x0000000080c00000, 0x0000000080c00000|100%| O|  |TAMS 0x0000000080c00000, 0x0000000080b00000| Untracked 
|  12|0x0000000080c00000, 0x0000000080d00000, 0x0000000080d00000|100%| O|  |TAMS 0x0000000080d00000, 0x0000000080c00000| Untracked 
|  13|0x0000000080d00000, 0x0000000080e00000, 0x0000000080e00000|100%| O|  |TAMS 0x0000000080e00000, 0x0000000080d00000| Untracked 
|  14|0x0000000080e00000, 0x0000000080f00000, 0x0000000080f00000|100%| O|  |TAMS 0x0000000080f00000, 0x0000000080e00000| Untracked 
|  15|0x0000000080f00000, 0x0000000081000000, 0x0000000081000000|100%| O|  |TAMS 0x0000000081000000, 0x0000000080f00000| Untracked 
|  16|0x0000000081000000, 0x00000000810ffff8, 0x0000000081100000| 99%| O|  |TAMS 0x00000000810ffff8, 0x0000000081000000| Untracked 
|  17|0x0000000081100000, 0x0000000081200000, 0x0000000081200000|100%| O|  |TAMS 0x0000000081200000, 0x0000000081100000| Untracked 
|  18|0x0000000081200000, 0x0000000081300000, 0x0000000081300000|100%| O|  |TAMS 0x0000000081300000, 0x0000000081200000| Untracked 
|  19|0x0000000081300000, 0x0000000081400000, 0x0000000081400000|100%| O|  |TAMS 0x0000000081400000, 0x0000000081300000| Untracked 
|  20|0x0000000081400000, 0x0000000081500000, 0x0000000081500000|100%| O|  |TAMS 0x0000000081500000, 0x0000000081400000| Untracked 
|  21|0x0000000081500000, 0x00000000815ffff8, 0x0000000081600000| 99%| O|  |TAMS 0x00000000815ffff8, 0x0000000081500000| Untracked 
|  22|0x0000000081600000, 0x0000000081700000, 0x0000000081700000|100%| O|  |TAMS 0x0000000081700000, 0x0000000081600000| Untracked 
|  23|0x0000000081700000, 0x0000000081800000, 0x0000000081800000|100%| O|  |TAMS 0x0000000081800000, 0x0000000081700000| Untracked 
|  24|0x0000000081800000, 0x0000000081900000, 0x0000000081900000|100%| O|  |TAMS 0x0000000081900000, 0x0000000081800000| Untracked 
|  25|0x0000000081900000, 0x0000000081a00000, 0x0000000081a00000|100%| O|  |TAMS 0x0000000081a00000, 0x0000000081900000| Untracked 
|  26|0x0000000081a00000, 0x0000000081b00000, 0x0000000081b00000|100%| O|  |TAMS 0x0000000081b00000, 0x0000000081a00000| Untracked 
|  27|0x0000000081b00000, 0x0000000081b00000, 0x0000000081c00000|  0%| F|  |TAMS 0x0000000081b00000, 0x0000000081b00000| Untracked 
|  28|0x0000000081c00000, 0x0000000081d00000, 0x0000000081d00000|100%|HS|  |TAMS 0x0000000081d00000, 0x0000000081c00000| Complete 
|  29|0x0000000081d00000, 0x0000000081e00000, 0x0000000081e00000|100%|HC|  |TAMS 0x0000000081e00000, 0x0000000081d00000| Complete 
|  30|0x0000000081e00000, 0x0000000081f00000, 0x0000000081f00000|100%|HS|  |TAMS 0x0000000081f00000, 0x0000000081e00000| Complete 
|  31|0x0000000081f00000, 0x0000000082000000, 0x0000000082000000|100%|HC|  |TAMS 0x0000000082000000, 0x0000000081f00000| Complete 
|  32|0x0000000082000000, 0x0000000082100000, 0x0000000082100000|100%|HC|  |TAMS 0x0000000082100000, 0x0000000082000000| Complete 
|  33|0x0000000082100000, 0x0000000082200000, 0x0000000082200000|100%|HC|  |TAMS 0x0000000082200000, 0x0000000082100000| Complete 
|  34|0x0000000082200000, 0x0000000082300000, 0x0000000082300000|100%| O|  |TAMS 0x0000000082300000, 0x0000000082200000| Untracked 
|  35|0x0000000082300000, 0x0000000082400000, 0x0000000082400000|100%| O|  |TAMS 0x0000000082400000, 0x0000000082300000| Untracked 
|  36|0x0000000082400000, 0x0000000082500000, 0x0000000082500000|100%| O|  |TAMS 0x0000000082500000, 0x0000000082400000| Untracked 
|  37|0x0000000082500000, 0x0000000082600000, 0x0000000082600000|100%| O|  |TAMS 0x0000000082600000, 0x0000000082500000| Untracked 
|  38|0x0000000082600000, 0x0000000082700000, 0x0000000082700000|100%| O|  |TAMS 0x0000000082700000, 0x0000000082600000| Untracked 
|  39|0x0000000082700000, 0x0000000082800000, 0x0000000082800000|100%| O|  |TAMS 0x0000000082800000, 0x0000000082700000| Untracked 
|  40|0x0000000082800000, 0x0000000082900000, 0x0000000082900000|100%| O|  |TAMS 0x0000000082900000, 0x0000000082800000| Untracked 
|  41|0x0000000082900000, 0x0000000082a00000, 0x0000000082a00000|100%| O|  |TAMS 0x0000000082a00000, 0x0000000082900000| Untracked 
|  42|0x0000000082a00000, 0x0000000082b00000, 0x0000000082b00000|100%| O|  |TAMS 0x0000000082b00000, 0x0000000082a00000| Untracked 
|  43|0x0000000082b00000, 0x0000000082c00000, 0x0000000082c00000|100%| O|  |TAMS 0x0000000082c00000, 0x0000000082b00000| Untracked 
|  44|0x0000000082c00000, 0x0000000082d00000, 0x0000000082d00000|100%| O|  |TAMS 0x0000000082d00000, 0x0000000082c00000| Untracked 
|  45|0x0000000082d00000, 0x0000000082e00000, 0x0000000082e00000|100%| O|  |TAMS 0x0000000082e00000, 0x0000000082d00000| Untracked 
|  46|0x0000000082e00000, 0x0000000082f00000, 0x0000000082f00000|100%| O|  |TAMS 0x0000000082f00000, 0x0000000082e00000| Untracked 
|  47|0x0000000082f00000, 0x0000000083000000, 0x0000000083000000|100%| O|  |TAMS 0x0000000083000000, 0x0000000082f00000| Untracked 
|  48|0x0000000083000000, 0x0000000083100000, 0x0000000083100000|100%| O|  |TAMS 0x0000000083100000, 0x0000000083000000| Untracked 
|  49|0x0000000083100000, 0x0000000083200000, 0x0000000083200000|100%| O|  |TAMS 0x0000000083200000, 0x0000000083100000| Untracked 
|  50|0x0000000083200000, 0x0000000083300000, 0x0000000083300000|100%|HS|  |TAMS 0x0000000083300000, 0x0000000083200000| Complete 
|  51|0x0000000083300000, 0x0000000083400000, 0x0000000083400000|100%| O|  |TAMS 0x0000000083300000, 0x0000000083300000| Untracked 
|  52|0x0000000083400000, 0x0000000083500000, 0x0000000083500000|100%| O|  |TAMS 0x0000000083500000, 0x0000000083400000| Untracked 
|  53|0x0000000083500000, 0x0000000083600000, 0x0000000083600000|100%| O|  |TAMS 0x0000000083600000, 0x0000000083500000| Untracked 
|  54|0x0000000083600000, 0x0000000083700000, 0x0000000083700000|100%| O|  |TAMS 0x0000000083700000, 0x0000000083600000| Untracked 
|  55|0x0000000083700000, 0x0000000083800000, 0x0000000083800000|100%| O|  |TAMS 0x0000000083800000, 0x0000000083700000| Untracked 
|  56|0x0000000083800000, 0x0000000083900000, 0x0000000083900000|100%| O|  |TAMS 0x0000000083900000, 0x0000000083800000| Untracked 
|  57|0x0000000083900000, 0x0000000083a00000, 0x0000000083a00000|100%| O|  |TAMS 0x0000000083a00000, 0x0000000083900000| Untracked 
|  58|0x0000000083a00000, 0x0000000083b00000, 0x0000000083b00000|100%| O|  |TAMS 0x0000000083b00000, 0x0000000083a00000| Untracked 
|  59|0x0000000083b00000, 0x0000000083c00000, 0x0000000083c00000|100%| O|  |TAMS 0x0000000083c00000, 0x0000000083b00000| Untracked 
|  60|0x0000000083c00000, 0x0000000083c00000, 0x0000000083d00000|  0%| F|  |TAMS 0x0000000083c00000, 0x0000000083c00000| Untracked 
|  61|0x0000000083d00000, 0x0000000083e00000, 0x0000000083e00000|100%| O|  |TAMS 0x0000000083e00000, 0x0000000083d00000| Untracked 
|  62|0x0000000083e00000, 0x0000000083f00000, 0x0000000083f00000|100%|HS|  |TAMS 0x0000000083f00000, 0x0000000083e00000| Complete 
|  63|0x0000000083f00000, 0x0000000084000000, 0x0000000084000000|100%| O|  |TAMS 0x0000000084000000, 0x0000000083f00000| Untracked 
|  64|0x0000000084000000, 0x0000000084100000, 0x0000000084100000|100%| O|  |TAMS 0x0000000084100000, 0x0000000084000000| Untracked 
|  65|0x0000000084100000, 0x0000000084200000, 0x0000000084200000|100%| O|  |TAMS 0x0000000084200000, 0x0000000084100000| Untracked 
|  66|0x0000000084200000, 0x0000000084300000, 0x0000000084300000|100%| O|  |TAMS 0x0000000084276000, 0x0000000084200000| Untracked 
|  67|0x0000000084300000, 0x0000000084400000, 0x0000000084400000|100%| O|  |TAMS 0x0000000084300000, 0x0000000084300000| Untracked 
|  68|0x0000000084400000, 0x0000000084500000, 0x0000000084500000|100%| O|  |TAMS 0x0000000084400000, 0x0000000084400000| Untracked 
|  69|0x0000000084500000, 0x0000000084600000, 0x0000000084600000|100%| O|  |TAMS 0x0000000084500000, 0x0000000084500000| Untracked 
|  70|0x0000000084600000, 0x0000000084700000, 0x0000000084700000|100%| O|  |TAMS 0x0000000084600000, 0x0000000084600000| Untracked 
|  71|0x0000000084700000, 0x0000000084800000, 0x0000000084800000|100%| O|  |TAMS 0x0000000084700000, 0x0000000084700000| Untracked 
|  72|0x0000000084800000, 0x0000000084900000, 0x0000000084900000|100%| O|  |TAMS 0x0000000084800000, 0x0000000084800000| Untracked 
|  73|0x0000000084900000, 0x0000000084a00000, 0x0000000084a00000|100%| O|  |TAMS 0x0000000084900000, 0x0000000084900000| Untracked 
|  74|0x0000000084a00000, 0x0000000084b00000, 0x0000000084b00000|100%| O|  |TAMS 0x0000000084a00000, 0x0000000084a00000| Untracked 
|  75|0x0000000084b00000, 0x0000000084c00000, 0x0000000084c00000|100%| O|  |TAMS 0x0000000084b00000, 0x0000000084b00000| Untracked 
|  76|0x0000000084c00000, 0x0000000084d00000, 0x0000000084d00000|100%| O|  |TAMS 0x0000000084c00000, 0x0000000084c00000| Untracked 
|  77|0x0000000084d00000, 0x0000000084dc8a00, 0x0000000084e00000| 78%| O|  |TAMS 0x0000000084d00000, 0x0000000084d00000| Untracked 
|  78|0x0000000084e00000, 0x0000000084e00000, 0x0000000084f00000|  0%| F|  |TAMS 0x0000000084e00000, 0x0000000084e00000| Untracked 
|  79|0x0000000084f00000, 0x0000000084f00000, 0x0000000085000000|  0%| F|  |TAMS 0x0000000084f00000, 0x0000000084f00000| Untracked 
|  80|0x0000000085000000, 0x0000000085000000, 0x0000000085100000|  0%| F|  |TAMS 0x0000000085000000, 0x0000000085000000| Untracked 
|  81|0x0000000085100000, 0x0000000085100000, 0x0000000085200000|  0%| F|  |TAMS 0x0000000085100000, 0x0000000085100000| Untracked 
|  82|0x0000000085200000, 0x0000000085200000, 0x0000000085300000|  0%| F|  |TAMS 0x0000000085200000, 0x0000000085200000| Untracked 
|  83|0x0000000085300000, 0x0000000085300000, 0x0000000085400000|  0%| F|  |TAMS 0x0000000085300000, 0x0000000085300000| Untracked 
|  84|0x0000000085400000, 0x0000000085400000, 0x0000000085500000|  0%| F|  |TAMS 0x0000000085400000, 0x0000000085400000| Untracked 
|  85|0x0000000085500000, 0x0000000085500000, 0x0000000085600000|  0%| F|  |TAMS 0x0000000085500000, 0x0000000085500000| Untracked 
|  86|0x0000000085600000, 0x0000000085600000, 0x0000000085700000|  0%| F|  |TAMS 0x0000000085600000, 0x0000000085600000| Untracked 
|  87|0x0000000085700000, 0x0000000085700000, 0x0000000085800000|  0%| F|  |TAMS 0x0000000085700000, 0x0000000085700000| Untracked 
|  88|0x0000000085800000, 0x0000000085800000, 0x0000000085900000|  0%| F|  |TAMS 0x0000000085800000, 0x0000000085800000| Untracked 
|  89|0x0000000085900000, 0x0000000085900000, 0x0000000085a00000|  0%| F|  |TAMS 0x0000000085900000, 0x0000000085900000| Untracked 
|  90|0x0000000085a00000, 0x0000000085a00000, 0x0000000085b00000|  0%| F|  |TAMS 0x0000000085a00000, 0x0000000085a00000| Untracked 
|  91|0x0000000085b00000, 0x0000000085b00000, 0x0000000085c00000|  0%| F|  |TAMS 0x0000000085b00000, 0x0000000085b00000| Untracked 
|  92|0x0000000085c00000, 0x0000000085c00000, 0x0000000085d00000|  0%| F|  |TAMS 0x0000000085c00000, 0x0000000085c00000| Untracked 
|  93|0x0000000085d00000, 0x0000000085d00000, 0x0000000085e00000|  0%| F|  |TAMS 0x0000000085d00000, 0x0000000085d00000| Untracked 
|  94|0x0000000085e00000, 0x0000000085e00000, 0x0000000085f00000|  0%| F|  |TAMS 0x0000000085e00000, 0x0000000085e00000| Untracked 
|  95|0x0000000085f00000, 0x0000000085f00000, 0x0000000086000000|  0%| F|  |TAMS 0x0000000085f00000, 0x0000000085f00000| Untracked 
|  96|0x0000000086000000, 0x0000000086000000, 0x0000000086100000|  0%| F|  |TAMS 0x0000000086000000, 0x0000000086000000| Untracked 
|  97|0x0000000086100000, 0x0000000086100000, 0x0000000086200000|  0%| F|  |TAMS 0x0000000086100000, 0x0000000086100000| Untracked 
|  98|0x0000000086200000, 0x0000000086200000, 0x0000000086300000|  0%| F|  |TAMS 0x0000000086200000, 0x0000000086200000| Untracked 
|  99|0x0000000086300000, 0x0000000086300000, 0x0000000086400000|  0%| F|  |TAMS 0x0000000086300000, 0x0000000086300000| Untracked 
| 100|0x0000000086400000, 0x0000000086400000, 0x0000000086500000|  0%| F|  |TAMS 0x0000000086400000, 0x0000000086400000| Untracked 
| 101|0x0000000086500000, 0x0000000086500000, 0x0000000086600000|  0%| F|  |TAMS 0x0000000086500000, 0x0000000086500000| Untracked 
| 102|0x0000000086600000, 0x0000000086600000, 0x0000000086700000|  0%| F|  |TAMS 0x0000000086600000, 0x0000000086600000| Untracked 
| 103|0x0000000086700000, 0x0000000086700000, 0x0000000086800000|  0%| F|  |TAMS 0x0000000086700000, 0x0000000086700000| Untracked 
| 104|0x0000000086800000, 0x0000000086800000, 0x0000000086900000|  0%| F|  |TAMS 0x0000000086800000, 0x0000000086800000| Untracked 
| 105|0x0000000086900000, 0x0000000086900000, 0x0000000086a00000|  0%| F|  |TAMS 0x0000000086900000, 0x0000000086900000| Untracked 
| 106|0x0000000086a00000, 0x0000000086a00000, 0x0000000086b00000|  0%| F|  |TAMS 0x0000000086a00000, 0x0000000086a00000| Untracked 
| 107|0x0000000086b00000, 0x0000000086b00000, 0x0000000086c00000|  0%| F|  |TAMS 0x0000000086b00000, 0x0000000086b00000| Untracked 
| 108|0x0000000086c00000, 0x0000000086c00000, 0x0000000086d00000|  0%| F|  |TAMS 0x0000000086c00000, 0x0000000086c00000| Untracked 
| 109|0x0000000086d00000, 0x0000000086d00000, 0x0000000086e00000|  0%| F|  |TAMS 0x0000000086d00000, 0x0000000086d00000| Untracked 
| 110|0x0000000086e00000, 0x0000000086e00000, 0x0000000086f00000|  0%| F|  |TAMS 0x0000000086e00000, 0x0000000086e00000| Untracked 
| 111|0x0000000086f00000, 0x0000000086f00000, 0x0000000087000000|  0%| F|  |TAMS 0x0000000086f00000, 0x0000000086f00000| Untracked 
| 112|0x0000000087000000, 0x0000000087000000, 0x0000000087100000|  0%| F|  |TAMS 0x0000000087000000, 0x0000000087000000| Untracked 
| 113|0x0000000087100000, 0x0000000087100000, 0x0000000087200000|  0%| F|  |TAMS 0x0000000087100000, 0x0000000087100000| Untracked 
| 114|0x0000000087200000, 0x0000000087200000, 0x0000000087300000|  0%| F|  |TAMS 0x0000000087200000, 0x0000000087200000| Untracked 
| 115|0x0000000087300000, 0x0000000087300000, 0x0000000087400000|  0%| F|  |TAMS 0x0000000087300000, 0x0000000087300000| Untracked 
| 116|0x0000000087400000, 0x0000000087400000, 0x0000000087500000|  0%| F|  |TAMS 0x0000000087400000, 0x0000000087400000| Untracked 
| 117|0x0000000087500000, 0x0000000087500000, 0x0000000087600000|  0%| F|  |TAMS 0x0000000087500000, 0x0000000087500000| Untracked 
| 118|0x0000000087600000, 0x0000000087600000, 0x0000000087700000|  0%| F|  |TAMS 0x0000000087600000, 0x0000000087600000| Untracked 
| 119|0x0000000087700000, 0x0000000087700000, 0x0000000087800000|  0%| F|  |TAMS 0x0000000087700000, 0x0000000087700000| Untracked 
| 120|0x0000000087800000, 0x0000000087800000, 0x0000000087900000|  0%| F|  |TAMS 0x0000000087800000, 0x0000000087800000| Untracked 
| 121|0x0000000087900000, 0x0000000087900000, 0x0000000087a00000|  0%| F|  |TAMS 0x0000000087900000, 0x0000000087900000| Untracked 
| 122|0x0000000087a00000, 0x0000000087a00000, 0x0000000087b00000|  0%| F|  |TAMS 0x0000000087a00000, 0x0000000087a00000| Untracked 
| 123|0x0000000087b00000, 0x0000000087b00000, 0x0000000087c00000|  0%| F|  |TAMS 0x0000000087b00000, 0x0000000087b00000| Untracked 
| 124|0x0000000087c00000, 0x0000000087c00000, 0x0000000087d00000|  0%| F|  |TAMS 0x0000000087c00000, 0x0000000087c00000| Untracked 
| 125|0x0000000087d00000, 0x0000000087d00000, 0x0000000087e00000|  0%| F|  |TAMS 0x0000000087d00000, 0x0000000087d00000| Untracked 
| 126|0x0000000087e00000, 0x0000000087e00000, 0x0000000087f00000|  0%| F|  |TAMS 0x0000000087e00000, 0x0000000087e00000| Untracked 
| 127|0x0000000087f00000, 0x0000000087f00000, 0x0000000088000000|  0%| F|  |TAMS 0x0000000087f00000, 0x0000000087f00000| Untracked 
| 128|0x0000000088000000, 0x0000000088000000, 0x0000000088100000|  0%| F|  |TAMS 0x0000000088000000, 0x0000000088000000| Untracked 
| 129|0x0000000088100000, 0x0000000088100000, 0x0000000088200000|  0%| F|  |TAMS 0x0000000088100000, 0x0000000088100000| Untracked 
| 130|0x0000000088200000, 0x0000000088200000, 0x0000000088300000|  0%| F|  |TAMS 0x0000000088200000, 0x0000000088200000| Untracked 
| 131|0x0000000088300000, 0x0000000088300000, 0x0000000088400000|  0%| F|  |TAMS 0x0000000088300000, 0x0000000088300000| Untracked 
| 132|0x0000000088400000, 0x0000000088400000, 0x0000000088500000|  0%| F|  |TAMS 0x0000000088400000, 0x0000000088400000| Untracked 
| 133|0x0000000088500000, 0x0000000088500000, 0x0000000088600000|  0%| F|  |TAMS 0x0000000088500000, 0x0000000088500000| Untracked 
| 134|0x0000000088600000, 0x0000000088600000, 0x0000000088700000|  0%| F|  |TAMS 0x0000000088600000, 0x0000000088600000| Untracked 
| 135|0x0000000088700000, 0x0000000088700000, 0x0000000088800000|  0%| F|  |TAMS 0x0000000088700000, 0x0000000088700000| Untracked 
| 136|0x0000000088800000, 0x0000000088800000, 0x0000000088900000|  0%| F|  |TAMS 0x0000000088800000, 0x0000000088800000| Untracked 
| 137|0x0000000088900000, 0x0000000088900000, 0x0000000088a00000|  0%| F|  |TAMS 0x0000000088900000, 0x0000000088900000| Untracked 
| 138|0x0000000088a00000, 0x0000000088a00000, 0x0000000088b00000|  0%| F|  |TAMS 0x0000000088a00000, 0x0000000088a00000| Untracked 
| 139|0x0000000088b00000, 0x0000000088b00000, 0x0000000088c00000|  0%| F|  |TAMS 0x0000000088b00000, 0x0000000088b00000| Untracked 
| 140|0x0000000088c00000, 0x0000000088c00000, 0x0000000088d00000|  0%| F|  |TAMS 0x0000000088c00000, 0x0000000088c00000| Untracked 
| 141|0x0000000088d00000, 0x0000000088d00000, 0x0000000088e00000|  0%| F|  |TAMS 0x0000000088d00000, 0x0000000088d00000| Untracked 
| 142|0x0000000088e00000, 0x0000000088e00000, 0x0000000088f00000|  0%| F|  |TAMS 0x0000000088e00000, 0x0000000088e00000| Untracked 
| 143|0x0000000088f00000, 0x0000000088f00000, 0x0000000089000000|  0%| F|  |TAMS 0x0000000088f00000, 0x0000000088f00000| Untracked 
| 144|0x0000000089000000, 0x0000000089000000, 0x0000000089100000|  0%| F|  |TAMS 0x0000000089000000, 0x0000000089000000| Untracked 
| 145|0x0000000089100000, 0x0000000089100000, 0x0000000089200000|  0%| F|  |TAMS 0x0000000089100000, 0x0000000089100000| Untracked 
| 146|0x0000000089200000, 0x0000000089200000, 0x0000000089300000|  0%| F|  |TAMS 0x0000000089200000, 0x0000000089200000| Untracked 
| 147|0x0000000089300000, 0x0000000089300000, 0x0000000089400000|  0%| F|  |TAMS 0x0000000089300000, 0x0000000089300000| Untracked 
| 148|0x0000000089400000, 0x0000000089400000, 0x0000000089500000|  0%| F|  |TAMS 0x0000000089400000, 0x0000000089400000| Untracked 
| 149|0x0000000089500000, 0x0000000089500000, 0x0000000089600000|  0%| F|  |TAMS 0x0000000089500000, 0x0000000089500000| Untracked 
| 150|0x0000000089600000, 0x0000000089600000, 0x0000000089700000|  0%| F|  |TAMS 0x0000000089600000, 0x0000000089600000| Untracked 
| 151|0x0000000089700000, 0x0000000089700000, 0x0000000089800000|  0%| F|  |TAMS 0x0000000089700000, 0x0000000089700000| Untracked 
| 152|0x0000000089800000, 0x0000000089800000, 0x0000000089900000|  0%| F|  |TAMS 0x0000000089800000, 0x0000000089800000| Untracked 
| 153|0x0000000089900000, 0x0000000089900000, 0x0000000089a00000|  0%| F|  |TAMS 0x0000000089900000, 0x0000000089900000| Untracked 
| 154|0x0000000089a00000, 0x0000000089a00000, 0x0000000089b00000|  0%| F|  |TAMS 0x0000000089a00000, 0x0000000089a00000| Untracked 
| 155|0x0000000089b00000, 0x0000000089b00000, 0x0000000089c00000|  0%| F|  |TAMS 0x0000000089b00000, 0x0000000089b00000| Untracked 
| 156|0x0000000089c00000, 0x0000000089c80800, 0x0000000089d00000| 50%| E|  |TAMS 0x0000000089c00000, 0x0000000089c00000| Complete 
| 157|0x0000000089d00000, 0x0000000089e00000, 0x0000000089e00000|100%| E|CS|TAMS 0x0000000089d00000, 0x0000000089d00000| Complete 
| 158|0x0000000089e00000, 0x0000000089f00000, 0x0000000089f00000|100%| E|CS|TAMS 0x0000000089e00000, 0x0000000089e00000| Complete 
| 159|0x0000000089f00000, 0x000000008a000000, 0x000000008a000000|100%| E|CS|TAMS 0x0000000089f00000, 0x0000000089f00000| Complete 
| 160|0x000000008a000000, 0x000000008a100000, 0x000000008a100000|100%| E|CS|TAMS 0x000000008a000000, 0x000000008a000000| Complete 
| 161|0x000000008a100000, 0x000000008a200000, 0x000000008a200000|100%| E|CS|TAMS 0x000000008a100000, 0x000000008a100000| Complete 
| 162|0x000000008a200000, 0x000000008a300000, 0x000000008a300000|100%| E|CS|TAMS 0x000000008a200000, 0x000000008a200000| Complete 
| 163|0x000000008a300000, 0x000000008a400000, 0x000000008a400000|100%| E|CS|TAMS 0x000000008a300000, 0x000000008a300000| Complete 
| 164|0x000000008a400000, 0x000000008a500000, 0x000000008a500000|100%| E|CS|TAMS 0x000000008a400000, 0x000000008a400000| Complete 
| 165|0x000000008a500000, 0x000000008a600000, 0x000000008a600000|100%| E|CS|TAMS 0x000000008a500000, 0x000000008a500000| Complete 
| 166|0x000000008a600000, 0x000000008a700000, 0x000000008a700000|100%| E|CS|TAMS 0x000000008a600000, 0x000000008a600000| Complete 
| 167|0x000000008a700000, 0x000000008a800000, 0x000000008a800000|100%| E|CS|TAMS 0x000000008a700000, 0x000000008a700000| Complete 
| 168|0x000000008a800000, 0x000000008a900000, 0x000000008a900000|100%| E|CS|TAMS 0x000000008a800000, 0x000000008a800000| Complete 
| 169|0x000000008a900000, 0x000000008aa00000, 0x000000008aa00000|100%| E|CS|TAMS 0x000000008a900000, 0x000000008a900000| Complete 
| 170|0x000000008aa00000, 0x000000008ab00000, 0x000000008ab00000|100%| E|CS|TAMS 0x000000008aa00000, 0x000000008aa00000| Complete 
| 171|0x000000008ab00000, 0x000000008ac00000, 0x000000008ac00000|100%| E|CS|TAMS 0x000000008ab00000, 0x000000008ab00000| Complete 
| 172|0x000000008ac00000, 0x000000008ad00000, 0x000000008ad00000|100%| E|CS|TAMS 0x000000008ac00000, 0x000000008ac00000| Complete 
| 173|0x000000008ad00000, 0x000000008ae00000, 0x000000008ae00000|100%| E|CS|TAMS 0x000000008ad00000, 0x000000008ad00000| Complete 
| 174|0x000000008ae00000, 0x000000008af00000, 0x000000008af00000|100%| E|CS|TAMS 0x000000008ae00000, 0x000000008ae00000| Complete 
| 175|0x000000008af00000, 0x000000008b000000, 0x000000008b000000|100%| E|CS|TAMS 0x000000008af00000, 0x000000008af00000| Complete 
| 176|0x000000008b000000, 0x000000008b100000, 0x000000008b100000|100%| E|CS|TAMS 0x000000008b000000, 0x000000008b000000| Complete 
| 177|0x000000008b100000, 0x000000008b200000, 0x000000008b200000|100%| E|CS|TAMS 0x000000008b100000, 0x000000008b100000| Complete 
| 178|0x000000008b200000, 0x000000008b300000, 0x000000008b300000|100%| E|CS|TAMS 0x000000008b200000, 0x000000008b200000| Complete 
| 179|0x000000008b300000, 0x000000008b400000, 0x000000008b400000|100%| E|CS|TAMS 0x000000008b300000, 0x000000008b300000| Complete 
| 180|0x000000008b400000, 0x000000008b500000, 0x000000008b500000|100%| E|CS|TAMS 0x000000008b400000, 0x000000008b400000| Complete 
| 181|0x000000008b500000, 0x000000008b600000, 0x000000008b600000|100%| E|CS|TAMS 0x000000008b500000, 0x000000008b500000| Complete 
| 182|0x000000008b600000, 0x000000008b700000, 0x000000008b700000|100%| E|CS|TAMS 0x000000008b600000, 0x000000008b600000| Complete 
| 183|0x000000008b700000, 0x000000008b800000, 0x000000008b800000|100%| E|CS|TAMS 0x000000008b700000, 0x000000008b700000| Complete 
| 184|0x000000008b800000, 0x000000008b900000, 0x000000008b900000|100%| E|CS|TAMS 0x000000008b800000, 0x000000008b800000| Complete 
| 185|0x000000008b900000, 0x000000008ba00000, 0x000000008ba00000|100%| E|CS|TAMS 0x000000008b900000, 0x000000008b900000| Complete 
| 186|0x000000008ba00000, 0x000000008bb00000, 0x000000008bb00000|100%| E|CS|TAMS 0x000000008ba00000, 0x000000008ba00000| Complete 
| 187|0x000000008bb00000, 0x000000008bc00000, 0x000000008bc00000|100%| E|CS|TAMS 0x000000008bb00000, 0x000000008bb00000| Complete 
| 188|0x000000008bc00000, 0x000000008bd00000, 0x000000008bd00000|100%| E|CS|TAMS 0x000000008bc00000, 0x000000008bc00000| Complete 
| 189|0x000000008bd00000, 0x000000008be00000, 0x000000008be00000|100%| E|CS|TAMS 0x000000008bd00000, 0x000000008bd00000| Complete 
| 190|0x000000008be00000, 0x000000008bf00000, 0x000000008bf00000|100%| E|CS|TAMS 0x000000008be00000, 0x000000008be00000| Complete 
| 191|0x000000008bf00000, 0x000000008c000000, 0x000000008c000000|100%| E|CS|TAMS 0x000000008bf00000, 0x000000008bf00000| Complete 
| 192|0x000000008c000000, 0x000000008c100000, 0x000000008c100000|100%| E|CS|TAMS 0x000000008c000000, 0x000000008c000000| Complete 
| 193|0x000000008c100000, 0x000000008c200000, 0x000000008c200000|100%| E|CS|TAMS 0x000000008c100000, 0x000000008c100000| Complete 
| 194|0x000000008c200000, 0x000000008c300000, 0x000000008c300000|100%| E|CS|TAMS 0x000000008c200000, 0x000000008c200000| Complete 
| 195|0x000000008c300000, 0x000000008c400000, 0x000000008c400000|100%| E|CS|TAMS 0x000000008c300000, 0x000000008c300000| Complete 
| 196|0x000000008c400000, 0x000000008c500000, 0x000000008c500000|100%| E|CS|TAMS 0x000000008c400000, 0x000000008c400000| Complete 
| 197|0x000000008c500000, 0x000000008c600000, 0x000000008c600000|100%| E|CS|TAMS 0x000000008c500000, 0x000000008c500000| Complete 
| 198|0x000000008c600000, 0x000000008c700000, 0x000000008c700000|100%| E|CS|TAMS 0x000000008c600000, 0x000000008c600000| Complete 
| 199|0x000000008c700000, 0x000000008c800000, 0x000000008c800000|100%| E|CS|TAMS 0x000000008c700000, 0x000000008c700000| Complete 
| 200|0x000000008c800000, 0x000000008c900000, 0x000000008c900000|100%| E|CS|TAMS 0x000000008c800000, 0x000000008c800000| Complete 
| 201|0x000000008c900000, 0x000000008ca00000, 0x000000008ca00000|100%| E|CS|TAMS 0x000000008c900000, 0x000000008c900000| Complete 
| 202|0x000000008ca00000, 0x000000008cb00000, 0x000000008cb00000|100%| E|CS|TAMS 0x000000008ca00000, 0x000000008ca00000| Complete 
| 203|0x000000008cb00000, 0x000000008cc00000, 0x000000008cc00000|100%| E|CS|TAMS 0x000000008cb00000, 0x000000008cb00000| Complete 
| 204|0x000000008cc00000, 0x000000008cd00000, 0x000000008cd00000|100%| E|CS|TAMS 0x000000008cc00000, 0x000000008cc00000| Complete 
| 205|0x000000008cd00000, 0x000000008ce00000, 0x000000008ce00000|100%| E|CS|TAMS 0x000000008cd00000, 0x000000008cd00000| Complete 
| 206|0x000000008ce00000, 0x000000008cf00000, 0x000000008cf00000|100%| E|CS|TAMS 0x000000008ce00000, 0x000000008ce00000| Complete 
| 207|0x000000008cf00000, 0x000000008d000000, 0x000000008d000000|100%| E|CS|TAMS 0x000000008cf00000, 0x000000008cf00000| Complete 
| 208|0x000000008d000000, 0x000000008d100000, 0x000000008d100000|100%| E|CS|TAMS 0x000000008d000000, 0x000000008d000000| Complete 
| 209|0x000000008d100000, 0x000000008d200000, 0x000000008d200000|100%| E|CS|TAMS 0x000000008d100000, 0x000000008d100000| Complete 
| 210|0x000000008d200000, 0x000000008d300000, 0x000000008d300000|100%| E|CS|TAMS 0x000000008d200000, 0x000000008d200000| Complete 
| 211|0x000000008d300000, 0x000000008d400000, 0x000000008d400000|100%| E|CS|TAMS 0x000000008d300000, 0x000000008d300000| Complete 
| 212|0x000000008d400000, 0x000000008d500000, 0x000000008d500000|100%| E|CS|TAMS 0x000000008d400000, 0x000000008d400000| Complete 
| 213|0x000000008d500000, 0x000000008d600000, 0x000000008d600000|100%| E|CS|TAMS 0x000000008d500000, 0x000000008d500000| Complete 
| 214|0x000000008d600000, 0x000000008d700000, 0x000000008d700000|100%| E|CS|TAMS 0x000000008d600000, 0x000000008d600000| Complete 
| 215|0x000000008d700000, 0x000000008d726910, 0x000000008d800000| 15%| S|CS|TAMS 0x000000008d700000, 0x000000008d700000| Complete 
| 216|0x000000008d800000, 0x000000008d900000, 0x000000008d900000|100%| S|CS|TAMS 0x000000008d800000, 0x000000008d800000| Complete 
| 217|0x000000008d900000, 0x000000008da00000, 0x000000008da00000|100%| E|CS|TAMS 0x000000008d900000, 0x000000008d900000| Complete 

Card table byte_map: [0x000001def2e40000,0x000001def3240000] _byte_map_base: 0x000001def2a40000

Marking Bits (Prev, Next): (CMBitMap*) 0x000001deeac7a1b0, (CMBitMap*) 0x000001deeac7a170
 Prev Bits: [0x000001def5640000, 0x000001def7640000)
 Next Bits: [0x000001def3640000, 0x000001def5640000)

Polling page: 0x000001deea3e0000

Metaspace:

Usage:
  Non-class:     67.74 MB used.
      Class:     10.89 MB used.
       Both:     78.64 MB used.

Virtual space:
  Non-class space:      128.00 MB reserved,      68.12 MB ( 53%) committed,  2 nodes.
      Class space:      416.00 MB reserved,      11.25 MB (  3%) committed,  1 nodes.
             Both:      544.00 MB reserved,      79.38 MB ( 15%) committed. 

Chunk freelists:
   Non-Class:  11.91 MB
       Class:  4.80 MB
        Both:  16.70 MB

MaxMetaspaceSize: 512.00 MB
CompressedClassSpaceSize: 416.00 MB
Initial GC threshold: 21.00 MB
Current GC threshold: 114.31 MB
CDS: on
MetaspaceReclaimPolicy: balanced
 - commit_granule_bytes: 65536.
 - commit_granule_words: 8192.
 - virtual_space_node_default_size: 8388608.
 - enlarge_chunks_in_place: 1.
 - new_chunks_are_fully_committed: 0.
 - uncommit_free_chunks: 1.
 - use_allocation_guard: 0.
 - handle_deallocations: 1.


Internal statistics:

num_allocs_failed_limit: 6.
num_arena_births: 824.
num_arena_deaths: 0.
num_vsnodes_births: 3.
num_vsnodes_deaths: 0.
num_space_committed: 1270.
num_space_uncommitted: 0.
num_chunks_returned_to_freelist: 6.
num_chunks_taken_from_freelist: 4018.
num_chunk_merges: 6.
num_chunk_splits: 2769.
num_chunks_enlarged: 1939.
num_inconsistent_stats: 0.

CodeHeap 'non-profiled nmethods': size=120000Kb used=4861Kb max_used=5049Kb free=115138Kb
 bounds [0x000001de87ad0000, 0x000001de88000000, 0x000001de8f000000]
CodeHeap 'profiled nmethods': size=120000Kb used=16921Kb max_used=17388Kb free=103079Kb
 bounds [0x000001de80000000, 0x000001de81100000, 0x000001de87530000]
CodeHeap 'non-nmethods': size=5760Kb used=2407Kb max_used=2466Kb free=3352Kb
 bounds [0x000001de87530000, 0x000001de877a0000, 0x000001de87ad0000]
 total_blobs=9437 nmethods=8505 adapters=844
 compilation: enabled
              stopped_count=0, restarted_count=0
 full_count=0

Compilation events (20 events):
Event: 28.589 Thread 0x000001defa079e20 nmethod 9867 0x000001de802d7090 code [0x000001de802d7240, 0x000001de802d7518]
Event: 28.589 Thread 0x000001defa079e20 9865       3       org.gradle.api.internal.provider.AbstractCollectionProperty$CollectingSupplier::<init> (15 bytes)
Event: 28.589 Thread 0x000001defa079e20 nmethod 9865 0x000001de802d6c10 code [0x000001de802d6dc0, 0x000001de802d6fd8]
Event: 28.589 Thread 0x000001defa079e20 9866       1       com.android.build.gradle.internal.services.ProjectServices::getProviderFactory (5 bytes)
Event: 28.589 Thread 0x000001defa079e20 nmethod 9866 0x000001de87af0a10 code [0x000001de87af0ba0, 0x000001de87af0c78]
Event: 28.591 Thread 0x000001defa079e20 9868       3       org.gradle.api.internal.file.AbstractFileResolver::validate (184 bytes)
Event: 28.599 Thread 0x000001defa079e20 nmethod 9868 0x000001de8052ff10 code [0x000001de805306c0, 0x000001de805352a8]
Event: 28.599 Thread 0x000001defa079e20 9869       3       org.gradle.api.internal.tasks.DefaultTaskDependencyFactory::configurableDependency (16 bytes)
Event: 28.600 Thread 0x000001defa079e20 nmethod 9869 0x000001de802d6410 code [0x000001de802d65e0, 0x000001de802d6a58]
Event: 28.600 Thread 0x000001defa079e20 9870       3       org.gradle.api.internal.tasks.DefaultTaskDependency::<init> (10 bytes)
Event: 28.600 Thread 0x000001defa079e20 nmethod 9870 0x000001de802d5d10 code [0x000001de802d5ee0, 0x000001de802d62b8]
Event: 28.609 Thread 0x000001defa079e20 9871       3       org.gradle.api.internal.provider.AbstractMinimalProvider::flatMap (10 bytes)
Event: 28.609 Thread 0x000001defa079e20 nmethod 9871 0x000001de80419810 code [0x000001de804199c0, 0x000001de80419cf8]
Event: 28.609 Thread 0x000001defa079e20 9872       3       org.gradle.api.internal.provider.FlatMapProvider::<init> (15 bytes)
Event: 28.609 Thread 0x000001defa079e20 nmethod 9872 0x000001de802d5810 code [0x000001de802d59c0, 0x000001de802d5c38]
Event: 28.609 Thread 0x000001defa079e20 9873       3       org.gradle.model.internal.core.ModelPath::<init> (23 bytes)
Event: 28.610 Thread 0x000001defa079e20 nmethod 9873 0x000001de80419290 code [0x000001de80419440, 0x000001de80419708]
Event: 28.610 Thread 0x000001defa079e20 9874       3       org.gradle.model.internal.core.ModelPath::doGetParent (91 bytes)
Event: 28.610 Thread 0x000001defa079e20 nmethod 9874 0x000001de80418810 code [0x000001de80418a20, 0x000001de80419028]
Event: 28.610 Thread 0x000001defa079e20 9876       3       org.gradle.model.internal.core.ModelPath::splitPath (71 bytes)

GC Heap History (20 events):
Event: 17.203 GC heap before
{Heap before GC invocations=24 (full 0):
 garbage-first heap   total 97280K, used 58410K [0x0000000080000000, 0x0000000100000000)
  region size 1024K, 4 young (4096K), 3 survivors (3072K)
 Metaspace       used 59406K, committed 59968K, reserved 491520K
  class space    used 8327K, committed 8576K, reserved 425984K
}
Event: 17.205 GC heap after
{Heap after GC invocations=25 (full 0):
 garbage-first heap   total 97280K, used 57399K [0x0000000080000000, 0x0000000100000000)
  region size 1024K, 1 young (1024K), 1 survivors (1024K)
 Metaspace       used 59406K, committed 59968K, reserved 491520K
  class space    used 8327K, committed 8576K, reserved 425984K
}
Event: 17.716 GC heap before
{Heap before GC invocations=25 (full 0):
 garbage-first heap   total 97280K, used 77879K [0x0000000080000000, 0x0000000100000000)
  region size 1024K, 22 young (22528K), 1 survivors (1024K)
 Metaspace       used 61436K, committed 62080K, reserved 491520K
  class space    used 8580K, committed 8832K, reserved 425984K
}
Event: 17.719 GC heap after
{Heap after GC invocations=26 (full 0):
 garbage-first heap   total 97280K, used 59915K [0x0000000080000000, 0x0000000100000000)
  region size 1024K, 3 young (3072K), 3 survivors (3072K)
 Metaspace       used 61436K, committed 62080K, reserved 491520K
  class space    used 8580K, committed 8832K, reserved 425984K
}
Event: 19.141 GC heap before
{Heap before GC invocations=27 (full 0):
 garbage-first heap   total 104448K, used 78347K [0x0000000080000000, 0x0000000100000000)
  region size 1024K, 22 young (22528K), 3 survivors (3072K)
 Metaspace       used 62931K, committed 63616K, reserved 491520K
  class space    used 8787K, committed 9088K, reserved 425984K
}
Event: 19.147 GC heap after
{Heap after GC invocations=28 (full 0):
 garbage-first heap   total 104448K, used 62198K [0x0000000080000000, 0x0000000100000000)
  region size 1024K, 3 young (3072K), 3 survivors (3072K)
 Metaspace       used 62931K, committed 63616K, reserved 491520K
  class space    used 8787K, committed 9088K, reserved 425984K
}
Event: 19.166 GC heap before
{Heap before GC invocations=28 (full 0):
 garbage-first heap   total 104448K, used 63222K [0x0000000080000000, 0x0000000100000000)
  region size 1024K, 5 young (5120K), 3 survivors (3072K)
 Metaspace       used 62978K, committed 63616K, reserved 491520K
  class space    used 8797K, committed 9088K, reserved 425984K
}
Event: 19.170 GC heap after
{Heap after GC invocations=29 (full 0):
 garbage-first heap   total 104448K, used 62072K [0x0000000080000000, 0x0000000100000000)
  region size 1024K, 1 young (1024K), 1 survivors (1024K)
 Metaspace       used 62978K, committed 63616K, reserved 491520K
  class space    used 8797K, committed 9088K, reserved 425984K
}
Event: 19.479 GC heap before
{Heap before GC invocations=29 (full 0):
 garbage-first heap   total 104448K, used 70264K [0x0000000080000000, 0x0000000100000000)
  region size 1024K, 11 young (11264K), 1 survivors (1024K)
 Metaspace       used 63199K, committed 63872K, reserved 491520K
  class space    used 8807K, committed 9152K, reserved 425984K
}
Event: 19.481 GC heap after
{Heap after GC invocations=30 (full 0):
 garbage-first heap   total 104448K, used 62163K [0x0000000080000000, 0x0000000100000000)
  region size 1024K, 1 young (1024K), 1 survivors (1024K)
 Metaspace       used 63199K, committed 63872K, reserved 491520K
  class space    used 8807K, committed 9152K, reserved 425984K
}
Event: 20.223 GC heap before
{Heap before GC invocations=31 (full 0):
 garbage-first heap   total 111616K, used 85715K [0x0000000080000000, 0x0000000100000000)
  region size 1024K, 23 young (23552K), 1 survivors (1024K)
 Metaspace       used 65877K, committed 66624K, reserved 491520K
  class space    used 9113K, committed 9472K, reserved 425984K
}
Event: 20.227 GC heap after
{Heap after GC invocations=32 (full 0):
 garbage-first heap   total 111616K, used 67806K [0x0000000080000000, 0x0000000100000000)
  region size 1024K, 3 young (3072K), 3 survivors (3072K)
 Metaspace       used 65877K, committed 66624K, reserved 491520K
  class space    used 9113K, committed 9472K, reserved 425984K
}
Event: 20.297 GC heap before
{Heap before GC invocations=32 (full 0):
 garbage-first heap   total 111616K, used 69854K [0x0000000080000000, 0x0000000100000000)
  region size 1024K, 5 young (5120K), 3 survivors (3072K)
 Metaspace       used 66301K, committed 67008K, reserved 491520K
  class space    used 9148K, committed 9472K, reserved 425984K
}
Event: 20.300 GC heap after
{Heap after GC invocations=33 (full 0):
 garbage-first heap   total 111616K, used 67157K [0x0000000080000000, 0x0000000100000000)
  region size 1024K, 1 young (1024K), 1 survivors (1024K)
 Metaspace       used 66301K, committed 67008K, reserved 491520K
  class space    used 9148K, committed 9472K, reserved 425984K
}
Event: 20.931 GC heap before
{Heap before GC invocations=33 (full 0):
 garbage-first heap   total 111616K, used 90709K [0x0000000080000000, 0x0000000100000000)
  region size 1024K, 23 young (23552K), 1 survivors (1024K)
 Metaspace       used 68835K, committed 69504K, reserved 491520K
  class space    used 9432K, committed 9792K, reserved 425984K
}
Event: 20.937 GC heap after
{Heap after GC invocations=34 (full 0):
 garbage-first heap   total 223232K, used 70747K [0x0000000080000000, 0x0000000100000000)
  region size 1024K, 3 young (3072K), 3 survivors (3072K)
 Metaspace       used 68835K, committed 69504K, reserved 491520K
  class space    used 9432K, committed 9792K, reserved 425984K
}
Event: 23.429 GC heap before
{Heap before GC invocations=35 (full 0):
 garbage-first heap   total 223232K, used 162907K [0x0000000080000000, 0x0000000100000000)
  region size 1024K, 87 young (89088K), 3 survivors (3072K)
 Metaspace       used 74912K, committed 75648K, reserved 491520K
  class space    used 10214K, committed 10560K, reserved 425984K
}
Event: 23.440 GC heap after
{Heap after GC invocations=36 (full 0):
 garbage-first heap   total 223232K, used 78370K [0x0000000080000000, 0x0000000100000000)
  region size 1024K, 11 young (11264K), 11 survivors (11264K)
 Metaspace       used 74912K, committed 75648K, reserved 491520K
  class space    used 10214K, committed 10560K, reserved 425984K
}
Event: 23.458 GC heap before
{Heap before GC invocations=36 (full 0):
 garbage-first heap   total 223232K, used 79394K [0x0000000080000000, 0x0000000100000000)
  region size 1024K, 12 young (12288K), 11 survivors (11264K)
 Metaspace       used 74913K, committed 75648K, reserved 491520K
  class space    used 10214K, committed 10560K, reserved 425984K
}
Event: 23.468 GC heap after
{Heap after GC invocations=37 (full 0):
 garbage-first heap   total 223232K, used 78780K [0x0000000080000000, 0x0000000100000000)
  region size 1024K, 2 young (2048K), 2 survivors (2048K)
 Metaspace       used 74913K, committed 75648K, reserved 491520K
  class space    used 10214K, committed 10560K, reserved 425984K
}

Dll operation events (12 events):
Event: 0.005 Loaded shared library C:\Users\Kriti Sharma\AppData\Local\Programs\Eclipse Adoptium\jdk-17.0.8.7-hotspot\bin\java.dll
Event: 0.020 Loaded shared library C:\Users\Kriti Sharma\AppData\Local\Programs\Eclipse Adoptium\jdk-17.0.8.7-hotspot\bin\jsvml.dll
Event: 0.048 Loaded shared library C:\Users\Kriti Sharma\AppData\Local\Programs\Eclipse Adoptium\jdk-17.0.8.7-hotspot\bin\net.dll
Event: 0.049 Loaded shared library C:\Users\Kriti Sharma\AppData\Local\Programs\Eclipse Adoptium\jdk-17.0.8.7-hotspot\bin\nio.dll
Event: 0.051 Loaded shared library C:\Users\Kriti Sharma\AppData\Local\Programs\Eclipse Adoptium\jdk-17.0.8.7-hotspot\bin\zip.dll
Event: 0.187 Loaded shared library C:\Users\Kriti Sharma\AppData\Local\Programs\Eclipse Adoptium\jdk-17.0.8.7-hotspot\bin\jimage.dll
Event: 0.253 Loaded shared library C:\Users\Kriti Sharma\AppData\Local\Programs\Eclipse Adoptium\jdk-17.0.8.7-hotspot\bin\verify.dll
Event: 0.405 Loaded shared library C:\Users\Kriti Sharma\.gradle\native\68d5fa5c4cc2d200863cafc0d521ce42e7d3e7ee720ec0a83991735586a16f82\windows-amd64\native-platform.dll
Event: 0.413 Loaded shared library C:\Users\Kriti Sharma\.gradle\native\e376f236ea51e6404a007f0833ffe2c6e607c4080706a723a18a27aeea778392\windows-amd64\native-platform-file-events.dll
Event: 1.196 Loaded shared library C:\Users\Kriti Sharma\AppData\Local\Programs\Eclipse Adoptium\jdk-17.0.8.7-hotspot\bin\management.dll
Event: 1.200 Loaded shared library C:\Users\Kriti Sharma\AppData\Local\Programs\Eclipse Adoptium\jdk-17.0.8.7-hotspot\bin\management_ext.dll
Event: 1.562 Loaded shared library C:\Users\Kriti Sharma\AppData\Local\Programs\Eclipse Adoptium\jdk-17.0.8.7-hotspot\bin\sunmscapi.dll

Deoptimization events (20 events):
Event: 23.494 Thread 0x000001deaa24d720 DEOPT PACKING pc=0x000001de80a6a1b5 sp=0x0000003db36f3100
Event: 23.494 Thread 0x000001deaa24d720 DEOPT UNPACKING pc=0x000001de8758ace3 sp=0x0000003db36f2628 mode 0
Event: 26.934 Thread 0x000001deaa24d720 Uncommon trap: trap_request=0xffffffde fr.pc=0x000001de87c664ac relative=0x00000000000022ac
Event: 26.934 Thread 0x000001deaa24d720 Uncommon trap: reason=class_check action=maybe_recompile pc=0x000001de87c664ac method=java.lang.Class.createAnnotationData(I)Ljava/lang/Class$AnnotationData; @ 103 c2
Event: 26.934 Thread 0x000001deaa24d720 DEOPT PACKING pc=0x000001de87c664ac sp=0x0000003db36f0e60
Event: 26.934 Thread 0x000001deaa24d720 DEOPT UNPACKING pc=0x000001de8758a1a3 sp=0x0000003db36f0de0 mode 2
Event: 26.936 Thread 0x000001deaa24d720 Uncommon trap: trap_request=0xffffffde fr.pc=0x000001de87c664ac relative=0x00000000000022ac
Event: 26.936 Thread 0x000001deaa24d720 Uncommon trap: reason=class_check action=maybe_recompile pc=0x000001de87c664ac method=java.lang.Class.createAnnotationData(I)Ljava/lang/Class$AnnotationData; @ 103 c2
Event: 26.936 Thread 0x000001deaa24d720 DEOPT PACKING pc=0x000001de87c664ac sp=0x0000003db36f0fe0
Event: 26.936 Thread 0x000001deaa24d720 DEOPT UNPACKING pc=0x000001de8758a1a3 sp=0x0000003db36f0f60 mode 2
Event: 27.409 Thread 0x000001deaa24d720 DEOPT PACKING pc=0x000001de80f1b164 sp=0x0000003db36f7f00
Event: 27.409 Thread 0x000001deaa24d720 DEOPT UNPACKING pc=0x000001de8758ace3 sp=0x0000003db36f7418 mode 0
Event: 27.692 Thread 0x000001deaa24d720 Uncommon trap: trap_request=0xffffff45 fr.pc=0x000001de87d38690 relative=0x0000000000000110
Event: 27.692 Thread 0x000001deaa24d720 Uncommon trap: reason=unstable_if action=reinterpret pc=0x000001de87d38690 method=jdk.internal.org.objectweb.asm.ByteVector.putInt(I)Ljdk/internal/org/objectweb/asm/ByteVector; @ 13 c2
Event: 27.692 Thread 0x000001deaa24d720 DEOPT PACKING pc=0x000001de87d38690 sp=0x0000003db36f7870
Event: 27.692 Thread 0x000001deaa24d720 DEOPT UNPACKING pc=0x000001de8758a1a3 sp=0x0000003db36f7808 mode 2
Event: 28.277 Thread 0x000001deaa24d720 Uncommon trap: trap_request=0xffffff45 fr.pc=0x000001de87bd882c relative=0x000000000000026c
Event: 28.277 Thread 0x000001deaa24d720 Uncommon trap: reason=unstable_if action=reinterpret pc=0x000001de87bd882c method=java.io.WinNTFileSystem.prefixLength(Ljava/lang/String;)I @ 11 c2
Event: 28.277 Thread 0x000001deaa24d720 DEOPT PACKING pc=0x000001de87bd882c sp=0x0000003db36f8e30
Event: 28.277 Thread 0x000001deaa24d720 DEOPT UNPACKING pc=0x000001de8758a1a3 sp=0x0000003db36f8db0 mode 2

Classes unloaded (0 events):
No events

Classes redefined (0 events):
No events

Internal exceptions (20 events):
Event: 26.809 Thread 0x000001deaa24d720 Exception <a 'java/lang/ClassNotFoundException'{0x000000008cbe1c58}: java/io/FileBeanInfo> (0x000000008cbe1c58) 
thrown [s\src\hotspot\share\classfile\systemDictionary.cpp, line 256]
Event: 26.810 Thread 0x000001deaa24d720 Exception <a 'java/lang/ClassNotFoundException'{0x000000008cbe8c80}: java/io/FileCustomizer> (0x000000008cbe8c80) 
thrown [s\src\hotspot\share\classfile\systemDictionary.cpp, line 256]
Event: 26.831 Thread 0x000001deaa24d720 Exception <a 'java/lang/ClassNotFoundException'{0x000000008caa5108}: org/gradle/api/DefaultTask_DecoratedBeanInfo> (0x000000008caa5108) 
thrown [s\src\hotspot\share\classfile\systemDictionary.cpp, line 256]
Event: 26.832 Thread 0x000001deaa24d720 Exception <a 'java/lang/ClassNotFoundException'{0x000000008cabbde8}: org/gradle/api/DefaultTaskBeanInfo> (0x000000008cabbde8) 
thrown [s\src\hotspot\share\classfile\systemDictionary.cpp, line 256]
Event: 26.834 Thread 0x000001deaa24d720 Exception <a 'java/lang/ClassNotFoundException'{0x000000008cad3158}: org/gradle/api/internal/AbstractTaskBeanInfo> (0x000000008cad3158) 
thrown [s\src\hotspot\share\classfile\systemDictionary.cpp, line 256]
Event: 26.836 Thread 0x000001deaa24d720 Exception <a 'java/lang/ClassNotFoundException'{0x000000008caea4d8}: org/gradle/api/internal/AbstractTaskCustomizer> (0x000000008caea4d8) 
thrown [s\src\hotspot\share\classfile\systemDictionary.cpp, line 256]
Event: 26.841 Thread 0x000001deaa24d720 Exception <a 'java/lang/ClassNotFoundException'{0x000000008c951f78}: org/gradle/api/DefaultTaskCustomizer> (0x000000008c951f78) 
thrown [s\src\hotspot\share\classfile\systemDictionary.cpp, line 256]
Event: 26.846 Thread 0x000001deaa24d720 Exception <a 'java/lang/ClassNotFoundException'{0x000000008c9c4c30}: org/gradle/api/DefaultTask_DecoratedCustomizer> (0x000000008c9c4c30) 
thrown [s\src\hotspot\share\classfile\systemDictionary.cpp, line 256]
Event: 26.878 Thread 0x000001deaa24d720 Exception <a 'java/lang/ClassNotFoundException'{0x000000008c89bcd0}: com/android/build/gradle/internal/api/DefaultAndroidSourceSet_DecoratedBeanInfo> (0x000000008c89bcd0) 
thrown [s\src\hotspot\share\classfile\systemDictionary.cpp, line 256]
Event: 26.879 Thread 0x000001deaa24d720 Exception <a 'java/lang/ClassNotFoundException'{0x000000008c8aaca0}: com/android/build/gradle/internal/api/DefaultAndroidSourceSetBeanInfo> (0x000000008c8aaca0) 
thrown [s\src\hotspot\share\classfile\systemDictionary.cpp, line 256]
Event: 26.880 Thread 0x000001deaa24d720 Exception <a 'java/lang/ClassNotFoundException'{0x000000008c8b9808}: com/android/build/gradle/internal/api/DefaultAndroidSourceSetCustomizer> (0x000000008c8b9808) 
thrown [s\src\hotspot\share\classfile\systemDictionary.cpp, line 256]
Event: 26.889 Thread 0x000001deaa24d720 Exception <a 'java/lang/ClassNotFoundException'{0x000000008c721418}: com/android/build/gradle/internal/api/DefaultAndroidSourceSet_DecoratedCustomizer> (0x000000008c721418) 
thrown [s\src\hotspot\share\classfile\systemDictionary.cpp, line 256]
Event: 26.909 Thread 0x000001deaa24d720 Exception <a 'java/lang/ClassNotFoundException'{0x000000008c7c3ac8}: com/android/build/gradle/internal/api/DefaultAndroidSourceDirectorySetBeanInfo> (0x000000008c7c3ac8) 
thrown [s\src\hotspot\share\classfile\systemDictionary.cpp, line 256]
Event: 26.910 Thread 0x000001deaa24d720 Exception <a 'java/lang/ClassNotFoundException'{0x000000008c7d37c0}: com/android/build/gradle/internal/api/DefaultAndroidSourceDirectorySetCustomizer> (0x000000008c7d37c0) 
thrown [s\src\hotspot\share\classfile\systemDictionary.cpp, line 256]
Event: 26.920 Thread 0x000001deaa24d720 Exception <a 'java/lang/ClassNotFoundException'{0x000000008c6ec448}: com/google/common/collect/SingletonImmutableSetBeanInfo> (0x000000008c6ec448) 
thrown [s\src\hotspot\share\classfile\systemDictionary.cpp, line 256]
Event: 26.921 Thread 0x000001deaa24d720 Exception <a 'java/lang/ClassNotFoundException'{0x000000008c6fb998}: com/google/common/collect/ImmutableSetBeanInfo> (0x000000008c6fb998) 
thrown [s\src\hotspot\share\classfile\systemDictionary.cpp, line 256]
Event: 26.921 Thread 0x000001deaa24d720 Exception <a 'java/lang/ClassNotFoundException'{0x000000008c50b608}: com/google/common/collect/ImmutableCollectionBeanInfo> (0x000000008c50b608) 
thrown [s\src\hotspot\share\classfile\systemDictionary.cpp, line 256]
Event: 26.922 Thread 0x000001deaa24d720 Exception <a 'java/lang/ClassNotFoundException'{0x000000008c51ad98}: com/google/common/collect/ImmutableCollectionCustomizer> (0x000000008c51ad98) 
thrown [s\src\hotspot\share\classfile\systemDictionary.cpp, line 256]
Event: 26.933 Thread 0x000001deaa24d720 Exception <a 'java/lang/ClassNotFoundException'{0x000000008c568228}: com/google/common/collect/ImmutableSetCustomizer> (0x000000008c568228) 
thrown [s\src\hotspot\share\classfile\systemDictionary.cpp, line 256]
Event: 26.936 Thread 0x000001deaa24d720 Exception <a 'java/lang/ClassNotFoundException'{0x000000008c590678}: com/google/common/collect/SingletonImmutableSetCustomizer> (0x000000008c590678) 
thrown [s\src\hotspot\share\classfile\systemDictionary.cpp, line 256]

VM Operations (20 events):
Event: 22.194 Executing VM operation: HandshakeAllThreads
Event: 22.195 Executing VM operation: HandshakeAllThreads done
Event: 22.565 Executing VM operation: HandshakeAllThreads
Event: 22.565 Executing VM operation: HandshakeAllThreads done
Event: 22.952 Executing VM operation: ICBufferFull
Event: 22.954 Executing VM operation: ICBufferFull done
Event: 23.429 Executing VM operation: G1CollectForAllocation
Event: 23.440 Executing VM operation: G1CollectForAllocation done
Event: 23.458 Executing VM operation: G1CollectForAllocation
Event: 23.468 Executing VM operation: G1CollectForAllocation done
Event: 24.479 Executing VM operation: Cleanup
Event: 24.479 Executing VM operation: Cleanup done
Event: 26.503 Executing VM operation: Cleanup
Event: 26.503 Executing VM operation: Cleanup done
Event: 26.993 Executing VM operation: HandshakeAllThreads
Event: 26.993 Executing VM operation: HandshakeAllThreads done
Event: 27.876 Executing VM operation: HandshakeAllThreads
Event: 27.876 Executing VM operation: HandshakeAllThreads done
Event: 27.876 Executing VM operation: Cleanup
Event: 27.877 Executing VM operation: Cleanup done

Events (20 events):
Event: 22.584 Thread 0x000001defa082740 flushing nmethod 0x000001de8101b490
Event: 22.584 Thread 0x000001defa082740 flushing nmethod 0x000001de8101ea90
Event: 22.584 Thread 0x000001defa082740 flushing nmethod 0x000001de8101f410
Event: 22.584 Thread 0x000001defa082740 flushing nmethod 0x000001de81020890
Event: 22.584 Thread 0x000001defa082740 flushing nmethod 0x000001de81065a10
Event: 22.584 Thread 0x000001defa082740 flushing nmethod 0x000001de8106e790
Event: 22.720 loading class java/util/regex/Pattern$Pos
Event: 22.721 loading class java/util/regex/Pattern$Pos done
Event: 23.347 loading class java/beans/IntrospectionException
Event: 23.347 loading class java/beans/IntrospectionException done
Event: 25.246 Thread 0x000001deab846b50 Thread exited: 0x000001deab846b50
Event: 26.809 loading class java/io/FileBeanInfo
Event: 26.809 loading class java/io/FileBeanInfo done
Event: 26.809 loading class java/io/FileBeanInfo
Event: 26.809 loading class java/io/FileBeanInfo done
Event: 26.810 loading class java/io/FileCustomizer
Event: 26.810 loading class java/io/FileCustomizer done
Event: 26.810 loading class java/io/FileCustomizer
Event: 26.810 loading class java/io/FileCustomizer done
Event: 26.853 Thread 0x000001deab846b50 Thread added: 0x000001deab846b50


Dynamic libraries:
0x00007ff780120000 - 0x00007ff78012e000 	C:\Users\Kriti Sharma\AppData\Local\Programs\Eclipse Adoptium\jdk-17.0.8.7-hotspot\bin\java.exe
0x00007ffadb070000 - 0x00007ffadb268000 	C:\Windows\SYSTEM32\ntdll.dll
0x00007ffad9490000 - 0x00007ffad954f000 	C:\Windows\System32\KERNEL32.DLL
0x00007ffad8ad0000 - 0x00007ffad8dc6000 	C:\Windows\System32\KERNELBASE.dll
0x00007ffad8810000 - 0x00007ffad8910000 	C:\Windows\System32\ucrtbase.dll
0x00007ffad3f10000 - 0x00007ffad3f27000 	C:\Users\Kriti Sharma\AppData\Local\Programs\Eclipse Adoptium\jdk-17.0.8.7-hotspot\bin\jli.dll
0x00007ffac4560000 - 0x00007ffac4579000 	C:\Users\Kriti Sharma\AppData\Local\Programs\Eclipse Adoptium\jdk-17.0.8.7-hotspot\bin\VCRUNTIME140.dll
0x00007ffada280000 - 0x00007ffada41d000 	C:\Windows\System32\USER32.dll
0x00007ffac4ab0000 - 0x00007ffac4d4a000 	C:\Windows\WinSxS\amd64_microsoft.windows.common-controls_6595b64144ccf1df_6.0.19041.1110_none_60b5254171f9507e\COMCTL32.dll
0x00007ffad8e90000 - 0x00007ffad8eb2000 	C:\Windows\System32\win32u.dll
0x00007ffadaef0000 - 0x00007ffadaf1c000 	C:\Windows\System32\GDI32.dll
0x00007ffad90d0000 - 0x00007ffad916e000 	C:\Windows\System32\msvcrt.dll
0x00007ffad89b0000 - 0x00007ffad8ac5000 	C:\Windows\System32\gdi32full.dll
0x00007ffad8910000 - 0x00007ffad89ad000 	C:\Windows\System32\msvcp_win.dll
0x00007ffadb000000 - 0x00007ffadb030000 	C:\Windows\System32\IMM32.DLL
0x00007ffacd190000 - 0x00007ffacd19c000 	C:\Users\Kriti Sharma\AppData\Local\Programs\Eclipse Adoptium\jdk-17.0.8.7-hotspot\bin\vcruntime140_1.dll
0x00007ffaad230000 - 0x00007ffaad2c1000 	C:\Users\Kriti Sharma\AppData\Local\Programs\Eclipse Adoptium\jdk-17.0.8.7-hotspot\bin\msvcp140.dll
0x00007ffa9e8b0000 - 0x00007ffa9f4fc000 	C:\Users\Kriti Sharma\AppData\Local\Programs\Eclipse Adoptium\jdk-17.0.8.7-hotspot\bin\server\jvm.dll
0x00007ffad9380000 - 0x00007ffad942f000 	C:\Windows\System32\ADVAPI32.dll
0x00007ffad9210000 - 0x00007ffad92ac000 	C:\Windows\System32\sechost.dll
0x00007ffad9550000 - 0x00007ffad9676000 	C:\Windows\System32\RPCRT4.dll
0x00007ffad7d00000 - 0x00007ffad7d4b000 	C:\Windows\SYSTEM32\POWRPROF.dll
0x00007ffacd2f0000 - 0x00007ffacd2f9000 	C:\Windows\SYSTEM32\WSOCK32.dll
0x00007ffac3650000 - 0x00007ffac3677000 	C:\Windows\SYSTEM32\WINMM.dll
0x00007ffad9690000 - 0x00007ffad96fb000 	C:\Windows\System32\WS2_32.dll
0x00007ffad2910000 - 0x00007ffad291a000 	C:\Windows\SYSTEM32\VERSION.dll
0x00007ffad7b70000 - 0x00007ffad7b82000 	C:\Windows\SYSTEM32\UMPDC.dll
0x00007ffad6f80000 - 0x00007ffad6f92000 	C:\Windows\SYSTEM32\kernel.appcore.dll
0x00007ffac4550000 - 0x00007ffac455a000 	C:\Users\Kriti Sharma\AppData\Local\Programs\Eclipse Adoptium\jdk-17.0.8.7-hotspot\bin\jimage.dll
0x00007ffad64d0000 - 0x00007ffad66b4000 	C:\Windows\SYSTEM32\DBGHELP.DLL
0x00007ffac13e0000 - 0x00007ffac1414000 	C:\Windows\SYSTEM32\dbgcore.DLL
0x00007ffad8e00000 - 0x00007ffad8e82000 	C:\Windows\System32\bcryptPrimitives.dll
0x00007ffac2be0000 - 0x00007ffac2c05000 	C:\Users\Kriti Sharma\AppData\Local\Programs\Eclipse Adoptium\jdk-17.0.8.7-hotspot\bin\java.dll
0x00007ffaacc60000 - 0x00007ffaacd36000 	C:\Users\Kriti Sharma\AppData\Local\Programs\Eclipse Adoptium\jdk-17.0.8.7-hotspot\bin\jsvml.dll
0x00007ffada690000 - 0x00007ffadadd4000 	C:\Windows\System32\SHELL32.dll
0x00007ffad67d0000 - 0x00007ffad6f63000 	C:\Windows\SYSTEM32\windows.storage.dll
0x00007ffad9f20000 - 0x00007ffada274000 	C:\Windows\System32\combase.dll
0x00007ffad8190000 - 0x00007ffad81be000 	C:\Windows\SYSTEM32\Wldp.dll
0x00007ffada550000 - 0x00007ffada5fd000 	C:\Windows\System32\SHCORE.dll
0x00007ffad9820000 - 0x00007ffad9875000 	C:\Windows\System32\shlwapi.dll
0x00007ffad8680000 - 0x00007ffad86a5000 	C:\Windows\SYSTEM32\profapi.dll
0x00007ffac2bc0000 - 0x00007ffac2bd9000 	C:\Users\Kriti Sharma\AppData\Local\Programs\Eclipse Adoptium\jdk-17.0.8.7-hotspot\bin\net.dll
0x00007fface830000 - 0x00007fface93a000 	C:\Windows\SYSTEM32\WINHTTP.dll
0x00007ffad7ef0000 - 0x00007ffad7f5a000 	C:\Windows\system32\mswsock.dll
0x00007ffac2ba0000 - 0x00007ffac2bb5000 	C:\Users\Kriti Sharma\AppData\Local\Programs\Eclipse Adoptium\jdk-17.0.8.7-hotspot\bin\nio.dll
0x00007ffac2660000 - 0x00007ffac2678000 	C:\Users\Kriti Sharma\AppData\Local\Programs\Eclipse Adoptium\jdk-17.0.8.7-hotspot\bin\zip.dll
0x00007ffac4540000 - 0x00007ffac4550000 	C:\Users\Kriti Sharma\AppData\Local\Programs\Eclipse Adoptium\jdk-17.0.8.7-hotspot\bin\verify.dll
0x00007ffac4580000 - 0x00007ffac45a7000 	C:\Users\Kriti Sharma\.gradle\native\68d5fa5c4cc2d200863cafc0d521ce42e7d3e7ee720ec0a83991735586a16f82\windows-amd64\native-platform.dll
0x00007ffaa0310000 - 0x00007ffaa0454000 	C:\Users\Kriti Sharma\.gradle\native\e376f236ea51e6404a007f0833ffe2c6e607c4080706a723a18a27aeea778392\windows-amd64\native-platform-file-events.dll
0x00007ffac2e60000 - 0x00007ffac2e69000 	C:\Users\Kriti Sharma\AppData\Local\Programs\Eclipse Adoptium\jdk-17.0.8.7-hotspot\bin\management.dll
0x00007ffac28a0000 - 0x00007ffac28ab000 	C:\Users\Kriti Sharma\AppData\Local\Programs\Eclipse Adoptium\jdk-17.0.8.7-hotspot\bin\management_ext.dll
0x00007ffad9680000 - 0x00007ffad9688000 	C:\Windows\System32\PSAPI.DLL
0x00007ffad80e0000 - 0x00007ffad80f8000 	C:\Windows\SYSTEM32\CRYPTSP.dll
0x00007ffad7790000 - 0x00007ffad77c4000 	C:\Windows\system32\rsaenh.dll
0x00007ffad8dd0000 - 0x00007ffad8df7000 	C:\Windows\System32\bcrypt.dll
0x00007ffad8640000 - 0x00007ffad866e000 	C:\Windows\SYSTEM32\USERENV.dll
0x00007ffad8100000 - 0x00007ffad810c000 	C:\Windows\SYSTEM32\CRYPTBASE.dll
0x00007ffad7b90000 - 0x00007ffad7bcb000 	C:\Windows\SYSTEM32\IPHLPAPI.DLL
0x00007ffad9880000 - 0x00007ffad9888000 	C:\Windows\System32\NSI.dll
0x00007ffad1190000 - 0x00007ffad11a7000 	C:\Windows\SYSTEM32\dhcpcsvc6.DLL
0x00007ffad1e30000 - 0x00007ffad1e4d000 	C:\Windows\SYSTEM32\dhcpcsvc.DLL
0x00007ffad7be0000 - 0x00007ffad7caa000 	C:\Windows\SYSTEM32\DNSAPI.dll
0x00007ffac1eb0000 - 0x00007ffac1ebe000 	C:\Users\Kriti Sharma\AppData\Local\Programs\Eclipse Adoptium\jdk-17.0.8.7-hotspot\bin\sunmscapi.dll
0x00007ffad8f70000 - 0x00007ffad90ce000 	C:\Windows\System32\CRYPT32.dll
0x00007ffad8200000 - 0x00007ffad8228000 	C:\Windows\SYSTEM32\ncrypt.dll
0x00007ffad81c0000 - 0x00007ffad81fb000 	C:\Windows\SYSTEM32\NTASN1.dll
0x00007ffac5770000 - 0x00007ffac5777000 	C:\Windows\system32\wshunix.dll

dbghelp: loaded successfully - version: 4.0.5 - missing functions: none
symbol engine: initialized successfully - sym options: 0x614 - pdb path: .;C:\Users\Kriti Sharma\AppData\Local\Programs\Eclipse Adoptium\jdk-17.0.8.7-hotspot\bin;C:\Windows\SYSTEM32;C:\Windows\WinSxS\amd64_microsoft.windows.common-controls_6595b64144ccf1df_6.0.19041.1110_none_60b5254171f9507e;C:\Users\Kriti Sharma\AppData\Local\Programs\Eclipse Adoptium\jdk-17.0.8.7-hotspot\bin\server;C:\Users\Kriti Sharma\.gradle\native\68d5fa5c4cc2d200863cafc0d521ce42e7d3e7ee720ec0a83991735586a16f82\windows-amd64;C:\Users\Kriti Sharma\.gradle\native\e376f236ea51e6404a007f0833ffe2c6e607c4080706a723a18a27aeea778392\windows-amd64

VM Arguments:
jvm_args: -XX:MaxMetaspaceSize=512m --add-opens=java.base/java.util=ALL-UNNAMED --add-opens=java.base/java.lang=ALL-UNNAMED --add-opens=java.base/java.lang.invoke=ALL-UNNAMED --add-opens=java.prefs/java.util.prefs=ALL-UNNAMED --add-opens=java.base/java.nio.charset=ALL-UNNAMED --add-opens=java.base/java.net=ALL-UNNAMED --add-opens=java.base/java.util.concurrent.atomic=ALL-UNNAMED -Xmx2048m -Dfile.encoding=windows-1252 -Duser.country=IN -Duser.language=en -Duser.variant 
java_command: org.gradle.launcher.daemon.bootstrap.GradleDaemon 8.0.1
java_class_path (initial): C:\Users\Kriti Sharma\.gradle\wrapper\dists\gradle-8.0.1-all\aro4hu1c3oeioove7l0i4i14o\gradle-8.0.1\lib\gradle-launcher-8.0.1.jar
Launcher Type: SUN_STANDARD

[Global flags]
     intx CICompilerCount                          = 4                                         {product} {ergonomic}
   size_t CompressedClassSpaceSize                 = 436207616                                 {product} {ergonomic}
     uint ConcGCThreads                            = 2                                         {product} {ergonomic}
     uint G1ConcRefinementThreads                  = 8                                         {product} {ergonomic}
   size_t G1HeapRegionSize                         = 1048576                                   {product} {ergonomic}
    uintx GCDrainStackTargetSize                   = 64                                        {product} {ergonomic}
   size_t InitialHeapSize                          = 132120576                                 {product} {ergonomic}
   size_t MarkStackSize                            = 4194304                                   {product} {ergonomic}
   size_t MaxHeapSize                              = 2147483648                                {product} {command line}
   size_t MaxMetaspaceSize                         = 536870912                                 {product} {command line}
   size_t MaxNewSize                               = 1287651328                                {product} {ergonomic}
   size_t MinHeapDeltaBytes                        = 1048576                                   {product} {ergonomic}
   size_t MinHeapSize                              = 8388608                                   {product} {ergonomic}
    uintx NonNMethodCodeHeapSize                   = 5839372                                {pd product} {ergonomic}
    uintx NonProfiledCodeHeapSize                  = 122909434                              {pd product} {ergonomic}
    uintx ProfiledCodeHeapSize                     = 122909434                              {pd product} {ergonomic}
    uintx ReservedCodeCacheSize                    = 251658240                              {pd product} {ergonomic}
     bool SegmentedCodeCache                       = true                                      {product} {ergonomic}
   size_t SoftMaxHeapSize                          = 2147483648                             {manageable} {ergonomic}
     bool UseCompressedClassPointers               = true                           {product lp64_product} {ergonomic}
     bool UseCompressedOops                        = true                           {product lp64_product} {ergonomic}
     bool UseG1GC                                  = true                                      {product} {ergonomic}
     bool UseLargePagesIndividualAllocation        = false                                  {pd product} {ergonomic}

Logging:
Log output configuration:
 #0: stdout all=warning uptime,level,tags
 #1: stderr all=off uptime,level,tags

Environment Variables:
JAVA_HOME=C:\Users\Kriti Sharma\AppData\Local\Programs\Eclipse Adoptium\jdk-17.0.8.7-hotspot\
CLASSPATH=D:\Internship\react project\Calculator\android\\gradle\wrapper\gradle-wrapper.jar
PATH=D:\Internship\react project\Calculator\node_modules\.bin;D:\Internship\react project\Calculator\node_modules\.bin;D:\Internship\react project\node_modules\.bin;D:\Internship\node_modules\.bin;D:\node_modules\.bin;C:\Program Files\nodejs\node_modules\npm\node_modules\@npmcli\run-script\lib\node-gyp-bin;C:\Python311\Scripts\;C:\Python311\;C:\Windows\system32;C:\Windows;C:\Windows\System32\Wbem;C:\Windows\System32\WindowsPowerShell\v1.0\;C:\Windows\System32\OpenSSH\;C:\Program Files\Git\cmd;C:\ProgramData\chocolatey\bin;C:\Program Files\nodejs\;C:\Program Files\MySQL\MySQL Shell 8.0\bin\;C:\Users\Kriti Sharma\AppData\Local\Programs\Eclipse Adoptium\jdk-17.0.8.7-hotspot\bin;C:\Users\Kriti Sharma\AppData\Local\Microsoft\WindowsApps;C:\Users\Kriti Sharma\AppData\Local\Programs\Microsoft VS Code\bin;C:\Users\Kriti Sharma\AppData\Roaming\npm;C:\Users\Kriti Sharma\AppData\Local\Android\Sdk\platform-tools;C:\Users\Kriti Sharma\AppData\Local\Android\Sdk\emulator;C:\Users\Kriti Sharma\AppData\Local\Android\Sdk\tools;C:\Users\Kriti Sharma\AppData\Local\Android\Sdk\tools\bin;
USERNAME=Kriti Sharma
LANG=en_US.UTF-8
OS=Windows_NT
PROCESSOR_IDENTIFIER=Intel64 Family 6 Model 126 Stepping 5, GenuineIntel
TMP=C:\Users\KRITIS~1\AppData\Local\Temp
TEMP=C:\Users\KRITIS~1\AppData\Local\Temp



---------------  S Y S T E M  ---------------

OS:
 Windows 10 , 64 bit Build 19041 (10.0.19041.3155)
OS uptime: 0 days 18:15 hours

CPU: total 8 (initial active 8) (4 cores per cpu, 2 threads per core) family 6 model 126 stepping 5 microcode 0xbc, cx8, cmov, fxsr, ht, mmx, 3dnowpref, sse, sse2, sse3, ssse3, sse4.1, sse4.2, popcnt, lzcnt, tsc, tscinvbit, avx, avx2, aes, erms, clmul, bmi1, bmi2, adx, avx512f, avx512dq, avx512cd, avx512bw, avx512vl, sha, fma, vzeroupper, avx512_vpopcntdq, avx512_vpclmulqdq, avx512_vaes, avx512_vnni, clflush, clflushopt, avx512_vbmi2, avx512_vbmi
Processor Information for all 8 processors :
  Max Mhz: 1190, Current Mhz: 991, Mhz Limit: 987

Memory: 4k page, system-wide physical 7959M (460M free)
TotalPageFile size 13959M (AvailPageFile size 64M)
current process WorkingSet (physical memory assigned to process): 417M, peak: 427M
current process commit charge ("private bytes"): 505M, peak: 516M

vm_info: OpenJDK 64-Bit Server VM (17.0.8+7) for windows-amd64 JRE (17.0.8+7), built on Jul 18 2023 21:02:32 by "admin" with MS VC++ 16.7 (VS2019)

END.
