#
# There is insufficient memory for the Java Runtime Environment to continue.
# Native memory allocation (malloc) failed to allocate 1028816 bytes for Chunk::new
# Possible reasons:
#   The system is out of physical RAM or swap space
#   The process is running with CompressedOops enabled, and the Java Heap may be blocking the growth of the native heap
# Possible solutions:
#   Reduce memory load on the system
#   Increase physical memory or swap space
#   Check if swap backing store is full
#   Decrease Java heap size (-Xmx/-Xms)
#   Decrease number of Java threads
#   Decrease Java thread stack sizes (-Xss)
#   Set larger code cache with -XX:ReservedCodeCacheSize=
#   JVM is running with Unscaled Compressed Oops mode in which the Java heap is
#     placed in the first 4GB address space. The Java Heap base address is the
#     maximum limit for the native heap growth. Please use -XX:HeapBaseMinAddress
#     to set the Java Heap base and to place the Java Heap above 4GB virtual address.
# This output file may be truncated or incomplete.
#
#  Out of Memory Error (arena.cpp:189), pid=5148, tid=15864
#
# JRE version: OpenJDK Runtime Environment Temurin-17.0.8+7 (17.0.8+7) (build 17.0.8+7)
# Java VM: OpenJDK 64-Bit Server VM Temurin-17.0.8+7 (17.0.8+7, mixed mode, sharing, tiered, compressed oops, compressed class ptrs, g1 gc, windows-amd64)
# No core dump will be written. Minidumps are not enabled by default on client versions of Windows
#

---------------  S U M M A R Y ------------

Command Line: -XX:MaxMetaspaceSize=512m --add-opens=java.base/java.util=ALL-UNNAMED --add-opens=java.base/java.lang=ALL-UNNAMED --add-opens=java.base/java.lang.invoke=ALL-UNNAMED --add-opens=java.prefs/java.util.prefs=ALL-UNNAMED --add-opens=java.base/java.nio.charset=ALL-UNNAMED --add-opens=java.base/java.net=ALL-UNNAMED --add-opens=java.base/java.util.concurrent.atomic=ALL-UNNAMED -Xmx2048m -Dfile.encoding=windows-1252 -Duser.country=IN -Duser.language=en -Duser.variant org.gradle.launcher.daemon.bootstrap.GradleDaemon 8.0.1

Host: Intel(R) Core(TM) i5-1035G1 CPU @ 1.00GHz, 8 cores, 7G,  Windows 10 , 64 bit Build 19041 (10.0.19041.3155)
Time: Fri Sep  8 14:07:04 2023 India Standard Time elapsed time: 3.304083 seconds (0d 0h 0m 3s)

---------------  T H R E A D  ---------------

Current thread (0x0000010c1ccb1d00):  JavaThread "C2 CompilerThread1" daemon [_thread_in_native, id=15864, stack(0x0000000935300000,0x0000000935400000)]


Current CompileTask:
C2:   3304 2026       4       jdk.internal.org.objectweb.asm.Frame::execute (2305 bytes)

Stack: [0x0000000935300000,0x0000000935400000]
Native frames: (J=compiled Java code, j=interpreted, Vv=VM code, C=native code)
V  [jvm.dll+0x678b0a]
V  [jvm.dll+0x835e84]
V  [jvm.dll+0x83762e]
V  [jvm.dll+0x837c93]
V  [jvm.dll+0x24746f]
V  [jvm.dll+0xac20c]
V  [jvm.dll+0xac7dc]
V  [jvm.dll+0x2ae7af]
V  [jvm.dll+0x581427]
V  [jvm.dll+0x222602]
V  [jvm.dll+0x2229df]
V  [jvm.dll+0x21ba55]
V  [jvm.dll+0x218f0b]
V  [jvm.dll+0x1a534d]
V  [jvm.dll+0x228d8a]
V  [jvm.dll+0x226dcc]
V  [jvm.dll+0x7ec09b]
V  [jvm.dll+0x7e64ca]
V  [jvm.dll+0x677955]
C  [ucrtbase.dll+0x21bb2]
C  [KERNEL32.DLL+0x17614]
C  [ntdll.dll+0x526b1]


---------------  P R O C E S S  ---------------

Threads class SMR info:
_java_thread_list=0x0000010c3e0fff90, length=25, elements={
0x0000010c7d29cd70, 0x0000010c7ec90e50, 0x0000010c7ec930d0, 0x0000010c7ecab910,
0x0000010c7ecd0310, 0x0000010c7ecd0be0, 0x0000010c7ecd1c50, 0x0000010c7ecd2900,
0x0000010c7ece7ec0, 0x0000010c7ecf96f0, 0x0000010c1cc41760, 0x0000010c1cc48070,
0x0000010c1ccb1d00, 0x0000010c3e081a60, 0x0000010c3e1ec4e0, 0x0000010c3dce6020,
0x0000010c3dd44870, 0x0000010c3d54af90, 0x0000010c3d549640, 0x0000010c3d54a570,
0x0000010c3d54b4a0, 0x0000010c3d54b9b0, 0x0000010c3d54bec0, 0x0000010c3d549b50,
0x0000010c3d549130
}

Java Threads: ( => current thread )
  0x0000010c7d29cd70 JavaThread "main" [_thread_blocked, id=5424, stack(0x0000000934000000,0x0000000934100000)]
  0x0000010c7ec90e50 JavaThread "Reference Handler" daemon [_thread_blocked, id=4180, stack(0x0000000934700000,0x0000000934800000)]
  0x0000010c7ec930d0 JavaThread "Finalizer" daemon [_thread_blocked, id=7348, stack(0x0000000934800000,0x0000000934900000)]
  0x0000010c7ecab910 JavaThread "Signal Dispatcher" daemon [_thread_blocked, id=6308, stack(0x0000000934900000,0x0000000934a00000)]
  0x0000010c7ecd0310 JavaThread "Attach Listener" daemon [_thread_blocked, id=10436, stack(0x0000000934a00000,0x0000000934b00000)]
  0x0000010c7ecd0be0 JavaThread "Service Thread" daemon [_thread_blocked, id=1520, stack(0x0000000934b00000,0x0000000934c00000)]
  0x0000010c7ecd1c50 JavaThread "Monitor Deflation Thread" daemon [_thread_blocked, id=12892, stack(0x0000000934c00000,0x0000000934d00000)]
  0x0000010c7ecd2900 JavaThread "C2 CompilerThread0" daemon [_thread_in_native, id=8056, stack(0x0000000934d00000,0x0000000934e00000)]
  0x0000010c7ece7ec0 JavaThread "C1 CompilerThread0" daemon [_thread_blocked, id=10900, stack(0x0000000934e00000,0x0000000934f00000)]
  0x0000010c7ecf96f0 JavaThread "Sweeper thread" daemon [_thread_blocked, id=8316, stack(0x0000000934f00000,0x0000000935000000)]
  0x0000010c1cc41760 JavaThread "Common-Cleaner" daemon [_thread_blocked, id=14588, stack(0x0000000935000000,0x0000000935100000)]
  0x0000010c1cc48070 JavaThread "Notification Thread" daemon [_thread_blocked, id=15784, stack(0x0000000935100000,0x0000000935200000)]
=>0x0000010c1ccb1d00 JavaThread "C2 CompilerThread1" daemon [_thread_in_native, id=15864, stack(0x0000000935300000,0x0000000935400000)]
  0x0000010c3e081a60 JavaThread "Daemon health stats" [_thread_blocked, id=9804, stack(0x0000000935800000,0x0000000935900000)]
  0x0000010c3e1ec4e0 JavaThread "Incoming local TCP Connector on port 51668" [_thread_in_native, id=9876, stack(0x0000000935900000,0x0000000935a00000)]
  0x0000010c3dce6020 JavaThread "Daemon periodic checks" [_thread_blocked, id=14412, stack(0x0000000935a00000,0x0000000935b00000)]
  0x0000010c3dd44870 JavaThread "Daemon" [_thread_blocked, id=15552, stack(0x0000000935b00000,0x0000000935c00000)]
  0x0000010c3d54af90 JavaThread "Handler for socket connection from /127.0.0.1:51668 to /127.0.0.1:51669" [_thread_in_native, id=11724, stack(0x0000000935c00000,0x0000000935d00000)]
  0x0000010c3d549640 JavaThread "Cancel handler" [_thread_blocked, id=14172, stack(0x0000000935d00000,0x0000000935e00000)]
  0x0000010c3d54a570 JavaThread "Daemon worker" [_thread_in_vm, id=15164, stack(0x0000000935e00000,0x0000000935f00000)]
  0x0000010c3d54b4a0 JavaThread "Asynchronous log dispatcher for DefaultDaemonConnection: socket connection from /127.0.0.1:51668 to /127.0.0.1:51669" [_thread_blocked, id=9704, stack(0x0000000935f00000,0x0000000936000000)]
  0x0000010c3d54b9b0 JavaThread "Stdin handler" [_thread_blocked, id=1304, stack(0x0000000936000000,0x0000000936100000)]
  0x0000010c3d54bec0 JavaThread "Daemon client event forwarder" [_thread_blocked, id=11280, stack(0x0000000936100000,0x0000000936200000)]
  0x0000010c3d549b50 JavaThread "Cache worker for journal cache (C:\Users\Kriti Sharma\.gradle\caches\journal-1)" [_thread_blocked, id=15712, stack(0x0000000936200000,0x0000000936300000)]
  0x0000010c3d549130 JavaThread "File lock request listener" [_thread_in_native, id=12204, stack(0x0000000936300000,0x0000000936400000)]

Other Threads:
  0x0000010c7ec8d540 VMThread "VM Thread" [stack: 0x0000000934600000,0x0000000934700000] [id=2724]
  0x0000010c7d31b8d0 WatcherThread [stack: 0x0000000935200000,0x0000000935300000] [id=15392]
  0x0000010c7d2f8f10 GCTaskThread "GC Thread#0" [stack: 0x0000000934100000,0x0000000934200000] [id=8152]
  0x0000010c1ce85300 GCTaskThread "GC Thread#1" [stack: 0x0000000935400000,0x0000000935500000] [id=8672]
  0x0000010c1ce855c0 GCTaskThread "GC Thread#2" [stack: 0x0000000935500000,0x0000000935600000] [id=3036]
  0x0000010c3cb7e2e0 GCTaskThread "GC Thread#3" [stack: 0x0000000935600000,0x0000000935700000] [id=7340]
  0x0000010c3ce8de10 GCTaskThread "GC Thread#4" [stack: 0x0000000935700000,0x0000000935800000] [id=9860]
  0x0000010c7d309d70 ConcurrentGCThread "G1 Main Marker" [stack: 0x0000000934200000,0x0000000934300000] [id=8836]
  0x0000010c7d30b6a0 ConcurrentGCThread "G1 Conc#0" [stack: 0x0000000934300000,0x0000000934400000] [id=1336]
  0x0000010c7d35d360 ConcurrentGCThread "G1 Refine#0" [stack: 0x0000000934400000,0x0000000934500000] [id=9360]
  0x0000010c7d35dca0 ConcurrentGCThread "G1 Service" [stack: 0x0000000934500000,0x0000000934600000] [id=14176]

Threads with active compile tasks:
C2 CompilerThread0     3340 2092   !   4       java.util.zip.InflaterInputStream::read (138 bytes)
C2 CompilerThread1     3340 2026       4       jdk.internal.org.objectweb.asm.Frame::execute (2305 bytes)

VM state: not at safepoint (normal execution)

VM Mutex/Monitor currently owned by a thread: None

Heap address: 0x0000000080000000, size: 2048 MB, Compressed Oops mode: 32-bit

CDS archive(s) mapped at: [0x0000010c1d000000-0x0000010c1dbd0000-0x0000010c1dbd0000), size 12386304, SharedBaseAddress: 0x0000010c1d000000, ArchiveRelocationMode: 1.
Compressed class space mapped at: 0x0000010c1e000000-0x0000010c38000000, reserved size: 436207616
Narrow klass base: 0x0000010c1d000000, Narrow klass shift: 0, Narrow klass range: 0x100000000

GC Precious Log:
 CPUs: 8 total, 8 available
 Memory: 7959M
 Large Page Support: Disabled
 NUMA Support: Disabled
 Compressed Oops: Enabled (32-bit)
 Heap Region Size: 1M
 Heap Min Capacity: 8M
 Heap Initial Capacity: 126M
 Heap Max Capacity: 2G
 Pre-touch: Disabled
 Parallel Workers: 8
 Concurrent Workers: 2
 Concurrent Refinement Workers: 8
 Periodic GC: Disabled

Heap:
 garbage-first heap   total 129024K, used 57872K [0x0000000080000000, 0x0000000100000000)
  region size 1024K, 48 young (49152K), 3 survivors (3072K)
 Metaspace       used 12725K, committed 13056K, reserved 491520K
  class space    used 1786K, committed 1920K, reserved 425984K

Heap Regions: E=young(eden), S=young(survivor), O=old, HS=humongous(starts), HC=humongous(continues), CS=collection set, F=free, OA=open archive, CA=closed archive, TAMS=top-at-mark-start (previous, next)
|   0|0x0000000080000000, 0x0000000080100000, 0x0000000080100000|100%|HS|  |TAMS 0x0000000080000000, 0x0000000080000000| Complete 
|   1|0x0000000080100000, 0x0000000080200000, 0x0000000080200000|100%|HC|  |TAMS 0x0000000080100000, 0x0000000080100000| Complete 
|   2|0x0000000080200000, 0x0000000080300000, 0x0000000080300000|100%|HC|  |TAMS 0x0000000080200000, 0x0000000080200000| Complete 
|   3|0x0000000080300000, 0x0000000080400000, 0x0000000080400000|100%|HC|  |TAMS 0x0000000080300000, 0x0000000080300000| Complete 
|   4|0x0000000080400000, 0x0000000080500000, 0x0000000080500000|100%| O|  |TAMS 0x0000000080400000, 0x0000000080400000| Untracked 
|   5|0x0000000080500000, 0x0000000080600000, 0x0000000080600000|100%| O|  |TAMS 0x0000000080500000, 0x0000000080500000| Untracked 
|   6|0x0000000080600000, 0x0000000080700000, 0x0000000080700000|100%| O|  |TAMS 0x0000000080600000, 0x0000000080600000| Untracked 
|   7|0x0000000080700000, 0x0000000080800000, 0x0000000080800000|100%| O|  |TAMS 0x0000000080700000, 0x0000000080700000| Untracked 
|   8|0x0000000080800000, 0x0000000080800000, 0x0000000080900000|  0%| F|  |TAMS 0x0000000080800000, 0x0000000080800000| Untracked 
|   9|0x0000000080900000, 0x0000000080a00000, 0x0000000080a00000|100%| O|  |TAMS 0x0000000080900000, 0x0000000080900000| Untracked 
|  10|0x0000000080a00000, 0x0000000080b00000, 0x0000000080b00000|100%| O|  |TAMS 0x0000000080a00000, 0x0000000080a00000| Untracked 
|  11|0x0000000080b00000, 0x0000000080b11600, 0x0000000080c00000|  6%| O|  |TAMS 0x0000000080b00000, 0x0000000080b00000| Untracked 
|  12|0x0000000080c00000, 0x0000000080c00000, 0x0000000080d00000|  0%| F|  |TAMS 0x0000000080c00000, 0x0000000080c00000| Untracked 
|  13|0x0000000080d00000, 0x0000000080d00000, 0x0000000080e00000|  0%| F|  |TAMS 0x0000000080d00000, 0x0000000080d00000| Untracked 
|  14|0x0000000080e00000, 0x0000000080e00000, 0x0000000080f00000|  0%| F|  |TAMS 0x0000000080e00000, 0x0000000080e00000| Untracked 
|  15|0x0000000080f00000, 0x0000000080f00000, 0x0000000081000000|  0%| F|  |TAMS 0x0000000080f00000, 0x0000000080f00000| Untracked 
|  16|0x0000000081000000, 0x0000000081000000, 0x0000000081100000|  0%| F|  |TAMS 0x0000000081000000, 0x0000000081000000| Untracked 
|  17|0x0000000081100000, 0x0000000081100000, 0x0000000081200000|  0%| F|  |TAMS 0x0000000081100000, 0x0000000081100000| Untracked 
|  18|0x0000000081200000, 0x0000000081200000, 0x0000000081300000|  0%| F|  |TAMS 0x0000000081200000, 0x0000000081200000| Untracked 
|  19|0x0000000081300000, 0x0000000081300000, 0x0000000081400000|  0%| F|  |TAMS 0x0000000081300000, 0x0000000081300000| Untracked 
|  20|0x0000000081400000, 0x0000000081400000, 0x0000000081500000|  0%| F|  |TAMS 0x0000000081400000, 0x0000000081400000| Untracked 
|  21|0x0000000081500000, 0x0000000081500000, 0x0000000081600000|  0%| F|  |TAMS 0x0000000081500000, 0x0000000081500000| Untracked 
|  22|0x0000000081600000, 0x0000000081600000, 0x0000000081700000|  0%| F|  |TAMS 0x0000000081600000, 0x0000000081600000| Untracked 
|  23|0x0000000081700000, 0x0000000081700000, 0x0000000081800000|  0%| F|  |TAMS 0x0000000081700000, 0x0000000081700000| Untracked 
|  24|0x0000000081800000, 0x0000000081800000, 0x0000000081900000|  0%| F|  |TAMS 0x0000000081800000, 0x0000000081800000| Untracked 
|  25|0x0000000081900000, 0x0000000081900000, 0x0000000081a00000|  0%| F|  |TAMS 0x0000000081900000, 0x0000000081900000| Untracked 
|  26|0x0000000081a00000, 0x0000000081a00000, 0x0000000081b00000|  0%| F|  |TAMS 0x0000000081a00000, 0x0000000081a00000| Untracked 
|  27|0x0000000081b00000, 0x0000000081b00000, 0x0000000081c00000|  0%| F|  |TAMS 0x0000000081b00000, 0x0000000081b00000| Untracked 
|  28|0x0000000081c00000, 0x0000000081c00000, 0x0000000081d00000|  0%| F|  |TAMS 0x0000000081c00000, 0x0000000081c00000| Untracked 
|  29|0x0000000081d00000, 0x0000000081d00000, 0x0000000081e00000|  0%| F|  |TAMS 0x0000000081d00000, 0x0000000081d00000| Untracked 
|  30|0x0000000081e00000, 0x0000000081e00000, 0x0000000081f00000|  0%| F|  |TAMS 0x0000000081e00000, 0x0000000081e00000| Untracked 
|  31|0x0000000081f00000, 0x0000000081f00000, 0x0000000082000000|  0%| F|  |TAMS 0x0000000081f00000, 0x0000000081f00000| Untracked 
|  32|0x0000000082000000, 0x0000000082000000, 0x0000000082100000|  0%| F|  |TAMS 0x0000000082000000, 0x0000000082000000| Untracked 
|  33|0x0000000082100000, 0x0000000082100000, 0x0000000082200000|  0%| F|  |TAMS 0x0000000082100000, 0x0000000082100000| Untracked 
|  34|0x0000000082200000, 0x0000000082200000, 0x0000000082300000|  0%| F|  |TAMS 0x0000000082200000, 0x0000000082200000| Untracked 
|  35|0x0000000082300000, 0x0000000082300000, 0x0000000082400000|  0%| F|  |TAMS 0x0000000082300000, 0x0000000082300000| Untracked 
|  36|0x0000000082400000, 0x0000000082400000, 0x0000000082500000|  0%| F|  |TAMS 0x0000000082400000, 0x0000000082400000| Untracked 
|  37|0x0000000082500000, 0x0000000082500000, 0x0000000082600000|  0%| F|  |TAMS 0x0000000082500000, 0x0000000082500000| Untracked 
|  38|0x0000000082600000, 0x0000000082600000, 0x0000000082700000|  0%| F|  |TAMS 0x0000000082600000, 0x0000000082600000| Untracked 
|  39|0x0000000082700000, 0x0000000082700000, 0x0000000082800000|  0%| F|  |TAMS 0x0000000082700000, 0x0000000082700000| Untracked 
|  40|0x0000000082800000, 0x0000000082800000, 0x0000000082900000|  0%| F|  |TAMS 0x0000000082800000, 0x0000000082800000| Untracked 
|  41|0x0000000082900000, 0x0000000082900000, 0x0000000082a00000|  0%| F|  |TAMS 0x0000000082900000, 0x0000000082900000| Untracked 
|  42|0x0000000082a00000, 0x0000000082a00000, 0x0000000082b00000|  0%| F|  |TAMS 0x0000000082a00000, 0x0000000082a00000| Untracked 
|  43|0x0000000082b00000, 0x0000000082b00000, 0x0000000082c00000|  0%| F|  |TAMS 0x0000000082b00000, 0x0000000082b00000| Untracked 
|  44|0x0000000082c00000, 0x0000000082c00000, 0x0000000082d00000|  0%| F|  |TAMS 0x0000000082c00000, 0x0000000082c00000| Untracked 
|  45|0x0000000082d00000, 0x0000000082d00000, 0x0000000082e00000|  0%| F|  |TAMS 0x0000000082d00000, 0x0000000082d00000| Untracked 
|  46|0x0000000082e00000, 0x0000000082e00000, 0x0000000082f00000|  0%| F|  |TAMS 0x0000000082e00000, 0x0000000082e00000| Untracked 
|  47|0x0000000082f00000, 0x0000000082f00000, 0x0000000083000000|  0%| F|  |TAMS 0x0000000082f00000, 0x0000000082f00000| Untracked 
|  48|0x0000000083000000, 0x0000000083000000, 0x0000000083100000|  0%| F|  |TAMS 0x0000000083000000, 0x0000000083000000| Untracked 
|  49|0x0000000083100000, 0x0000000083100000, 0x0000000083200000|  0%| F|  |TAMS 0x0000000083100000, 0x0000000083100000| Untracked 
|  50|0x0000000083200000, 0x0000000083200000, 0x0000000083300000|  0%| F|  |TAMS 0x0000000083200000, 0x0000000083200000| Untracked 
|  51|0x0000000083300000, 0x0000000083300000, 0x0000000083400000|  0%| F|  |TAMS 0x0000000083300000, 0x0000000083300000| Untracked 
|  52|0x0000000083400000, 0x0000000083400000, 0x0000000083500000|  0%| F|  |TAMS 0x0000000083400000, 0x0000000083400000| Untracked 
|  53|0x0000000083500000, 0x0000000083500000, 0x0000000083600000|  0%| F|  |TAMS 0x0000000083500000, 0x0000000083500000| Untracked 
|  54|0x0000000083600000, 0x0000000083600000, 0x0000000083700000|  0%| F|  |TAMS 0x0000000083600000, 0x0000000083600000| Untracked 
|  55|0x0000000083700000, 0x0000000083700000, 0x0000000083800000|  0%| F|  |TAMS 0x0000000083700000, 0x0000000083700000| Untracked 
|  56|0x0000000083800000, 0x0000000083800000, 0x0000000083900000|  0%| F|  |TAMS 0x0000000083800000, 0x0000000083800000| Untracked 
|  57|0x0000000083900000, 0x0000000083900000, 0x0000000083a00000|  0%| F|  |TAMS 0x0000000083900000, 0x0000000083900000| Untracked 
|  58|0x0000000083a00000, 0x0000000083a00000, 0x0000000083b00000|  0%| F|  |TAMS 0x0000000083a00000, 0x0000000083a00000| Untracked 
|  59|0x0000000083b00000, 0x0000000083b00000, 0x0000000083c00000|  0%| F|  |TAMS 0x0000000083b00000, 0x0000000083b00000| Untracked 
|  60|0x0000000083c00000, 0x0000000083c00000, 0x0000000083d00000|  0%| F|  |TAMS 0x0000000083c00000, 0x0000000083c00000| Untracked 
|  61|0x0000000083d00000, 0x0000000083d00000, 0x0000000083e00000|  0%| F|  |TAMS 0x0000000083d00000, 0x0000000083d00000| Untracked 
|  62|0x0000000083e00000, 0x0000000083e00000, 0x0000000083f00000|  0%| F|  |TAMS 0x0000000083e00000, 0x0000000083e00000| Untracked 
|  63|0x0000000083f00000, 0x0000000083f00000, 0x0000000084000000|  0%| F|  |TAMS 0x0000000083f00000, 0x0000000083f00000| Untracked 
|  64|0x0000000084000000, 0x0000000084000000, 0x0000000084100000|  0%| F|  |TAMS 0x0000000084000000, 0x0000000084000000| Untracked 
|  65|0x0000000084100000, 0x0000000084100000, 0x0000000084200000|  0%| F|  |TAMS 0x0000000084100000, 0x0000000084100000| Untracked 
|  66|0x0000000084200000, 0x0000000084200000, 0x0000000084300000|  0%| F|  |TAMS 0x0000000084200000, 0x0000000084200000| Untracked 
|  67|0x0000000084300000, 0x0000000084300000, 0x0000000084400000|  0%| F|  |TAMS 0x0000000084300000, 0x0000000084300000| Untracked 
|  68|0x0000000084400000, 0x0000000084400000, 0x0000000084500000|  0%| F|  |TAMS 0x0000000084400000, 0x0000000084400000| Untracked 
|  69|0x0000000084500000, 0x0000000084500000, 0x0000000084600000|  0%| F|  |TAMS 0x0000000084500000, 0x0000000084500000| Untracked 
|  70|0x0000000084600000, 0x0000000084600000, 0x0000000084700000|  0%| F|  |TAMS 0x0000000084600000, 0x0000000084600000| Untracked 
|  71|0x0000000084700000, 0x0000000084700000, 0x0000000084800000|  0%| F|  |TAMS 0x0000000084700000, 0x0000000084700000| Untracked 
|  72|0x0000000084800000, 0x0000000084800000, 0x0000000084900000|  0%| F|  |TAMS 0x0000000084800000, 0x0000000084800000| Untracked 
|  73|0x0000000084900000, 0x0000000084900000, 0x0000000084a00000|  0%| F|  |TAMS 0x0000000084900000, 0x0000000084900000| Untracked 
|  74|0x0000000084a00000, 0x0000000084a00000, 0x0000000084b00000|  0%| F|  |TAMS 0x0000000084a00000, 0x0000000084a00000| Untracked 
|  75|0x0000000084b00000, 0x0000000084b00000, 0x0000000084c00000|  0%| F|  |TAMS 0x0000000084b00000, 0x0000000084b00000| Untracked 
|  76|0x0000000084c00000, 0x0000000084c00000, 0x0000000084d00000|  0%| F|  |TAMS 0x0000000084c00000, 0x0000000084c00000| Untracked 
|  77|0x0000000084d00000, 0x0000000084d80d08, 0x0000000084e00000| 50%| E|  |TAMS 0x0000000084d00000, 0x0000000084d00000| Complete 
|  78|0x0000000084e00000, 0x0000000084f00000, 0x0000000084f00000|100%| E|CS|TAMS 0x0000000084e00000, 0x0000000084e00000| Complete 
|  79|0x0000000084f00000, 0x0000000085000000, 0x0000000085000000|100%| E|CS|TAMS 0x0000000084f00000, 0x0000000084f00000| Complete 
|  80|0x0000000085000000, 0x0000000085100000, 0x0000000085100000|100%| E|CS|TAMS 0x0000000085000000, 0x0000000085000000| Complete 
|  81|0x0000000085100000, 0x0000000085200000, 0x0000000085200000|100%| E|CS|TAMS 0x0000000085100000, 0x0000000085100000| Complete 
|  82|0x0000000085200000, 0x0000000085300000, 0x0000000085300000|100%| E|CS|TAMS 0x0000000085200000, 0x0000000085200000| Complete 
|  83|0x0000000085300000, 0x0000000085400000, 0x0000000085400000|100%| E|CS|TAMS 0x0000000085300000, 0x0000000085300000| Complete 
|  84|0x0000000085400000, 0x0000000085500000, 0x0000000085500000|100%| E|CS|TAMS 0x0000000085400000, 0x0000000085400000| Complete 
|  85|0x0000000085500000, 0x0000000085600000, 0x0000000085600000|100%| E|CS|TAMS 0x0000000085500000, 0x0000000085500000| Complete 
|  86|0x0000000085600000, 0x0000000085700000, 0x0000000085700000|100%| E|CS|TAMS 0x0000000085600000, 0x0000000085600000| Complete 
|  87|0x0000000085700000, 0x0000000085800000, 0x0000000085800000|100%| E|CS|TAMS 0x0000000085700000, 0x0000000085700000| Complete 
|  88|0x0000000085800000, 0x0000000085900000, 0x0000000085900000|100%| E|CS|TAMS 0x0000000085800000, 0x0000000085800000| Complete 
|  89|0x0000000085900000, 0x0000000085a00000, 0x0000000085a00000|100%| E|CS|TAMS 0x0000000085900000, 0x0000000085900000| Complete 
|  90|0x0000000085a00000, 0x0000000085b00000, 0x0000000085b00000|100%| E|CS|TAMS 0x0000000085a00000, 0x0000000085a00000| Complete 
|  91|0x0000000085b00000, 0x0000000085c00000, 0x0000000085c00000|100%| E|CS|TAMS 0x0000000085b00000, 0x0000000085b00000| Complete 
|  92|0x0000000085c00000, 0x0000000085c72d80, 0x0000000085d00000| 44%| S|CS|TAMS 0x0000000085c00000, 0x0000000085c00000| Complete 
|  93|0x0000000085d00000, 0x0000000085e00000, 0x0000000085e00000|100%| S|CS|TAMS 0x0000000085d00000, 0x0000000085d00000| Complete 
|  94|0x0000000085e00000, 0x0000000085f00000, 0x0000000085f00000|100%| S|CS|TAMS 0x0000000085e00000, 0x0000000085e00000| Complete 
|  95|0x0000000085f00000, 0x0000000086000000, 0x0000000086000000|100%| E|CS|TAMS 0x0000000085f00000, 0x0000000085f00000| Complete 
|  96|0x0000000086000000, 0x0000000086100000, 0x0000000086100000|100%| E|CS|TAMS 0x0000000086000000, 0x0000000086000000| Complete 
|  97|0x0000000086100000, 0x0000000086200000, 0x0000000086200000|100%| E|CS|TAMS 0x0000000086100000, 0x0000000086100000| Complete 
|  98|0x0000000086200000, 0x0000000086300000, 0x0000000086300000|100%| E|CS|TAMS 0x0000000086200000, 0x0000000086200000| Complete 
|  99|0x0000000086300000, 0x0000000086400000, 0x0000000086400000|100%| E|CS|TAMS 0x0000000086300000, 0x0000000086300000| Complete 
| 100|0x0000000086400000, 0x0000000086500000, 0x0000000086500000|100%| E|CS|TAMS 0x0000000086400000, 0x0000000086400000| Complete 
| 101|0x0000000086500000, 0x0000000086600000, 0x0000000086600000|100%| E|CS|TAMS 0x0000000086500000, 0x0000000086500000| Complete 
| 102|0x0000000086600000, 0x0000000086700000, 0x0000000086700000|100%| E|CS|TAMS 0x0000000086600000, 0x0000000086600000| Complete 
| 103|0x0000000086700000, 0x0000000086800000, 0x0000000086800000|100%| E|CS|TAMS 0x0000000086700000, 0x0000000086700000| Complete 
| 104|0x0000000086800000, 0x0000000086900000, 0x0000000086900000|100%| E|CS|TAMS 0x0000000086800000, 0x0000000086800000| Complete 
| 105|0x0000000086900000, 0x0000000086a00000, 0x0000000086a00000|100%| E|CS|TAMS 0x0000000086900000, 0x0000000086900000| Complete 
| 106|0x0000000086a00000, 0x0000000086b00000, 0x0000000086b00000|100%| E|CS|TAMS 0x0000000086a00000, 0x0000000086a00000| Complete 
| 107|0x0000000086b00000, 0x0000000086c00000, 0x0000000086c00000|100%| E|CS|TAMS 0x0000000086b00000, 0x0000000086b00000| Complete 
| 108|0x0000000086c00000, 0x0000000086d00000, 0x0000000086d00000|100%| E|CS|TAMS 0x0000000086c00000, 0x0000000086c00000| Complete 
| 109|0x0000000086d00000, 0x0000000086e00000, 0x0000000086e00000|100%| E|CS|TAMS 0x0000000086d00000, 0x0000000086d00000| Complete 
| 110|0x0000000086e00000, 0x0000000086f00000, 0x0000000086f00000|100%| E|CS|TAMS 0x0000000086e00000, 0x0000000086e00000| Complete 
| 111|0x0000000086f00000, 0x0000000087000000, 0x0000000087000000|100%| E|CS|TAMS 0x0000000086f00000, 0x0000000086f00000| Complete 
| 112|0x0000000087000000, 0x0000000087100000, 0x0000000087100000|100%| E|CS|TAMS 0x0000000087000000, 0x0000000087000000| Complete 
| 113|0x0000000087100000, 0x0000000087200000, 0x0000000087200000|100%| E|CS|TAMS 0x0000000087100000, 0x0000000087100000| Complete 
| 114|0x0000000087200000, 0x0000000087300000, 0x0000000087300000|100%| E|CS|TAMS 0x0000000087200000, 0x0000000087200000| Complete 
| 115|0x0000000087300000, 0x0000000087400000, 0x0000000087400000|100%| E|CS|TAMS 0x0000000087300000, 0x0000000087300000| Complete 
| 116|0x0000000087400000, 0x0000000087500000, 0x0000000087500000|100%| E|CS|TAMS 0x0000000087400000, 0x0000000087400000| Complete 
| 117|0x0000000087500000, 0x0000000087600000, 0x0000000087600000|100%| E|CS|TAMS 0x0000000087500000, 0x0000000087500000| Complete 
| 118|0x0000000087600000, 0x0000000087700000, 0x0000000087700000|100%| E|CS|TAMS 0x0000000087600000, 0x0000000087600000| Complete 
| 119|0x0000000087700000, 0x0000000087800000, 0x0000000087800000|100%| E|CS|TAMS 0x0000000087700000, 0x0000000087700000| Complete 
| 120|0x0000000087800000, 0x0000000087900000, 0x0000000087900000|100%| E|CS|TAMS 0x0000000087800000, 0x0000000087800000| Complete 
| 121|0x0000000087900000, 0x0000000087a00000, 0x0000000087a00000|100%| E|CS|TAMS 0x0000000087900000, 0x0000000087900000| Complete 
| 122|0x0000000087a00000, 0x0000000087b00000, 0x0000000087b00000|100%| E|CS|TAMS 0x0000000087a00000, 0x0000000087a00000| Complete 
| 123|0x0000000087b00000, 0x0000000087c00000, 0x0000000087c00000|100%| E|CS|TAMS 0x0000000087b00000, 0x0000000087b00000| Complete 
| 124|0x0000000087c00000, 0x0000000087d00000, 0x0000000087d00000|100%| E|CS|TAMS 0x0000000087c00000, 0x0000000087c00000| Complete 
| 125|0x0000000087d00000, 0x0000000087e00000, 0x0000000087e00000|100%| E|CS|TAMS 0x0000000087d00000, 0x0000000087d00000| Complete 

Card table byte_map: [0x0000010c7da90000,0x0000010c7de90000] _byte_map_base: 0x0000010c7d690000

Marking Bits (Prev, Next): (CMBitMap*) 0x0000010c7d2f9440, (CMBitMap*) 0x0000010c7d2f9480
 Prev Bits: [0x0000010c16a30000, 0x0000010c18a30000)
 Next Bits: [0x0000010c18a30000, 0x0000010c1aa30000)

Polling page: 0x0000010c7ca60000

Metaspace:

Usage:
  Non-class:     10.71 MB used.
      Class:      1.75 MB used.
       Both:     12.46 MB used.

Virtual space:
  Non-class space:       64.00 MB reserved,      10.88 MB ( 17%) committed,  1 nodes.
      Class space:      416.00 MB reserved,       1.88 MB ( <1%) committed,  1 nodes.
             Both:      480.00 MB reserved,      12.75 MB (  3%) committed. 

Chunk freelists:
   Non-Class:  4.27 MB
       Class:  14.09 MB
        Both:  18.36 MB

MaxMetaspaceSize: 512.00 MB
CompressedClassSpaceSize: 416.00 MB
Initial GC threshold: 21.00 MB
Current GC threshold: 21.00 MB
CDS: on
MetaspaceReclaimPolicy: balanced
 - commit_granule_bytes: 65536.
 - commit_granule_words: 8192.
 - virtual_space_node_default_size: 8388608.
 - enlarge_chunks_in_place: 1.
 - new_chunks_are_fully_committed: 0.
 - uncommit_free_chunks: 1.
 - use_allocation_guard: 0.
 - handle_deallocations: 1.


Internal statistics:

num_allocs_failed_limit: 0.
num_arena_births: 186.
num_arena_deaths: 0.
num_vsnodes_births: 2.
num_vsnodes_deaths: 0.
num_space_committed: 204.
num_space_uncommitted: 0.
num_chunks_returned_to_freelist: 0.
num_chunks_taken_from_freelist: 550.
num_chunk_merges: 0.
num_chunk_splits: 375.
num_chunks_enlarged: 290.
num_inconsistent_stats: 0.

CodeHeap 'non-profiled nmethods': size=120000Kb used=1054Kb max_used=1054Kb free=118945Kb
 bounds [0x0000010c0f500000, 0x0000010c0f770000, 0x0000010c16a30000]
CodeHeap 'profiled nmethods': size=120000Kb used=4313Kb max_used=4313Kb free=115686Kb
 bounds [0x0000010c07a30000, 0x0000010c07e70000, 0x0000010c0ef60000]
CodeHeap 'non-nmethods': size=5760Kb used=1215Kb max_used=1239Kb free=4544Kb
 bounds [0x0000010c0ef60000, 0x0000010c0f1d0000, 0x0000010c0f500000]
 total_blobs=2610 nmethods=2099 adapters=424
 compilation: enabled
              stopped_count=0, restarted_count=0
 full_count=0

Compilation events (20 events):
Event: 3.275 Thread 0x0000010c7ece7ec0 nmethod 2081 0x0000010c0f603410 code [0x0000010c0f6035a0, 0x0000010c0f603678]
Event: 3.280 Thread 0x0000010c7ece7ec0 2082   !   3       jdk.internal.reflect.ReflectionFactory::checkInitted (100 bytes)
Event: 3.281 Thread 0x0000010c7ece7ec0 nmethod 2082 0x0000010c07e59a10 code [0x0000010c07e59d20, 0x0000010c07e5ad68]
Event: 3.281 Thread 0x0000010c7ece7ec0 2084       3       java.lang.Class::privateGetDeclaredMethods (64 bytes)
Event: 3.282 Thread 0x0000010c7ece7ec0 nmethod 2084 0x0000010c07e5b210 code [0x0000010c07e5b440, 0x0000010c07e5bc38]
Event: 3.282 Thread 0x0000010c7ece7ec0 2083       3       java.lang.reflect.ReflectAccess::getRoot (5 bytes)
Event: 3.282 Thread 0x0000010c7ece7ec0 nmethod 2083 0x0000010c07e5be90 code [0x0000010c07e5c040, 0x0000010c07e5c208]
Event: 3.282 Thread 0x0000010c7ece7ec0 2085       1       org.gradle.internal.service.DefaultServiceRegistry::access$1700 (5 bytes)
Event: 3.282 Thread 0x0000010c7ece7ec0 nmethod 2085 0x0000010c0f603710 code [0x0000010c0f6038a0, 0x0000010c0f603958]
Event: 3.282 Thread 0x0000010c7ece7ec0 2086       3       org.gradle.internal.service.DefaultServiceRegistry$OwnServices::getProviders (26 bytes)
Event: 3.282 Thread 0x0000010c7ece7ec0 nmethod 2086 0x0000010c07e5c310 code [0x0000010c07e5c4c0, 0x0000010c07e5c848]
Event: 3.282 Thread 0x0000010c7ece7ec0 2088       3       java.lang.AbstractStringBuilder::<init> (63 bytes)
Event: 3.283 Thread 0x0000010c7ece7ec0 nmethod 2088 0x0000010c07e5c990 code [0x0000010c07e5cb80, 0x0000010c07e5d118]
Event: 3.283 Thread 0x0000010c7ece7ec0 2087       3       org.gradle.internal.service.DefaultServiceRegistry$OwnServices::getService (309 bytes)
Event: 3.285 Thread 0x0000010c7ece7ec0 nmethod 2087 0x0000010c07e5d310 code [0x0000010c07e5d840, 0x0000010c07e60708]
Event: 3.292 Thread 0x0000010c7ecd2900 nmethod 2075 0x0000010c0f603e10 code [0x0000010c0f604020, 0x0000010c0f605648]
Event: 3.292 Thread 0x0000010c7ecd2900 2078       4       java.lang.ref.Reference::refersToImpl (6 bytes)
Event: 3.293 Thread 0x0000010c7ecd2900 nmethod 2078 0x0000010c0f606310 code [0x0000010c0f606480, 0x0000010c0f606518]
Event: 3.293 Thread 0x0000010c7ece7ec0 2091       3       java.lang.invoke.InvokerBytecodeGenerator::emitStoreInsn (21 bytes)
Event: 3.294 Thread 0x0000010c7ece7ec0 nmethod 2091 0x0000010c07e61490 code [0x0000010c07e61640, 0x0000010c07e61898]

GC Heap History (4 events):
Event: 1.097 GC heap before
{Heap before GC invocations=0 (full 0):
 garbage-first heap   total 129024K, used 26624K [0x0000000080000000, 0x0000000100000000)
  region size 1024K, 23 young (23552K), 0 survivors (0K)
 Metaspace       used 3032K, committed 3200K, reserved 491520K
  class space    used 380K, committed 448K, reserved 425984K
}
Event: 1.104 GC heap after
{Heap after GC invocations=1 (full 0):
 garbage-first heap   total 129024K, used 10347K [0x0000000080000000, 0x0000000100000000)
  region size 1024K, 3 young (3072K), 3 survivors (3072K)
 Metaspace       used 3032K, committed 3200K, reserved 491520K
  class space    used 380K, committed 448K, reserved 425984K
}
Event: 1.712 GC heap before
{Heap before GC invocations=1 (full 0):
 garbage-first heap   total 129024K, used 40043K [0x0000000080000000, 0x0000000100000000)
  region size 1024K, 31 young (31744K), 3 survivors (3072K)
 Metaspace       used 3965K, committed 4160K, reserved 491520K
  class space    used 476K, committed 576K, reserved 425984K
}
Event: 1.719 GC heap after
{Heap after GC invocations=2 (full 0):
 garbage-first heap   total 129024K, used 12816K [0x0000000080000000, 0x0000000100000000)
  region size 1024K, 3 young (3072K), 3 survivors (3072K)
 Metaspace       used 3965K, committed 4160K, reserved 491520K
  class space    used 476K, committed 576K, reserved 425984K
}

Dll operation events (12 events):
Event: 0.013 Loaded shared library C:\Users\Kriti Sharma\AppData\Local\Programs\Eclipse Adoptium\jdk-17.0.8.7-hotspot\bin\java.dll
Event: 0.056 Loaded shared library C:\Users\Kriti Sharma\AppData\Local\Programs\Eclipse Adoptium\jdk-17.0.8.7-hotspot\bin\jsvml.dll
Event: 0.131 Loaded shared library C:\Users\Kriti Sharma\AppData\Local\Programs\Eclipse Adoptium\jdk-17.0.8.7-hotspot\bin\net.dll
Event: 0.135 Loaded shared library C:\Users\Kriti Sharma\AppData\Local\Programs\Eclipse Adoptium\jdk-17.0.8.7-hotspot\bin\nio.dll
Event: 0.142 Loaded shared library C:\Users\Kriti Sharma\AppData\Local\Programs\Eclipse Adoptium\jdk-17.0.8.7-hotspot\bin\zip.dll
Event: 0.445 Loaded shared library C:\Users\Kriti Sharma\AppData\Local\Programs\Eclipse Adoptium\jdk-17.0.8.7-hotspot\bin\jimage.dll
Event: 0.555 Loaded shared library C:\Users\Kriti Sharma\AppData\Local\Programs\Eclipse Adoptium\jdk-17.0.8.7-hotspot\bin\verify.dll
Event: 0.874 Loaded shared library C:\Users\Kriti Sharma\.gradle\native\68d5fa5c4cc2d200863cafc0d521ce42e7d3e7ee720ec0a83991735586a16f82\windows-amd64\native-platform.dll
Event: 0.890 Loaded shared library C:\Users\Kriti Sharma\.gradle\native\e376f236ea51e6404a007f0833ffe2c6e607c4080706a723a18a27aeea778392\windows-amd64\native-platform-file-events.dll
Event: 2.042 Loaded shared library C:\Users\Kriti Sharma\AppData\Local\Programs\Eclipse Adoptium\jdk-17.0.8.7-hotspot\bin\management.dll
Event: 2.045 Loaded shared library C:\Users\Kriti Sharma\AppData\Local\Programs\Eclipse Adoptium\jdk-17.0.8.7-hotspot\bin\management_ext.dll
Event: 2.700 Loaded shared library C:\Users\Kriti Sharma\AppData\Local\Programs\Eclipse Adoptium\jdk-17.0.8.7-hotspot\bin\sunmscapi.dll

Deoptimization events (20 events):
Event: 2.732 Thread 0x0000010c3e1ec4e0 Uncommon trap: trap_request=0xffffffc6 fr.pc=0x0000010c0f57eca8 relative=0x0000000000000088
Event: 2.732 Thread 0x0000010c3e1ec4e0 Uncommon trap: reason=bimorphic_or_optimized_type_check action=maybe_recompile pc=0x0000010c0f57eca8 method=java.util.AbstractList$Itr.hasNext()Z @ 8 c2
Event: 2.732 Thread 0x0000010c3e1ec4e0 DEOPT PACKING pc=0x0000010c0f57eca8 sp=0x00000009359fdfa0
Event: 2.732 Thread 0x0000010c3e1ec4e0 DEOPT UNPACKING pc=0x0000010c0efba1a3 sp=0x00000009359fdf38 mode 2
Event: 2.732 Thread 0x0000010c3e1ec4e0 Uncommon trap: trap_request=0xffffffc6 fr.pc=0x0000010c0f57f3d8 relative=0x0000000000000138
Event: 2.732 Thread 0x0000010c3e1ec4e0 Uncommon trap: reason=bimorphic_or_optimized_type_check action=maybe_recompile pc=0x0000010c0f57f3d8 method=java.util.AbstractList$Itr.next()Ljava/lang/Object; @ 14 c2
Event: 2.732 Thread 0x0000010c3e1ec4e0 DEOPT PACKING pc=0x0000010c0f57f3d8 sp=0x00000009359fdf90
Event: 2.732 Thread 0x0000010c3e1ec4e0 DEOPT UNPACKING pc=0x0000010c0efba1a3 sp=0x00000009359fdf28 mode 2
Event: 3.036 Thread 0x0000010c3d54a570 Uncommon trap: trap_request=0xffffff45 fr.pc=0x0000010c0f53cd0c relative=0x000000000000024c
Event: 3.036 Thread 0x0000010c3d54a570 Uncommon trap: reason=unstable_if action=reinterpret pc=0x0000010c0f53cd0c method=java.util.HashMap.getNode(Ljava/lang/Object;)Ljava/util/HashMap$Node; @ 66 c2
Event: 3.036 Thread 0x0000010c3d54a570 DEOPT PACKING pc=0x0000010c0f53cd0c sp=0x0000000935efbed0
Event: 3.036 Thread 0x0000010c3d54a570 DEOPT UNPACKING pc=0x0000010c0efba1a3 sp=0x0000000935efbe50 mode 2
Event: 3.056 Thread 0x0000010c3d54a570 Uncommon trap: trap_request=0xffffff45 fr.pc=0x0000010c0f5b3298 relative=0x0000000000000278
Event: 3.056 Thread 0x0000010c3d54a570 Uncommon trap: reason=unstable_if action=reinterpret pc=0x0000010c0f5b3298 method=java.util.concurrent.ConcurrentHashMap.get(Ljava/lang/Object;)Ljava/lang/Object; @ 152 c2
Event: 3.056 Thread 0x0000010c3d54a570 DEOPT PACKING pc=0x0000010c0f5b3298 sp=0x0000000935efb390
Event: 3.056 Thread 0x0000010c3d54a570 DEOPT UNPACKING pc=0x0000010c0efba1a3 sp=0x0000000935efb2f8 mode 2
Event: 3.283 Thread 0x0000010c3d54a570 Uncommon trap: trap_request=0xffffffde fr.pc=0x0000010c0f517064 relative=0x0000000000000384
Event: 3.283 Thread 0x0000010c3d54a570 Uncommon trap: reason=class_check action=maybe_recompile pc=0x0000010c0f517064 method=java.util.regex.Matcher.match(II)Z @ 121 c2
Event: 3.283 Thread 0x0000010c3d54a570 DEOPT PACKING pc=0x0000010c0f517064 sp=0x0000000935efbf00
Event: 3.283 Thread 0x0000010c3d54a570 DEOPT UNPACKING pc=0x0000010c0efba1a3 sp=0x0000000935efbec0 mode 2

Classes unloaded (0 events):
No events

Classes redefined (0 events):
No events

Internal exceptions (20 events):
Event: 0.835 Thread 0x0000010c7d29cd70 Exception <a 'java/lang/NoSuchMethodError'{0x0000000086cf1d78}: 'java.lang.Object java.lang.invoke.Invokers$Holder.invokeExact_MT(java.lang.Object, java.lang.Object, java.lang.Object, java.lang.Object)'> (0x0000000086cf1d78) 
thrown [s\src\hotspot\share\interpreter\linkResolver.cpp, line 759]
Event: 1.301 Thread 0x0000010c7d29cd70 Exception <a 'java/lang/NoSuchMethodError'{0x0000000087a990f8}: 'void java.lang.invoke.DirectMethodHandle$Holder.invokeInterface(java.lang.Object, java.lang.Object, java.lang.Object)'> (0x0000000087a990f8) 
thrown [s\src\hotspot\share\interpreter\linkResolver.cpp, line 759]
Event: 2.039 Thread 0x0000010c7d29cd70 Exception <a 'java/lang/NoSuchMethodError'{0x0000000086f33df0}: 'java.lang.Object java.lang.invoke.DirectMethodHandle$Holder.invokeStaticInit(java.lang.Object)'> (0x0000000086f33df0) 
thrown [s\src\hotspot\share\interpreter\linkResolver.cpp, line 759]
Event: 2.084 Thread 0x0000010c7d29cd70 Exception <a 'java/lang/NoSuchMethodError'{0x0000000086f90718}: 'java.lang.Object java.lang.invoke.DirectMethodHandle$Holder.invokeInterface(java.lang.Object, java.lang.Object)'> (0x0000000086f90718) 
thrown [s\src\hotspot\share\interpreter\linkResolver.cpp, line 759]
Event: 2.291 Thread 0x0000010c7d29cd70 Exception <a 'java/lang/NoSuchMethodError'{0x0000000086a96210}: 'java.lang.Object java.lang.invoke.DirectMethodHandle$Holder.invokeStaticInit(java.lang.Object, int, int, int, int)'> (0x0000000086a96210) 
thrown [s\src\hotspot\share\interpreter\linkResolver.cpp, line 759]
Event: 2.361 Thread 0x0000010c7d29cd70 Exception <a 'java/lang/NoSuchMethodError'{0x0000000086ade760}: 'java.lang.Object java.lang.invoke.DirectMethodHandle$Holder.invokeStaticInit(java.lang.Object, java.lang.Object, int, int, int, int)'> (0x0000000086ade760) 
thrown [s\src\hotspot\share\interpreter\linkResolver.cpp, line 759]
Event: 2.578 Thread 0x0000010c7d29cd70 Exception <a 'java/lang/NoSuchMethodError'{0x00000000868bfe60}: 'void java.lang.invoke.DirectMethodHandle$Holder.invokeStatic(java.lang.Object, java.lang.Object, java.lang.Object)'> (0x00000000868bfe60) 
thrown [s\src\hotspot\share\interpreter\linkResolver.cpp, line 759]
Event: 2.639 Thread 0x0000010c7d29cd70 Exception <a 'java/io/IOException'{0x0000000086765a30}> (0x0000000086765a30) 
thrown [s\src\hotspot\share\prims\jni.cpp, line 516]
Event: 2.927 Thread 0x0000010c3d54a570 Exception <a 'java/lang/NoSuchMethodError'{0x00000000861c84f8}: 'long java.lang.invoke.DirectMethodHandle$Holder.invokeInterface(java.lang.Object, java.lang.Object)'> (0x00000000861c84f8) 
thrown [s\src\hotspot\share\interpreter\linkResolver.cpp, line 759]
Event: 2.936 Thread 0x0000010c3d54a570 Exception <a 'java/lang/NoSuchMethodError'{0x00000000861fe810}: 'java.lang.Object java.lang.invoke.DirectMethodHandle$Holder.invokeVirtual(java.lang.Object, java.lang.Object, java.lang.Object)'> (0x00000000861fe810) 
thrown [s\src\hotspot\share\interpreter\linkResolver.cpp, line 759]
Event: 3.046 Thread 0x0000010c3d54a570 Exception <a 'java/lang/NoSuchMethodError'{0x00000000859ab6d0}: 'java.lang.Object java.lang.invoke.DirectMethodHandle$Holder.newInvokeSpecial(java.lang.Object, java.lang.Object, java.lang.Object, java.lang.Object, java.lang.Object)'> (0x00000000859ab6d0) 
thrown [s\src\hotspot\share\interpreter\linkResolver.cpp, line 759]
Event: 3.091 Thread 0x0000010c3d54a570 Exception <a 'java/lang/NoSuchMethodError'{0x0000000085751f28}: 'void java.lang.invoke.DirectMethodHandle$Holder.invokeSpecial(java.lang.Object, java.lang.Object, java.lang.Object)'> (0x0000000085751f28) 
thrown [s\src\hotspot\share\interpreter\linkResolver.cpp, line 759]
Event: 3.110 Thread 0x0000010c3d54a570 Exception <a 'java/lang/NoSuchMethodError'{0x00000000857d3258}: 'java.lang.Object java.lang.invoke.DirectMethodHandle$Holder.newInvokeSpecial(java.lang.Object, java.lang.Object, java.lang.Object, java.lang.Object, java.lang.Object, java.lang.Object)'> (0x00000000857d3258) 
thrown [s\src\hotspot\share\interpreter\linkResolver.cpp, line 759]
Event: 3.111 Thread 0x0000010c3d54a570 Exception <a 'java/lang/NoSuchMethodError'{0x00000000857e02b8}: 'void java.lang.invoke.DirectMethodHandle$Holder.invokeSpecial(java.lang.Object, java.lang.Object, java.lang.Object, java.lang.Object, java.lang.Object)'> (0x00000000857e02b8) 
thrown [s\src\hotspot\share\interpreter\linkResolver.cpp, line 759]
Event: 3.179 Thread 0x0000010c3d54a570 Exception <a 'java/lang/NoSuchMethodError'{0x000000008546e3f8}: 'void java.lang.invoke.DelegatingMethodHandle$Holder.reinvoke_L(java.lang.Object, java.lang.Object, java.lang.Object, java.lang.Object, java.lang.Object, java.lang.Object, java.lang.Object, java.lang.Object, java.lang.Object, java.lang.Object, java.lang.Object)'> (0x000000008546e3f8) 
thrown [s\src\hotspot\share\interpreter\linkResolver.cpp, line 759]
Event: 3.181 Thread 0x0000010c3d54a570 Exception <a 'java/lang/NoSuchMethodError'{0x0000000085476ef8}: 'java.lang.Object java.lang.invoke.DirectMethodHandle$Holder.invokeSpecial(java.lang.Object, java.lang.Object, java.lang.Object, java.lang.Object, java.lang.Object, java.lang.Object, java.lang.Object, java.lang.Object, java.lang.Object, java.lang.Object, java.lang.Object)'> (0x0000000085476ef8) 
thrown [s\src\hotspot\share\interpreter\linkResolver.cpp, line 759]
Event: 3.182 Thread 0x0000010c3d54a570 Exception <a 'java/lang/NoSuchMethodError'{0x000000008547b9c0}: 'java.lang.Object java.lang.invoke.Invokers$Holder.invoker(java.lang.Object, java.lang.Object, java.lang.Object, java.lang.Object, java.lang.Object, java.lang.Object, java.lang.Object, java.lang.Object, java.lang.Object, java.lang.Object, java.lang.Object)'> (0x000000008547b9c0) 
thrown [s\src\hotspot\share\interpreter\linkResolver.cpp, line 759]
Event: 3.182 Thread 0x0000010c3d54a570 Exception <a 'java/lang/NoSuchMethodError'{0x0000000085481c50}: 'java.lang.Object java.lang.invoke.DirectMethodHandle$Holder.invokeSpecial(java.lang.Object, java.lang.Object, java.lang.Object, java.lang.Object, java.lang.Object, java.lang.Object, java.lang.Object, java.lang.Object, java.lang.Object, java.lang.Object, java.lang.Object, java.lang.Object)'> (0x0000000085481c50) 
thrown [s\src\hotspot\share\interpreter\linkResolver.cpp, line 759]
Event: 3.209 Thread 0x0000010c3d54a570 Exception <a 'java/lang/NoSuchMethodError'{0x00000000853907c8}: 'java.lang.Object java.lang.invoke.DirectMethodHandle$Holder.invokeSpecial(java.lang.Object, java.lang.Object, java.lang.Object, java.lang.Object, java.lang.Object, java.lang.Object, java.lang.Object, java.lang.Object, java.lang.Object)'> (0x00000000853907c8) 
thrown [s\src\hotspot\share\interpreter\linkResolver.cpp, line 759]
Event: 3.293 Thread 0x0000010c3d54a570 Exception <a 'java/lang/NoSuchMethodError'{0x00000000850c22c0}: 'void java.lang.invoke.DirectMethodHandle$Holder.invokeStaticInit(java.lang.Object)'> (0x00000000850c22c0) 
thrown [s\src\hotspot\share\interpreter\linkResolver.cpp, line 759]

VM Operations (20 events):
Event: 1.712 Executing VM operation: G1CollectForAllocation
Event: 1.719 Executing VM operation: G1CollectForAllocation done
Event: 1.958 Executing VM operation: HandshakeAllThreads
Event: 1.958 Executing VM operation: HandshakeAllThreads done
Event: 2.023 Executing VM operation: HandshakeAllThreads
Event: 2.023 Executing VM operation: HandshakeAllThreads done
Event: 2.079 Executing VM operation: HandshakeAllThreads
Event: 2.079 Executing VM operation: HandshakeAllThreads done
Event: 2.160 Executing VM operation: HandshakeAllThreads
Event: 2.160 Executing VM operation: HandshakeAllThreads done
Event: 2.268 Executing VM operation: HandshakeAllThreads
Event: 2.268 Executing VM operation: HandshakeAllThreads done
Event: 2.357 Executing VM operation: HandshakeAllThreads
Event: 2.357 Executing VM operation: HandshakeAllThreads done
Event: 2.576 Executing VM operation: HandshakeAllThreads
Event: 2.576 Executing VM operation: HandshakeAllThreads done
Event: 2.710 Executing VM operation: HandshakeAllThreads
Event: 2.711 Executing VM operation: HandshakeAllThreads done
Event: 3.293 Executing VM operation: ICBufferFull
Event: 3.293 Executing VM operation: ICBufferFull done

Events (20 events):
Event: 3.059 loading class java/util/stream/MatchOps$BooleanTerminalSink
Event: 3.059 loading class java/util/stream/MatchOps$BooleanTerminalSink done
Event: 3.060 loading class java/util/stream/MatchOps$1MatchSink
Event: 3.060 loading class java/util/stream/MatchOps$1MatchSink done
Event: 3.100 loading class java/lang/management/MemoryType
Event: 3.100 loading class java/lang/management/MemoryType done
Event: 3.101 loading class java/lang/management/MemoryUsage
Event: 3.101 loading class java/lang/management/MemoryUsage done
Event: 3.101 loading class java/util/concurrent/LinkedBlockingDeque$Node
Event: 3.101 loading class java/util/concurrent/LinkedBlockingDeque$Node done
Event: 3.126 loading class java/lang/invoke/MethodHandle$1
Event: 3.126 loading class java/lang/invoke/MethodHandle$1 done
Event: 3.130 loading class java/util/ConcurrentModificationException
Event: 3.130 loading class java/util/ConcurrentModificationException done
Event: 3.154 loading class sun/reflect/generics/scope/ConstructorScope
Event: 3.154 loading class sun/reflect/generics/scope/ConstructorScope done
Event: 3.154 loading class sun/reflect/generics/tree/VoidDescriptor
Event: 3.154 loading class sun/reflect/generics/tree/VoidDescriptor done
Event: 3.281 loading class sun/invoke/util/VerifyAccess$1
Event: 3.281 loading class sun/invoke/util/VerifyAccess$1 done


Dynamic libraries:
0x00007ff696cb0000 - 0x00007ff696cbe000 	C:\Users\Kriti Sharma\AppData\Local\Programs\Eclipse Adoptium\jdk-17.0.8.7-hotspot\bin\java.exe
0x00007ffb493f0000 - 0x00007ffb495e8000 	C:\Windows\SYSTEM32\ntdll.dll
0x00007ffb481a0000 - 0x00007ffb4825f000 	C:\Windows\System32\KERNEL32.DLL
0x00007ffb47150000 - 0x00007ffb47446000 	C:\Windows\System32\KERNELBASE.dll
0x00007ffb46dd0000 - 0x00007ffb46ed0000 	C:\Windows\System32\ucrtbase.dll
0x00007ffb3edb0000 - 0x00007ffb3edc7000 	C:\Users\Kriti Sharma\AppData\Local\Programs\Eclipse Adoptium\jdk-17.0.8.7-hotspot\bin\jli.dll
0x00007ffb357e0000 - 0x00007ffb357f9000 	C:\Users\Kriti Sharma\AppData\Local\Programs\Eclipse Adoptium\jdk-17.0.8.7-hotspot\bin\VCRUNTIME140.dll
0x00007ffb48260000 - 0x00007ffb483fd000 	C:\Windows\System32\USER32.dll
0x00007ffb46ad0000 - 0x00007ffb46af2000 	C:\Windows\System32\win32u.dll
0x00007ffb489b0000 - 0x00007ffb489dc000 	C:\Windows\System32\GDI32.dll
0x00007ffb46ed0000 - 0x00007ffb46fe5000 	C:\Windows\System32\gdi32full.dll
0x00007ffb33550000 - 0x00007ffb337ea000 	C:\Windows\WinSxS\amd64_microsoft.windows.common-controls_6595b64144ccf1df_6.0.19041.1110_none_60b5254171f9507e\COMCTL32.dll
0x00007ffb46d00000 - 0x00007ffb46d9d000 	C:\Windows\System32\msvcp_win.dll
0x00007ffb486c0000 - 0x00007ffb4875e000 	C:\Windows\System32\msvcrt.dll
0x00007ffb48900000 - 0x00007ffb48930000 	C:\Windows\System32\IMM32.DLL
0x00007ffb3ec90000 - 0x00007ffb3ec9c000 	C:\Users\Kriti Sharma\AppData\Local\Programs\Eclipse Adoptium\jdk-17.0.8.7-hotspot\bin\vcruntime140_1.dll
0x00007ffb2c720000 - 0x00007ffb2c7b1000 	C:\Users\Kriti Sharma\AppData\Local\Programs\Eclipse Adoptium\jdk-17.0.8.7-hotspot\bin\msvcp140.dll
0x00007ffb0aa20000 - 0x00007ffb0b66c000 	C:\Users\Kriti Sharma\AppData\Local\Programs\Eclipse Adoptium\jdk-17.0.8.7-hotspot\bin\server\jvm.dll
0x00007ffb48850000 - 0x00007ffb488ff000 	C:\Windows\System32\ADVAPI32.dll
0x00007ffb49070000 - 0x00007ffb4910c000 	C:\Windows\System32\sechost.dll
0x00007ffb48590000 - 0x00007ffb486b6000 	C:\Windows\System32\RPCRT4.dll
0x00007ffb46030000 - 0x00007ffb4607b000 	C:\Windows\SYSTEM32\POWRPROF.dll
0x00007ffb41510000 - 0x00007ffb41519000 	C:\Windows\SYSTEM32\WSOCK32.dll
0x00007ffb489e0000 - 0x00007ffb48a4b000 	C:\Windows\System32\WS2_32.dll
0x00007ffb34880000 - 0x00007ffb348a7000 	C:\Windows\SYSTEM32\WINMM.dll
0x00007ffb44130000 - 0x00007ffb4413a000 	C:\Windows\SYSTEM32\VERSION.dll
0x00007ffb45ef0000 - 0x00007ffb45f02000 	C:\Windows\SYSTEM32\UMPDC.dll
0x00007ffb45300000 - 0x00007ffb45312000 	C:\Windows\SYSTEM32\kernel.appcore.dll
0x00007ffb36140000 - 0x00007ffb3614a000 	C:\Users\Kriti Sharma\AppData\Local\Programs\Eclipse Adoptium\jdk-17.0.8.7-hotspot\bin\jimage.dll
0x00007ffb44850000 - 0x00007ffb44a34000 	C:\Windows\SYSTEM32\DBGHELP.DLL
0x00007ffb31ab0000 - 0x00007ffb31ae4000 	C:\Windows\SYSTEM32\dbgcore.DLL
0x00007ffb46b00000 - 0x00007ffb46b82000 	C:\Windows\System32\bcryptPrimitives.dll
0x00007ffb357b0000 - 0x00007ffb357d5000 	C:\Users\Kriti Sharma\AppData\Local\Programs\Eclipse Adoptium\jdk-17.0.8.7-hotspot\bin\java.dll
0x00007ffb25210000 - 0x00007ffb252e6000 	C:\Users\Kriti Sharma\AppData\Local\Programs\Eclipse Adoptium\jdk-17.0.8.7-hotspot\bin\jsvml.dll
0x00007ffb47530000 - 0x00007ffb47c74000 	C:\Windows\System32\SHELL32.dll
0x00007ffb44a40000 - 0x00007ffb451d3000 	C:\Windows\SYSTEM32\windows.storage.dll
0x00007ffb48d10000 - 0x00007ffb49064000 	C:\Windows\System32\combase.dll
0x00007ffb46510000 - 0x00007ffb4653e000 	C:\Windows\SYSTEM32\Wldp.dll
0x00007ffb49230000 - 0x00007ffb492dd000 	C:\Windows\System32\SHCORE.dll
0x00007ffb48a50000 - 0x00007ffb48aa5000 	C:\Windows\System32\shlwapi.dll
0x00007ffb46a00000 - 0x00007ffb46a25000 	C:\Windows\SYSTEM32\profapi.dll
0x00007ffb34de0000 - 0x00007ffb34df9000 	C:\Users\Kriti Sharma\AppData\Local\Programs\Eclipse Adoptium\jdk-17.0.8.7-hotspot\bin\net.dll
0x00007ffb3b220000 - 0x00007ffb3b32a000 	C:\Windows\SYSTEM32\WINHTTP.dll
0x00007ffb46270000 - 0x00007ffb462da000 	C:\Windows\system32\mswsock.dll
0x00007ffb2d130000 - 0x00007ffb2d145000 	C:\Users\Kriti Sharma\AppData\Local\Programs\Eclipse Adoptium\jdk-17.0.8.7-hotspot\bin\nio.dll
0x00007ffb2ce90000 - 0x00007ffb2cea8000 	C:\Users\Kriti Sharma\AppData\Local\Programs\Eclipse Adoptium\jdk-17.0.8.7-hotspot\bin\zip.dll
0x00007ffb35730000 - 0x00007ffb35740000 	C:\Users\Kriti Sharma\AppData\Local\Programs\Eclipse Adoptium\jdk-17.0.8.7-hotspot\bin\verify.dll
0x00007ffb15610000 - 0x00007ffb15637000 	C:\Users\Kriti Sharma\.gradle\native\68d5fa5c4cc2d200863cafc0d521ce42e7d3e7ee720ec0a83991735586a16f82\windows-amd64\native-platform.dll
0x00007ffb116e0000 - 0x00007ffb11824000 	C:\Users\Kriti Sharma\.gradle\native\e376f236ea51e6404a007f0833ffe2c6e607c4080706a723a18a27aeea778392\windows-amd64\native-platform-file-events.dll
0x00007ffb34d00000 - 0x00007ffb34d09000 	C:\Users\Kriti Sharma\AppData\Local\Programs\Eclipse Adoptium\jdk-17.0.8.7-hotspot\bin\management.dll
0x00007ffb34030000 - 0x00007ffb3403b000 	C:\Users\Kriti Sharma\AppData\Local\Programs\Eclipse Adoptium\jdk-17.0.8.7-hotspot\bin\management_ext.dll
0x00007ffb48d00000 - 0x00007ffb48d08000 	C:\Windows\System32\PSAPI.DLL
0x00007ffb46460000 - 0x00007ffb46478000 	C:\Windows\SYSTEM32\CRYPTSP.dll
0x00007ffb45b10000 - 0x00007ffb45b44000 	C:\Windows\system32\rsaenh.dll
0x00007ffb46da0000 - 0x00007ffb46dc7000 	C:\Windows\System32\bcrypt.dll
0x00007ffb469c0000 - 0x00007ffb469ee000 	C:\Windows\SYSTEM32\USERENV.dll
0x00007ffb46480000 - 0x00007ffb4648c000 	C:\Windows\SYSTEM32\CRYPTBASE.dll
0x00007ffb45f10000 - 0x00007ffb45f4b000 	C:\Windows\SYSTEM32\IPHLPAPI.DLL
0x00007ffb48ac0000 - 0x00007ffb48ac8000 	C:\Windows\System32\NSI.dll
0x00007ffb3d240000 - 0x00007ffb3d257000 	C:\Windows\SYSTEM32\dhcpcsvc6.DLL
0x00007ffb3e6e0000 - 0x00007ffb3e6fd000 	C:\Windows\SYSTEM32\dhcpcsvc.DLL
0x00007ffb45f60000 - 0x00007ffb4602a000 	C:\Windows\SYSTEM32\DNSAPI.dll
0x00007ffb2c710000 - 0x00007ffb2c71e000 	C:\Users\Kriti Sharma\AppData\Local\Programs\Eclipse Adoptium\jdk-17.0.8.7-hotspot\bin\sunmscapi.dll
0x00007ffb46ff0000 - 0x00007ffb4714e000 	C:\Windows\System32\CRYPT32.dll
0x00007ffb46580000 - 0x00007ffb465a8000 	C:\Windows\SYSTEM32\ncrypt.dll
0x00007ffb46540000 - 0x00007ffb4657b000 	C:\Windows\SYSTEM32\NTASN1.dll
0x00007ffb3ee10000 - 0x00007ffb3ee17000 	C:\Windows\system32\wshunix.dll

dbghelp: loaded successfully - version: 4.0.5 - missing functions: none
symbol engine: initialized successfully - sym options: 0x614 - pdb path: .;C:\Users\Kriti Sharma\AppData\Local\Programs\Eclipse Adoptium\jdk-17.0.8.7-hotspot\bin;C:\Windows\SYSTEM32;C:\Windows\WinSxS\amd64_microsoft.windows.common-controls_6595b64144ccf1df_6.0.19041.1110_none_60b5254171f9507e;C:\Users\Kriti Sharma\AppData\Local\Programs\Eclipse Adoptium\jdk-17.0.8.7-hotspot\bin\server;C:\Users\Kriti Sharma\.gradle\native\68d5fa5c4cc2d200863cafc0d521ce42e7d3e7ee720ec0a83991735586a16f82\windows-amd64;C:\Users\Kriti Sharma\.gradle\native\e376f236ea51e6404a007f0833ffe2c6e607c4080706a723a18a27aeea778392\windows-amd64

VM Arguments:
jvm_args: -XX:MaxMetaspaceSize=512m --add-opens=java.base/java.util=ALL-UNNAMED --add-opens=java.base/java.lang=ALL-UNNAMED --add-opens=java.base/java.lang.invoke=ALL-UNNAMED --add-opens=java.prefs/java.util.prefs=ALL-UNNAMED --add-opens=java.base/java.nio.charset=ALL-UNNAMED --add-opens=java.base/java.net=ALL-UNNAMED --add-opens=java.base/java.util.concurrent.atomic=ALL-UNNAMED -Xmx2048m -Dfile.encoding=windows-1252 -Duser.country=IN -Duser.language=en -Duser.variant 
java_command: org.gradle.launcher.daemon.bootstrap.GradleDaemon 8.0.1
java_class_path (initial): C:\Users\Kriti Sharma\.gradle\wrapper\dists\gradle-8.0.1-all\aro4hu1c3oeioove7l0i4i14o\gradle-8.0.1\lib\gradle-launcher-8.0.1.jar
Launcher Type: SUN_STANDARD

[Global flags]
     intx CICompilerCount                          = 4                                         {product} {ergonomic}
   size_t CompressedClassSpaceSize                 = 436207616                                 {product} {ergonomic}
     uint ConcGCThreads                            = 2                                         {product} {ergonomic}
     uint G1ConcRefinementThreads                  = 8                                         {product} {ergonomic}
   size_t G1HeapRegionSize                         = 1048576                                   {product} {ergonomic}
    uintx GCDrainStackTargetSize                   = 64                                        {product} {ergonomic}
   size_t InitialHeapSize                          = 132120576                                 {product} {ergonomic}
   size_t MarkStackSize                            = 4194304                                   {product} {ergonomic}
   size_t MaxHeapSize                              = 2147483648                                {product} {command line}
   size_t MaxMetaspaceSize                         = 536870912                                 {product} {command line}
   size_t MaxNewSize                               = 1287651328                                {product} {ergonomic}
   size_t MinHeapDeltaBytes                        = 1048576                                   {product} {ergonomic}
   size_t MinHeapSize                              = 8388608                                   {product} {ergonomic}
    uintx NonNMethodCodeHeapSize                   = 5839372                                {pd product} {ergonomic}
    uintx NonProfiledCodeHeapSize                  = 122909434                              {pd product} {ergonomic}
    uintx ProfiledCodeHeapSize                     = 122909434                              {pd product} {ergonomic}
    uintx ReservedCodeCacheSize                    = 251658240                              {pd product} {ergonomic}
     bool SegmentedCodeCache                       = true                                      {product} {ergonomic}
   size_t SoftMaxHeapSize                          = 2147483648                             {manageable} {ergonomic}
     bool UseCompressedClassPointers               = true                           {product lp64_product} {ergonomic}
     bool UseCompressedOops                        = true                           {product lp64_product} {ergonomic}
     bool UseG1GC                                  = true                                      {product} {ergonomic}
     bool UseLargePagesIndividualAllocation        = false                                  {pd product} {ergonomic}

Logging:
Log output configuration:
 #0: stdout all=warning uptime,level,tags
 #1: stderr all=off uptime,level,tags

Environment Variables:
JAVA_HOME=C:\Users\Kriti Sharma\AppData\Local\Programs\Eclipse Adoptium\jdk-17.0.8.7-hotspot\
CLASSPATH=D:\Internship\react project\SpotifyLikeProject\android\\gradle\wrapper\gradle-wrapper.jar
PATH=D:\Internship\react project\SpotifyLikeProject\node_modules\.bin;D:\Internship\react project\SpotifyLikeProject\node_modules\.bin;D:\Internship\react project\node_modules\.bin;D:\Internship\node_modules\.bin;D:\node_modules\.bin;C:\Program Files\nodejs\node_modules\npm\node_modules\@npmcli\run-script\lib\node-gyp-bin;D:\Internship\react project\SpotifyLikeProject\node_modules\.bin;D:\Internship\react project\SpotifyLikeProject\node_modules\.bin;D:\Internship\react project\node_modules\.bin;D:\Internship\node_modules\.bin;D:\node_modules\.bin;C:\Program Files\nodejs\node_modules\npm\node_modules\@npmcli\run-script\lib\node-gyp-bin;C:\Python311\Scripts\;C:\Python311\;C:\Windows\system32;C:\Windows;C:\Windows\System32\Wbem;C:\Windows\System32\WindowsPowerShell\v1.0\;C:\Windows\System32\OpenSSH\;C:\Program Files\Git\cmd;C:\ProgramData\chocolatey\bin;C:\Program Files\nodejs\;C:\Program Files\MySQL\MySQL Shell 8.0\bin\;C:\Users\Kriti Sharma\AppData\Local\Programs\Eclipse Adoptium\jdk-17.0.8.7-hotspot\bin;C:\Users\Kriti Sharma\AppData\Local\Microsoft\WindowsApps;C:\Users\Kriti Sharma\AppData\Local\Programs\Microsoft VS Code\bin;C:\Users\Kriti Sharma\AppData\Roaming\npm;C:\Users\Kriti Sharma\AppData\Local\Android\Sdk\platform-tools;C:\Users\Kriti Sharma\AppData\Local\Android\Sdk\emulator;C:\Users\Kriti Sharma\AppData\Local\Android\Sdk\tools;C:\Users\Kriti Sharma\AppData\Local\Android\Sdk\tools\bin;
USERNAME=Kriti Sharma
LANG=en_US.UTF-8
OS=Windows_NT
PROCESSOR_IDENTIFIER=Intel64 Family 6 Model 126 Stepping 5, GenuineIntel
TMP=C:\Users\KRITIS~1\AppData\Local\Temp
TEMP=C:\Users\KRITIS~1\AppData\Local\Temp



---------------  S Y S T E M  ---------------

OS:
 Windows 10 , 64 bit Build 19041 (10.0.19041.3155)
OS uptime: 1 days 19:54 hours

CPU: total 8 (initial active 8) (4 cores per cpu, 2 threads per core) family 6 model 126 stepping 5 microcode 0xbc, cx8, cmov, fxsr, ht, mmx, 3dnowpref, sse, sse2, sse3, ssse3, sse4.1, sse4.2, popcnt, lzcnt, tsc, tscinvbit, avx, avx2, aes, erms, clmul, bmi1, bmi2, adx, avx512f, avx512dq, avx512cd, avx512bw, avx512vl, sha, fma, vzeroupper, avx512_vpopcntdq, avx512_vpclmulqdq, avx512_vaes, avx512_vnni, clflush, clflushopt, avx512_vbmi2, avx512_vbmi
Processor Information for all 8 processors :
  Max Mhz: 1190, Current Mhz: 991, Mhz Limit: 987

Memory: 4k page, system-wide physical 7959M (319M free)
TotalPageFile size 13959M (AvailPageFile size 4M)
current process WorkingSet (physical memory assigned to process): 152M, peak: 152M
current process commit charge ("private bytes"): 266M, peak: 266M

vm_info: OpenJDK 64-Bit Server VM (17.0.8+7) for windows-amd64 JRE (17.0.8+7), built on Jul 18 2023 21:02:32 by "admin" with MS VC++ 16.7 (VS2019)

END.
