#
# There is insufficient memory for the Java Runtime Environment to continue.
# Native memory allocation (mmap) failed to map 65536 bytes for Failed to commit metaspace.
# Possible reasons:
#   The system is out of physical RAM or swap space
#   The process is running with CompressedOops enabled, and the Java Heap may be blocking the growth of the native heap
# Possible solutions:
#   Reduce memory load on the system
#   Increase physical memory or swap space
#   Check if swap backing store is full
#   Decrease Java heap size (-Xmx/-Xms)
#   Decrease number of Java threads
#   Decrease Java thread stack sizes (-Xss)
#   Set larger code cache with -XX:ReservedCodeCacheSize=
#   JVM is running with Unscaled Compressed Oops mode in which the Java heap is
#     placed in the first 4GB address space. The Java Heap base address is the
#     maximum limit for the native heap growth. Please use -XX:HeapBaseMinAddress
#     to set the Java Heap base and to place the Java Heap above 4GB virtual address.
# This output file may be truncated or incomplete.
#
#  Out of Memory Error (virtualSpaceNode.cpp:110), pid=11364, tid=4636
#
# JRE version: OpenJDK Runtime Environment Temurin-17.0.8+7 (17.0.8+7) (build 17.0.8+7)
# Java VM: OpenJDK 64-Bit Server VM Temurin-17.0.8+7 (17.0.8+7, mixed mode, tiered, compressed oops, compressed class ptrs, g1 gc, windows-amd64)
# No core dump will be written. Minidumps are not enabled by default on client versions of Windows
#

---------------  S U M M A R Y ------------

Command Line: -Xmx64m -Xms64m -Dorg.gradle.appname=gradlew org.gradle.wrapper.GradleWrapperMain tasks

Host: Intel(R) Core(TM) i5-1035G1 CPU @ 1.00GHz, 8 cores, 7G,  Windows 10 , 64 bit Build 19041 (10.0.19041.3155)
Time: Fri Sep  1 15:57:19 2023 India Standard Time elapsed time: 0.182287 seconds (0d 0h 0m 0s)

---------------  T H R E A D  ---------------

Current thread (0x0000020ad1899360):  JavaThread "main" [_thread_in_vm, id=4636, stack(0x0000009259400000,0x0000009259500000)]

Stack: [0x0000009259400000,0x0000009259500000]
Native frames: (J=compiled Java code, j=interpreted, Vv=VM code, C=native code)
V  [jvm.dll+0x678b0a]
V  [jvm.dll+0x835e84]
V  [jvm.dll+0x83762e]
V  [jvm.dll+0x837c93]
V  [jvm.dll+0x24746f]
V  [jvm.dll+0x831f1b]
V  [jvm.dll+0x61d3c6]
V  [jvm.dll+0x61d42a]
V  [jvm.dll+0x61fc5a]
V  [jvm.dll+0x61dd66]
V  [jvm.dll+0x23b9ff]
V  [jvm.dll+0x627c05]
V  [jvm.dll+0x1eb90b]
V  [jvm.dll+0x1ebe45]
V  [jvm.dll+0x1ec87f]
V  [jvm.dll+0x1e1d21]
V  [jvm.dll+0x53fba0]
V  [jvm.dll+0x1f2607]
V  [jvm.dll+0x7b06ab]
V  [jvm.dll+0x7b1a52]
V  [jvm.dll+0x7b1d88]
V  [jvm.dll+0x23f76e]
V  [jvm.dll+0x3836eb]
C  0x0000020ae08cf57f

Java frames: (J=compiled Java code, j=interpreted, Vv=VM code)
j  java.lang.System.initPhase3()V+3 java.base@17.0.8
v  ~StubRoutines::call_stub

---------------  P R O C E S S  ---------------

Threads class SMR info:
_java_thread_list=0x0000020a8019f250, length=10, elements={
0x0000020ad1899360, 0x0000020a8015f7f0, 0x0000020a801603b0, 0x0000020a801b2440,
0x0000020a801b3000, 0x0000020a801b8180, 0x0000020a801b92e0, 0x0000020a801d5500,
0x0000020a801d6750, 0x0000020a801d8c10
}

Java Threads: ( => current thread )
=>0x0000020ad1899360 JavaThread "main" [_thread_in_vm, id=4636, stack(0x0000009259400000,0x0000009259500000)]
  0x0000020a8015f7f0 JavaThread "Reference Handler" daemon [_thread_blocked, id=2812, stack(0x0000009259b00000,0x0000009259c00000)]
  0x0000020a801603b0 JavaThread "Finalizer" daemon [_thread_blocked, id=6708, stack(0x0000009259c00000,0x0000009259d00000)]
  0x0000020a801b2440 JavaThread "Signal Dispatcher" daemon [_thread_blocked, id=10164, stack(0x0000009259d00000,0x0000009259e00000)]
  0x0000020a801b3000 JavaThread "Attach Listener" daemon [_thread_blocked, id=4584, stack(0x0000009259e00000,0x0000009259f00000)]
  0x0000020a801b8180 JavaThread "Service Thread" daemon [_thread_blocked, id=7212, stack(0x0000009259f00000,0x000000925a000000)]
  0x0000020a801b92e0 JavaThread "Monitor Deflation Thread" daemon [_thread_blocked, id=12896, stack(0x000000925a000000,0x000000925a100000)]
  0x0000020a801d5500 JavaThread "C2 CompilerThread0" daemon [_thread_blocked, id=10828, stack(0x000000925a100000,0x000000925a200000)]
  0x0000020a801d6750 JavaThread "C1 CompilerThread0" daemon [_thread_blocked, id=8068, stack(0x000000925a200000,0x000000925a300000)]
  0x0000020a801d8c10 JavaThread "Sweeper thread" daemon [_thread_blocked, id=12788, stack(0x000000925a300000,0x000000925a400000)]

Other Threads:
  0x0000020ad195e9e0 VMThread "VM Thread" [stack: 0x0000009259a00000,0x0000009259b00000] [id=11852]
  0x0000020ad18bc290 GCTaskThread "GC Thread#0" [stack: 0x0000009259500000,0x0000009259600000] [id=2296]
  0x0000020ad18bd9e0 ConcurrentGCThread "G1 Main Marker" [stack: 0x0000009259600000,0x0000009259700000] [id=3868]
  0x0000020ad18be3f0 ConcurrentGCThread "G1 Conc#0" [stack: 0x0000009259700000,0x0000009259800000] [id=2236]
  0x0000020ad191cd20 ConcurrentGCThread "G1 Refine#0" [stack: 0x0000009259800000,0x0000009259900000] [id=10584]
  0x0000020ad191d750 ConcurrentGCThread "G1 Service" [stack: 0x0000009259900000,0x0000009259a00000] [id=1948]

Threads with active compile tasks:

VM state: not at safepoint (normal execution)

VM Mutex/Monitor currently owned by a thread:  ([mutex/lock_event])
[0x0000020acf76ce70] Metaspace_lock - owner thread: 0x0000020ad1899360

Heap address: 0x00000000fc000000, size: 64 MB, Compressed Oops mode: 32-bit

CDS archive(s) not mapped
Compressed class space mapped at: 0x0000000100000000-0x0000000140000000, reserved size: 1073741824
Narrow klass base: 0x0000000000000000, Narrow klass shift: 3, Narrow klass range: 0x140000000

GC Precious Log:
 CPUs: 8 total, 8 available
 Memory: 7959M
 Large Page Support: Disabled
 NUMA Support: Disabled
 Compressed Oops: Enabled (32-bit)
 Heap Region Size: 1M
 Heap Min Capacity: 64M
 Heap Initial Capacity: 64M
 Heap Max Capacity: 64M
 Pre-touch: Disabled
 Parallel Workers: 8
 Concurrent Workers: 2
 Concurrent Refinement Workers: 8
 Periodic GC: Disabled

Heap:
 garbage-first heap   total 65536K, used 1024K [0x00000000fc000000, 0x0000000100000000)
  region size 1024K, 2 young (2048K), 0 survivors (0K)
 Metaspace       used 3474K, committed 3520K, reserved 1114112K
  class space    used 274K, committed 320K, reserved 1048576K

Heap Regions: E=young(eden), S=young(survivor), O=old, HS=humongous(starts), HC=humongous(continues), CS=collection set, F=free, OA=open archive, CA=closed archive, TAMS=top-at-mark-start (previous, next)
|   0|0x00000000fc000000, 0x00000000fc000000, 0x00000000fc100000|  0%| F|  |TAMS 0x00000000fc000000, 0x00000000fc000000| Untracked 
|   1|0x00000000fc100000, 0x00000000fc100000, 0x00000000fc200000|  0%| F|  |TAMS 0x00000000fc100000, 0x00000000fc100000| Untracked 
|   2|0x00000000fc200000, 0x00000000fc200000, 0x00000000fc300000|  0%| F|  |TAMS 0x00000000fc200000, 0x00000000fc200000| Untracked 
|   3|0x00000000fc300000, 0x00000000fc300000, 0x00000000fc400000|  0%| F|  |TAMS 0x00000000fc300000, 0x00000000fc300000| Untracked 
|   4|0x00000000fc400000, 0x00000000fc400000, 0x00000000fc500000|  0%| F|  |TAMS 0x00000000fc400000, 0x00000000fc400000| Untracked 
|   5|0x00000000fc500000, 0x00000000fc500000, 0x00000000fc600000|  0%| F|  |TAMS 0x00000000fc500000, 0x00000000fc500000| Untracked 
|   6|0x00000000fc600000, 0x00000000fc600000, 0x00000000fc700000|  0%| F|  |TAMS 0x00000000fc600000, 0x00000000fc600000| Untracked 
|   7|0x00000000fc700000, 0x00000000fc700000, 0x00000000fc800000|  0%| F|  |TAMS 0x00000000fc700000, 0x00000000fc700000| Untracked 
|   8|0x00000000fc800000, 0x00000000fc800000, 0x00000000fc900000|  0%| F|  |TAMS 0x00000000fc800000, 0x00000000fc800000| Untracked 
|   9|0x00000000fc900000, 0x00000000fc900000, 0x00000000fca00000|  0%| F|  |TAMS 0x00000000fc900000, 0x00000000fc900000| Untracked 
|  10|0x00000000fca00000, 0x00000000fca00000, 0x00000000fcb00000|  0%| F|  |TAMS 0x00000000fca00000, 0x00000000fca00000| Untracked 
|  11|0x00000000fcb00000, 0x00000000fcb00000, 0x00000000fcc00000|  0%| F|  |TAMS 0x00000000fcb00000, 0x00000000fcb00000| Untracked 
|  12|0x00000000fcc00000, 0x00000000fcc00000, 0x00000000fcd00000|  0%| F|  |TAMS 0x00000000fcc00000, 0x00000000fcc00000| Untracked 
|  13|0x00000000fcd00000, 0x00000000fcd00000, 0x00000000fce00000|  0%| F|  |TAMS 0x00000000fcd00000, 0x00000000fcd00000| Untracked 
|  14|0x00000000fce00000, 0x00000000fce00000, 0x00000000fcf00000|  0%| F|  |TAMS 0x00000000fce00000, 0x00000000fce00000| Untracked 
|  15|0x00000000fcf00000, 0x00000000fcf00000, 0x00000000fd000000|  0%| F|  |TAMS 0x00000000fcf00000, 0x00000000fcf00000| Untracked 
|  16|0x00000000fd000000, 0x00000000fd000000, 0x00000000fd100000|  0%| F|  |TAMS 0x00000000fd000000, 0x00000000fd000000| Untracked 
|  17|0x00000000fd100000, 0x00000000fd100000, 0x00000000fd200000|  0%| F|  |TAMS 0x00000000fd100000, 0x00000000fd100000| Untracked 
|  18|0x00000000fd200000, 0x00000000fd200000, 0x00000000fd300000|  0%| F|  |TAMS 0x00000000fd200000, 0x00000000fd200000| Untracked 
|  19|0x00000000fd300000, 0x00000000fd300000, 0x00000000fd400000|  0%| F|  |TAMS 0x00000000fd300000, 0x00000000fd300000| Untracked 
|  20|0x00000000fd400000, 0x00000000fd400000, 0x00000000fd500000|  0%| F|  |TAMS 0x00000000fd400000, 0x00000000fd400000| Untracked 
|  21|0x00000000fd500000, 0x00000000fd500000, 0x00000000fd600000|  0%| F|  |TAMS 0x00000000fd500000, 0x00000000fd500000| Untracked 
|  22|0x00000000fd600000, 0x00000000fd600000, 0x00000000fd700000|  0%| F|  |TAMS 0x00000000fd600000, 0x00000000fd600000| Untracked 
|  23|0x00000000fd700000, 0x00000000fd700000, 0x00000000fd800000|  0%| F|  |TAMS 0x00000000fd700000, 0x00000000fd700000| Untracked 
|  24|0x00000000fd800000, 0x00000000fd800000, 0x00000000fd900000|  0%| F|  |TAMS 0x00000000fd800000, 0x00000000fd800000| Untracked 
|  25|0x00000000fd900000, 0x00000000fd900000, 0x00000000fda00000|  0%| F|  |TAMS 0x00000000fd900000, 0x00000000fd900000| Untracked 
|  26|0x00000000fda00000, 0x00000000fda00000, 0x00000000fdb00000|  0%| F|  |TAMS 0x00000000fda00000, 0x00000000fda00000| Untracked 
|  27|0x00000000fdb00000, 0x00000000fdb00000, 0x00000000fdc00000|  0%| F|  |TAMS 0x00000000fdb00000, 0x00000000fdb00000| Untracked 
|  28|0x00000000fdc00000, 0x00000000fdc00000, 0x00000000fdd00000|  0%| F|  |TAMS 0x00000000fdc00000, 0x00000000fdc00000| Untracked 
|  29|0x00000000fdd00000, 0x00000000fdd00000, 0x00000000fde00000|  0%| F|  |TAMS 0x00000000fdd00000, 0x00000000fdd00000| Untracked 
|  30|0x00000000fde00000, 0x00000000fde00000, 0x00000000fdf00000|  0%| F|  |TAMS 0x00000000fde00000, 0x00000000fde00000| Untracked 
|  31|0x00000000fdf00000, 0x00000000fdf00000, 0x00000000fe000000|  0%| F|  |TAMS 0x00000000fdf00000, 0x00000000fdf00000| Untracked 
|  32|0x00000000fe000000, 0x00000000fe000000, 0x00000000fe100000|  0%| F|  |TAMS 0x00000000fe000000, 0x00000000fe000000| Untracked 
|  33|0x00000000fe100000, 0x00000000fe100000, 0x00000000fe200000|  0%| F|  |TAMS 0x00000000fe100000, 0x00000000fe100000| Untracked 
|  34|0x00000000fe200000, 0x00000000fe200000, 0x00000000fe300000|  0%| F|  |TAMS 0x00000000fe200000, 0x00000000fe200000| Untracked 
|  35|0x00000000fe300000, 0x00000000fe300000, 0x00000000fe400000|  0%| F|  |TAMS 0x00000000fe300000, 0x00000000fe300000| Untracked 
|  36|0x00000000fe400000, 0x00000000fe400000, 0x00000000fe500000|  0%| F|  |TAMS 0x00000000fe400000, 0x00000000fe400000| Untracked 
|  37|0x00000000fe500000, 0x00000000fe500000, 0x00000000fe600000|  0%| F|  |TAMS 0x00000000fe500000, 0x00000000fe500000| Untracked 
|  38|0x00000000fe600000, 0x00000000fe600000, 0x00000000fe700000|  0%| F|  |TAMS 0x00000000fe600000, 0x00000000fe600000| Untracked 
|  39|0x00000000fe700000, 0x00000000fe700000, 0x00000000fe800000|  0%| F|  |TAMS 0x00000000fe700000, 0x00000000fe700000| Untracked 
|  40|0x00000000fe800000, 0x00000000fe800000, 0x00000000fe900000|  0%| F|  |TAMS 0x00000000fe800000, 0x00000000fe800000| Untracked 
|  41|0x00000000fe900000, 0x00000000fe900000, 0x00000000fea00000|  0%| F|  |TAMS 0x00000000fe900000, 0x00000000fe900000| Untracked 
|  42|0x00000000fea00000, 0x00000000fea00000, 0x00000000feb00000|  0%| F|  |TAMS 0x00000000fea00000, 0x00000000fea00000| Untracked 
|  43|0x00000000feb00000, 0x00000000feb00000, 0x00000000fec00000|  0%| F|  |TAMS 0x00000000feb00000, 0x00000000feb00000| Untracked 
|  44|0x00000000fec00000, 0x00000000fec00000, 0x00000000fed00000|  0%| F|  |TAMS 0x00000000fec00000, 0x00000000fec00000| Untracked 
|  45|0x00000000fed00000, 0x00000000fed00000, 0x00000000fee00000|  0%| F|  |TAMS 0x00000000fed00000, 0x00000000fed00000| Untracked 
|  46|0x00000000fee00000, 0x00000000fee00000, 0x00000000fef00000|  0%| F|  |TAMS 0x00000000fee00000, 0x00000000fee00000| Untracked 
|  47|0x00000000fef00000, 0x00000000fef00000, 0x00000000ff000000|  0%| F|  |TAMS 0x00000000fef00000, 0x00000000fef00000| Untracked 
|  48|0x00000000ff000000, 0x00000000ff000000, 0x00000000ff100000|  0%| F|  |TAMS 0x00000000ff000000, 0x00000000ff000000| Untracked 
|  49|0x00000000ff100000, 0x00000000ff100000, 0x00000000ff200000|  0%| F|  |TAMS 0x00000000ff100000, 0x00000000ff100000| Untracked 
|  50|0x00000000ff200000, 0x00000000ff200000, 0x00000000ff300000|  0%| F|  |TAMS 0x00000000ff200000, 0x00000000ff200000| Untracked 
|  51|0x00000000ff300000, 0x00000000ff300000, 0x00000000ff400000|  0%| F|  |TAMS 0x00000000ff300000, 0x00000000ff300000| Untracked 
|  52|0x00000000ff400000, 0x00000000ff400000, 0x00000000ff500000|  0%| F|  |TAMS 0x00000000ff400000, 0x00000000ff400000| Untracked 
|  53|0x00000000ff500000, 0x00000000ff500000, 0x00000000ff600000|  0%| F|  |TAMS 0x00000000ff500000, 0x00000000ff500000| Untracked 
|  54|0x00000000ff600000, 0x00000000ff600000, 0x00000000ff700000|  0%| F|  |TAMS 0x00000000ff600000, 0x00000000ff600000| Untracked 
|  55|0x00000000ff700000, 0x00000000ff700000, 0x00000000ff800000|  0%| F|  |TAMS 0x00000000ff700000, 0x00000000ff700000| Untracked 
|  56|0x00000000ff800000, 0x00000000ff800000, 0x00000000ff900000|  0%| F|  |TAMS 0x00000000ff800000, 0x00000000ff800000| Untracked 
|  57|0x00000000ff900000, 0x00000000ff900000, 0x00000000ffa00000|  0%| F|  |TAMS 0x00000000ff900000, 0x00000000ff900000| Untracked 
|  58|0x00000000ffa00000, 0x00000000ffa00000, 0x00000000ffb00000|  0%| F|  |TAMS 0x00000000ffa00000, 0x00000000ffa00000| Untracked 
|  59|0x00000000ffb00000, 0x00000000ffb00000, 0x00000000ffc00000|  0%| F|  |TAMS 0x00000000ffb00000, 0x00000000ffb00000| Untracked 
|  60|0x00000000ffc00000, 0x00000000ffc00000, 0x00000000ffd00000|  0%| F|  |TAMS 0x00000000ffc00000, 0x00000000ffc00000| Untracked 
|  61|0x00000000ffd00000, 0x00000000ffd00000, 0x00000000ffe00000|  0%| F|  |TAMS 0x00000000ffd00000, 0x00000000ffd00000| Untracked 
|  62|0x00000000ffe00000, 0x00000000ffe76478, 0x00000000fff00000| 46%| E|  |TAMS 0x00000000ffe00000, 0x00000000ffe00000| Complete 
|  63|0x00000000fff00000, 0x0000000100000000, 0x0000000100000000|100%| E|CS|TAMS 0x00000000fff00000, 0x00000000fff00000| Complete 

Card table byte_map: [0x0000020ad17f0000,0x0000020ad1810000] _byte_map_base: 0x0000020ad1010000

Marking Bits (Prev, Next): (CMBitMap*) 0x0000020ad18bc8b0, (CMBitMap*) 0x0000020ad18bc8f0
 Prev Bits: [0x0000020ae86c0000, 0x0000020ae87c0000)
 Next Bits: [0x0000020ae87c0000, 0x0000020ae88c0000)

Polling page: 0x0000020ad1060000

Metaspace:

Usage:
  Non-class:      3.12 MB used.
      Class:    274.52 KB used.
       Both:      3.39 MB used.

Virtual space:
  Non-class space:       64.00 MB reserved,       3.12 MB (  5%) committed,  1 nodes.
      Class space:        1.00 GB reserved,     320.00 KB ( <1%) committed,  1 nodes.
             Both:        1.06 GB reserved,       3.44 MB ( <1%) committed. 

Chunk freelists:
   Non-Class:  12.00 MB
       Class:  15.62 MB
        Both:  27.62 MB

MaxMetaspaceSize: unlimited
CompressedClassSpaceSize: 1.00 GB
Initial GC threshold: 21.00 MB
Current GC threshold: 21.00 MB
CDS: off
MetaspaceReclaimPolicy: balanced
 - commit_granule_bytes: 65536.
 - commit_granule_words: 8192.
 - virtual_space_node_default_size: 8388608.
 - enlarge_chunks_in_place: 1.
 - new_chunks_are_fully_committed: 0.
 - uncommit_free_chunks: 1.
 - use_allocation_guard: 0.
 - handle_deallocations: 1.


Internal statistics:

num_allocs_failed_limit: 0.
num_arena_births: 2.
num_arena_deaths: 0.
num_vsnodes_births: 2.
num_vsnodes_deaths: 0.
num_space_committed: 55.
num_space_uncommitted: 0.
num_chunks_returned_to_freelist: 0.
num_chunks_taken_from_freelist: 4.
num_chunk_merges: 0.
num_chunk_splits: 2.
num_chunks_enlarged: 0.
num_inconsistent_stats: 0.

CodeHeap 'non-profiled nmethods': size=120000Kb used=13Kb max_used=13Kb free=119986Kb
 bounds [0x0000020ae0e60000, 0x0000020ae10d0000, 0x0000020ae8390000]
CodeHeap 'profiled nmethods': size=120000Kb used=80Kb max_used=80Kb free=119920Kb
 bounds [0x0000020ad9390000, 0x0000020ad9600000, 0x0000020ae08c0000]
CodeHeap 'non-nmethods': size=5760Kb used=1041Kb max_used=1055Kb free=4718Kb
 bounds [0x0000020ae08c0000, 0x0000020ae0b30000, 0x0000020ae0e60000]
 total_blobs=347 nmethods=63 adapters=197
 compilation: enabled
              stopped_count=0, restarted_count=0
 full_count=0

Compilation events (20 events):
Event: 0.167 Thread 0x0000020a801d6750   57       3       java.util.ImmutableCollections$Set12$1::hasNext (13 bytes)
Event: 0.167 Thread 0x0000020a801d6750 nmethod 57 0x0000020ad93a2910 code [0x0000020ad93a2aa0, 0x0000020ad93a2c18]
Event: 0.167 Thread 0x0000020a801d6750   47       3       java.lang.module.ResolvedModule::name (11 bytes)
Event: 0.167 Thread 0x0000020a801d6750 nmethod 47 0x0000020ad93a2c90 code [0x0000020ad93a2e20, 0x0000020ad93a2f78]
Event: 0.167 Thread 0x0000020a801d6750   54       1       java.lang.module.ModuleDescriptor::isAutomatic (5 bytes)
Event: 0.167 Thread 0x0000020a801d6750 nmethod 54 0x0000020ae0e62710 code [0x0000020ae0e628a0, 0x0000020ae0e62978]
Event: 0.167 Thread 0x0000020a801d6750   46       1       java.lang.module.ResolvedModule::reference (5 bytes)
Event: 0.167 Thread 0x0000020a801d6750 nmethod 46 0x0000020ae0e62a10 code [0x0000020ae0e62ba0, 0x0000020ae0e62c78]
Event: 0.167 Thread 0x0000020a801d6750   58       1       java.lang.module.ResolvedModule::configuration (5 bytes)
Event: 0.167 Thread 0x0000020a801d6750 nmethod 58 0x0000020ae0e62d10 code [0x0000020ae0e62ea0, 0x0000020ae0e62f78]
Event: 0.167 Thread 0x0000020a801d6750   59       1       java.lang.module.ModuleDescriptor$Exports::targets (5 bytes)
Event: 0.167 Thread 0x0000020a801d6750 nmethod 59 0x0000020ae0e63010 code [0x0000020ae0e631a0, 0x0000020ae0e63278]
Event: 0.168 Thread 0x0000020a801d6750   60       3       java.util.ImmutableCollections$Set12::iterator (9 bytes)
Event: 0.168 Thread 0x0000020a801d6750 nmethod 60 0x0000020ad93a3090 code [0x0000020ad93a3240, 0x0000020ad93a3518]
Event: 0.168 Thread 0x0000020a801d6750   61       3       java.util.ImmutableCollections$Set12$1::<init> (32 bytes)
Event: 0.169 Thread 0x0000020a801d6750 nmethod 61 0x0000020ad93a3610 code [0x0000020ad93a37c0, 0x0000020ad93a39f8]
Event: 0.169 Thread 0x0000020a801d6750   62       1       java.util.ImmutableCollections$Set12::isEmpty (2 bytes)
Event: 0.169 Thread 0x0000020a801d6750 nmethod 62 0x0000020ae0e63310 code [0x0000020ae0e634a0, 0x0000020ae0e63578]
Event: 0.169 Thread 0x0000020a801d6750   63       3       java.lang.AbstractStringBuilder::ensureCapacityInternal (39 bytes)
Event: 0.169 Thread 0x0000020a801d6750 nmethod 63 0x0000020ad93a3b10 code [0x0000020ad93a3cc0, 0x0000020ad93a3ef8]

GC Heap History (0 events):
No events

Dll operation events (2 events):
Event: 0.012 Loaded shared library C:\Users\Kriti Sharma\AppData\Local\Programs\Eclipse Adoptium\jdk-17.0.8.7-hotspot\bin\java.dll
Event: 0.060 Loaded shared library C:\Users\Kriti Sharma\AppData\Local\Programs\Eclipse Adoptium\jdk-17.0.8.7-hotspot\bin\jsvml.dll

Deoptimization events (0 events):
No events

Classes unloaded (0 events):
No events

Classes redefined (0 events):
No events

Internal exceptions (0 events):
No events

VM Operations (0 events):
No events

Events (20 events):
Event: 0.155 loading class jdk/internal/module/ModuleLoaderMap$Modules done
Event: 0.157 loading class java/lang/ModuleLayer
Event: 0.158 loading class java/lang/ModuleLayer done
Event: 0.159 loading class java/util/ImmutableCollections$ListItr
Event: 0.160 loading class java/util/ListIterator
Event: 0.160 loading class java/util/ListIterator done
Event: 0.160 loading class java/util/ImmutableCollections$ListItr done
Event: 0.166 loading class jdk/internal/loader/AbstractClassLoaderValue$Memoizer
Event: 0.167 loading class jdk/internal/loader/AbstractClassLoaderValue$Memoizer done
Event: 0.167 loading class jdk/internal/module/ServicesCatalog$ServiceProvider
Event: 0.167 loading class jdk/internal/module/ServicesCatalog$ServiceProvider done
Event: 0.167 loading class java/util/concurrent/CopyOnWriteArrayList
Event: 0.168 loading class java/util/concurrent/CopyOnWriteArrayList done
Event: 0.168 loading class java/util/HashMap$KeySet
Event: 0.169 loading class java/util/HashMap$KeySet done
Event: 0.169 loading class java/util/HashMap$KeyIterator
Event: 0.169 loading class java/util/HashMap$KeyIterator done
Event: 0.169 loading class java/lang/ModuleLayer$Controller
Event: 0.169 loading class java/lang/ModuleLayer$Controller done
Event: 0.169 loading class java/lang/invoke/StringConcatFactory


Dynamic libraries:
0x00007ff6969a0000 - 0x00007ff6969ae000 	C:\Users\Kriti Sharma\AppData\Local\Programs\Eclipse Adoptium\jdk-17.0.8.7-hotspot\bin\java.exe
0x00007ffecf690000 - 0x00007ffecf888000 	C:\Windows\SYSTEM32\ntdll.dll
0x00007ffecee30000 - 0x00007ffeceeef000 	C:\Windows\System32\KERNEL32.DLL
0x00007ffecd290000 - 0x00007ffecd586000 	C:\Windows\System32\KERNELBASE.dll
0x00007ffecd060000 - 0x00007ffecd160000 	C:\Windows\System32\ucrtbase.dll
0x00007ffe91a00000 - 0x00007ffe91a17000 	C:\Users\Kriti Sharma\AppData\Local\Programs\Eclipse Adoptium\jdk-17.0.8.7-hotspot\bin\jli.dll
0x00007ffe91a20000 - 0x00007ffe91a39000 	C:\Users\Kriti Sharma\AppData\Local\Programs\Eclipse Adoptium\jdk-17.0.8.7-hotspot\bin\VCRUNTIME140.dll
0x00007ffece800000 - 0x00007ffece99d000 	C:\Windows\System32\USER32.dll
0x00007ffecd620000 - 0x00007ffecd642000 	C:\Windows\System32\win32u.dll
0x00007ffeb8220000 - 0x00007ffeb84ba000 	C:\Windows\WinSxS\amd64_microsoft.windows.common-controls_6595b64144ccf1df_6.0.19041.1110_none_60b5254171f9507e\COMCTL32.dll
0x00007ffecd780000 - 0x00007ffecd7ac000 	C:\Windows\System32\GDI32.dll
0x00007ffeced90000 - 0x00007ffecee2e000 	C:\Windows\System32\msvcrt.dll
0x00007ffeccf40000 - 0x00007ffecd055000 	C:\Windows\System32\gdi32full.dll
0x00007ffecd650000 - 0x00007ffecd6ed000 	C:\Windows\System32\msvcp_win.dll
0x00007ffece080000 - 0x00007ffece0b0000 	C:\Windows\System32\IMM32.DLL
0x00007ffe922c0000 - 0x00007ffe922cc000 	C:\Users\Kriti Sharma\AppData\Local\Programs\Eclipse Adoptium\jdk-17.0.8.7-hotspot\bin\vcruntime140_1.dll
0x00007ffe90c70000 - 0x00007ffe90d01000 	C:\Users\Kriti Sharma\AppData\Local\Programs\Eclipse Adoptium\jdk-17.0.8.7-hotspot\bin\msvcp140.dll
0x00007ffe622a0000 - 0x00007ffe62eec000 	C:\Users\Kriti Sharma\AppData\Local\Programs\Eclipse Adoptium\jdk-17.0.8.7-hotspot\bin\server\jvm.dll
0x00007ffecdab0000 - 0x00007ffecdb5f000 	C:\Windows\System32\ADVAPI32.dll
0x00007ffecef00000 - 0x00007ffecef9c000 	C:\Windows\System32\sechost.dll
0x00007ffecf4c0000 - 0x00007ffecf5e6000 	C:\Windows\System32\RPCRT4.dll
0x00007ffecc320000 - 0x00007ffecc36b000 	C:\Windows\SYSTEM32\POWRPROF.dll
0x00007ffea7b10000 - 0x00007ffea7b19000 	C:\Windows\SYSTEM32\WSOCK32.dll
0x00007ffecd8c0000 - 0x00007ffecd92b000 	C:\Windows\System32\WS2_32.dll
0x00007ffeb9dc0000 - 0x00007ffeb9de7000 	C:\Windows\SYSTEM32\WINMM.dll
0x00007ffec5c90000 - 0x00007ffec5c9a000 	C:\Windows\SYSTEM32\VERSION.dll
0x00007ffecc190000 - 0x00007ffecc1a2000 	C:\Windows\SYSTEM32\UMPDC.dll
0x00007ffecb5a0000 - 0x00007ffecb5b2000 	C:\Windows\SYSTEM32\kernel.appcore.dll
0x00007ffe919f0000 - 0x00007ffe919fa000 	C:\Users\Kriti Sharma\AppData\Local\Programs\Eclipse Adoptium\jdk-17.0.8.7-hotspot\bin\jimage.dll
0x00007ffeca9a0000 - 0x00007ffecab84000 	C:\Windows\SYSTEM32\DBGHELP.DLL
0x00007ffebac00000 - 0x00007ffebac34000 	C:\Windows\SYSTEM32\dbgcore.DLL
0x00007ffecd590000 - 0x00007ffecd612000 	C:\Windows\System32\bcryptPrimitives.dll
0x00007ffe919c0000 - 0x00007ffe919e5000 	C:\Users\Kriti Sharma\AppData\Local\Programs\Eclipse Adoptium\jdk-17.0.8.7-hotspot\bin\java.dll
0x00007ffe7d160000 - 0x00007ffe7d236000 	C:\Users\Kriti Sharma\AppData\Local\Programs\Eclipse Adoptium\jdk-17.0.8.7-hotspot\bin\jsvml.dll
0x00007ffece0b0000 - 0x00007ffece7f4000 	C:\Windows\System32\SHELL32.dll
0x00007ffecadf0000 - 0x00007ffecb583000 	C:\Windows\SYSTEM32\windows.storage.dll
0x00007ffecea20000 - 0x00007ffeced74000 	C:\Windows\System32\combase.dll
0x00007ffecc7b0000 - 0x00007ffecc7de000 	C:\Windows\SYSTEM32\Wldp.dll
0x00007ffecdfd0000 - 0x00007ffece07d000 	C:\Windows\System32\SHCORE.dll
0x00007ffecd930000 - 0x00007ffecd985000 	C:\Windows\System32\shlwapi.dll
0x00007ffeccca0000 - 0x00007ffecccc5000 	C:\Windows\SYSTEM32\profapi.dll

dbghelp: loaded successfully - version: 4.0.5 - missing functions: none
symbol engine: initialized successfully - sym options: 0x614 - pdb path: .;C:\Users\Kriti Sharma\AppData\Local\Programs\Eclipse Adoptium\jdk-17.0.8.7-hotspot\bin;C:\Windows\SYSTEM32;C:\Windows\WinSxS\amd64_microsoft.windows.common-controls_6595b64144ccf1df_6.0.19041.1110_none_60b5254171f9507e;C:\Users\Kriti Sharma\AppData\Local\Programs\Eclipse Adoptium\jdk-17.0.8.7-hotspot\bin\server

VM Arguments:
jvm_args: -Xmx64m -Xms64m -Dorg.gradle.appname=gradlew 
java_command: org.gradle.wrapper.GradleWrapperMain tasks
java_class_path (initial): D:\react project\AwesomeProject01\android\\gradle\wrapper\gradle-wrapper.jar
Launcher Type: SUN_STANDARD

[Global flags]
     intx CICompilerCount                          = 4                                         {product} {ergonomic}
     uint ConcGCThreads                            = 2                                         {product} {ergonomic}
     uint G1ConcRefinementThreads                  = 8                                         {product} {ergonomic}
   size_t G1HeapRegionSize                         = 1048576                                   {product} {ergonomic}
    uintx GCDrainStackTargetSize                   = 64                                        {product} {ergonomic}
   size_t InitialHeapSize                          = 67108864                                  {product} {command line}
   size_t MarkStackSize                            = 4194304                                   {product} {ergonomic}
   size_t MaxHeapSize                              = 67108864                                  {product} {command line}
   size_t MaxNewSize                               = 39845888                                  {product} {ergonomic}
   size_t MinHeapDeltaBytes                        = 1048576                                   {product} {ergonomic}
   size_t MinHeapSize                              = 67108864                                  {product} {command line}
    uintx NonNMethodCodeHeapSize                   = 5839372                                {pd product} {ergonomic}
    uintx NonProfiledCodeHeapSize                  = 122909434                              {pd product} {ergonomic}
    uintx ProfiledCodeHeapSize                     = 122909434                              {pd product} {ergonomic}
    uintx ReservedCodeCacheSize                    = 251658240                              {pd product} {ergonomic}
     bool SegmentedCodeCache                       = true                                      {product} {ergonomic}
   size_t SoftMaxHeapSize                          = 67108864                               {manageable} {ergonomic}
     bool UseCompressedClassPointers               = true                           {product lp64_product} {ergonomic}
     bool UseCompressedOops                        = true                           {product lp64_product} {ergonomic}
     bool UseG1GC                                  = true                                      {product} {ergonomic}
     bool UseLargePagesIndividualAllocation        = false                                  {pd product} {ergonomic}

Logging:
Log output configuration:
 #0: stdout all=warning uptime,level,tags
 #1: stderr all=off uptime,level,tags

Environment Variables:
JAVA_HOME=C:\Users\Kriti Sharma\AppData\Local\Programs\Eclipse Adoptium\jdk-17.0.8.7-hotspot\
CLASSPATH=D:\react project\AwesomeProject01\android\\gradle\wrapper\gradle-wrapper.jar
PATH=D:\react project\AwesomeProject01\node_modules\.bin;D:\react project\AwesomeProject01\node_modules\.bin;D:\react project\node_modules\.bin;D:\node_modules\.bin;C:\Program Files\nodejs\node_modules\npm\node_modules\@npmcli\run-script\lib\node-gyp-bin;C:\Python311\Scripts\;C:\Python311\;C:\Windows\system32;C:\Windows;C:\Windows\System32\Wbem;C:\Windows\System32\WindowsPowerShell\v1.0\;C:\Windows\System32\OpenSSH\;C:\Program Files\Git\cmd;C:\ProgramData\chocolatey\bin;C:\Program Files\nodejs\;C:\Program Files\MySQL\MySQL Shell 8.0\bin\;C:\Users\Kriti Sharma\AppData\Local\Programs\Eclipse Adoptium\jdk-17.0.8.7-hotspot\bin;C:\Users\Kriti Sharma\AppData\Local\Microsoft\WindowsApps;C:\Users\Kriti Sharma\AppData\Local\Programs\Microsoft VS Code\bin;C:\Users\Kriti Sharma\AppData\Roaming\npm;C:\Users\Kriti Sharma\AppData\Local\Android\Sdk\platform-tools;C:\Users\Kriti Sharma\AppData\Local\Android\Sdk\emulator;C:\Users\Kriti Sharma\AppData\Local\Android\Sdk\tools;C:\Users\Kriti Sharma\AppData\Local\Android\Sdk\tools\bin;
USERNAME=Kriti Sharma
OS=Windows_NT
PROCESSOR_IDENTIFIER=Intel64 Family 6 Model 126 Stepping 5, GenuineIntel
TMP=C:\Users\KRITIS~1\AppData\Local\Temp
TEMP=C:\Users\KRITIS~1\AppData\Local\Temp



---------------  S Y S T E M  ---------------

OS:
 Windows 10 , 64 bit Build 19041 (10.0.19041.3155)
OS uptime: 0 days 0:37 hours

CPU: total 8 (initial active 8) (4 cores per cpu, 2 threads per core) family 6 model 126 stepping 5 microcode 0xb8, cx8, cmov, fxsr, ht, mmx, 3dnowpref, sse, sse2, sse3, ssse3, sse4.1, sse4.2, popcnt, lzcnt, tsc, tscinvbit, avx, avx2, aes, erms, clmul, bmi1, bmi2, adx, avx512f, avx512dq, avx512cd, avx512bw, avx512vl, sha, fma, vzeroupper, avx512_vpopcntdq, avx512_vpclmulqdq, avx512_vaes, avx512_vnni, clflush, clflushopt, avx512_vbmi2, avx512_vbmi
Processor Information for all 8 processors :
  Max Mhz: 1190, Current Mhz: 991, Mhz Limit: 987

Memory: 4k page, system-wide physical 7959M (504M free)
TotalPageFile size 13959M (AvailPageFile size 3M)
current process WorkingSet (physical memory assigned to process): 24M, peak: 24M
current process commit charge ("private bytes"): 134M, peak: 138M

vm_info: OpenJDK 64-Bit Server VM (17.0.8+7) for windows-amd64 JRE (17.0.8+7), built on Jul 18 2023 21:02:32 by "admin" with MS VC++ 16.7 (VS2019)

END.
