#
# There is insufficient memory for the Java Runtime Environment to continue.
# Native memory allocation (mmap) failed to map 65536 bytes for Failed to commit metaspace.
# Possible reasons:
#   The system is out of physical RAM or swap space
#   The process is running with CompressedOops enabled, and the Java Heap may be blocking the growth of the native heap
# Possible solutions:
#   Reduce memory load on the system
#   Increase physical memory or swap space
#   Check if swap backing store is full
#   Decrease Java heap size (-Xmx/-Xms)
#   Decrease number of Java threads
#   Decrease Java thread stack sizes (-Xss)
#   Set larger code cache with -XX:ReservedCodeCacheSize=
#   JVM is running with Unscaled Compressed Oops mode in which the Java heap is
#     placed in the first 4GB address space. The Java Heap base address is the
#     maximum limit for the native heap growth. Please use -XX:HeapBaseMinAddress
#     to set the Java Heap base and to place the Java Heap above 4GB virtual address.
# This output file may be truncated or incomplete.
#
#  Out of Memory Error (virtualSpaceNode.cpp:110), pid=4600, tid=10484
#
# JRE version: OpenJDK Runtime Environment Temurin-17.0.8+7 (17.0.8+7) (build 17.0.8+7)
# Java VM: OpenJDK 64-Bit Server VM Temurin-17.0.8+7 (17.0.8+7, mixed mode, sharing, tiered, compressed oops, compressed class ptrs, g1 gc, windows-amd64)
# No core dump will be written. Minidumps are not enabled by default on client versions of Windows
#

---------------  S U M M A R Y ------------

Command Line: -Xmx64m -Xms64m -Dorg.gradle.appname=gradlew org.gradle.wrapper.GradleWrapperMain tasks

Host: Intel(R) Core(TM) i5-1035G1 CPU @ 1.00GHz, 8 cores, 7G,  Windows 10 , 64 bit Build 19041 (10.0.19041.3155)
Time: Fri Sep  1 15:57:42 2023 India Standard Time elapsed time: 0.702466 seconds (0d 0h 0m 0s)

---------------  T H R E A D  ---------------

Current thread (0x000001ecb3778f70):  JavaThread "main" [_thread_in_vm, id=10484, stack(0x0000002ec8000000,0x0000002ec8100000)]

Stack: [0x0000002ec8000000,0x0000002ec8100000]
Native frames: (J=compiled Java code, j=interpreted, Vv=VM code, C=native code)
V  [jvm.dll+0x678b0a]
V  [jvm.dll+0x835e84]
V  [jvm.dll+0x83762e]
V  [jvm.dll+0x837c93]
V  [jvm.dll+0x24746f]
V  [jvm.dll+0x831f1b]
V  [jvm.dll+0x61d3c6]
V  [jvm.dll+0x1c1aae]
V  [jvm.dll+0x61fd21]
V  [jvm.dll+0x61dd66]
V  [jvm.dll+0x23ce50]
V  [jvm.dll+0x1ec2ed]
V  [jvm.dll+0x1e1d21]
V  [jvm.dll+0x53fba0]
V  [jvm.dll+0x7b1278]
V  [jvm.dll+0x7b1364]
V  [jvm.dll+0x40ecc5]
V  [jvm.dll+0x414e18]
C  [java.dll+0x17ec]

Java frames: (J=compiled Java code, j=interpreted, Vv=VM code)
j  java.lang.ClassLoader.defineClass1(Ljava/lang/ClassLoader;Ljava/lang/String;[BIILjava/security/ProtectionDomain;Ljava/lang/String;)Ljava/lang/Class;+0 java.base@17.0.8
j  java.lang.ClassLoader.defineClass(Ljava/lang/String;[BIILjava/security/ProtectionDomain;)Ljava/lang/Class;+27 java.base@17.0.8
j  java.security.SecureClassLoader.defineClass(Ljava/lang/String;[BIILjava/security/CodeSource;)Ljava/lang/Class;+12 java.base@17.0.8
j  java.net.URLClassLoader.defineClass(Ljava/lang/String;Ljdk/internal/loader/Resource;)Ljava/lang/Class;+220 java.base@17.0.8
j  java.net.URLClassLoader$1.run()Ljava/lang/Class;+43 java.base@17.0.8
j  java.net.URLClassLoader$1.run()Ljava/lang/Object;+1 java.base@17.0.8
J 620 c1 java.security.AccessController.doPrivileged(Ljava/security/PrivilegedExceptionAction;Ljava/security/AccessControlContext;)Ljava/lang/Object; java.base@17.0.8 (26 bytes) @ 0x000001ecbb36f27c [0x000001ecbb36f0a0+0x00000000000001dc]
J 711 c1 java.net.URLClassLoader.findClass(Ljava/lang/String;)Ljava/lang/Class; java.base@17.0.8 (47 bytes) @ 0x000001ecbb3b171c [0x000001ecbb3b1580+0x000000000000019c]
J 597 c1 java.lang.ClassLoader.loadClass(Ljava/lang/String;Z)Ljava/lang/Class; java.base@17.0.8 (121 bytes) @ 0x000001ecbb3652f4 [0x000001ecbb364d40+0x00000000000005b4]
J 577 c1 java.lang.ClassLoader.loadClass(Ljava/lang/String;)Ljava/lang/Class; java.base@17.0.8 (7 bytes) @ 0x000001ecbb35abcc [0x000001ecbb35aac0+0x000000000000010c]
v  ~StubRoutines::call_stub
j  org.gradle.launcher.cli.DefaultCommandLineActionFactory.convert(Ljava/util/List;)Lorg/gradle/launcher/bootstrap/CommandLineActionFactory$CommandLineExecution;+13
j  org.gradle.launcher.Main.doAction([Ljava/lang/String;Lorg/gradle/launcher/bootstrap/ExecutionListener;)V+8
j  org.gradle.launcher.bootstrap.EntryPoint.run([Ljava/lang/String;)V+12
v  ~StubRoutines::call_stub
j  jdk.internal.reflect.NativeMethodAccessorImpl.invoke0(Ljava/lang/reflect/Method;Ljava/lang/Object;[Ljava/lang/Object;)Ljava/lang/Object;+0 java.base@17.0.8
j  jdk.internal.reflect.NativeMethodAccessorImpl.invoke(Ljava/lang/Object;[Ljava/lang/Object;)Ljava/lang/Object;+133 java.base@17.0.8
j  jdk.internal.reflect.DelegatingMethodAccessorImpl.invoke(Ljava/lang/Object;[Ljava/lang/Object;)Ljava/lang/Object;+6 java.base@17.0.8
j  java.lang.reflect.Method.invoke(Ljava/lang/Object;[Ljava/lang/Object;)Ljava/lang/Object;+59 java.base@17.0.8
j  org.gradle.launcher.bootstrap.ProcessBootstrap.runNoExit(Ljava/lang/String;[Ljava/lang/String;)V+159
j  org.gradle.launcher.bootstrap.ProcessBootstrap.run(Ljava/lang/String;[Ljava/lang/String;)V+2
v  ~StubRoutines::call_stub
j  jdk.internal.reflect.NativeMethodAccessorImpl.invoke0(Ljava/lang/reflect/Method;Ljava/lang/Object;[Ljava/lang/Object;)Ljava/lang/Object;+0 java.base@17.0.8
j  jdk.internal.reflect.NativeMethodAccessorImpl.invoke(Ljava/lang/Object;[Ljava/lang/Object;)Ljava/lang/Object;+133 java.base@17.0.8
j  jdk.internal.reflect.DelegatingMethodAccessorImpl.invoke(Ljava/lang/Object;[Ljava/lang/Object;)Ljava/lang/Object;+6 java.base@17.0.8
j  java.lang.reflect.Method.invoke(Ljava/lang/Object;[Ljava/lang/Object;)Ljava/lang/Object;+59 java.base@17.0.8
j  org.gradle.launcher.GradleMain.main([Ljava/lang/String;)V+100
v  ~StubRoutines::call_stub
j  jdk.internal.reflect.NativeMethodAccessorImpl.invoke0(Ljava/lang/reflect/Method;Ljava/lang/Object;[Ljava/lang/Object;)Ljava/lang/Object;+0 java.base@17.0.8
j  jdk.internal.reflect.NativeMethodAccessorImpl.invoke(Ljava/lang/Object;[Ljava/lang/Object;)Ljava/lang/Object;+133 java.base@17.0.8
j  jdk.internal.reflect.DelegatingMethodAccessorImpl.invoke(Ljava/lang/Object;[Ljava/lang/Object;)Ljava/lang/Object;+6 java.base@17.0.8
j  java.lang.reflect.Method.invoke(Ljava/lang/Object;[Ljava/lang/Object;)Ljava/lang/Object;+59 java.base@17.0.8
j  org.gradle.wrapper.BootstrapMainStarter.start([Ljava/lang/String;Ljava/io/File;)V+105
j  org.gradle.wrapper.WrapperExecutor.execute([Ljava/lang/String;Lorg/gradle/wrapper/Install;Lorg/gradle/wrapper/BootstrapMainStarter;)V+14
j  org.gradle.wrapper.GradleWrapperMain.main([Ljava/lang/String;)V+206
v  ~StubRoutines::call_stub

---------------  P R O C E S S  ---------------

Threads class SMR info:
_java_thread_list=0x000001eccd4d9ff0, length=13, elements={
0x000001ecb3778f70, 0x000001ecb38281f0, 0x000001ecb3828db0, 0x000001ecb383e920,
0x000001eccd1404d0, 0x000001eccd1440b0, 0x000001eccd146f80, 0x000001eccd147c70,
0x000001eccd14c230, 0x000001eccd14cc30, 0x000001eccd37e520, 0x000001eccd380040,
0x000001eccd4fdf30
}

Java Threads: ( => current thread )
=>0x000001ecb3778f70 JavaThread "main" [_thread_in_vm, id=10484, stack(0x0000002ec8000000,0x0000002ec8100000)]
  0x000001ecb38281f0 JavaThread "Reference Handler" daemon [_thread_blocked, id=3712, stack(0x0000002ec8700000,0x0000002ec8800000)]
  0x000001ecb3828db0 JavaThread "Finalizer" daemon [_thread_blocked, id=12676, stack(0x0000002ec8800000,0x0000002ec8900000)]
  0x000001ecb383e920 JavaThread "Signal Dispatcher" daemon [_thread_blocked, id=732, stack(0x0000002ec8900000,0x0000002ec8a00000)]
  0x000001eccd1404d0 JavaThread "Attach Listener" daemon [_thread_blocked, id=6640, stack(0x0000002ec8a00000,0x0000002ec8b00000)]
  0x000001eccd1440b0 JavaThread "Service Thread" daemon [_thread_blocked, id=6040, stack(0x0000002ec8b00000,0x0000002ec8c00000)]
  0x000001eccd146f80 JavaThread "Monitor Deflation Thread" daemon [_thread_blocked, id=9496, stack(0x0000002ec8c00000,0x0000002ec8d00000)]
  0x000001eccd147c70 JavaThread "C2 CompilerThread0" daemon [_thread_blocked, id=11412, stack(0x0000002ec8d00000,0x0000002ec8e00000)]
  0x000001eccd14c230 JavaThread "C1 CompilerThread0" daemon [_thread_blocked, id=4216, stack(0x0000002ec8e00000,0x0000002ec8f00000)]
  0x000001eccd14cc30 JavaThread "Sweeper thread" daemon [_thread_blocked, id=10424, stack(0x0000002ec8f00000,0x0000002ec9000000)]
  0x000001eccd37e520 JavaThread "Notification Thread" daemon [_thread_blocked, id=8684, stack(0x0000002ec9000000,0x0000002ec9100000)]
  0x000001eccd380040 JavaThread "Common-Cleaner" daemon [_thread_blocked, id=12892, stack(0x0000002ec9200000,0x0000002ec9300000)]
  0x000001eccd4fdf30 JavaThread "C2 CompilerThread1" daemon [_thread_blocked, id=2828, stack(0x0000002ec9300000,0x0000002ec9400000)]

Other Threads:
  0x000001ecb38226a0 VMThread "VM Thread" [stack: 0x0000002ec8600000,0x0000002ec8700000] [id=2416]
  0x000001ecb37a7b60 WatcherThread [stack: 0x0000002ec9100000,0x0000002ec9200000] [id=11676]
  0x000001ecb379e1b0 GCTaskThread "GC Thread#0" [stack: 0x0000002ec8100000,0x0000002ec8200000] [id=11436]
  0x000001ecb379ff10 ConcurrentGCThread "G1 Main Marker" [stack: 0x0000002ec8200000,0x0000002ec8300000] [id=6844]
  0x000001ecb37a10c0 ConcurrentGCThread "G1 Conc#0" [stack: 0x0000002ec8300000,0x0000002ec8400000] [id=13300]
  0x000001ecb38029f0 ConcurrentGCThread "G1 Refine#0" [stack: 0x0000002ec8400000,0x0000002ec8500000] [id=12004]
  0x000001ecb3803420 ConcurrentGCThread "G1 Service" [stack: 0x0000002ec8500000,0x0000002ec8600000] [id=13020]

Threads with active compile tasks:

VM state: not at safepoint (normal execution)

VM Mutex/Monitor currently owned by a thread:  ([mutex/lock_event])
[0x000001ecb15ccc60] Metaspace_lock - owner thread: 0x000001ecb3778f70

Heap address: 0x00000000fc000000, size: 64 MB, Compressed Oops mode: 32-bit

CDS archive(s) mapped at: [0x000001ecce000000-0x000001eccebd0000-0x000001eccebd0000), size 12386304, SharedBaseAddress: 0x000001ecce000000, ArchiveRelocationMode: 1.
Compressed class space mapped at: 0x000001eccf000000-0x000001ed0f000000, reserved size: 1073741824
Narrow klass base: 0x000001ecce000000, Narrow klass shift: 0, Narrow klass range: 0x100000000

GC Precious Log:
 CPUs: 8 total, 8 available
 Memory: 7959M
 Large Page Support: Disabled
 NUMA Support: Disabled
 Compressed Oops: Enabled (32-bit)
 Heap Region Size: 1M
 Heap Min Capacity: 64M
 Heap Initial Capacity: 64M
 Heap Max Capacity: 64M
 Pre-touch: Disabled
 Parallel Workers: 8
 Concurrent Workers: 2
 Concurrent Refinement Workers: 8
 Periodic GC: Disabled

Heap:
 garbage-first heap   total 65536K, used 22528K [0x00000000fc000000, 0x0000000100000000)
  region size 1024K, 20 young (20480K), 0 survivors (0K)
 Metaspace       used 2737K, committed 2880K, reserved 1114112K
  class space    used 290K, committed 384K, reserved 1048576K

Heap Regions: E=young(eden), S=young(survivor), O=old, HS=humongous(starts), HC=humongous(continues), CS=collection set, F=free, OA=open archive, CA=closed archive, TAMS=top-at-mark-start (previous, next)
|   0|0x00000000fc000000, 0x00000000fc100000, 0x00000000fc100000|100%|HS|  |TAMS 0x00000000fc000000, 0x00000000fc000000| Complete 
|   1|0x00000000fc100000, 0x00000000fc200000, 0x00000000fc200000|100%|HC|  |TAMS 0x00000000fc100000, 0x00000000fc100000| Complete 
|   2|0x00000000fc200000, 0x00000000fc300000, 0x00000000fc300000|100%|HC|  |TAMS 0x00000000fc200000, 0x00000000fc200000| Complete 
|   3|0x00000000fc300000, 0x00000000fc400000, 0x00000000fc400000|100%|HC|  |TAMS 0x00000000fc300000, 0x00000000fc300000| Complete 
|   4|0x00000000fc400000, 0x00000000fc400000, 0x00000000fc500000|  0%| F|  |TAMS 0x00000000fc400000, 0x00000000fc400000| Untracked 
|   5|0x00000000fc500000, 0x00000000fc500000, 0x00000000fc600000|  0%| F|  |TAMS 0x00000000fc500000, 0x00000000fc500000| Untracked 
|   6|0x00000000fc600000, 0x00000000fc600000, 0x00000000fc700000|  0%| F|  |TAMS 0x00000000fc600000, 0x00000000fc600000| Untracked 
|   7|0x00000000fc700000, 0x00000000fc700000, 0x00000000fc800000|  0%| F|  |TAMS 0x00000000fc700000, 0x00000000fc700000| Untracked 
|   8|0x00000000fc800000, 0x00000000fc800000, 0x00000000fc900000|  0%| F|  |TAMS 0x00000000fc800000, 0x00000000fc800000| Untracked 
|   9|0x00000000fc900000, 0x00000000fc900000, 0x00000000fca00000|  0%| F|  |TAMS 0x00000000fc900000, 0x00000000fc900000| Untracked 
|  10|0x00000000fca00000, 0x00000000fca00000, 0x00000000fcb00000|  0%| F|  |TAMS 0x00000000fca00000, 0x00000000fca00000| Untracked 
|  11|0x00000000fcb00000, 0x00000000fcb00000, 0x00000000fcc00000|  0%| F|  |TAMS 0x00000000fcb00000, 0x00000000fcb00000| Untracked 
|  12|0x00000000fcc00000, 0x00000000fcc00000, 0x00000000fcd00000|  0%| F|  |TAMS 0x00000000fcc00000, 0x00000000fcc00000| Untracked 
|  13|0x00000000fcd00000, 0x00000000fcd00000, 0x00000000fce00000|  0%| F|  |TAMS 0x00000000fcd00000, 0x00000000fcd00000| Untracked 
|  14|0x00000000fce00000, 0x00000000fce00000, 0x00000000fcf00000|  0%| F|  |TAMS 0x00000000fce00000, 0x00000000fce00000| Untracked 
|  15|0x00000000fcf00000, 0x00000000fcf00000, 0x00000000fd000000|  0%| F|  |TAMS 0x00000000fcf00000, 0x00000000fcf00000| Untracked 
|  16|0x00000000fd000000, 0x00000000fd000000, 0x00000000fd100000|  0%| F|  |TAMS 0x00000000fd000000, 0x00000000fd000000| Untracked 
|  17|0x00000000fd100000, 0x00000000fd100000, 0x00000000fd200000|  0%| F|  |TAMS 0x00000000fd100000, 0x00000000fd100000| Untracked 
|  18|0x00000000fd200000, 0x00000000fd200000, 0x00000000fd300000|  0%| F|  |TAMS 0x00000000fd200000, 0x00000000fd200000| Untracked 
|  19|0x00000000fd300000, 0x00000000fd300000, 0x00000000fd400000|  0%| F|  |TAMS 0x00000000fd300000, 0x00000000fd300000| Untracked 
|  20|0x00000000fd400000, 0x00000000fd400000, 0x00000000fd500000|  0%| F|  |TAMS 0x00000000fd400000, 0x00000000fd400000| Untracked 
|  21|0x00000000fd500000, 0x00000000fd500000, 0x00000000fd600000|  0%| F|  |TAMS 0x00000000fd500000, 0x00000000fd500000| Untracked 
|  22|0x00000000fd600000, 0x00000000fd600000, 0x00000000fd700000|  0%| F|  |TAMS 0x00000000fd600000, 0x00000000fd600000| Untracked 
|  23|0x00000000fd700000, 0x00000000fd700000, 0x00000000fd800000|  0%| F|  |TAMS 0x00000000fd700000, 0x00000000fd700000| Untracked 
|  24|0x00000000fd800000, 0x00000000fd800000, 0x00000000fd900000|  0%| F|  |TAMS 0x00000000fd800000, 0x00000000fd800000| Untracked 
|  25|0x00000000fd900000, 0x00000000fd900000, 0x00000000fda00000|  0%| F|  |TAMS 0x00000000fd900000, 0x00000000fd900000| Untracked 
|  26|0x00000000fda00000, 0x00000000fda00000, 0x00000000fdb00000|  0%| F|  |TAMS 0x00000000fda00000, 0x00000000fda00000| Untracked 
|  27|0x00000000fdb00000, 0x00000000fdb00000, 0x00000000fdc00000|  0%| F|  |TAMS 0x00000000fdb00000, 0x00000000fdb00000| Untracked 
|  28|0x00000000fdc00000, 0x00000000fdc00000, 0x00000000fdd00000|  0%| F|  |TAMS 0x00000000fdc00000, 0x00000000fdc00000| Untracked 
|  29|0x00000000fdd00000, 0x00000000fdd00000, 0x00000000fde00000|  0%| F|  |TAMS 0x00000000fdd00000, 0x00000000fdd00000| Untracked 
|  30|0x00000000fde00000, 0x00000000fde00000, 0x00000000fdf00000|  0%| F|  |TAMS 0x00000000fde00000, 0x00000000fde00000| Untracked 
|  31|0x00000000fdf00000, 0x00000000fdf00000, 0x00000000fe000000|  0%| F|  |TAMS 0x00000000fdf00000, 0x00000000fdf00000| Untracked 
|  32|0x00000000fe000000, 0x00000000fe000000, 0x00000000fe100000|  0%| F|  |TAMS 0x00000000fe000000, 0x00000000fe000000| Untracked 
|  33|0x00000000fe100000, 0x00000000fe100000, 0x00000000fe200000|  0%| F|  |TAMS 0x00000000fe100000, 0x00000000fe100000| Untracked 
|  34|0x00000000fe200000, 0x00000000fe200000, 0x00000000fe300000|  0%| F|  |TAMS 0x00000000fe200000, 0x00000000fe200000| Untracked 
|  35|0x00000000fe300000, 0x00000000fe300000, 0x00000000fe400000|  0%| F|  |TAMS 0x00000000fe300000, 0x00000000fe300000| Untracked 
|  36|0x00000000fe400000, 0x00000000fe400000, 0x00000000fe500000|  0%| F|  |TAMS 0x00000000fe400000, 0x00000000fe400000| Untracked 
|  37|0x00000000fe500000, 0x00000000fe500000, 0x00000000fe600000|  0%| F|  |TAMS 0x00000000fe500000, 0x00000000fe500000| Untracked 
|  38|0x00000000fe600000, 0x00000000fe600000, 0x00000000fe700000|  0%| F|  |TAMS 0x00000000fe600000, 0x00000000fe600000| Untracked 
|  39|0x00000000fe700000, 0x00000000fe700000, 0x00000000fe800000|  0%| F|  |TAMS 0x00000000fe700000, 0x00000000fe700000| Untracked 
|  40|0x00000000fe800000, 0x00000000fe800000, 0x00000000fe900000|  0%| F|  |TAMS 0x00000000fe800000, 0x00000000fe800000| Untracked 
|  41|0x00000000fe900000, 0x00000000fe900000, 0x00000000fea00000|  0%| F|  |TAMS 0x00000000fe900000, 0x00000000fe900000| Untracked 
|  42|0x00000000fea00000, 0x00000000fea00000, 0x00000000feb00000|  0%| F|  |TAMS 0x00000000fea00000, 0x00000000fea00000| Untracked 
|  43|0x00000000feb00000, 0x00000000feb00000, 0x00000000fec00000|  0%| F|  |TAMS 0x00000000feb00000, 0x00000000feb00000| Untracked 
|  44|0x00000000fec00000, 0x00000000fec76448, 0x00000000fed00000| 46%| E|  |TAMS 0x00000000fec00000, 0x00000000fec00000| Complete 
|  45|0x00000000fed00000, 0x00000000fee00000, 0x00000000fee00000|100%| E|CS|TAMS 0x00000000fed00000, 0x00000000fed00000| Complete 
|  46|0x00000000fee00000, 0x00000000fef00000, 0x00000000fef00000|100%| E|CS|TAMS 0x00000000fee00000, 0x00000000fee00000| Complete 
|  47|0x00000000fef00000, 0x00000000ff000000, 0x00000000ff000000|100%| E|CS|TAMS 0x00000000fef00000, 0x00000000fef00000| Complete 
|  48|0x00000000ff000000, 0x00000000ff100000, 0x00000000ff100000|100%| E|CS|TAMS 0x00000000ff000000, 0x00000000ff000000| Complete 
|  49|0x00000000ff100000, 0x00000000ff200000, 0x00000000ff200000|100%| E|CS|TAMS 0x00000000ff100000, 0x00000000ff100000| Complete 
|  50|0x00000000ff200000, 0x00000000ff300000, 0x00000000ff300000|100%| E|CS|TAMS 0x00000000ff200000, 0x00000000ff200000| Complete 
|  51|0x00000000ff300000, 0x00000000ff400000, 0x00000000ff400000|100%| E|CS|TAMS 0x00000000ff300000, 0x00000000ff300000| Complete 
|  52|0x00000000ff400000, 0x00000000ff500000, 0x00000000ff500000|100%| E|  |TAMS 0x00000000ff400000, 0x00000000ff400000| Complete 
|  53|0x00000000ff500000, 0x00000000ff600000, 0x00000000ff600000|100%| E|CS|TAMS 0x00000000ff500000, 0x00000000ff500000| Complete 
|  54|0x00000000ff600000, 0x00000000ff700000, 0x00000000ff700000|100%| E|CS|TAMS 0x00000000ff600000, 0x00000000ff600000| Complete 
|  55|0x00000000ff700000, 0x00000000ff800000, 0x00000000ff800000|100%| E|CS|TAMS 0x00000000ff700000, 0x00000000ff700000| Complete 
|  56|0x00000000ff800000, 0x00000000ff900000, 0x00000000ff900000|100%| E|CS|TAMS 0x00000000ff800000, 0x00000000ff800000| Complete 
|  57|0x00000000ff900000, 0x00000000ffa00000, 0x00000000ffa00000|100%| E|CS|TAMS 0x00000000ff900000, 0x00000000ff900000| Complete 
|  58|0x00000000ffa00000, 0x00000000ffb00000, 0x00000000ffb00000|100%| E|CS|TAMS 0x00000000ffa00000, 0x00000000ffa00000| Complete 
|  59|0x00000000ffb00000, 0x00000000ffc00000, 0x00000000ffc00000|100%| E|CS|TAMS 0x00000000ffb00000, 0x00000000ffb00000| Complete 
|  60|0x00000000ffc00000, 0x00000000ffd00000, 0x00000000ffd00000|100%| E|CS|TAMS 0x00000000ffc00000, 0x00000000ffc00000| Complete 
|  61|0x00000000ffd00000, 0x00000000ffe00000, 0x00000000ffe00000|100%| E|CS|TAMS 0x00000000ffd00000, 0x00000000ffd00000| Complete 
|  62|0x00000000ffe00000, 0x00000000fff00000, 0x00000000fff00000|100%| E|CS|TAMS 0x00000000ffe00000, 0x00000000ffe00000| Complete 
|  63|0x00000000fff00000, 0x0000000100000000, 0x0000000100000000|100%| E|CS|TAMS 0x00000000fff00000, 0x00000000fff00000| Complete 

Card table byte_map: [0x000001ecb1710000,0x000001ecb1730000] _byte_map_base: 0x000001ecb0f30000

Marking Bits (Prev, Next): (CMBitMap*) 0x000001ecb379e7d0, (CMBitMap*) 0x000001ecb379e810
 Prev Bits: [0x000001ecca5a0000, 0x000001ecca6a0000)
 Next Bits: [0x000001ecca6a0000, 0x000001ecca7a0000)

Polling page: 0x000001ecb16c0000

Metaspace:

Usage:
  Non-class:      2.39 MB used.
      Class:    290.43 KB used.
       Both:      2.67 MB used.

Virtual space:
  Non-class space:       64.00 MB reserved,       2.44 MB (  4%) committed,  1 nodes.
      Class space:        1.00 GB reserved,     384.00 KB ( <1%) committed,  1 nodes.
             Both:        1.06 GB reserved,       2.81 MB ( <1%) committed. 

Chunk freelists:
   Non-Class:  11.23 MB
       Class:  15.59 MB
        Both:  26.83 MB

MaxMetaspaceSize: unlimited
CompressedClassSpaceSize: 1.00 GB
Initial GC threshold: 21.00 MB
Current GC threshold: 21.00 MB
CDS: on
MetaspaceReclaimPolicy: balanced
 - commit_granule_bytes: 65536.
 - commit_granule_words: 8192.
 - virtual_space_node_default_size: 8388608.
 - enlarge_chunks_in_place: 1.
 - new_chunks_are_fully_committed: 0.
 - uncommit_free_chunks: 1.
 - use_allocation_guard: 0.
 - handle_deallocations: 1.


Internal statistics:

num_allocs_failed_limit: 0.
num_arena_births: 16.
num_arena_deaths: 0.
num_vsnodes_births: 2.
num_vsnodes_deaths: 0.
num_space_committed: 45.
num_space_uncommitted: 0.
num_chunks_returned_to_freelist: 0.
num_chunks_taken_from_freelist: 70.
num_chunk_merges: 0.
num_chunk_splits: 43.
num_chunks_enlarged: 39.
num_inconsistent_stats: 0.

CodeHeap 'non-profiled nmethods': size=120000Kb used=263Kb max_used=263Kb free=119736Kb
 bounds [0x000001ecc2d40000, 0x000001ecc2fb0000, 0x000001ecca270000]
CodeHeap 'profiled nmethods': size=120000Kb used=1367Kb max_used=1367Kb free=118632Kb
 bounds [0x000001ecbb270000, 0x000001ecbb4e0000, 0x000001ecc27a0000]
CodeHeap 'non-nmethods': size=5760Kb used=1134Kb max_used=1167Kb free=4625Kb
 bounds [0x000001ecc27a0000, 0x000001ecc2a10000, 0x000001ecc2d40000]
 total_blobs=1163 nmethods=758 adapters=318
 compilation: enabled
              stopped_count=0, restarted_count=0
 full_count=0

Compilation events (20 events):
Event: 0.690 Thread 0x000001eccd14c230  742       1       java.lang.module.ModuleDescriptor::provides (5 bytes)
Event: 0.690 Thread 0x000001eccd14c230 nmethod 742 0x000001ecc2d80890 code [0x000001ecc2d80a20, 0x000001ecc2d80af8]
Event: 0.690 Thread 0x000001eccd14c230  745       1       jdk.internal.jimage.ImageHeader::getTableLength (5 bytes)
Event: 0.690 Thread 0x000001eccd14c230 nmethod 745 0x000001ecc2d80b90 code [0x000001ecc2d80d20, 0x000001ecc2d80df8]
Event: 0.690 Thread 0x000001eccd14c230  746   !   3       java.nio.DirectIntBufferU::get (34 bytes)
Event: 0.690 Thread 0x000001eccd4fdf30 nmethod 744 0x000001ecc2d80e90 code [0x000001ecc2d81000, 0x000001ecc2d81078]
Event: 0.691 Thread 0x000001eccd14c230 nmethod 746 0x000001ecbb3bbe10 code [0x000001ecbb3bc040, 0x000001ecbb3bc878]
Event: 0.691 Thread 0x000001eccd14c230  749       3       jdk.internal.jimage.ImageLocation::readValue (61 bytes)
Event: 0.691 Thread 0x000001eccd14c230 nmethod 749 0x000001ecbb3bcd10 code [0x000001ecbb3bcee0, 0x000001ecbb3bd2b8]
Event: 0.691 Thread 0x000001eccd14c230  747       3       java.nio.DirectIntBufferU::ix (10 bytes)
Event: 0.692 Thread 0x000001eccd14c230 nmethod 747 0x000001ecbb3bd490 code [0x000001ecbb3bd620, 0x000001ecbb3bd738]
Event: 0.692 Thread 0x000001eccd14c230  748   !   3       jdk.internal.misc.ScopedMemoryAccess::getInt (20 bytes)
Event: 0.692 Thread 0x000001eccd4fdf30  750       4       java.util.zip.ZipFile::ensureOpen (40 bytes)
Event: 0.692 Thread 0x000001eccd14c230 nmethod 748 0x000001ecbb3bd810 code [0x000001ecbb3bd9e0, 0x000001ecbb3bde78]
Event: 0.693 Thread 0x000001eccd4fdf30 nmethod 750 0x000001ecc2d81190 code [0x000001ecc2d81300, 0x000001ecc2d813b8]
Event: 0.696 Thread 0x000001eccd14c230  751       3       java.net.URLStreamHandler::toExternalForm (156 bytes)
Event: 0.697 Thread 0x000001eccd14c230 nmethod 751 0x000001ecbb3be090 code [0x000001ecbb3be4a0, 0x000001ecbb3bfc38]
Event: 0.698 Thread 0x000001eccd14c230  752   !   3       java.lang.String::<init> (843 bytes)
Event: 0.698 Thread 0x000001eccd147c70  753       4       java.lang.StringCoding::hasNegatives (25 bytes)
Event: 0.700 Thread 0x000001eccd4fdf30  758       4       java.util.zip.ZipCoder::hash (36 bytes)

GC Heap History (0 events):
No events

Dll operation events (7 events):
Event: 0.012 Loaded shared library C:\Users\Kriti Sharma\AppData\Local\Programs\Eclipse Adoptium\jdk-17.0.8.7-hotspot\bin\java.dll
Event: 0.043 Loaded shared library C:\Users\Kriti Sharma\AppData\Local\Programs\Eclipse Adoptium\jdk-17.0.8.7-hotspot\bin\jsvml.dll
Event: 0.101 Loaded shared library C:\Users\Kriti Sharma\AppData\Local\Programs\Eclipse Adoptium\jdk-17.0.8.7-hotspot\bin\net.dll
Event: 0.104 Loaded shared library C:\Users\Kriti Sharma\AppData\Local\Programs\Eclipse Adoptium\jdk-17.0.8.7-hotspot\bin\nio.dll
Event: 0.110 Loaded shared library C:\Users\Kriti Sharma\AppData\Local\Programs\Eclipse Adoptium\jdk-17.0.8.7-hotspot\bin\zip.dll
Event: 0.435 Loaded shared library C:\Users\Kriti Sharma\AppData\Local\Programs\Eclipse Adoptium\jdk-17.0.8.7-hotspot\bin\jimage.dll
Event: 0.529 Loaded shared library C:\Users\Kriti Sharma\AppData\Local\Programs\Eclipse Adoptium\jdk-17.0.8.7-hotspot\bin\verify.dll

Deoptimization events (20 events):
Event: 0.504 Thread 0x000001ecb3778f70 DEOPT PACKING pc=0x000001ecc2d6b570 sp=0x0000002ec80f94a0
Event: 0.504 Thread 0x000001ecb3778f70 DEOPT UNPACKING pc=0x000001ecc27fa1a3 sp=0x0000002ec80f93c0 mode 2
Event: 0.507 Thread 0x000001ecb3778f70 DEOPT PACKING pc=0x000001ecbb2a57ef sp=0x0000002ec80f90c0
Event: 0.507 Thread 0x000001ecb3778f70 DEOPT UNPACKING pc=0x000001ecc27face3 sp=0x0000002ec80f8570 mode 0
Event: 0.552 Thread 0x000001ecb3778f70 Uncommon trap: trap_request=0xffffffde fr.pc=0x000001ecc2d69e4c relative=0x0000000000000ecc
Event: 0.552 Thread 0x000001ecb3778f70 Uncommon trap: reason=class_check action=maybe_recompile pc=0x000001ecc2d69e4c method=java.util.HashMap.putVal(ILjava/lang/Object;Ljava/lang/Object;ZZ)Ljava/lang/Object; @ 203 c2
Event: 0.552 Thread 0x000001ecb3778f70 DEOPT PACKING pc=0x000001ecc2d69e4c sp=0x0000002ec80fb9a0
Event: 0.552 Thread 0x000001ecb3778f70 DEOPT UNPACKING pc=0x000001ecc27fa1a3 sp=0x0000002ec80fb930 mode 2
Event: 0.582 Thread 0x000001ecb3778f70 Uncommon trap: trap_request=0xffffff45 fr.pc=0x000001ecc2d70058 relative=0x0000000000000418
Event: 0.582 Thread 0x000001ecb3778f70 Uncommon trap: reason=unstable_if action=reinterpret pc=0x000001ecc2d70058 method=java.util.zip.ZipCoder$UTF8ZipCoder.checkedHash([BII)I @ 27 c2
Event: 0.582 Thread 0x000001ecb3778f70 DEOPT PACKING pc=0x000001ecc2d70058 sp=0x0000002ec80fb040
Event: 0.582 Thread 0x000001ecb3778f70 DEOPT UNPACKING pc=0x000001ecc27fa1a3 sp=0x0000002ec80faf08 mode 2
Event: 0.582 Thread 0x000001ecb3778f70 Uncommon trap: trap_request=0xffffff45 fr.pc=0x000001ecc2d4923c relative=0x00000000000001bc
Event: 0.582 Thread 0x000001ecb3778f70 Uncommon trap: reason=unstable_if action=reinterpret pc=0x000001ecc2d4923c method=java.lang.String.hashCode()I @ 20 c2
Event: 0.582 Thread 0x000001ecb3778f70 DEOPT PACKING pc=0x000001ecc2d4923c sp=0x0000002ec80fae40
Event: 0.582 Thread 0x000001ecb3778f70 DEOPT UNPACKING pc=0x000001ecc27fa1a3 sp=0x0000002ec80fadd0 mode 2
Event: 0.582 Thread 0x000001ecb3778f70 Uncommon trap: trap_request=0xffffff45 fr.pc=0x000001ecc2d6f198 relative=0x0000000000000178
Event: 0.582 Thread 0x000001ecb3778f70 Uncommon trap: reason=unstable_if action=reinterpret pc=0x000001ecc2d6f198 method=java.util.zip.ZipFile$Source.isMetaName([BII)Z @ 57 c2
Event: 0.582 Thread 0x000001ecb3778f70 DEOPT PACKING pc=0x000001ecc2d6f198 sp=0x0000002ec80fb050
Event: 0.582 Thread 0x000001ecb3778f70 DEOPT UNPACKING pc=0x000001ecc27fa1a3 sp=0x0000002ec80fafe0 mode 2

Classes unloaded (0 events):
No events

Classes redefined (0 events):
No events

Internal exceptions (1 events):
Event: 0.240 Thread 0x000001ecb3778f70 Exception <a 'java/lang/NoSuchMethodError'{0x00000000ffc65540}: 'int java.lang.invoke.DirectMethodHandle$Holder.invokeStaticInit(java.lang.Object, java.lang.Object)'> (0x00000000ffc65540) 
thrown [s\src\hotspot\share\interpreter\linkResolver.cpp, line 759]

VM Operations (2 events):
Event: 0.111 Executing VM operation: HandshakeAllThreads
Event: 0.111 Executing VM operation: HandshakeAllThreads done

Events (20 events):
Event: 0.647 loading class java/lang/reflect/ProxyGenerator$PrimitiveTypeInfo
Event: 0.647 loading class java/lang/reflect/ProxyGenerator$PrimitiveTypeInfo done
Event: 0.647 loading class jdk/internal/org/objectweb/asm/Edge
Event: 0.647 loading class jdk/internal/org/objectweb/asm/Edge done
Event: 0.649 loading class java/lang/IllegalAccessException
Event: 0.649 loading class java/lang/IllegalAccessException done
Event: 0.649 loading class java/lang/reflect/UndeclaredThrowableException
Event: 0.649 loading class java/lang/reflect/UndeclaredThrowableException done
Event: 0.650 loading class java/lang/reflect/Proxy$ProxyBuilder$1
Event: 0.650 loading class java/lang/reflect/Proxy$ProxyBuilder$1 done
Event: 0.652 loading class java/lang/reflect/InvocationTargetException
Event: 0.652 loading class java/lang/reflect/InvocationTargetException done
Event: 0.661 loading class java/util/LinkedList$ListItr
Event: 0.661 loading class java/util/LinkedList$ListItr done
Event: 0.663 loading class java/util/concurrent/ConcurrentLinkedQueue
Event: 0.664 loading class java/util/concurrent/ConcurrentLinkedQueue done
Event: 0.664 loading class java/util/concurrent/ConcurrentLinkedQueue$Node
Event: 0.664 loading class java/util/concurrent/ConcurrentLinkedQueue$Node done
Event: 0.666 loading class java/lang/reflect/ParameterizedType
Event: 0.666 loading class java/lang/reflect/ParameterizedType done


Dynamic libraries:
0x00007ff6969a0000 - 0x00007ff6969ae000 	C:\Users\Kriti Sharma\AppData\Local\Programs\Eclipse Adoptium\jdk-17.0.8.7-hotspot\bin\java.exe
0x00007ffecf690000 - 0x00007ffecf888000 	C:\Windows\SYSTEM32\ntdll.dll
0x00007ffecee30000 - 0x00007ffeceeef000 	C:\Windows\System32\KERNEL32.DLL
0x00007ffecd290000 - 0x00007ffecd586000 	C:\Windows\System32\KERNELBASE.dll
0x00007ffecd060000 - 0x00007ffecd160000 	C:\Windows\System32\ucrtbase.dll
0x00007ffe91a20000 - 0x00007ffe91a39000 	C:\Users\Kriti Sharma\AppData\Local\Programs\Eclipse Adoptium\jdk-17.0.8.7-hotspot\bin\VCRUNTIME140.dll
0x00007ffe91a00000 - 0x00007ffe91a17000 	C:\Users\Kriti Sharma\AppData\Local\Programs\Eclipse Adoptium\jdk-17.0.8.7-hotspot\bin\jli.dll
0x00007ffece800000 - 0x00007ffece99d000 	C:\Windows\System32\USER32.dll
0x00007ffecd620000 - 0x00007ffecd642000 	C:\Windows\System32\win32u.dll
0x00007ffecd780000 - 0x00007ffecd7ac000 	C:\Windows\System32\GDI32.dll
0x00007ffeccf40000 - 0x00007ffecd055000 	C:\Windows\System32\gdi32full.dll
0x00007ffecd650000 - 0x00007ffecd6ed000 	C:\Windows\System32\msvcp_win.dll
0x00007ffeb8220000 - 0x00007ffeb84ba000 	C:\Windows\WinSxS\amd64_microsoft.windows.common-controls_6595b64144ccf1df_6.0.19041.1110_none_60b5254171f9507e\COMCTL32.dll
0x00007ffeced90000 - 0x00007ffecee2e000 	C:\Windows\System32\msvcrt.dll
0x00007ffece080000 - 0x00007ffece0b0000 	C:\Windows\System32\IMM32.DLL
0x00007ffe922c0000 - 0x00007ffe922cc000 	C:\Users\Kriti Sharma\AppData\Local\Programs\Eclipse Adoptium\jdk-17.0.8.7-hotspot\bin\vcruntime140_1.dll
0x00007ffe90c70000 - 0x00007ffe90d01000 	C:\Users\Kriti Sharma\AppData\Local\Programs\Eclipse Adoptium\jdk-17.0.8.7-hotspot\bin\msvcp140.dll
0x00007ffe622a0000 - 0x00007ffe62eec000 	C:\Users\Kriti Sharma\AppData\Local\Programs\Eclipse Adoptium\jdk-17.0.8.7-hotspot\bin\server\jvm.dll
0x00007ffecdab0000 - 0x00007ffecdb5f000 	C:\Windows\System32\ADVAPI32.dll
0x00007ffecef00000 - 0x00007ffecef9c000 	C:\Windows\System32\sechost.dll
0x00007ffecf4c0000 - 0x00007ffecf5e6000 	C:\Windows\System32\RPCRT4.dll
0x00007ffeb9dc0000 - 0x00007ffeb9de7000 	C:\Windows\SYSTEM32\WINMM.dll
0x00007ffec5c90000 - 0x00007ffec5c9a000 	C:\Windows\SYSTEM32\VERSION.dll
0x00007ffea7b10000 - 0x00007ffea7b19000 	C:\Windows\SYSTEM32\WSOCK32.dll
0x00007ffecc320000 - 0x00007ffecc36b000 	C:\Windows\SYSTEM32\POWRPROF.dll
0x00007ffecd8c0000 - 0x00007ffecd92b000 	C:\Windows\System32\WS2_32.dll
0x00007ffecc190000 - 0x00007ffecc1a2000 	C:\Windows\SYSTEM32\UMPDC.dll
0x00007ffecb5a0000 - 0x00007ffecb5b2000 	C:\Windows\SYSTEM32\kernel.appcore.dll
0x00007ffe919f0000 - 0x00007ffe919fa000 	C:\Users\Kriti Sharma\AppData\Local\Programs\Eclipse Adoptium\jdk-17.0.8.7-hotspot\bin\jimage.dll
0x00007ffeca9a0000 - 0x00007ffecab84000 	C:\Windows\SYSTEM32\DBGHELP.DLL
0x00007ffebac00000 - 0x00007ffebac34000 	C:\Windows\SYSTEM32\dbgcore.DLL
0x00007ffecd590000 - 0x00007ffecd612000 	C:\Windows\System32\bcryptPrimitives.dll
0x00007ffe919c0000 - 0x00007ffe919e5000 	C:\Users\Kriti Sharma\AppData\Local\Programs\Eclipse Adoptium\jdk-17.0.8.7-hotspot\bin\java.dll
0x00007ffe7d160000 - 0x00007ffe7d236000 	C:\Users\Kriti Sharma\AppData\Local\Programs\Eclipse Adoptium\jdk-17.0.8.7-hotspot\bin\jsvml.dll
0x00007ffece0b0000 - 0x00007ffece7f4000 	C:\Windows\System32\SHELL32.dll
0x00007ffecadf0000 - 0x00007ffecb583000 	C:\Windows\SYSTEM32\windows.storage.dll
0x00007ffecea20000 - 0x00007ffeced74000 	C:\Windows\System32\combase.dll
0x00007ffecc7b0000 - 0x00007ffecc7de000 	C:\Windows\SYSTEM32\Wldp.dll
0x00007ffecdfd0000 - 0x00007ffece07d000 	C:\Windows\System32\SHCORE.dll
0x00007ffecd930000 - 0x00007ffecd985000 	C:\Windows\System32\shlwapi.dll
0x00007ffeccca0000 - 0x00007ffecccc5000 	C:\Windows\SYSTEM32\profapi.dll
0x00007ffe90c50000 - 0x00007ffe90c69000 	C:\Users\Kriti Sharma\AppData\Local\Programs\Eclipse Adoptium\jdk-17.0.8.7-hotspot\bin\net.dll
0x00007ffec1a10000 - 0x00007ffec1b1a000 	C:\Windows\SYSTEM32\WINHTTP.dll
0x00007ffecc510000 - 0x00007ffecc57a000 	C:\Windows\system32\mswsock.dll
0x00007ffe90c10000 - 0x00007ffe90c25000 	C:\Users\Kriti Sharma\AppData\Local\Programs\Eclipse Adoptium\jdk-17.0.8.7-hotspot\bin\nio.dll
0x00007ffe90730000 - 0x00007ffe90748000 	C:\Users\Kriti Sharma\AppData\Local\Programs\Eclipse Adoptium\jdk-17.0.8.7-hotspot\bin\zip.dll
0x00007ffe7d0a0000 - 0x00007ffe7d0b0000 	C:\Users\Kriti Sharma\AppData\Local\Programs\Eclipse Adoptium\jdk-17.0.8.7-hotspot\bin\verify.dll

dbghelp: loaded successfully - version: 4.0.5 - missing functions: none
symbol engine: initialized successfully - sym options: 0x614 - pdb path: .;C:\Users\Kriti Sharma\AppData\Local\Programs\Eclipse Adoptium\jdk-17.0.8.7-hotspot\bin;C:\Windows\SYSTEM32;C:\Windows\WinSxS\amd64_microsoft.windows.common-controls_6595b64144ccf1df_6.0.19041.1110_none_60b5254171f9507e;C:\Users\Kriti Sharma\AppData\Local\Programs\Eclipse Adoptium\jdk-17.0.8.7-hotspot\bin\server

VM Arguments:
jvm_args: -Xmx64m -Xms64m -Dorg.gradle.appname=gradlew 
java_command: org.gradle.wrapper.GradleWrapperMain tasks
java_class_path (initial): D:\react project\AwesomeProject01\android\\gradle\wrapper\gradle-wrapper.jar
Launcher Type: SUN_STANDARD

[Global flags]
     intx CICompilerCount                          = 4                                         {product} {ergonomic}
     uint ConcGCThreads                            = 2                                         {product} {ergonomic}
     uint G1ConcRefinementThreads                  = 8                                         {product} {ergonomic}
   size_t G1HeapRegionSize                         = 1048576                                   {product} {ergonomic}
    uintx GCDrainStackTargetSize                   = 64                                        {product} {ergonomic}
   size_t InitialHeapSize                          = 67108864                                  {product} {command line}
   size_t MarkStackSize                            = 4194304                                   {product} {ergonomic}
   size_t MaxHeapSize                              = 67108864                                  {product} {command line}
   size_t MaxNewSize                               = 39845888                                  {product} {ergonomic}
   size_t MinHeapDeltaBytes                        = 1048576                                   {product} {ergonomic}
   size_t MinHeapSize                              = 67108864                                  {product} {command line}
    uintx NonNMethodCodeHeapSize                   = 5839372                                {pd product} {ergonomic}
    uintx NonProfiledCodeHeapSize                  = 122909434                              {pd product} {ergonomic}
    uintx ProfiledCodeHeapSize                     = 122909434                              {pd product} {ergonomic}
    uintx ReservedCodeCacheSize                    = 251658240                              {pd product} {ergonomic}
     bool SegmentedCodeCache                       = true                                      {product} {ergonomic}
   size_t SoftMaxHeapSize                          = 67108864                               {manageable} {ergonomic}
     bool UseCompressedClassPointers               = true                           {product lp64_product} {ergonomic}
     bool UseCompressedOops                        = true                           {product lp64_product} {ergonomic}
     bool UseG1GC                                  = true                                      {product} {ergonomic}
     bool UseLargePagesIndividualAllocation        = false                                  {pd product} {ergonomic}

Logging:
Log output configuration:
 #0: stdout all=warning uptime,level,tags
 #1: stderr all=off uptime,level,tags

Environment Variables:
JAVA_HOME=C:\Users\Kriti Sharma\AppData\Local\Programs\Eclipse Adoptium\jdk-17.0.8.7-hotspot\
CLASSPATH=D:\react project\AwesomeProject01\android\\gradle\wrapper\gradle-wrapper.jar
PATH=D:\react project\AwesomeProject01\node_modules\.bin;D:\react project\AwesomeProject01\node_modules\.bin;D:\react project\node_modules\.bin;D:\node_modules\.bin;C:\Program Files\nodejs\node_modules\npm\node_modules\@npmcli\run-script\lib\node-gyp-bin;D:\react project\AwesomeProject01\node_modules\.bin;D:\react project\AwesomeProject01\node_modules\.bin;D:\react project\node_modules\.bin;D:\node_modules\.bin;C:\Program Files\nodejs\node_modules\npm\node_modules\@npmcli\run-script\lib\node-gyp-bin;D:\react project\AwesomeProject01\node_modules\.bin;D:\react project\AwesomeProject01\node_modules\.bin;D:\react project\node_modules\.bin;D:\node_modules\.bin;C:\Program Files\nodejs\node_modules\npm\node_modules\@npmcli\run-script\lib\node-gyp-bin;C:\Python311\Scripts\;C:\Python311\;C:\Windows\system32;C:\Windows;C:\Windows\System32\Wbem;C:\Windows\System32\WindowsPowerShell\v1.0\;C:\Windows\System32\OpenSSH\;C:\Program Files\Git\cmd;C:\ProgramData\chocolatey\bin;C:\Program Files\nodejs\;C:\Program Files\MySQL\MySQL Shell 8.0\bin\;C:\Users\Kriti Sharma\AppData\Local\Programs\Eclipse Adoptium\jdk-17.0.8.7-hotspot\bin;C:\Users\Kriti Sharma\AppData\Local\Microsoft\WindowsApps;C:\Users\Kriti Sharma\AppData\Local\Programs\Microsoft VS Code\bin;C:\Users\Kriti Sharma\AppData\Roaming\npm;C:\Users\Kriti Sharma\AppData\Local\Android\Sdk\platform-tools;C:\Users\Kriti Sharma\AppData\Local\Android\Sdk\emulator;C:\Users\Kriti Sharma\AppData\Local\Android\Sdk\tools;C:\Users\Kriti Sharma\AppData\Local\Android\Sdk\tools\bin;
USERNAME=Kriti Sharma
OS=Windows_NT
PROCESSOR_IDENTIFIER=Intel64 Family 6 Model 126 Stepping 5, GenuineIntel
TMP=C:\Users\KRITIS~1\AppData\Local\Temp
TEMP=C:\Users\KRITIS~1\AppData\Local\Temp



---------------  S Y S T E M  ---------------

OS:
 Windows 10 , 64 bit Build 19041 (10.0.19041.3155)
OS uptime: 0 days 0:38 hours

CPU: total 8 (initial active 8) (4 cores per cpu, 2 threads per core) family 6 model 126 stepping 5 microcode 0xb8, cx8, cmov, fxsr, ht, mmx, 3dnowpref, sse, sse2, sse3, ssse3, sse4.1, sse4.2, popcnt, lzcnt, tsc, tscinvbit, avx, avx2, aes, erms, clmul, bmi1, bmi2, adx, avx512f, avx512dq, avx512cd, avx512bw, avx512vl, sha, fma, vzeroupper, avx512_vpopcntdq, avx512_vpclmulqdq, avx512_vaes, avx512_vnni, clflush, clflushopt, avx512_vbmi2, avx512_vbmi
Processor Information for all 8 processors :
  Max Mhz: 1190, Current Mhz: 991, Mhz Limit: 987

Memory: 4k page, system-wide physical 7959M (581M free)
TotalPageFile size 13959M (AvailPageFile size 0M)
current process WorkingSet (physical memory assigned to process): 67M, peak: 67M
current process commit charge ("private bytes"): 155M, peak: 155M

vm_info: OpenJDK 64-Bit Server VM (17.0.8+7) for windows-amd64 JRE (17.0.8+7), built on Jul 18 2023 21:02:32 by "admin" with MS VC++ 16.7 (VS2019)

END.
