#
# There is insufficient memory for the Java Runtime Environment to continue.
# Native memory allocation (malloc) failed to allocate 151376 bytes for Chunk::new
# Possible reasons:
#   The system is out of physical RAM or swap space
#   The process is running with CompressedOops enabled, and the Java Heap may be blocking the growth of the native heap
# Possible solutions:
#   Reduce memory load on the system
#   Increase physical memory or swap space
#   Check if swap backing store is full
#   Decrease Java heap size (-Xmx/-Xms)
#   Decrease number of Java threads
#   Decrease Java thread stack sizes (-Xss)
#   Set larger code cache with -XX:ReservedCodeCacheSize=
#   JVM is running with Unscaled Compressed Oops mode in which the Java heap is
#     placed in the first 4GB address space. The Java Heap base address is the
#     maximum limit for the native heap growth. Please use -XX:HeapBaseMinAddress
#     to set the Java Heap base and to place the Java Heap above 4GB virtual address.
# This output file may be truncated or incomplete.
#
#  Out of Memory Error (arena.cpp:189), pid=5464, tid=2060
#
# JRE version: OpenJDK Runtime Environment Temurin-17.0.8+7 (17.0.8+7) (build 17.0.8+7)
# Java VM: OpenJDK 64-Bit Server VM Temurin-17.0.8+7 (17.0.8+7, mixed mode, sharing, tiered, compressed oops, compressed class ptrs, g1 gc, windows-amd64)
# No core dump will be written. Minidumps are not enabled by default on client versions of Windows
#

---------------  S U M M A R Y ------------

Command Line: -XX:MaxMetaspaceSize=512m --add-opens=java.base/java.util=ALL-UNNAMED --add-opens=java.base/java.lang=ALL-UNNAMED --add-opens=java.base/java.lang.invoke=ALL-UNNAMED --add-opens=java.prefs/java.util.prefs=ALL-UNNAMED --add-opens=java.base/java.nio.charset=ALL-UNNAMED --add-opens=java.base/java.net=ALL-UNNAMED --add-opens=java.base/java.util.concurrent.atomic=ALL-UNNAMED -Xmx2048m -Dfile.encoding=windows-1252 -Duser.country=IN -Duser.language=en -Duser.variant org.gradle.launcher.daemon.bootstrap.GradleDaemon 8.0.1

Host: Intel(R) Core(TM) i5-1035G1 CPU @ 1.00GHz, 8 cores, 7G,  Windows 10 , 64 bit Build 19041 (10.0.19041.3155)
Time: Fri Sep  1 19:13:04 2023 India Standard Time elapsed time: 15.180851 seconds (0d 0h 0m 15s)

---------------  T H R E A D  ---------------

Current thread (0x0000027e1e18e950):  JavaThread "C2 CompilerThread0" daemon [_thread_in_native, id=2060, stack(0x0000008ee7f00000,0x0000008ee8000000)]


Current CompileTask:
C2:  15180 5601       4       java.lang.Class::privateGetDeclaredMethods (64 bytes)

Stack: [0x0000008ee7f00000,0x0000008ee8000000]
Native frames: (J=compiled Java code, j=interpreted, Vv=VM code, C=native code)
V  [jvm.dll+0x678b0a]
V  [jvm.dll+0x835e84]
V  [jvm.dll+0x83762e]
V  [jvm.dll+0x837c93]
V  [jvm.dll+0x24746f]
V  [jvm.dll+0xac20c]
V  [jvm.dll+0xac7dc]
V  [jvm.dll+0x365c52]
V  [jvm.dll+0x3301a1]
V  [jvm.dll+0x32f64a]
V  [jvm.dll+0x219bf1]
V  [jvm.dll+0x219011]
V  [jvm.dll+0x1a534d]
V  [jvm.dll+0x228d8a]
V  [jvm.dll+0x226dcc]
V  [jvm.dll+0x7ec09b]
V  [jvm.dll+0x7e64ca]
V  [jvm.dll+0x677955]
C  [ucrtbase.dll+0x21bb2]
C  [KERNEL32.DLL+0x17614]
C  [ntdll.dll+0x526b1]


---------------  P R O C E S S  ---------------

Threads class SMR info:
_java_thread_list=0x0000027e3ef1aff0, length=71, elements={
0x0000027e7dadd7e0, 0x0000027e1e169580, 0x0000027e1e16b060, 0x0000027e1e182a80,
0x0000027e1e185870, 0x0000027e1e188ac0, 0x0000027e1e188fd0, 0x0000027e1e18e950,
0x0000027e1e198060, 0x0000027e1e18b850, 0x0000027e1e18b340, 0x0000027e1e1894e0,
0x0000027e1e1885b0, 0x0000027e1e1899f0, 0x0000027e1e189f00, 0x0000027e1e18ae30,
0x0000027e1e18bd60, 0x0000027e1e18a410, 0x0000027e3e523210, 0x0000027e3e51dc00,
0x0000027e3e51f550, 0x0000027e3e5222e0, 0x0000027e3e51e620, 0x0000027e3e523720,
0x0000027e3e522d00, 0x0000027e3e520990, 0x0000027e3e51f040, 0x0000027e3e5227f0,
0x0000027e3e524b60, 0x0000027e3e51ff70, 0x0000027e3e51fa60, 0x0000027e3e520ea0,
0x0000027e3e5213b0, 0x0000027e3e524140, 0x0000027e3e524650, 0x0000027e1eebf500,
0x0000027e1eebfa10, 0x0000027e1eebc260, 0x0000027e1eebcc80, 0x0000027e1eebd6a0,
0x0000027e1eebe0c0, 0x0000027e1eebeae0, 0x0000027e41f72870, 0x0000027e41f72d80,
0x0000027e41f6fae0, 0x0000027e41f70a10, 0x0000027e41f73290, 0x0000027e41f70f20,
0x0000027e41f6dc80, 0x0000027e41f70500, 0x0000027e41f6be20, 0x0000027e41f71430,
0x0000027e41f71e50, 0x0000027e41f6c840, 0x0000027e41f6fff0, 0x0000027e41f6d770,
0x0000027e41f72360, 0x0000027e41f6cd50, 0x0000027e41f71940, 0x0000027e41f737a0,
0x0000027e41f6c330, 0x0000027e41f6d260, 0x0000027e41f6e190, 0x0000027e41f6f0c0,
0x0000027e41f6e6a0, 0x0000027e41f6ebb0, 0x0000027e41f6f5d0, 0x0000027e4278d0d0,
0x0000027e4278c6b0, 0x0000027e4278a340, 0x0000027e4278b780
}

Java Threads: ( => current thread )
  0x0000027e7dadd7e0 JavaThread "main" [_thread_blocked, id=3700, stack(0x0000008ee7200000,0x0000008ee7300000)]
  0x0000027e1e169580 JavaThread "Reference Handler" daemon [_thread_blocked, id=8004, stack(0x0000008ee7900000,0x0000008ee7a00000)]
  0x0000027e1e16b060 JavaThread "Finalizer" daemon [_thread_blocked, id=13952, stack(0x0000008ee7a00000,0x0000008ee7b00000)]
  0x0000027e1e182a80 JavaThread "Signal Dispatcher" daemon [_thread_blocked, id=7872, stack(0x0000008ee7b00000,0x0000008ee7c00000)]
  0x0000027e1e185870 JavaThread "Attach Listener" daemon [_thread_blocked, id=5660, stack(0x0000008ee7c00000,0x0000008ee7d00000)]
  0x0000027e1e188ac0 JavaThread "Service Thread" daemon [_thread_blocked, id=12648, stack(0x0000008ee7d00000,0x0000008ee7e00000)]
  0x0000027e1e188fd0 JavaThread "Monitor Deflation Thread" daemon [_thread_blocked, id=4000, stack(0x0000008ee7e00000,0x0000008ee7f00000)]
=>0x0000027e1e18e950 JavaThread "C2 CompilerThread0" daemon [_thread_in_native, id=2060, stack(0x0000008ee7f00000,0x0000008ee8000000)]
  0x0000027e1e198060 JavaThread "C1 CompilerThread0" daemon [_thread_blocked, id=8620, stack(0x0000008ee8000000,0x0000008ee8100000)]
  0x0000027e1e18b850 JavaThread "Sweeper thread" daemon [_thread_blocked, id=1732, stack(0x0000008ee8100000,0x0000008ee8200000)]
  0x0000027e1e18b340 JavaThread "Common-Cleaner" daemon [_thread_blocked, id=5156, stack(0x0000008ee8200000,0x0000008ee8300000)]
  0x0000027e1e1894e0 JavaThread "Notification Thread" daemon [_thread_blocked, id=14196, stack(0x0000008ee8300000,0x0000008ee8400000)]
  0x0000027e1e1885b0 JavaThread "Daemon health stats" [_thread_blocked, id=7256, stack(0x0000008ee8b00000,0x0000008ee8c00000)]
  0x0000027e1e1899f0 JavaThread "Incoming local TCP Connector on port 64595" [_thread_in_native, id=13868, stack(0x0000008ee8c00000,0x0000008ee8d00000)]
  0x0000027e1e189f00 JavaThread "Daemon periodic checks" [_thread_blocked, id=12768, stack(0x0000008ee8d00000,0x0000008ee8e00000)]
  0x0000027e1e18ae30 JavaThread "Daemon" [_thread_blocked, id=2516, stack(0x0000008ee8e00000,0x0000008ee8f00000)]
  0x0000027e1e18bd60 JavaThread "Handler for socket connection from /127.0.0.1:64595 to /127.0.0.1:64597" [_thread_in_native, id=5212, stack(0x0000008ee8f00000,0x0000008ee9000000)]
  0x0000027e1e18a410 JavaThread "Cancel handler" [_thread_blocked, id=5500, stack(0x0000008ee9000000,0x0000008ee9100000)]
  0x0000027e3e523210 JavaThread "Daemon worker" [_thread_in_vm, id=14312, stack(0x0000008ee9100000,0x0000008ee9200000)]
  0x0000027e3e51dc00 JavaThread "Asynchronous log dispatcher for DefaultDaemonConnection: socket connection from /127.0.0.1:64595 to /127.0.0.1:64597" [_thread_blocked, id=3176, stack(0x0000008ee9200000,0x0000008ee9300000)]
  0x0000027e3e51f550 JavaThread "Stdin handler" [_thread_blocked, id=10052, stack(0x0000008ee9300000,0x0000008ee9400000)]
  0x0000027e3e5222e0 JavaThread "Daemon client event forwarder" [_thread_blocked, id=14060, stack(0x0000008ee9400000,0x0000008ee9500000)]
  0x0000027e3e51e620 JavaThread "Cache worker for journal cache (C:\Users\Kriti Sharma\.gradle\caches\journal-1)" [_thread_blocked, id=12164, stack(0x0000008ee8a00000,0x0000008ee8b00000)]
  0x0000027e3e523720 JavaThread "File lock request listener" [_thread_in_native, id=8336, stack(0x0000008ee9500000,0x0000008ee9600000)]
  0x0000027e3e522d00 JavaThread "Cache worker for file hash cache (C:\Users\Kriti Sharma\.gradle\caches\8.0.1\fileHashes)" [_thread_blocked, id=9728, stack(0x0000008ee9600000,0x0000008ee9700000)]
  0x0000027e3e520990 JavaThread "File watcher server" daemon [_thread_in_native, id=7096, stack(0x0000008ee9a00000,0x0000008ee9b00000)]
  0x0000027e3e51f040 JavaThread "File watcher consumer" daemon [_thread_blocked, id=7388, stack(0x0000008ee9b00000,0x0000008ee9c00000)]
  0x0000027e3e5227f0 JavaThread "Cache worker for checksums cache (D:\react project\AwesomeProject01\android\.gradle\8.0.1\checksums)" [_thread_blocked, id=10064, stack(0x0000008ee9900000,0x0000008ee9a00000)]
  0x0000027e3e524b60 JavaThread "Cache worker for cache directory md-rule (C:\Users\Kriti Sharma\.gradle\caches\8.0.1\md-rule)" [_thread_blocked, id=11152, stack(0x0000008ee9c00000,0x0000008ee9d00000)]
  0x0000027e3e51ff70 JavaThread "Cache worker for file content cache (C:\Users\Kriti Sharma\.gradle\caches\8.0.1\fileContent)" [_thread_blocked, id=10776, stack(0x0000008ee9d00000,0x0000008ee9e00000)]
  0x0000027e3e51fa60 JavaThread "Cache worker for file hash cache (D:\react project\AwesomeProject01\android\.gradle\8.0.1\fileHashes)" [_thread_blocked, id=9596, stack(0x0000008ee9f00000,0x0000008eea000000)]
  0x0000027e3e520ea0 JavaThread "Cache worker for cache directory md-supplier (C:\Users\Kriti Sharma\.gradle\caches\8.0.1\md-supplier)" [_thread_blocked, id=9572, stack(0x0000008eea100000,0x0000008eea200000)]
  0x0000027e3e5213b0 JavaThread "Cache worker for execution history cache (C:\Users\Kriti Sharma\.gradle\caches\8.0.1\executionHistory)" [_thread_blocked, id=13732, stack(0x0000008eea200000,0x0000008eea300000)]
  0x0000027e3e524140 JavaThread "jar transforms" [_thread_blocked, id=2588, stack(0x0000008eea400000,0x0000008eea500000)]
  0x0000027e3e524650 JavaThread "jar transforms Thread 2" [_thread_blocked, id=9756, stack(0x0000008eea500000,0x0000008eea600000)]
  0x0000027e1eebf500 JavaThread "jar transforms Thread 3" [_thread_blocked, id=11444, stack(0x0000008eea600000,0x0000008eea700000)]
  0x0000027e1eebfa10 JavaThread "jar transforms Thread 4" [_thread_blocked, id=3124, stack(0x0000008eea700000,0x0000008eea800000)]
  0x0000027e1eebc260 JavaThread "Cache worker for kotlin-dsl (C:\Users\Kriti Sharma\.gradle\caches\8.0.1\kotlin-dsl)" [_thread_blocked, id=7376, stack(0x0000008eea300000,0x0000008eea400000)]
  0x0000027e1eebcc80 JavaThread "jar transforms Thread 5" [_thread_blocked, id=8148, stack(0x0000008eea900000,0x0000008eeaa00000)]
  0x0000027e1eebd6a0 JavaThread "jar transforms Thread 6" [_thread_blocked, id=7672, stack(0x0000008eea800000,0x0000008eea900000)]
  0x0000027e1eebe0c0 JavaThread "Cache worker for dependencies-accessors (D:\react project\AwesomeProject01\android\.gradle\8.0.1\dependencies-accessors)" [_thread_blocked, id=11476, stack(0x0000008eeaa00000,0x0000008eeab00000)]
  0x0000027e1eebeae0 JavaThread "Cache worker for Build Output Cleanup Cache (D:\react project\AwesomeProject01\node_modules\@react-native\gradle-plugin\.gradle\buildOutputCleanup)" [_thread_blocked, id=1408, stack(0x0000008eeab00000,0x0000008eeac00000)]
  0x0000027e41f72870 JavaThread "jar transforms Thread 7" [_thread_blocked, id=12732, stack(0x0000008eeac00000,0x0000008eead00000)]
  0x0000027e41f72d80 JavaThread "Unconstrained build operations" [_thread_blocked, id=7252, stack(0x0000008eeae00000,0x0000008eeaf00000)]
  0x0000027e41f6fae0 JavaThread "Unconstrained build operations Thread 2" [_thread_blocked, id=7600, stack(0x0000008eeaf00000,0x0000008eeb000000)]
  0x0000027e41f70a10 JavaThread "Unconstrained build operations Thread 3" [_thread_blocked, id=12692, stack(0x0000008eead00000,0x0000008eeae00000)]
  0x0000027e41f73290 JavaThread "Unconstrained build operations Thread 4" [_thread_blocked, id=13152, stack(0x0000008eeb000000,0x0000008eeb100000)]
  0x0000027e41f70f20 JavaThread "Unconstrained build operations Thread 5" [_thread_blocked, id=13268, stack(0x0000008eeb100000,0x0000008eeb200000)]
  0x0000027e41f6dc80 JavaThread "Unconstrained build operations Thread 6" [_thread_blocked, id=12204, stack(0x0000008eeb200000,0x0000008eeb300000)]
  0x0000027e41f70500 JavaThread "Unconstrained build operations Thread 7" [_thread_blocked, id=9568, stack(0x0000008eeb300000,0x0000008eeb400000)]
  0x0000027e41f6be20 JavaThread "Unconstrained build operations Thread 8" [_thread_blocked, id=12196, stack(0x0000008eeb400000,0x0000008eeb500000)]
  0x0000027e41f71430 JavaThread "Unconstrained build operations Thread 9" [_thread_blocked, id=14204, stack(0x0000008eeb500000,0x0000008eeb600000)]
  0x0000027e41f71e50 JavaThread "Unconstrained build operations Thread 10" [_thread_blocked, id=392, stack(0x0000008eeb600000,0x0000008eeb700000)]
  0x0000027e41f6c840 JavaThread "Unconstrained build operations Thread 11" [_thread_blocked, id=11260, stack(0x0000008eeb700000,0x0000008eeb800000)]
  0x0000027e41f6fff0 JavaThread "Unconstrained build operations Thread 12" [_thread_blocked, id=768, stack(0x0000008eeb800000,0x0000008eeb900000)]
  0x0000027e41f6d770 JavaThread "Unconstrained build operations Thread 13" [_thread_blocked, id=12248, stack(0x0000008eeb900000,0x0000008eeba00000)]
  0x0000027e41f72360 JavaThread "Unconstrained build operations Thread 14" [_thread_blocked, id=3904, stack(0x0000008eeba00000,0x0000008eebb00000)]
  0x0000027e41f6cd50 JavaThread "Unconstrained build operations Thread 15" [_thread_blocked, id=2160, stack(0x0000008eebb00000,0x0000008eebc00000)]
  0x0000027e41f71940 JavaThread "Unconstrained build operations Thread 16" [_thread_blocked, id=10440, stack(0x0000008eebc00000,0x0000008eebd00000)]
  0x0000027e41f737a0 JavaThread "Unconstrained build operations Thread 17" [_thread_blocked, id=10964, stack(0x0000008eebd00000,0x0000008eebe00000)]
  0x0000027e41f6c330 JavaThread "Unconstrained build operations Thread 18" [_thread_blocked, id=1436, stack(0x0000008eebe00000,0x0000008eebf00000)]
  0x0000027e41f6d260 JavaThread "Unconstrained build operations Thread 19" [_thread_blocked, id=13764, stack(0x0000008eebf00000,0x0000008eec000000)]
  0x0000027e41f6e190 JavaThread "Unconstrained build operations Thread 20" [_thread_blocked, id=884, stack(0x0000008eec000000,0x0000008eec100000)]
  0x0000027e41f6f0c0 JavaThread "Unconstrained build operations Thread 21" [_thread_blocked, id=1584, stack(0x0000008eec100000,0x0000008eec200000)]
  0x0000027e41f6e6a0 JavaThread "Unconstrained build operations Thread 22" [_thread_blocked, id=9992, stack(0x0000008eec200000,0x0000008eec300000)]
  0x0000027e41f6ebb0 JavaThread "Unconstrained build operations Thread 23" [_thread_blocked, id=11868, stack(0x0000008eec300000,0x0000008eec400000)]
  0x0000027e41f6f5d0 JavaThread "Unconstrained build operations Thread 24" [_thread_blocked, id=4528, stack(0x0000008eec400000,0x0000008eec500000)]
  0x0000027e4278d0d0 JavaThread "Unconstrained build operations Thread 25" [_thread_blocked, id=3432, stack(0x0000008eec500000,0x0000008eec600000)]
  0x0000027e4278c6b0 JavaThread "Unconstrained build operations Thread 26" [_thread_blocked, id=7516, stack(0x0000008eec600000,0x0000008eec700000)]
  0x0000027e4278a340 JavaThread "jar transforms Thread 8" [_thread_blocked, id=4148, stack(0x0000008eec700000,0x0000008eec800000)]
  0x0000027e4278b780 JavaThread "Memory manager" [_thread_blocked, id=11512, stack(0x0000008eec900000,0x0000008eeca00000)]

Other Threads:
  0x0000027e1e1667a0 VMThread "VM Thread" [stack: 0x0000008ee7800000,0x0000008ee7900000] [id=8892]
  0x0000027e7fce5fc0 WatcherThread [stack: 0x0000008ee8400000,0x0000008ee8500000] [id=1236]
  0x0000027e7fc879d0 GCTaskThread "GC Thread#0" [stack: 0x0000008ee7300000,0x0000008ee7400000] [id=6976]
  0x0000027e1e8e1b70 GCTaskThread "GC Thread#1" [stack: 0x0000008ee8700000,0x0000008ee8800000] [id=4552]
  0x0000027e3e576a70 GCTaskThread "GC Thread#2" [stack: 0x0000008ee8800000,0x0000008ee8900000] [id=4024]
  0x0000027e1eececa0 GCTaskThread "GC Thread#3" [stack: 0x0000008ee8900000,0x0000008ee8a00000] [id=2080]
  0x0000027e3e76c000 GCTaskThread "GC Thread#4" [stack: 0x0000008ee8500000,0x0000008ee8600000] [id=11888]
  0x0000027e40e422a0 GCTaskThread "GC Thread#5" [stack: 0x0000008ee8600000,0x0000008ee8700000] [id=10024]
  0x0000027e3edf8690 GCTaskThread "GC Thread#6" [stack: 0x0000008ee9700000,0x0000008ee9800000] [id=8552]
  0x0000027e3e951470 GCTaskThread "GC Thread#7" [stack: 0x0000008ee9800000,0x0000008ee9900000] [id=4592]
  0x0000027e7fc99840 ConcurrentGCThread "G1 Main Marker" [stack: 0x0000008ee7400000,0x0000008ee7500000] [id=10944]
  0x0000027e7fc9a900 ConcurrentGCThread "G1 Conc#0" [stack: 0x0000008ee7500000,0x0000008ee7600000] [id=5516]
  0x0000027e402f70e0 ConcurrentGCThread "G1 Conc#1" [stack: 0x0000008eea000000,0x0000008eea100000] [id=13024]
  0x0000027e1e01b180 ConcurrentGCThread "G1 Refine#0" [stack: 0x0000008ee7600000,0x0000008ee7700000] [id=12092]
  0x0000027e1e01b9c0 ConcurrentGCThread "G1 Service" [stack: 0x0000008ee7700000,0x0000008ee7800000] [id=4636]

Threads with active compile tasks:
C2 CompilerThread0    15290 5601       4       java.lang.Class::privateGetDeclaredMethods (64 bytes)

VM state: not at safepoint (normal execution)

VM Mutex/Monitor currently owned by a thread:  ([mutex/lock_event])
[0x0000027e7dad8890] Metaspace_lock - owner thread: 0x0000027e3e523210

Heap address: 0x0000000080000000, size: 2048 MB, Compressed Oops mode: 32-bit

CDS archive(s) mapped at: [0x0000027e1f000000-0x0000027e1fbd0000-0x0000027e1fbd0000), size 12386304, SharedBaseAddress: 0x0000027e1f000000, ArchiveRelocationMode: 1.
Compressed class space mapped at: 0x0000027e20000000-0x0000027e3a000000, reserved size: 436207616
Narrow klass base: 0x0000027e1f000000, Narrow klass shift: 0, Narrow klass range: 0x100000000

GC Precious Log:
 CPUs: 8 total, 8 available
 Memory: 7959M
 Large Page Support: Disabled
 NUMA Support: Disabled
 Compressed Oops: Enabled (32-bit)
 Heap Region Size: 1M
 Heap Min Capacity: 8M
 Heap Initial Capacity: 126M
 Heap Max Capacity: 2G
 Pre-touch: Disabled
 Parallel Workers: 8
 Concurrent Workers: 2
 Concurrent Refinement Workers: 8
 Periodic GC: Disabled

Heap:
 garbage-first heap   total 86016K, used 54393K [0x0000000080000000, 0x0000000100000000)
  region size 1024K, 12 young (12288K), 3 survivors (3072K)
 Metaspace       used 49529K, committed 50048K, reserved 491520K
  class space    used 6920K, committed 7168K, reserved 425984K

Heap Regions: E=young(eden), S=young(survivor), O=old, HS=humongous(starts), HC=humongous(continues), CS=collection set, F=free, OA=open archive, CA=closed archive, TAMS=top-at-mark-start (previous, next)
|   0|0x0000000080000000, 0x0000000080100000, 0x0000000080100000|100%|HS|  |TAMS 0x0000000080100000, 0x0000000080000000| Complete 
|   1|0x0000000080100000, 0x0000000080200000, 0x0000000080200000|100%|HC|  |TAMS 0x0000000080200000, 0x0000000080100000| Complete 
|   2|0x0000000080200000, 0x0000000080300000, 0x0000000080300000|100%|HC|  |TAMS 0x0000000080300000, 0x0000000080200000| Complete 
|   3|0x0000000080300000, 0x0000000080400000, 0x0000000080400000|100%|HC|  |TAMS 0x0000000080400000, 0x0000000080300000| Complete 
|   4|0x0000000080400000, 0x0000000080500000, 0x0000000080500000|100%| O|  |TAMS 0x0000000080500000, 0x0000000080400000| Untracked 
|   5|0x0000000080500000, 0x0000000080600000, 0x0000000080600000|100%| O|  |TAMS 0x0000000080600000, 0x0000000080500000| Untracked 
|   6|0x0000000080600000, 0x0000000080700000, 0x0000000080700000|100%| O|  |TAMS 0x0000000080700000, 0x0000000080600000| Untracked 
|   7|0x0000000080700000, 0x0000000080800000, 0x0000000080800000|100%| O|  |TAMS 0x0000000080800000, 0x0000000080700000| Untracked 
|   8|0x0000000080800000, 0x0000000080900000, 0x0000000080900000|100%| O|  |TAMS 0x0000000080900000, 0x0000000080800000| Untracked 
|   9|0x0000000080900000, 0x0000000080a00000, 0x0000000080a00000|100%| O|  |TAMS 0x0000000080a00000, 0x0000000080900000| Untracked 
|  10|0x0000000080a00000, 0x0000000080b00000, 0x0000000080b00000|100%| O|  |TAMS 0x0000000080b00000, 0x0000000080a00000| Untracked 
|  11|0x0000000080b00000, 0x0000000080c00000, 0x0000000080c00000|100%| O|  |TAMS 0x0000000080c00000, 0x0000000080b00000| Untracked 
|  12|0x0000000080c00000, 0x0000000080d00000, 0x0000000080d00000|100%| O|  |TAMS 0x0000000080d00000, 0x0000000080c00000| Untracked 
|  13|0x0000000080d00000, 0x0000000080e00000, 0x0000000080e00000|100%| O|  |TAMS 0x0000000080e00000, 0x0000000080d00000| Untracked 
|  14|0x0000000080e00000, 0x0000000080f00000, 0x0000000080f00000|100%| O|  |TAMS 0x0000000080f00000, 0x0000000080e00000| Untracked 
|  15|0x0000000080f00000, 0x0000000081000000, 0x0000000081000000|100%| O|  |TAMS 0x0000000081000000, 0x0000000080f00000| Untracked 
|  16|0x0000000081000000, 0x0000000081100000, 0x0000000081100000|100%| O|  |TAMS 0x0000000081100000, 0x0000000081000000| Untracked 
|  17|0x0000000081100000, 0x0000000081200000, 0x0000000081200000|100%| O|  |TAMS 0x0000000081200000, 0x0000000081100000| Untracked 
|  18|0x0000000081200000, 0x0000000081300000, 0x0000000081300000|100%| O|  |TAMS 0x0000000081300000, 0x0000000081200000| Untracked 
|  19|0x0000000081300000, 0x0000000081400000, 0x0000000081400000|100%| O|  |TAMS 0x0000000081400000, 0x0000000081300000| Untracked 
|  20|0x0000000081400000, 0x000000008149f000, 0x0000000081500000| 62%| O|  |TAMS 0x000000008149f000, 0x0000000081400000| Untracked 
|  21|0x0000000081500000, 0x0000000081600000, 0x0000000081600000|100%| O|  |TAMS 0x0000000081600000, 0x0000000081500000| Untracked 
|  22|0x0000000081600000, 0x0000000081700000, 0x0000000081700000|100%| O|  |TAMS 0x0000000081700000, 0x0000000081600000| Untracked 
|  23|0x0000000081700000, 0x0000000081800000, 0x0000000081800000|100%| O|  |TAMS 0x0000000081800000, 0x0000000081700000| Untracked 
|  24|0x0000000081800000, 0x0000000081900000, 0x0000000081900000|100%| O|  |TAMS 0x0000000081900000, 0x0000000081800000| Untracked 
|  25|0x0000000081900000, 0x0000000081a00000, 0x0000000081a00000|100%| O|  |TAMS 0x0000000081a00000, 0x0000000081900000| Untracked 
|  26|0x0000000081a00000, 0x0000000081b00000, 0x0000000081b00000|100%| O|  |TAMS 0x0000000081b00000, 0x0000000081a00000| Untracked 
|  27|0x0000000081b00000, 0x0000000081c00000, 0x0000000081c00000|100%| O|  |TAMS 0x0000000081c00000, 0x0000000081b00000| Untracked 
|  28|0x0000000081c00000, 0x0000000081d00000, 0x0000000081d00000|100%|HS|  |TAMS 0x0000000081d00000, 0x0000000081c00000| Complete 
|  29|0x0000000081d00000, 0x0000000081e00000, 0x0000000081e00000|100%|HC|  |TAMS 0x0000000081e00000, 0x0000000081d00000| Complete 
|  30|0x0000000081e00000, 0x0000000081f00000, 0x0000000081f00000|100%|HS|  |TAMS 0x0000000081f00000, 0x0000000081e00000| Complete 
|  31|0x0000000081f00000, 0x0000000082000000, 0x0000000082000000|100%|HC|  |TAMS 0x0000000082000000, 0x0000000081f00000| Complete 
|  32|0x0000000082000000, 0x0000000082100000, 0x0000000082100000|100%|HC|  |TAMS 0x0000000082100000, 0x0000000082000000| Complete 
|  33|0x0000000082100000, 0x0000000082200000, 0x0000000082200000|100%|HC|  |TAMS 0x0000000082200000, 0x0000000082100000| Complete 
|  34|0x0000000082200000, 0x0000000082300000, 0x0000000082300000|100%| O|  |TAMS 0x0000000082300000, 0x0000000082200000| Untracked 
|  35|0x0000000082300000, 0x0000000082400000, 0x0000000082400000|100%| O|  |TAMS 0x0000000082400000, 0x0000000082300000| Untracked 
|  36|0x0000000082400000, 0x0000000082500000, 0x0000000082500000|100%| O|  |TAMS 0x0000000082500000, 0x0000000082400000| Untracked 
|  37|0x0000000082500000, 0x0000000082600000, 0x0000000082600000|100%| O|  |TAMS 0x00000000825c8a00, 0x0000000082500000| Untracked 
|  38|0x0000000082600000, 0x0000000082700000, 0x0000000082700000|100%| O|  |TAMS 0x0000000082600000, 0x0000000082600000| Untracked 
|  39|0x0000000082700000, 0x0000000082800000, 0x0000000082800000|100%| O|  |TAMS 0x0000000082700000, 0x0000000082700000| Untracked 
|  40|0x0000000082800000, 0x0000000082900000, 0x0000000082900000|100%| O|  |TAMS 0x0000000082800000, 0x0000000082800000| Untracked 
|  41|0x0000000082900000, 0x0000000082a00000, 0x0000000082a00000|100%| O|  |TAMS 0x0000000082900000, 0x0000000082900000| Untracked 
|  42|0x0000000082a00000, 0x0000000082aaac00, 0x0000000082b00000| 66%| O|  |TAMS 0x0000000082a00000, 0x0000000082a00000| Untracked 
|  43|0x0000000082b00000, 0x0000000082b00000, 0x0000000082c00000|  0%| F|  |TAMS 0x0000000082b00000, 0x0000000082b00000| Untracked 
|  44|0x0000000082c00000, 0x0000000082c00000, 0x0000000082d00000|  0%| F|  |TAMS 0x0000000082c00000, 0x0000000082c00000| Untracked 
|  45|0x0000000082d00000, 0x0000000082d00000, 0x0000000082e00000|  0%| F|  |TAMS 0x0000000082d00000, 0x0000000082d00000| Untracked 
|  46|0x0000000082e00000, 0x0000000082e00000, 0x0000000082f00000|  0%| F|  |TAMS 0x0000000082e00000, 0x0000000082e00000| Untracked 
|  47|0x0000000082f00000, 0x0000000082f00000, 0x0000000083000000|  0%| F|  |TAMS 0x0000000082f00000, 0x0000000082f00000| Untracked 
|  48|0x0000000083000000, 0x0000000083000000, 0x0000000083100000|  0%| F|  |TAMS 0x0000000083000000, 0x0000000083000000| Untracked 
|  49|0x0000000083100000, 0x0000000083100000, 0x0000000083200000|  0%| F|  |TAMS 0x0000000083100000, 0x0000000083100000| Untracked 
|  50|0x0000000083200000, 0x0000000083200000, 0x0000000083300000|  0%| F|  |TAMS 0x0000000083200000, 0x0000000083200000| Untracked 
|  51|0x0000000083300000, 0x0000000083300000, 0x0000000083400000|  0%| F|  |TAMS 0x0000000083300000, 0x0000000083300000| Untracked 
|  52|0x0000000083400000, 0x0000000083400000, 0x0000000083500000|  0%| F|  |TAMS 0x0000000083400000, 0x0000000083400000| Untracked 
|  53|0x0000000083500000, 0x0000000083500000, 0x0000000083600000|  0%| F|  |TAMS 0x0000000083500000, 0x0000000083500000| Untracked 
|  54|0x0000000083600000, 0x0000000083600000, 0x0000000083700000|  0%| F|  |TAMS 0x0000000083600000, 0x0000000083600000| Untracked 
|  55|0x0000000083700000, 0x0000000083700000, 0x0000000083800000|  0%| F|  |TAMS 0x0000000083700000, 0x0000000083700000| Untracked 
|  56|0x0000000083800000, 0x00000000838d4a20, 0x0000000083900000| 83%| S|CS|TAMS 0x0000000083800000, 0x0000000083800000| Complete 
|  57|0x0000000083900000, 0x0000000083a00000, 0x0000000083a00000|100%| S|CS|TAMS 0x0000000083900000, 0x0000000083900000| Complete 
|  58|0x0000000083a00000, 0x0000000083a00000, 0x0000000083b00000|  0%| F|  |TAMS 0x0000000083a00000, 0x0000000083a00000| Untracked 
|  59|0x0000000083b00000, 0x0000000083b00000, 0x0000000083c00000|  0%| F|  |TAMS 0x0000000083b00000, 0x0000000083b00000| Untracked 
|  60|0x0000000083c00000, 0x0000000083d00000, 0x0000000083d00000|100%| S|CS|TAMS 0x0000000083c00000, 0x0000000083c00000| Complete 
|  61|0x0000000083d00000, 0x0000000083d00000, 0x0000000083e00000|  0%| F|  |TAMS 0x0000000083d00000, 0x0000000083d00000| Untracked 
|  62|0x0000000083e00000, 0x0000000083e00000, 0x0000000083f00000|  0%| F|  |TAMS 0x0000000083e00000, 0x0000000083e00000| Untracked 
|  63|0x0000000083f00000, 0x0000000083f00000, 0x0000000084000000|  0%| F|  |TAMS 0x0000000083f00000, 0x0000000083f00000| Untracked 
|  64|0x0000000084000000, 0x0000000084000000, 0x0000000084100000|  0%| F|  |TAMS 0x0000000084000000, 0x0000000084000000| Untracked 
|  65|0x0000000084100000, 0x0000000084100000, 0x0000000084200000|  0%| F|  |TAMS 0x0000000084100000, 0x0000000084100000| Untracked 
|  66|0x0000000084200000, 0x0000000084200000, 0x0000000084300000|  0%| F|  |TAMS 0x0000000084200000, 0x0000000084200000| Untracked 
|  67|0x0000000084300000, 0x0000000084300000, 0x0000000084400000|  0%| F|  |TAMS 0x0000000084300000, 0x0000000084300000| Untracked 
|  68|0x0000000084400000, 0x0000000084400000, 0x0000000084500000|  0%| F|  |TAMS 0x0000000084400000, 0x0000000084400000| Untracked 
|  69|0x0000000084500000, 0x0000000084500000, 0x0000000084600000|  0%| F|  |TAMS 0x0000000084500000, 0x0000000084500000| Untracked 
|  70|0x0000000084600000, 0x0000000084600000, 0x0000000084700000|  0%| F|  |TAMS 0x0000000084600000, 0x0000000084600000| Untracked 
|  71|0x0000000084700000, 0x0000000084700000, 0x0000000084800000|  0%| F|  |TAMS 0x0000000084700000, 0x0000000084700000| Untracked 
|  72|0x0000000084800000, 0x0000000084800000, 0x0000000084900000|  0%| F|  |TAMS 0x0000000084800000, 0x0000000084800000| Untracked 
|  73|0x0000000084900000, 0x0000000084900000, 0x0000000084a00000|  0%| F|  |TAMS 0x0000000084900000, 0x0000000084900000| Untracked 
|  74|0x0000000084a00000, 0x0000000084a00000, 0x0000000084b00000|  0%| F|  |TAMS 0x0000000084a00000, 0x0000000084a00000| Untracked 
|  75|0x0000000084b00000, 0x0000000084b77220, 0x0000000084c00000| 46%| E|  |TAMS 0x0000000084b00000, 0x0000000084b00000| Complete 
|  76|0x0000000084c00000, 0x0000000084d00000, 0x0000000084d00000|100%| E|CS|TAMS 0x0000000084c00000, 0x0000000084c00000| Complete 
|  77|0x0000000084d00000, 0x0000000084e00000, 0x0000000084e00000|100%| E|CS|TAMS 0x0000000084d00000, 0x0000000084d00000| Complete 
|  78|0x0000000084e00000, 0x0000000084f00000, 0x0000000084f00000|100%| E|CS|TAMS 0x0000000084e00000, 0x0000000084e00000| Complete 
|  79|0x0000000084f00000, 0x0000000085000000, 0x0000000085000000|100%| E|CS|TAMS 0x0000000084f00000, 0x0000000084f00000| Complete 
|  94|0x0000000085e00000, 0x0000000085f00000, 0x0000000085f00000|100%| E|CS|TAMS 0x0000000085e00000, 0x0000000085e00000| Complete 
|  95|0x0000000085f00000, 0x0000000086000000, 0x0000000086000000|100%| E|CS|TAMS 0x0000000085f00000, 0x0000000085f00000| Complete 
|  96|0x0000000086000000, 0x0000000086100000, 0x0000000086100000|100%| E|CS|TAMS 0x0000000086000000, 0x0000000086000000| Complete 
| 125|0x0000000087d00000, 0x0000000087e00000, 0x0000000087e00000|100%| E|CS|TAMS 0x0000000087d00000, 0x0000000087d00000| Complete 

Card table byte_map: [0x0000027e16f40000,0x0000027e17340000] _byte_map_base: 0x0000027e16b40000

Marking Bits (Prev, Next): (CMBitMap*) 0x0000027e7fc88f50, (CMBitMap*) 0x0000027e7fc88f10
 Prev Bits: [0x0000027e19740000, 0x0000027e1b740000)
 Next Bits: [0x0000027e17740000, 0x0000027e19740000)

Polling page: 0x0000027e7db90000

Metaspace:

Usage:
  Non-class:     41.61 MB used.
      Class:      6.76 MB used.
       Both:     48.37 MB used.

Virtual space:
  Non-class space:       64.00 MB reserved,      41.88 MB ( 65%) committed,  1 nodes.
      Class space:      416.00 MB reserved,       7.00 MB (  2%) committed,  1 nodes.
             Both:      480.00 MB reserved,      48.88 MB ( 10%) committed. 

Chunk freelists:
   Non-Class:  5.80 MB
       Class:  8.83 MB
        Both:  14.62 MB

MaxMetaspaceSize: 512.00 MB
CompressedClassSpaceSize: 416.00 MB
Initial GC threshold: 21.00 MB
Current GC threshold: 76.50 MB
CDS: on
MetaspaceReclaimPolicy: balanced
 - commit_granule_bytes: 65536.
 - commit_granule_words: 8192.
 - virtual_space_node_default_size: 8388608.
 - enlarge_chunks_in_place: 1.
 - new_chunks_are_fully_committed: 0.
 - uncommit_free_chunks: 1.
 - use_allocation_guard: 0.
 - handle_deallocations: 1.


Internal statistics:

num_allocs_failed_limit: 6.
num_arena_births: 644.
num_arena_deaths: 0.
num_vsnodes_births: 2.
num_vsnodes_deaths: 0.
num_space_committed: 782.
num_space_uncommitted: 0.
num_chunks_returned_to_freelist: 6.
num_chunks_taken_from_freelist: 2552.
num_chunk_merges: 6.
num_chunk_splits: 1709.
num_chunks_enlarged: 1164.
num_inconsistent_stats: 0.

CodeHeap 'non-profiled nmethods': size=120000Kb used=2950Kb max_used=3401Kb free=117049Kb
 bounds [0x0000027e0f500000, 0x0000027e0f860000, 0x0000027e16a30000]
CodeHeap 'profiled nmethods': size=120000Kb used=9492Kb max_used=10453Kb free=110507Kb
 bounds [0x0000027e07a30000, 0x0000027e08470000, 0x0000027e0ef60000]
CodeHeap 'non-nmethods': size=5760Kb used=2347Kb max_used=2389Kb free=3412Kb
 bounds [0x0000027e0ef60000, 0x0000027e0f1d0000, 0x0000027e0f500000]
 total_blobs=5694 nmethods=4834 adapters=771
 compilation: enabled
              stopped_count=0, restarted_count=0
 full_count=0

Compilation events (20 events):
Event: 15.118 Thread 0x0000027e1e198060 5602       3       org.codehaus.groovy.reflection.CachedClass::getNewMetaMethods (166 bytes)
Event: 15.118 Thread 0x0000027e1e18e950 nmethod 5600 0x0000027e0f5dca90 code [0x0000027e0f5dcc20, 0x0000027e0f5dcd58]
Event: 15.118 Thread 0x0000027e1e18e950 5601       4       java.lang.Class::privateGetDeclaredMethods (64 bytes)
Event: 15.119 Thread 0x0000027e1e198060 nmethod 5602 0x0000027e07ba5510 code [0x0000027e07ba5880, 0x0000027e07ba7028]
Event: 15.119 Thread 0x0000027e1e198060 5604       3       java.lang.Module::isExported (15 bytes)
Event: 15.120 Thread 0x0000027e1e198060 nmethod 5604 0x0000027e07f74e10 code [0x0000027e07f74fe0, 0x0000027e07f75298]
Event: 15.120 Thread 0x0000027e1e198060 5605       3       groovy.lang.MetaClassImpl::addFields (41 bytes)
Event: 15.120 Thread 0x0000027e1e198060 nmethod 5605 0x0000027e07ac6690 code [0x0000027e07ac6880, 0x0000027e07ac6fb8]
Event: 15.120 Thread 0x0000027e1e198060 5606       3       groovy.lang.MetaMethod::equal (38 bytes)
Event: 15.120 Thread 0x0000027e1e198060 nmethod 5606 0x0000027e07a36590 code [0x0000027e07a36740, 0x0000027e07a369d8]
Event: 15.120 Thread 0x0000027e1e198060 5603       3       groovy.lang.MetaClassImpl::getNewMetaMethods (18 bytes)
Event: 15.121 Thread 0x0000027e1e198060 nmethod 5603 0x0000027e07a7e890 code [0x0000027e07a7ea40, 0x0000027e07a7ec68]
Event: 15.121 Thread 0x0000027e1e198060 5607       3       sun.reflect.misc.ReflectUtil::checkPackageAccess (77 bytes)
Event: 15.124 Thread 0x0000027e1e198060 nmethod 5607 0x0000027e07c19190 code [0x0000027e07c19480, 0x0000027e07c1a2e8]
Event: 15.129 Thread 0x0000027e1e198060 5611       1       org.codehaus.groovy.runtime.metaclass.MetaClassRegistryImpl::getMetaClassCreationHandler (5 bytes)
Event: 15.129 Thread 0x0000027e1e198060 nmethod 5611 0x0000027e0f5dc790 code [0x0000027e0f5dc920, 0x0000027e0f5dc9f8]
Event: 15.131 Thread 0x0000027e1e198060 5612       3       java.util.LinkedList::addFirst (6 bytes)
Event: 15.131 Thread 0x0000027e1e198060 nmethod 5612 0x0000027e07fd0e10 code [0x0000027e07fd0fa0, 0x0000027e07fd10e8]
Event: 15.131 Thread 0x0000027e1e198060 5613       3       java.util.LinkedList::linkFirst (59 bytes)
Event: 15.131 Thread 0x0000027e1e198060 nmethod 5613 0x0000027e07ac5e10 code [0x0000027e07ac5fe0, 0x0000027e07ac6438]

GC Heap History (20 events):
Event: 4.959 GC heap before
{Heap before GC invocations=2 (full 0):
 garbage-first heap   total 129024K, used 86593K [0x0000000080000000, 0x0000000100000000)
  region size 1024K, 75 young (76800K), 3 survivors (3072K)
 Metaspace       used 17072K, committed 17472K, reserved 491520K
  class space    used 2483K, committed 2688K, reserved 425984K
}
Event: 4.966 GC heap after
{Heap after GC invocations=3 (full 0):
 garbage-first heap   total 129024K, used 20919K [0x0000000080000000, 0x0000000100000000)
  region size 1024K, 10 young (10240K), 10 survivors (10240K)
 Metaspace       used 17072K, committed 17472K, reserved 491520K
  class space    used 2483K, committed 2688K, reserved 425984K
}
Event: 5.614 GC heap before
{Heap before GC invocations=3 (full 0):
 garbage-first heap   total 129024K, used 49591K [0x0000000080000000, 0x0000000100000000)
  region size 1024K, 39 young (39936K), 10 survivors (10240K)
 Metaspace       used 21127K, committed 21504K, reserved 491520K
  class space    used 3127K, committed 3328K, reserved 425984K
}
Event: 5.620 GC heap after
{Heap after GC invocations=4 (full 0):
 garbage-first heap   total 129024K, used 23300K [0x0000000080000000, 0x0000000100000000)
  region size 1024K, 3 young (3072K), 3 survivors (3072K)
 Metaspace       used 21127K, committed 21504K, reserved 491520K
  class space    used 3127K, committed 3328K, reserved 425984K
}
Event: 6.607 GC heap before
{Heap before GC invocations=5 (full 0):
 garbage-first heap   total 86016K, used 70404K [0x0000000080000000, 0x0000000100000000)
  region size 1024K, 50 young (51200K), 3 survivors (3072K)
 Metaspace       used 28750K, committed 29120K, reserved 491520K
  class space    used 4028K, committed 4224K, reserved 425984K
}
Event: 6.614 GC heap after
{Heap after GC invocations=6 (full 0):
 garbage-first heap   total 86016K, used 28108K [0x0000000080000000, 0x0000000100000000)
  region size 1024K, 7 young (7168K), 7 survivors (7168K)
 Metaspace       used 28750K, committed 29120K, reserved 491520K
  class space    used 4028K, committed 4224K, reserved 425984K
}
Event: 7.385 GC heap before
{Heap before GC invocations=6 (full 0):
 garbage-first heap   total 86016K, used 64972K [0x0000000080000000, 0x0000000100000000)
  region size 1024K, 41 young (41984K), 7 survivors (7168K)
 Metaspace       used 31847K, committed 32256K, reserved 491520K
  class space    used 4372K, committed 4544K, reserved 425984K
}
Event: 7.394 GC heap after
{Heap after GC invocations=7 (full 0):
 garbage-first heap   total 86016K, used 30603K [0x0000000080000000, 0x0000000100000000)
  region size 1024K, 4 young (4096K), 4 survivors (4096K)
 Metaspace       used 31847K, committed 32256K, reserved 491520K
  class space    used 4372K, committed 4544K, reserved 425984K
}
Event: 10.081 GC heap before
{Heap before GC invocations=7 (full 0):
 garbage-first heap   total 86016K, used 64395K [0x0000000080000000, 0x0000000100000000)
  region size 1024K, 36 young (36864K), 4 survivors (4096K)
 Metaspace       used 34700K, committed 35136K, reserved 491520K
  class space    used 4701K, committed 4864K, reserved 425984K
}
Event: 10.087 GC heap after
{Heap after GC invocations=8 (full 0):
 garbage-first heap   total 86016K, used 32500K [0x0000000080000000, 0x0000000100000000)
  region size 1024K, 3 young (3072K), 3 survivors (3072K)
 Metaspace       used 34700K, committed 35136K, reserved 491520K
  class space    used 4701K, committed 4864K, reserved 425984K
}
Event: 10.262 GC heap before
{Heap before GC invocations=8 (full 0):
 garbage-first heap   total 86016K, used 38644K [0x0000000080000000, 0x0000000100000000)
  region size 1024K, 10 young (10240K), 3 survivors (3072K)
 Metaspace       used 35455K, committed 35968K, reserved 491520K
  class space    used 4835K, committed 5056K, reserved 425984K
}
Event: 10.265 GC heap after
{Heap after GC invocations=9 (full 0):
 garbage-first heap   total 86016K, used 32680K [0x0000000080000000, 0x0000000100000000)
  region size 1024K, 3 young (3072K), 3 survivors (3072K)
 Metaspace       used 35455K, committed 35968K, reserved 491520K
  class space    used 4835K, committed 5056K, reserved 425984K
}
Event: 11.057 GC heap before
{Heap before GC invocations=10 (full 0):
 garbage-first heap   total 86016K, used 65448K [0x0000000080000000, 0x0000000100000000)
  region size 1024K, 35 young (35840K), 3 survivors (3072K)
 Metaspace       used 39373K, committed 39936K, reserved 491520K
  class space    used 5482K, committed 5760K, reserved 425984K
}
Event: 11.061 GC heap after
{Heap after GC invocations=11 (full 0):
 garbage-first heap   total 86016K, used 34269K [0x0000000080000000, 0x0000000100000000)
  region size 1024K, 4 young (4096K), 4 survivors (4096K)
 Metaspace       used 39373K, committed 39936K, reserved 491520K
  class space    used 5482K, committed 5760K, reserved 425984K
}
Event: 12.518 GC heap before
{Heap before GC invocations=11 (full 0):
 garbage-first heap   total 86016K, used 73181K [0x0000000080000000, 0x0000000100000000)
  region size 1024K, 36 young (36864K), 4 survivors (4096K)
 Metaspace       used 42580K, committed 43136K, reserved 491520K
  class space    used 5926K, committed 6208K, reserved 425984K
}
Event: 12.526 GC heap after
{Heap after GC invocations=12 (full 0):
 garbage-first heap   total 86016K, used 43422K [0x0000000080000000, 0x0000000100000000)
  region size 1024K, 5 young (5120K), 5 survivors (5120K)
 Metaspace       used 42580K, committed 43136K, reserved 491520K
  class space    used 5926K, committed 6208K, reserved 425984K
}
Event: 13.732 GC heap before
{Heap before GC invocations=12 (full 0):
 garbage-first heap   total 86016K, used 67998K [0x0000000080000000, 0x0000000100000000)
  region size 1024K, 29 young (29696K), 5 survivors (5120K)
 Metaspace       used 46324K, committed 46912K, reserved 491520K
  class space    used 6449K, committed 6720K, reserved 425984K
}
Event: 13.738 GC heap after
{Heap after GC invocations=13 (full 0):
 garbage-first heap   total 86016K, used 45128K [0x0000000080000000, 0x0000000100000000)
  region size 1024K, 2 young (2048K), 2 survivors (2048K)
 Metaspace       used 46324K, committed 46912K, reserved 491520K
  class space    used 6449K, committed 6720K, reserved 425984K
}
Event: 14.720 GC heap before
{Heap before GC invocations=14 (full 0):
 garbage-first heap   total 86016K, used 67656K [0x0000000080000000, 0x0000000100000000)
  region size 1024K, 25 young (25600K), 2 survivors (2048K)
 Metaspace       used 48662K, committed 49216K, reserved 491520K
  class space    used 6791K, committed 7040K, reserved 425984K
}
Event: 14.729 GC heap after
{Heap after GC invocations=15 (full 0):
 garbage-first heap   total 86016K, used 46201K [0x0000000080000000, 0x0000000100000000)
  region size 1024K, 3 young (3072K), 3 survivors (3072K)
 Metaspace       used 48662K, committed 49216K, reserved 491520K
  class space    used 6791K, committed 7040K, reserved 425984K
}

Dll operation events (12 events):
Event: 0.008 Loaded shared library C:\Users\Kriti Sharma\AppData\Local\Programs\Eclipse Adoptium\jdk-17.0.8.7-hotspot\bin\java.dll
Event: 0.026 Loaded shared library C:\Users\Kriti Sharma\AppData\Local\Programs\Eclipse Adoptium\jdk-17.0.8.7-hotspot\bin\jsvml.dll
Event: 0.061 Loaded shared library C:\Users\Kriti Sharma\AppData\Local\Programs\Eclipse Adoptium\jdk-17.0.8.7-hotspot\bin\net.dll
Event: 0.062 Loaded shared library C:\Users\Kriti Sharma\AppData\Local\Programs\Eclipse Adoptium\jdk-17.0.8.7-hotspot\bin\nio.dll
Event: 0.066 Loaded shared library C:\Users\Kriti Sharma\AppData\Local\Programs\Eclipse Adoptium\jdk-17.0.8.7-hotspot\bin\zip.dll
Event: 0.213 Loaded shared library C:\Users\Kriti Sharma\AppData\Local\Programs\Eclipse Adoptium\jdk-17.0.8.7-hotspot\bin\jimage.dll
Event: 0.277 Loaded shared library C:\Users\Kriti Sharma\AppData\Local\Programs\Eclipse Adoptium\jdk-17.0.8.7-hotspot\bin\verify.dll
Event: 0.452 Loaded shared library C:\Users\Kriti Sharma\.gradle\native\68d5fa5c4cc2d200863cafc0d521ce42e7d3e7ee720ec0a83991735586a16f82\windows-amd64\native-platform.dll
Event: 0.461 Loaded shared library C:\Users\Kriti Sharma\.gradle\native\e376f236ea51e6404a007f0833ffe2c6e607c4080706a723a18a27aeea778392\windows-amd64\native-platform-file-events.dll
Event: 1.431 Loaded shared library C:\Users\Kriti Sharma\AppData\Local\Programs\Eclipse Adoptium\jdk-17.0.8.7-hotspot\bin\management.dll
Event: 1.434 Loaded shared library C:\Users\Kriti Sharma\AppData\Local\Programs\Eclipse Adoptium\jdk-17.0.8.7-hotspot\bin\management_ext.dll
Event: 1.908 Loaded shared library C:\Users\Kriti Sharma\AppData\Local\Programs\Eclipse Adoptium\jdk-17.0.8.7-hotspot\bin\sunmscapi.dll

Deoptimization events (20 events):
Event: 14.885 Thread 0x0000027e3e523210 Uncommon trap: trap_request=0xffffffde fr.pc=0x0000027e0f5e4848 relative=0x0000000000005908
Event: 14.885 Thread 0x0000027e3e523210 Uncommon trap: reason=class_check action=maybe_recompile pc=0x0000027e0f5e4848 method=com.google.common.reflect.TypeVisitor.visit([Ljava/lang/reflect/Type;)V @ 99 c2
Event: 14.886 Thread 0x0000027e3e523210 DEOPT PACKING pc=0x0000027e0f5e4848 sp=0x0000008ee91f59d0
Event: 14.886 Thread 0x0000027e3e523210 DEOPT UNPACKING pc=0x0000027e0efba1a3 sp=0x0000008ee91f59f0 mode 2
Event: 14.886 Thread 0x0000027e3e523210 Uncommon trap: trap_request=0xffffffde fr.pc=0x0000027e0f5e5e18 relative=0x0000000000006ed8
Event: 14.886 Thread 0x0000027e3e523210 Uncommon trap: reason=class_check action=maybe_recompile pc=0x0000027e0f5e5e18 method=com.google.common.reflect.TypeVisitor.visit([Ljava/lang/reflect/Type;)V @ 96 c2
Event: 14.886 Thread 0x0000027e3e523210 DEOPT PACKING pc=0x0000027e0f5e5e18 sp=0x0000008ee91f59d0
Event: 14.886 Thread 0x0000027e3e523210 DEOPT UNPACKING pc=0x0000027e0efba1a3 sp=0x0000008ee91f59f0 mode 2
Event: 14.886 Thread 0x0000027e3e523210 Uncommon trap: trap_request=0xffffffde fr.pc=0x0000027e0f5e5e18 relative=0x0000000000006ed8
Event: 14.886 Thread 0x0000027e3e523210 Uncommon trap: reason=class_check action=maybe_recompile pc=0x0000027e0f5e5e18 method=com.google.common.reflect.TypeVisitor.visit([Ljava/lang/reflect/Type;)V @ 96 c2
Event: 14.886 Thread 0x0000027e3e523210 DEOPT PACKING pc=0x0000027e0f5e5e18 sp=0x0000008ee91f5970
Event: 14.886 Thread 0x0000027e3e523210 DEOPT UNPACKING pc=0x0000027e0efba1a3 sp=0x0000008ee91f5990 mode 2
Event: 14.899 Thread 0x0000027e3e523210 Uncommon trap: trap_request=0xffffffc6 fr.pc=0x0000027e0f70a010 relative=0x0000000000003ab0
Event: 14.899 Thread 0x0000027e3e523210 Uncommon trap: reason=bimorphic_or_optimized_type_check action=maybe_recompile pc=0x0000027e0f70a010 method=java.util.AbstractCollection.addAll(Ljava/util/Collection;)Z @ 29 c2
Event: 14.899 Thread 0x0000027e3e523210 DEOPT PACKING pc=0x0000027e0f70a010 sp=0x0000008ee91f6a80
Event: 14.899 Thread 0x0000027e3e523210 DEOPT UNPACKING pc=0x0000027e0efba1a3 sp=0x0000008ee91f6a70 mode 2
Event: 14.907 Thread 0x0000027e3e523210 Uncommon trap: trap_request=0xffffffc6 fr.pc=0x0000027e0f70a010 relative=0x0000000000003ab0
Event: 14.907 Thread 0x0000027e3e523210 Uncommon trap: reason=bimorphic_or_optimized_type_check action=maybe_recompile pc=0x0000027e0f70a010 method=java.util.AbstractCollection.addAll(Ljava/util/Collection;)Z @ 29 c2
Event: 14.907 Thread 0x0000027e3e523210 DEOPT PACKING pc=0x0000027e0f70a010 sp=0x0000008ee91f6a80
Event: 14.907 Thread 0x0000027e3e523210 DEOPT UNPACKING pc=0x0000027e0efba1a3 sp=0x0000008ee91f6a70 mode 2

Classes unloaded (0 events):
No events

Classes redefined (0 events):
No events

Internal exceptions (20 events):
Event: 14.397 Thread 0x0000027e3e523210 Exception <a 'java/lang/ClassNotFoundException'{0x00000000843c2d80}: org/gradle/api/plugins/internal/DefaultBasePluginConvention_DecoratedCustomizer> (0x00000000843c2d80) 
thrown [s\src\hotspot\share\classfile\systemDictionary.cpp, line 256]
Event: 14.402 Thread 0x0000027e3e523210 Exception <a 'java/lang/ClassNotFoundException'{0x00000000842366c0}: org/gradle/api/plugins/internal/DefaultJavaPluginConvention_DecoratedBeanInfo> (0x00000000842366c0) 
thrown [s\src\hotspot\share\classfile\systemDictionary.cpp, line 256]
Event: 14.403 Thread 0x0000027e3e523210 Exception <a 'java/lang/ClassNotFoundException'{0x0000000084250838}: org/gradle/api/plugins/internal/DefaultJavaPluginConventionBeanInfo> (0x0000000084250838) 
thrown [s\src\hotspot\share\classfile\systemDictionary.cpp, line 256]
Event: 14.403 Thread 0x0000027e3e523210 Exception <a 'java/lang/ClassNotFoundException'{0x000000008426a3c0}: org/gradle/api/plugins/JavaPluginConventionBeanInfo> (0x000000008426a3c0) 
thrown [s\src\hotspot\share\classfile\systemDictionary.cpp, line 256]
Event: 14.404 Thread 0x0000027e3e523210 Exception <a 'java/lang/ClassNotFoundException'{0x0000000084284178}: org/gradle/api/plugins/JavaPluginConventionCustomizer> (0x0000000084284178) 
thrown [s\src\hotspot\share\classfile\systemDictionary.cpp, line 256]
Event: 14.405 Thread 0x0000027e3e523210 Exception <a 'java/lang/ClassNotFoundException'{0x00000000842b2070}: org/gradle/api/plugins/internal/DefaultJavaPluginConventionCustomizer> (0x00000000842b2070) 
thrown [s\src\hotspot\share\classfile\systemDictionary.cpp, line 256]
Event: 14.408 Thread 0x0000027e3e523210 Exception <a 'java/lang/ClassNotFoundException'{0x00000000842f2b38}: org/gradle/api/plugins/internal/DefaultJavaPluginConvention_DecoratedCustomizer> (0x00000000842f2b38) 
thrown [s\src\hotspot\share\classfile\systemDictionary.cpp, line 256]
Event: 14.837 Thread 0x0000027e3e523210 Exception <a 'java/lang/NoSuchMethodError'{0x00000000860c8a78}: 'int java.lang.invoke.DirectMethodHandle$Holder.invokeInterface(java.lang.Object, java.lang.Object, java.lang.Object, java.lang.Object)'> (0x00000000860c8a78) 
thrown [s\src\hotspot\share\interpreter\linkResolver.cpp, line 759]
Event: 15.109 Thread 0x0000027e3e523210 Exception <a 'java/lang/ClassNotFoundException'{0x0000000084d65cf8}: org/jetbrains/kotlin/gradle/targets/js/npm/DefaultNpmDependencyExtensionBeanInfo> (0x0000000084d65cf8) 
thrown [s\src\hotspot\share\classfile\systemDictionary.cpp, line 256]
Event: 15.109 Thread 0x0000027e3e523210 Exception <a 'java/lang/ClassNotFoundException'{0x0000000084d70e40}: org/jetbrains/kotlin/gradle/targets/js/npm/DefaultNpmDependencyExtensionCustomizer> (0x0000000084d70e40) 
thrown [s\src\hotspot\share\classfile\systemDictionary.cpp, line 256]
Event: 15.118 Thread 0x0000027e3e523210 Exception <a 'java/lang/ClassNotFoundException'{0x0000000084dde5b0}: org/jetbrains/kotlin/gradle/targets/js/npm/NpmDependencyExtensionKt$defaultNpmDependencyDelegate$1BeanInfo> (0x0000000084dde5b0) 
thrown [s\src\hotspot\share\classfile\systemDictionary.cpp, line 256]
Event: 15.118 Thread 0x0000027e3e523210 Exception <a 'java/lang/ClassNotFoundException'{0x0000000084de9a40}: org/jetbrains/kotlin/gradle/targets/js/npm/NpmDependencyExtensionDelegateBeanInfo> (0x0000000084de9a40) 
thrown [s\src\hotspot\share\classfile\systemDictionary.cpp, line 256]
Event: 15.118 Thread 0x0000027e3e523210 Exception <a 'java/lang/ClassNotFoundException'{0x0000000084df4b98}: org/jetbrains/kotlin/gradle/targets/js/npm/NpmDependencyExtensionDelegateCustomizer> (0x0000000084df4b98) 
thrown [s\src\hotspot\share\classfile\systemDictionary.cpp, line 256]
Event: 15.119 Thread 0x0000027e3e523210 Exception <a 'java/lang/ClassNotFoundException'{0x0000000084c194d8}: org/jetbrains/kotlin/gradle/targets/js/npm/NpmDependencyExtensionKt$defaultNpmDependencyDelegate$1Customizer> (0x0000000084c194d8) 
thrown [s\src\hotspot\share\classfile\systemDictionary.cpp, line 256]
Event: 15.122 Thread 0x0000027e3e523210 Exception <a 'java/lang/ClassNotFoundException'{0x0000000084c4ff58}: org/jetbrains/kotlin/gradle/targets/js/npm/DefaultDevNpmDependencyExtensionBeanInfo> (0x0000000084c4ff58) 
thrown [s\src\hotspot\share\classfile\systemDictionary.cpp, line 256]
Event: 15.123 Thread 0x0000027e3e523210 Exception <a 'java/lang/ClassNotFoundException'{0x0000000084c5b0b8}: org/jetbrains/kotlin/gradle/targets/js/npm/DefaultDevNpmDependencyExtensionCustomizer> (0x0000000084c5b0b8) 
thrown [s\src\hotspot\share\classfile\systemDictionary.cpp, line 256]
Event: 15.127 Thread 0x0000027e3e523210 Exception <a 'java/lang/ClassNotFoundException'{0x0000000084c95668}: org/jetbrains/kotlin/gradle/targets/js/npm/DefaultPeerNpmDependencyExtensionBeanInfo> (0x0000000084c95668) 
thrown [s\src\hotspot\share\classfile\systemDictionary.cpp, line 256]
Event: 15.127 Thread 0x0000027e3e523210 Exception <a 'java/lang/ClassNotFoundException'{0x0000000084ca07d8}: org/jetbrains/kotlin/gradle/targets/js/npm/DefaultPeerNpmDependencyExtensionCustomizer> (0x0000000084ca07d8) 
thrown [s\src\hotspot\share\classfile\systemDictionary.cpp, line 256]
Event: 15.130 Thread 0x0000027e3e523210 Exception <a 'java/lang/ClassNotFoundException'{0x0000000084ce0d20}: org/jetbrains/kotlin/gradle/targets/js/npm/DefaultPeerNpmDependencyExtension$delegate$1BeanInfo> (0x0000000084ce0d20) 
thrown [s\src\hotspot\share\classfile\systemDictionary.cpp, line 256]
Event: 15.131 Thread 0x0000027e3e523210 Exception <a 'java/lang/ClassNotFoundException'{0x0000000084cec1a0}: org/jetbrains/kotlin/gradle/targets/js/npm/DefaultPeerNpmDependencyExtension$delegate$1Customizer> (0x0000000084cec1a0) 
thrown [s\src\hotspot\share\classfile\systemDictionary.cpp, line 256]

VM Operations (20 events):
Event: 12.785 Executing VM operation: HandshakeAllThreads
Event: 12.786 Executing VM operation: HandshakeAllThreads done
Event: 12.826 Executing VM operation: HandshakeAllThreads
Event: 12.826 Executing VM operation: HandshakeAllThreads done
Event: 12.847 Executing VM operation: HandshakeAllThreads
Event: 12.847 Executing VM operation: HandshakeAllThreads done
Event: 13.295 Executing VM operation: ICBufferFull
Event: 13.295 Executing VM operation: ICBufferFull done
Event: 13.732 Executing VM operation: G1CollectForAllocation
Event: 13.738 Executing VM operation: G1CollectForAllocation done
Event: 13.780 Executing VM operation: G1PauseRemark
Event: 13.788 Executing VM operation: G1PauseRemark done
Event: 13.807 Executing VM operation: G1PauseCleanup
Event: 13.808 Executing VM operation: G1PauseCleanup done
Event: 14.720 Executing VM operation: G1CollectForAllocation
Event: 14.729 Executing VM operation: G1CollectForAllocation done
Event: 14.806 Executing VM operation: HandshakeAllThreads
Event: 14.806 Executing VM operation: HandshakeAllThreads done
Event: 14.835 Executing VM operation: HandshakeAllThreads
Event: 14.836 Executing VM operation: HandshakeAllThreads done

Events (20 events):
Event: 13.773 loading class javax/management/InstanceNotFoundException done
Event: 13.773 loading class javax/management/ReflectionException
Event: 13.773 loading class javax/management/ReflectionException done
Event: 13.773 loading class javax/management/MalformedObjectNameException
Event: 13.773 loading class javax/management/MalformedObjectNameException done
Event: 13.774 loading class javax/management/MBeanException
Event: 13.774 loading class javax/management/MBeanException done
Event: 13.774 loading class javax/management/AttributeNotFoundException
Event: 13.775 loading class javax/management/AttributeNotFoundException done
Event: 13.778 loading class sun/reflect/misc/MethodUtil
Event: 13.780 loading class sun/reflect/misc/MethodUtil done
Event: 13.788 loading class sun/reflect/misc/MethodUtil$1
Event: 13.788 loading class sun/reflect/misc/MethodUtil$1 done
Event: 13.801 Thread 0x0000027e4278b780 Thread added: 0x0000027e4278b780
Event: 13.810 loading class java/lang/Byte$ByteCache
Event: 13.811 loading class java/lang/Byte$ByteCache done
Event: 13.866 Thread 0x0000027e3f4c6450 Thread exited: 0x0000027e3f4c6450
Event: 13.866 Thread 0x0000027e3f8e2510 Thread exited: 0x0000027e3f8e2510
Event: 13.923 loading class java/util/regex/Pattern$SliceI
Event: 13.925 loading class java/util/regex/Pattern$SliceI done


Dynamic libraries:
0x00007ff6b3030000 - 0x00007ff6b303e000 	C:\Users\Kriti Sharma\AppData\Local\Programs\Eclipse Adoptium\jdk-17.0.8.7-hotspot\bin\java.exe
0x00007ffe75ed0000 - 0x00007ffe760c8000 	C:\Windows\SYSTEM32\ntdll.dll
0x00007ffe74d90000 - 0x00007ffe74e4f000 	C:\Windows\System32\KERNEL32.DLL
0x00007ffe73b90000 - 0x00007ffe73e86000 	C:\Windows\System32\KERNELBASE.dll
0x00007ffe73920000 - 0x00007ffe73a20000 	C:\Windows\System32\ucrtbase.dll
0x00007ffe346c0000 - 0x00007ffe346d9000 	C:\Users\Kriti Sharma\AppData\Local\Programs\Eclipse Adoptium\jdk-17.0.8.7-hotspot\bin\VCRUNTIME140.dll
0x00007ffe346e0000 - 0x00007ffe346f7000 	C:\Users\Kriti Sharma\AppData\Local\Programs\Eclipse Adoptium\jdk-17.0.8.7-hotspot\bin\jli.dll
0x00007ffe74ab0000 - 0x00007ffe74c4d000 	C:\Windows\System32\USER32.dll
0x00007ffe73f00000 - 0x00007ffe73f22000 	C:\Windows\System32\win32u.dll
0x00007ffe5e6a0000 - 0x00007ffe5e93a000 	C:\Windows\WinSxS\amd64_microsoft.windows.common-controls_6595b64144ccf1df_6.0.19041.1110_none_60b5254171f9507e\COMCTL32.dll
0x00007ffe75db0000 - 0x00007ffe75ddc000 	C:\Windows\System32\GDI32.dll
0x00007ffe73a70000 - 0x00007ffe73b85000 	C:\Windows\System32\gdi32full.dll
0x00007ffe75de0000 - 0x00007ffe75e7e000 	C:\Windows\System32\msvcrt.dll
0x00007ffe73640000 - 0x00007ffe736dd000 	C:\Windows\System32\msvcp_win.dll
0x00007ffe75790000 - 0x00007ffe757c0000 	C:\Windows\System32\IMM32.DLL
0x00007ffe21390000 - 0x00007ffe2139c000 	C:\Users\Kriti Sharma\AppData\Local\Programs\Eclipse Adoptium\jdk-17.0.8.7-hotspot\bin\vcruntime140_1.dll
0x00007ffe1c510000 - 0x00007ffe1c5a1000 	C:\Users\Kriti Sharma\AppData\Local\Programs\Eclipse Adoptium\jdk-17.0.8.7-hotspot\bin\msvcp140.dll
0x00007ffdf4830000 - 0x00007ffdf547c000 	C:\Users\Kriti Sharma\AppData\Local\Programs\Eclipse Adoptium\jdk-17.0.8.7-hotspot\bin\server\jvm.dll
0x00007ffe75550000 - 0x00007ffe755ff000 	C:\Windows\System32\ADVAPI32.dll
0x00007ffe75600000 - 0x00007ffe7569c000 	C:\Windows\System32\sechost.dll
0x00007ffe751b0000 - 0x00007ffe752d6000 	C:\Windows\System32\RPCRT4.dll
0x00007ffe72b60000 - 0x00007ffe72bab000 	C:\Windows\SYSTEM32\POWRPROF.dll
0x00007ffe609c0000 - 0x00007ffe609e7000 	C:\Windows\SYSTEM32\WINMM.dll
0x00007ffe36c10000 - 0x00007ffe36c19000 	C:\Windows\SYSTEM32\WSOCK32.dll
0x00007ffe6ca60000 - 0x00007ffe6ca6a000 	C:\Windows\SYSTEM32\VERSION.dll
0x00007ffe75d40000 - 0x00007ffe75dab000 	C:\Windows\System32\WS2_32.dll
0x00007ffe729d0000 - 0x00007ffe729e2000 	C:\Windows\SYSTEM32\UMPDC.dll
0x00007ffe71de0000 - 0x00007ffe71df2000 	C:\Windows\SYSTEM32\kernel.appcore.dll
0x00007ffe21250000 - 0x00007ffe2125a000 	C:\Users\Kriti Sharma\AppData\Local\Programs\Eclipse Adoptium\jdk-17.0.8.7-hotspot\bin\jimage.dll
0x00007ffe711e0000 - 0x00007ffe713c4000 	C:\Windows\SYSTEM32\DBGHELP.DLL
0x00007ffe5fa90000 - 0x00007ffe5fac4000 	C:\Windows\SYSTEM32\dbgcore.DLL
0x00007ffe735b0000 - 0x00007ffe73632000 	C:\Windows\System32\bcryptPrimitives.dll
0x00007ffe1d0a0000 - 0x00007ffe1d0c5000 	C:\Users\Kriti Sharma\AppData\Local\Programs\Eclipse Adoptium\jdk-17.0.8.7-hotspot\bin\java.dll
0x00007ffdf4750000 - 0x00007ffdf4826000 	C:\Users\Kriti Sharma\AppData\Local\Programs\Eclipse Adoptium\jdk-17.0.8.7-hotspot\bin\jsvml.dll
0x00007ffe74240000 - 0x00007ffe74984000 	C:\Windows\System32\SHELL32.dll
0x00007ffe71630000 - 0x00007ffe71dc3000 	C:\Windows\SYSTEM32\windows.storage.dll
0x00007ffe74e50000 - 0x00007ffe751a4000 	C:\Windows\System32\combase.dll
0x00007ffe72ff0000 - 0x00007ffe7301e000 	C:\Windows\SYSTEM32\Wldp.dll
0x00007ffe74060000 - 0x00007ffe7410d000 	C:\Windows\System32\SHCORE.dll
0x00007ffe756a0000 - 0x00007ffe756f5000 	C:\Windows\System32\shlwapi.dll
0x00007ffe734e0000 - 0x00007ffe73505000 	C:\Windows\SYSTEM32\profapi.dll
0x00007ffe1d080000 - 0x00007ffe1d099000 	C:\Users\Kriti Sharma\AppData\Local\Programs\Eclipse Adoptium\jdk-17.0.8.7-hotspot\bin\net.dll
0x00007ffe67bf0000 - 0x00007ffe67cfa000 	C:\Windows\SYSTEM32\WINHTTP.dll
0x00007ffe72d50000 - 0x00007ffe72dba000 	C:\Windows\system32\mswsock.dll
0x00007ffe1cac0000 - 0x00007ffe1cad5000 	C:\Users\Kriti Sharma\AppData\Local\Programs\Eclipse Adoptium\jdk-17.0.8.7-hotspot\bin\nio.dll
0x00007ffe1caa0000 - 0x00007ffe1cab8000 	C:\Users\Kriti Sharma\AppData\Local\Programs\Eclipse Adoptium\jdk-17.0.8.7-hotspot\bin\zip.dll
0x00007ffe20cc0000 - 0x00007ffe20cd0000 	C:\Users\Kriti Sharma\AppData\Local\Programs\Eclipse Adoptium\jdk-17.0.8.7-hotspot\bin\verify.dll
0x00007ffe1c9e0000 - 0x00007ffe1ca07000 	C:\Users\Kriti Sharma\.gradle\native\68d5fa5c4cc2d200863cafc0d521ce42e7d3e7ee720ec0a83991735586a16f82\windows-amd64\native-platform.dll
0x00007ffdf4600000 - 0x00007ffdf4744000 	C:\Users\Kriti Sharma\.gradle\native\e376f236ea51e6404a007f0833ffe2c6e607c4080706a723a18a27aeea778392\windows-amd64\native-platform-file-events.dll
0x00007ffe20ac0000 - 0x00007ffe20ac9000 	C:\Users\Kriti Sharma\AppData\Local\Programs\Eclipse Adoptium\jdk-17.0.8.7-hotspot\bin\management.dll
0x00007ffe1d840000 - 0x00007ffe1d84b000 	C:\Users\Kriti Sharma\AppData\Local\Programs\Eclipse Adoptium\jdk-17.0.8.7-hotspot\bin\management_ext.dll
0x00007ffe75e80000 - 0x00007ffe75e88000 	C:\Windows\System32\PSAPI.DLL
0x00007ffe72f40000 - 0x00007ffe72f58000 	C:\Windows\SYSTEM32\CRYPTSP.dll
0x00007ffe725f0000 - 0x00007ffe72624000 	C:\Windows\system32\rsaenh.dll
0x00007ffe736e0000 - 0x00007ffe73707000 	C:\Windows\System32\bcrypt.dll
0x00007ffe734a0000 - 0x00007ffe734ce000 	C:\Windows\SYSTEM32\USERENV.dll
0x00007ffe72f60000 - 0x00007ffe72f6c000 	C:\Windows\SYSTEM32\CRYPTBASE.dll
0x00007ffe729f0000 - 0x00007ffe72a2b000 	C:\Windows\SYSTEM32\IPHLPAPI.DLL
0x00007ffe757c0000 - 0x00007ffe757c8000 	C:\Windows\System32\NSI.dll
0x00007ffe683a0000 - 0x00007ffe683b7000 	C:\Windows\SYSTEM32\dhcpcsvc6.DLL
0x00007ffe69a50000 - 0x00007ffe69a6d000 	C:\Windows\SYSTEM32\dhcpcsvc.DLL
0x00007ffe72a40000 - 0x00007ffe72b0a000 	C:\Windows\SYSTEM32\DNSAPI.dll
0x00007ffe1d660000 - 0x00007ffe1d66e000 	C:\Users\Kriti Sharma\AppData\Local\Programs\Eclipse Adoptium\jdk-17.0.8.7-hotspot\bin\sunmscapi.dll
0x00007ffe73710000 - 0x00007ffe7386e000 	C:\Windows\System32\CRYPT32.dll
0x00007ffe73060000 - 0x00007ffe73088000 	C:\Windows\SYSTEM32\ncrypt.dll
0x00007ffe73020000 - 0x00007ffe7305b000 	C:\Windows\SYSTEM32\NTASN1.dll
0x00007ffe56ca0000 - 0x00007ffe56ca7000 	C:\Windows\system32\wshunix.dll

dbghelp: loaded successfully - version: 4.0.5 - missing functions: none
symbol engine: initialized successfully - sym options: 0x614 - pdb path: .;C:\Users\Kriti Sharma\AppData\Local\Programs\Eclipse Adoptium\jdk-17.0.8.7-hotspot\bin;C:\Windows\SYSTEM32;C:\Windows\WinSxS\amd64_microsoft.windows.common-controls_6595b64144ccf1df_6.0.19041.1110_none_60b5254171f9507e;C:\Users\Kriti Sharma\AppData\Local\Programs\Eclipse Adoptium\jdk-17.0.8.7-hotspot\bin\server;C:\Users\Kriti Sharma\.gradle\native\68d5fa5c4cc2d200863cafc0d521ce42e7d3e7ee720ec0a83991735586a16f82\windows-amd64;C:\Users\Kriti Sharma\.gradle\native\e376f236ea51e6404a007f0833ffe2c6e607c4080706a723a18a27aeea778392\windows-amd64

VM Arguments:
jvm_args: -XX:MaxMetaspaceSize=512m --add-opens=java.base/java.util=ALL-UNNAMED --add-opens=java.base/java.lang=ALL-UNNAMED --add-opens=java.base/java.lang.invoke=ALL-UNNAMED --add-opens=java.prefs/java.util.prefs=ALL-UNNAMED --add-opens=java.base/java.nio.charset=ALL-UNNAMED --add-opens=java.base/java.net=ALL-UNNAMED --add-opens=java.base/java.util.concurrent.atomic=ALL-UNNAMED -Xmx2048m -Dfile.encoding=windows-1252 -Duser.country=IN -Duser.language=en -Duser.variant 
java_command: org.gradle.launcher.daemon.bootstrap.GradleDaemon 8.0.1
java_class_path (initial): C:\Users\Kriti Sharma\.gradle\wrapper\dists\gradle-8.0.1-all\aro4hu1c3oeioove7l0i4i14o\gradle-8.0.1\lib\gradle-launcher-8.0.1.jar
Launcher Type: SUN_STANDARD

[Global flags]
     intx CICompilerCount                          = 4                                         {product} {ergonomic}
   size_t CompressedClassSpaceSize                 = 436207616                                 {product} {ergonomic}
     uint ConcGCThreads                            = 2                                         {product} {ergonomic}
     uint G1ConcRefinementThreads                  = 8                                         {product} {ergonomic}
   size_t G1HeapRegionSize                         = 1048576                                   {product} {ergonomic}
    uintx GCDrainStackTargetSize                   = 64                                        {product} {ergonomic}
   size_t InitialHeapSize                          = 132120576                                 {product} {ergonomic}
   size_t MarkStackSize                            = 4194304                                   {product} {ergonomic}
   size_t MaxHeapSize                              = 2147483648                                {product} {command line}
   size_t MaxMetaspaceSize                         = 536870912                                 {product} {command line}
   size_t MaxNewSize                               = 1287651328                                {product} {ergonomic}
   size_t MinHeapDeltaBytes                        = 1048576                                   {product} {ergonomic}
   size_t MinHeapSize                              = 8388608                                   {product} {ergonomic}
    uintx NonNMethodCodeHeapSize                   = 5839372                                {pd product} {ergonomic}
    uintx NonProfiledCodeHeapSize                  = 122909434                              {pd product} {ergonomic}
    uintx ProfiledCodeHeapSize                     = 122909434                              {pd product} {ergonomic}
    uintx ReservedCodeCacheSize                    = 251658240                              {pd product} {ergonomic}
     bool SegmentedCodeCache                       = true                                      {product} {ergonomic}
   size_t SoftMaxHeapSize                          = 2147483648                             {manageable} {ergonomic}
     bool UseCompressedClassPointers               = true                           {product lp64_product} {ergonomic}
     bool UseCompressedOops                        = true                           {product lp64_product} {ergonomic}
     bool UseG1GC                                  = true                                      {product} {ergonomic}
     bool UseLargePagesIndividualAllocation        = false                                  {pd product} {ergonomic}

Logging:
Log output configuration:
 #0: stdout all=warning uptime,level,tags
 #1: stderr all=off uptime,level,tags

Environment Variables:
JAVA_HOME=C:\Users\Kriti Sharma\AppData\Local\Programs\Eclipse Adoptium\jdk-17.0.8.7-hotspot\
CLASSPATH=D:\react project\AwesomeProject01\android\\gradle\wrapper\gradle-wrapper.jar
PATH=D:\react project\AwesomeProject01\node_modules\.bin;D:\react project\AwesomeProject01\node_modules\.bin;D:\react project\node_modules\.bin;D:\node_modules\.bin;C:\Program Files\nodejs\node_modules\npm\node_modules\@npmcli\run-script\lib\node-gyp-bin;C:\Python311\Scripts\;C:\Python311\;C:\Windows\system32;C:\Windows;C:\Windows\System32\Wbem;C:\Windows\System32\WindowsPowerShell\v1.0\;C:\Windows\System32\OpenSSH\;C:\Program Files\Git\cmd;C:\ProgramData\chocolatey\bin;C:\Program Files\nodejs\;C:\Program Files\MySQL\MySQL Shell 8.0\bin\;C:\Users\Kriti Sharma\AppData\Local\Programs\Eclipse Adoptium\jdk-17.0.8.7-hotspot\bin;C:\Users\Kriti Sharma\AppData\Local\Microsoft\WindowsApps;C:\Users\Kriti Sharma\AppData\Local\Programs\Microsoft VS Code\bin;C:\Users\Kriti Sharma\AppData\Roaming\npm;C:\Users\Kriti Sharma\AppData\Local\Android\Sdk\platform-tools;C:\Users\Kriti Sharma\AppData\Local\Android\Sdk\emulator;C:\Users\Kriti Sharma\AppData\Local\Android\Sdk\tools;C:\Users\Kriti Sharma\AppData\Local\Android\Sdk\tools\bin;
USERNAME=Kriti Sharma
OS=Windows_NT
PROCESSOR_IDENTIFIER=Intel64 Family 6 Model 126 Stepping 5, GenuineIntel
TMP=C:\Users\KRITIS~1\AppData\Local\Temp
TEMP=C:\Users\KRITIS~1\AppData\Local\Temp



---------------  S Y S T E M  ---------------

OS:
 Windows 10 , 64 bit Build 19041 (10.0.19041.3155)
OS uptime: 0 days 2:39 hours

CPU: total 8 (initial active 8) (4 cores per cpu, 2 threads per core) family 6 model 126 stepping 5 microcode 0xb8, cx8, cmov, fxsr, ht, mmx, 3dnowpref, sse, sse2, sse3, ssse3, sse4.1, sse4.2, popcnt, lzcnt, tsc, tscinvbit, avx, avx2, aes, erms, clmul, bmi1, bmi2, adx, avx512f, avx512dq, avx512cd, avx512bw, avx512vl, sha, fma, vzeroupper, avx512_vpopcntdq, avx512_vpclmulqdq, avx512_vaes, avx512_vnni, clflush, clflushopt, avx512_vbmi2, avx512_vbmi
Processor Information for all 8 processors :
  Max Mhz: 1190, Current Mhz: 991, Mhz Limit: 987

Memory: 4k page, system-wide physical 7959M (200M free)
TotalPageFile size 13959M (AvailPageFile size 0M)
current process WorkingSet (physical memory assigned to process): 235M, peak: 262M
current process commit charge ("private bytes"): 295M, peak: 308M

vm_info: OpenJDK 64-Bit Server VM (17.0.8+7) for windows-amd64 JRE (17.0.8+7), built on Jul 18 2023 21:02:32 by "admin" with MS VC++ 16.7 (VS2019)

END.
