#
# There is insufficient memory for the Java Runtime Environment to continue.
# Native memory allocation (malloc) failed to allocate 808 bytes for AllocateHeap
# Possible reasons:
#   The system is out of physical RAM or swap space
#   The process is running with CompressedOops enabled, and the Java Heap may be blocking the growth of the native heap
# Possible solutions:
#   Reduce memory load on the system
#   Increase physical memory or swap space
#   Check if swap backing store is full
#   Decrease Java heap size (-Xmx/-Xms)
#   Decrease number of Java threads
#   Decrease Java thread stack sizes (-Xss)
#   Set larger code cache with -XX:ReservedCodeCacheSize=
#   JVM is running with Unscaled Compressed Oops mode in which the Java heap is
#     placed in the first 4GB address space. The Java Heap base address is the
#     maximum limit for the native heap growth. Please use -XX:HeapBaseMinAddress
#     to set the Java Heap base and to place the Java Heap above 4GB virtual address.
# This output file may be truncated or incomplete.
#
#  Out of Memory Error (allocation.cpp:44), pid=6492, tid=6332
#
# JRE version: OpenJDK Runtime Environment Temurin-17.0.8+7 (17.0.8+7) (build 17.0.8+7)
# Java VM: OpenJDK 64-Bit Server VM Temurin-17.0.8+7 (17.0.8+7, mixed mode, tiered, compressed oops, compressed class ptrs, g1 gc, windows-amd64)
# No core dump will be written. Minidumps are not enabled by default on client versions of Windows
#

---------------  S U M M A R Y ------------

Command Line: -Xmx64m -Xms64m -Dorg.gradle.appname=gradlew org.gradle.wrapper.GradleWrapperMain tasks

Host: Intel(R) Core(TM) i5-1035G1 CPU @ 1.00GHz, 8 cores, 7G,  Windows 10 , 64 bit Build 19041 (10.0.19041.3155)
Time: Fri Sep  1 15:57:32 2023 India Standard Time elapsed time: 0.159495 seconds (0d 0h 0m 0s)

---------------  T H R E A D  ---------------

Current thread (0x0000026785dc6f70):  JavaThread "main" [_thread_in_vm, id=6332, stack(0x000000b73ca00000,0x000000b73cb00000)]

Stack: [0x000000b73ca00000,0x000000b73cb00000]
Native frames: (J=compiled Java code, j=interpreted, Vv=VM code, C=native code)
V  [jvm.dll+0x678b0a]
V  [jvm.dll+0x835e84]
V  [jvm.dll+0x83762e]
V  [jvm.dll+0x837c93]
V  [jvm.dll+0x24746f]
V  [jvm.dll+0xa697b]
V  [jvm.dll+0x63e49b]
V  [jvm.dll+0x63fddc]
V  [jvm.dll+0x411710]
C  0x00000267965cd601

Java frames: (J=compiled Java code, j=interpreted, Vv=VM code)
j  java.lang.Module.addReads0(Ljava/lang/Module;Ljava/lang/Module;)V+0 java.base@17.0.8
j  java.lang.Module.defineModules(Ljava/lang/module/Configuration;Ljava/util/function/Function;Ljava/lang/ModuleLayer;)Ljava/util/Map;+570 java.base@17.0.8
j  java.lang.ModuleLayer.<init>(Ljava/lang/module/Configuration;Ljava/util/List;Ljava/util/function/Function;)V+34 java.base@17.0.8
j  java.lang.ModuleLayer.defineModules(Ljava/lang/module/Configuration;Ljava/util/List;Ljava/util/function/Function;)Ljava/lang/ModuleLayer$Controller;+36 java.base@17.0.8
j  java.lang.ModuleLayer.defineModules(Ljava/lang/module/Configuration;Ljava/util/function/Function;)Ljava/lang/ModuleLayer;+6 java.base@17.0.8
j  jdk.internal.module.ModuleBootstrap.boot2()Ljava/lang/ModuleLayer;+1207 java.base@17.0.8
j  jdk.internal.module.ModuleBootstrap.boot()Ljava/lang/ModuleLayer;+64 java.base@17.0.8
j  java.lang.System.initPhase2(ZZ)I+0 java.base@17.0.8
v  ~StubRoutines::call_stub

---------------  P R O C E S S  ---------------

Threads class SMR info:
_java_thread_list=0x00000267a17e80b0, length=10, elements={
0x0000026785dc6f70, 0x00000267a176cd10, 0x00000267a176d7e0, 0x00000267a1776e40,
0x00000267a1777910, 0x00000267a17c2020, 0x00000267a17c28f0, 0x00000267a17c5a40,
0x00000267a17e86f0, 0x00000267a17f9bd0
}

Java Threads: ( => current thread )
=>0x0000026785dc6f70 JavaThread "main" [_thread_in_vm, id=6332, stack(0x000000b73ca00000,0x000000b73cb00000)]
  0x00000267a176cd10 JavaThread "Reference Handler" daemon [_thread_blocked, id=7360, stack(0x000000b73d100000,0x000000b73d200000)]
  0x00000267a176d7e0 JavaThread "Finalizer" daemon [_thread_blocked, id=748, stack(0x000000b73d200000,0x000000b73d300000)]
  0x00000267a1776e40 JavaThread "Signal Dispatcher" daemon [_thread_blocked, id=12448, stack(0x000000b73d300000,0x000000b73d400000)]
  0x00000267a1777910 JavaThread "Attach Listener" daemon [_thread_blocked, id=9392, stack(0x000000b73d400000,0x000000b73d500000)]
  0x00000267a17c2020 JavaThread "Service Thread" daemon [_thread_blocked, id=3216, stack(0x000000b73d500000,0x000000b73d600000)]
  0x00000267a17c28f0 JavaThread "Monitor Deflation Thread" daemon [_thread_blocked, id=11224, stack(0x000000b73d600000,0x000000b73d700000)]
  0x00000267a17c5a40 JavaThread "C2 CompilerThread0" daemon [_thread_blocked, id=2268, stack(0x000000b73d700000,0x000000b73d800000)]
  0x00000267a17e86f0 JavaThread "C1 CompilerThread0" daemon [_thread_blocked, id=12864, stack(0x000000b73d800000,0x000000b73d900000)]
  0x00000267a17f9bd0 JavaThread "Sweeper thread" daemon [_thread_blocked, id=7052, stack(0x000000b73d900000,0x000000b73da00000)]

Other Threads:
  0x00000267a1769340 VMThread "VM Thread" [stack: 0x000000b73d000000,0x000000b73d100000] [id=8912]
  0x0000026785dec680 GCTaskThread "GC Thread#0" [stack: 0x000000b73cb00000,0x000000b73cc00000] [id=7136]
  0x0000026785dedce0 ConcurrentGCThread "G1 Main Marker" [stack: 0x000000b73cc00000,0x000000b73cd00000] [id=12848]
  0x0000026785deee10 ConcurrentGCThread "G1 Conc#0" [stack: 0x000000b73cd00000,0x000000b73ce00000] [id=3168]
  0x0000026785e52570 ConcurrentGCThread "G1 Refine#0" [stack: 0x000000b73ce00000,0x000000b73cf00000] [id=13052]
  0x0000026785e52eb0 ConcurrentGCThread "G1 Service" [stack: 0x000000b73cf00000,0x000000b73d000000] [id=8316]

Threads with active compile tasks:

VM state: not at safepoint (normal execution)

VM Mutex/Monitor currently owned by a thread:  ([mutex/lock_event])
[0x0000026785dc2d30] Module_lock - owner thread: 0x0000026785dc6f70

Heap address: 0x00000000fc000000, size: 64 MB, Compressed Oops mode: 32-bit

CDS archive(s) not mapped
Compressed class space mapped at: 0x0000000100000000-0x0000000140000000, reserved size: 1073741824
Narrow klass base: 0x0000000000000000, Narrow klass shift: 3, Narrow klass range: 0x140000000

GC Precious Log:
 CPUs: 8 total, 8 available
 Memory: 7959M
 Large Page Support: Disabled
 NUMA Support: Disabled
 Compressed Oops: Enabled (32-bit)
 Heap Region Size: 1M
 Heap Min Capacity: 64M
 Heap Initial Capacity: 64M
 Heap Max Capacity: 64M
 Pre-touch: Disabled
 Parallel Workers: 8
 Concurrent Workers: 2
 Concurrent Refinement Workers: 8
 Periodic GC: Disabled

Heap:
 garbage-first heap   total 65536K, used 1024K [0x00000000fc000000, 0x0000000100000000)
  region size 1024K, 2 young (2048K), 0 survivors (0K)
 Metaspace       used 3422K, committed 3520K, reserved 1114112K
  class space    used 269K, committed 320K, reserved 1048576K

Heap Regions: E=young(eden), S=young(survivor), O=old, HS=humongous(starts), HC=humongous(continues), CS=collection set, F=free, OA=open archive, CA=closed archive, TAMS=top-at-mark-start (previous, next)
|   0|0x00000000fc000000, 0x00000000fc000000, 0x00000000fc100000|  0%| F|  |TAMS 0x00000000fc000000, 0x00000000fc000000| Untracked 
|   1|0x00000000fc100000, 0x00000000fc100000, 0x00000000fc200000|  0%| F|  |TAMS 0x00000000fc100000, 0x00000000fc100000| Untracked 
|   2|0x00000000fc200000, 0x00000000fc200000, 0x00000000fc300000|  0%| F|  |TAMS 0x00000000fc200000, 0x00000000fc200000| Untracked 
|   3|0x00000000fc300000, 0x00000000fc300000, 0x00000000fc400000|  0%| F|  |TAMS 0x00000000fc300000, 0x00000000fc300000| Untracked 
|   4|0x00000000fc400000, 0x00000000fc400000, 0x00000000fc500000|  0%| F|  |TAMS 0x00000000fc400000, 0x00000000fc400000| Untracked 
|   5|0x00000000fc500000, 0x00000000fc500000, 0x00000000fc600000|  0%| F|  |TAMS 0x00000000fc500000, 0x00000000fc500000| Untracked 
|   6|0x00000000fc600000, 0x00000000fc600000, 0x00000000fc700000|  0%| F|  |TAMS 0x00000000fc600000, 0x00000000fc600000| Untracked 
|   7|0x00000000fc700000, 0x00000000fc700000, 0x00000000fc800000|  0%| F|  |TAMS 0x00000000fc700000, 0x00000000fc700000| Untracked 
|   8|0x00000000fc800000, 0x00000000fc800000, 0x00000000fc900000|  0%| F|  |TAMS 0x00000000fc800000, 0x00000000fc800000| Untracked 
|   9|0x00000000fc900000, 0x00000000fc900000, 0x00000000fca00000|  0%| F|  |TAMS 0x00000000fc900000, 0x00000000fc900000| Untracked 
|  10|0x00000000fca00000, 0x00000000fca00000, 0x00000000fcb00000|  0%| F|  |TAMS 0x00000000fca00000, 0x00000000fca00000| Untracked 
|  11|0x00000000fcb00000, 0x00000000fcb00000, 0x00000000fcc00000|  0%| F|  |TAMS 0x00000000fcb00000, 0x00000000fcb00000| Untracked 
|  12|0x00000000fcc00000, 0x00000000fcc00000, 0x00000000fcd00000|  0%| F|  |TAMS 0x00000000fcc00000, 0x00000000fcc00000| Untracked 
|  13|0x00000000fcd00000, 0x00000000fcd00000, 0x00000000fce00000|  0%| F|  |TAMS 0x00000000fcd00000, 0x00000000fcd00000| Untracked 
|  14|0x00000000fce00000, 0x00000000fce00000, 0x00000000fcf00000|  0%| F|  |TAMS 0x00000000fce00000, 0x00000000fce00000| Untracked 
|  15|0x00000000fcf00000, 0x00000000fcf00000, 0x00000000fd000000|  0%| F|  |TAMS 0x00000000fcf00000, 0x00000000fcf00000| Untracked 
|  16|0x00000000fd000000, 0x00000000fd000000, 0x00000000fd100000|  0%| F|  |TAMS 0x00000000fd000000, 0x00000000fd000000| Untracked 
|  17|0x00000000fd100000, 0x00000000fd100000, 0x00000000fd200000|  0%| F|  |TAMS 0x00000000fd100000, 0x00000000fd100000| Untracked 
|  18|0x00000000fd200000, 0x00000000fd200000, 0x00000000fd300000|  0%| F|  |TAMS 0x00000000fd200000, 0x00000000fd200000| Untracked 
|  19|0x00000000fd300000, 0x00000000fd300000, 0x00000000fd400000|  0%| F|  |TAMS 0x00000000fd300000, 0x00000000fd300000| Untracked 
|  20|0x00000000fd400000, 0x00000000fd400000, 0x00000000fd500000|  0%| F|  |TAMS 0x00000000fd400000, 0x00000000fd400000| Untracked 
|  21|0x00000000fd500000, 0x00000000fd500000, 0x00000000fd600000|  0%| F|  |TAMS 0x00000000fd500000, 0x00000000fd500000| Untracked 
|  22|0x00000000fd600000, 0x00000000fd600000, 0x00000000fd700000|  0%| F|  |TAMS 0x00000000fd600000, 0x00000000fd600000| Untracked 
|  23|0x00000000fd700000, 0x00000000fd700000, 0x00000000fd800000|  0%| F|  |TAMS 0x00000000fd700000, 0x00000000fd700000| Untracked 
|  24|0x00000000fd800000, 0x00000000fd800000, 0x00000000fd900000|  0%| F|  |TAMS 0x00000000fd800000, 0x00000000fd800000| Untracked 
|  25|0x00000000fd900000, 0x00000000fd900000, 0x00000000fda00000|  0%| F|  |TAMS 0x00000000fd900000, 0x00000000fd900000| Untracked 
|  26|0x00000000fda00000, 0x00000000fda00000, 0x00000000fdb00000|  0%| F|  |TAMS 0x00000000fda00000, 0x00000000fda00000| Untracked 
|  27|0x00000000fdb00000, 0x00000000fdb00000, 0x00000000fdc00000|  0%| F|  |TAMS 0x00000000fdb00000, 0x00000000fdb00000| Untracked 
|  28|0x00000000fdc00000, 0x00000000fdc00000, 0x00000000fdd00000|  0%| F|  |TAMS 0x00000000fdc00000, 0x00000000fdc00000| Untracked 
|  29|0x00000000fdd00000, 0x00000000fdd00000, 0x00000000fde00000|  0%| F|  |TAMS 0x00000000fdd00000, 0x00000000fdd00000| Untracked 
|  30|0x00000000fde00000, 0x00000000fde00000, 0x00000000fdf00000|  0%| F|  |TAMS 0x00000000fde00000, 0x00000000fde00000| Untracked 
|  31|0x00000000fdf00000, 0x00000000fdf00000, 0x00000000fe000000|  0%| F|  |TAMS 0x00000000fdf00000, 0x00000000fdf00000| Untracked 
|  32|0x00000000fe000000, 0x00000000fe000000, 0x00000000fe100000|  0%| F|  |TAMS 0x00000000fe000000, 0x00000000fe000000| Untracked 
|  33|0x00000000fe100000, 0x00000000fe100000, 0x00000000fe200000|  0%| F|  |TAMS 0x00000000fe100000, 0x00000000fe100000| Untracked 
|  34|0x00000000fe200000, 0x00000000fe200000, 0x00000000fe300000|  0%| F|  |TAMS 0x00000000fe200000, 0x00000000fe200000| Untracked 
|  35|0x00000000fe300000, 0x00000000fe300000, 0x00000000fe400000|  0%| F|  |TAMS 0x00000000fe300000, 0x00000000fe300000| Untracked 
|  36|0x00000000fe400000, 0x00000000fe400000, 0x00000000fe500000|  0%| F|  |TAMS 0x00000000fe400000, 0x00000000fe400000| Untracked 
|  37|0x00000000fe500000, 0x00000000fe500000, 0x00000000fe600000|  0%| F|  |TAMS 0x00000000fe500000, 0x00000000fe500000| Untracked 
|  38|0x00000000fe600000, 0x00000000fe600000, 0x00000000fe700000|  0%| F|  |TAMS 0x00000000fe600000, 0x00000000fe600000| Untracked 
|  39|0x00000000fe700000, 0x00000000fe700000, 0x00000000fe800000|  0%| F|  |TAMS 0x00000000fe700000, 0x00000000fe700000| Untracked 
|  40|0x00000000fe800000, 0x00000000fe800000, 0x00000000fe900000|  0%| F|  |TAMS 0x00000000fe800000, 0x00000000fe800000| Untracked 
|  41|0x00000000fe900000, 0x00000000fe900000, 0x00000000fea00000|  0%| F|  |TAMS 0x00000000fe900000, 0x00000000fe900000| Untracked 
|  42|0x00000000fea00000, 0x00000000fea00000, 0x00000000feb00000|  0%| F|  |TAMS 0x00000000fea00000, 0x00000000fea00000| Untracked 
|  43|0x00000000feb00000, 0x00000000feb00000, 0x00000000fec00000|  0%| F|  |TAMS 0x00000000feb00000, 0x00000000feb00000| Untracked 
|  44|0x00000000fec00000, 0x00000000fec00000, 0x00000000fed00000|  0%| F|  |TAMS 0x00000000fec00000, 0x00000000fec00000| Untracked 
|  45|0x00000000fed00000, 0x00000000fed00000, 0x00000000fee00000|  0%| F|  |TAMS 0x00000000fed00000, 0x00000000fed00000| Untracked 
|  46|0x00000000fee00000, 0x00000000fee00000, 0x00000000fef00000|  0%| F|  |TAMS 0x00000000fee00000, 0x00000000fee00000| Untracked 
|  47|0x00000000fef00000, 0x00000000fef00000, 0x00000000ff000000|  0%| F|  |TAMS 0x00000000fef00000, 0x00000000fef00000| Untracked 
|  48|0x00000000ff000000, 0x00000000ff000000, 0x00000000ff100000|  0%| F|  |TAMS 0x00000000ff000000, 0x00000000ff000000| Untracked 
|  49|0x00000000ff100000, 0x00000000ff100000, 0x00000000ff200000|  0%| F|  |TAMS 0x00000000ff100000, 0x00000000ff100000| Untracked 
|  50|0x00000000ff200000, 0x00000000ff200000, 0x00000000ff300000|  0%| F|  |TAMS 0x00000000ff200000, 0x00000000ff200000| Untracked 
|  51|0x00000000ff300000, 0x00000000ff300000, 0x00000000ff400000|  0%| F|  |TAMS 0x00000000ff300000, 0x00000000ff300000| Untracked 
|  52|0x00000000ff400000, 0x00000000ff400000, 0x00000000ff500000|  0%| F|  |TAMS 0x00000000ff400000, 0x00000000ff400000| Untracked 
|  53|0x00000000ff500000, 0x00000000ff500000, 0x00000000ff600000|  0%| F|  |TAMS 0x00000000ff500000, 0x00000000ff500000| Untracked 
|  54|0x00000000ff600000, 0x00000000ff600000, 0x00000000ff700000|  0%| F|  |TAMS 0x00000000ff600000, 0x00000000ff600000| Untracked 
|  55|0x00000000ff700000, 0x00000000ff700000, 0x00000000ff800000|  0%| F|  |TAMS 0x00000000ff700000, 0x00000000ff700000| Untracked 
|  56|0x00000000ff800000, 0x00000000ff800000, 0x00000000ff900000|  0%| F|  |TAMS 0x00000000ff800000, 0x00000000ff800000| Untracked 
|  57|0x00000000ff900000, 0x00000000ff900000, 0x00000000ffa00000|  0%| F|  |TAMS 0x00000000ff900000, 0x00000000ff900000| Untracked 
|  58|0x00000000ffa00000, 0x00000000ffa00000, 0x00000000ffb00000|  0%| F|  |TAMS 0x00000000ffa00000, 0x00000000ffa00000| Untracked 
|  59|0x00000000ffb00000, 0x00000000ffb00000, 0x00000000ffc00000|  0%| F|  |TAMS 0x00000000ffb00000, 0x00000000ffb00000| Untracked 
|  60|0x00000000ffc00000, 0x00000000ffc00000, 0x00000000ffd00000|  0%| F|  |TAMS 0x00000000ffc00000, 0x00000000ffc00000| Untracked 
|  61|0x00000000ffd00000, 0x00000000ffd00000, 0x00000000ffe00000|  0%| F|  |TAMS 0x00000000ffd00000, 0x00000000ffd00000| Untracked 
|  62|0x00000000ffe00000, 0x00000000ffe76478, 0x00000000fff00000| 46%| E|  |TAMS 0x00000000ffe00000, 0x00000000ffe00000| Complete 
|  63|0x00000000fff00000, 0x0000000100000000, 0x0000000100000000|100%| E|CS|TAMS 0x00000000fff00000, 0x00000000fff00000| Complete 

Card table byte_map: [0x000002679eb30000,0x000002679eb50000] _byte_map_base: 0x000002679e350000

Marking Bits (Prev, Next): (CMBitMap*) 0x0000026785decbb0, (CMBitMap*) 0x0000026785decbf0
 Prev Bits: [0x000002679eb70000, 0x000002679ec70000)
 Next Bits: [0x000002679ec70000, 0x000002679ed70000)

Polling page: 0x0000026785e90000

Metaspace:

Usage:
  Non-class:      3.08 MB used.
      Class:    269.66 KB used.
       Both:      3.34 MB used.

Virtual space:
  Non-class space:       64.00 MB reserved,       3.12 MB (  5%) committed,  1 nodes.
      Class space:        1.00 GB reserved,     320.00 KB ( <1%) committed,  1 nodes.
             Both:        1.06 GB reserved,       3.44 MB ( <1%) committed. 

Chunk freelists:
   Non-Class:  12.00 MB
       Class:  15.62 MB
        Both:  27.62 MB

MaxMetaspaceSize: unlimited
CompressedClassSpaceSize: 1.00 GB
Initial GC threshold: 21.00 MB
Current GC threshold: 21.00 MB
CDS: off
MetaspaceReclaimPolicy: balanced
 - commit_granule_bytes: 65536.
 - commit_granule_words: 8192.
 - virtual_space_node_default_size: 8388608.
 - enlarge_chunks_in_place: 1.
 - new_chunks_are_fully_committed: 0.
 - uncommit_free_chunks: 1.
 - use_allocation_guard: 0.
 - handle_deallocations: 1.


Internal statistics:

num_allocs_failed_limit: 0.
num_arena_births: 2.
num_arena_deaths: 0.
num_vsnodes_births: 2.
num_vsnodes_deaths: 0.
num_space_committed: 55.
num_space_uncommitted: 0.
num_chunks_returned_to_freelist: 0.
num_chunks_taken_from_freelist: 4.
num_chunk_merges: 0.
num_chunk_splits: 2.
num_chunks_enlarged: 0.
num_inconsistent_stats: 0.

CodeHeap 'non-profiled nmethods': size=120000Kb used=9Kb max_used=9Kb free=119990Kb
 bounds [0x0000026796b60000, 0x0000026796dd0000, 0x000002679e090000]
CodeHeap 'profiled nmethods': size=120000Kb used=69Kb max_used=69Kb free=119931Kb
 bounds [0x000002678f090000, 0x000002678f300000, 0x00000267965c0000]
CodeHeap 'non-nmethods': size=5760Kb used=1041Kb max_used=1055Kb free=4718Kb
 bounds [0x00000267965c0000, 0x0000026796830000, 0x0000026796b60000]
 total_blobs=335 nmethods=51 adapters=197
 compilation: enabled
              stopped_count=0, restarted_count=0
 full_count=0

Compilation events (20 events):
Event: 0.152 Thread 0x00000267a17e86f0   42       3       java.util.concurrent.ConcurrentHashMap::putIfAbsent (8 bytes)
Event: 0.152 Thread 0x00000267a17e86f0 nmethod 42 0x000002678f09dc10 code [0x000002678f09dda0, 0x000002678f09dee8]
Event: 0.152 Thread 0x00000267a17e86f0   41       3       java.util.concurrent.ConcurrentHashMap::casTabAt (21 bytes)
Event: 0.152 Thread 0x00000267a17e86f0 nmethod 41 0x000002678f09df90 code [0x000002678f09e120, 0x000002678f09e298]
Event: 0.152 Thread 0x00000267a17e86f0   44       3       java.util.HashMap::putVal (300 bytes)
Event: 0.154 Thread 0x00000267a17e86f0 nmethod 44 0x000002678f09e310 code [0x000002678f09e5c0, 0x000002678f09f5f8]
Event: 0.154 Thread 0x00000267a17e86f0   35       3       java.util.HashMap::hash (20 bytes)
Event: 0.155 Thread 0x00000267a17e86f0 nmethod 35 0x000002678f09fb10 code [0x000002678f09fcc0, 0x000002678f09fec8]
Event: 0.155 Thread 0x00000267a17e86f0   48       3       java.util.HashMap::put (13 bytes)
Event: 0.156 Thread 0x00000267a17e86f0 nmethod 48 0x000002678f09ff90 code [0x000002678f0a0140, 0x000002678f0a0438]
Event: 0.156 Thread 0x00000267a17e86f0   47       3       java.util.HashMap$Node::<init> (26 bytes)
Event: 0.156 Thread 0x00000267a17e86f0 nmethod 47 0x000002678f0a0590 code [0x000002678f0a0740, 0x000002678f0a09b8]
Event: 0.156 Thread 0x00000267a17e86f0   49       3       java.util.HashMap::newNode (13 bytes)
Event: 0.157 Thread 0x00000267a17e86f0 nmethod 49 0x000002678f0a0a90 code [0x000002678f0a0c40, 0x000002678f0a0f78]
Event: 0.157 Thread 0x00000267a17e86f0   50       3       java.util.HashMap::afterNodeInsertion (1 bytes)
Event: 0.157 Thread 0x00000267a17e86f0 nmethod 50 0x000002678f0a1090 code [0x000002678f0a1220, 0x000002678f0a1338]
Event: 0.157 Thread 0x00000267a17e86f0   51       1       java.lang.module.ModuleDescriptor$Exports::source (5 bytes)
Event: 0.157 Thread 0x00000267a17e86f0 nmethod 51 0x0000026796b61f90 code [0x0000026796b62120, 0x0000026796b621f8]
Event: 0.157 Thread 0x00000267a17e86f0   45       1       java.lang.module.ResolvedModule::reference (5 bytes)
Event: 0.157 Thread 0x00000267a17e86f0 nmethod 45 0x0000026796b62290 code [0x0000026796b62420, 0x0000026796b624f8]

GC Heap History (0 events):
No events

Dll operation events (2 events):
Event: 0.012 Loaded shared library C:\Users\Kriti Sharma\AppData\Local\Programs\Eclipse Adoptium\jdk-17.0.8.7-hotspot\bin\java.dll
Event: 0.062 Loaded shared library C:\Users\Kriti Sharma\AppData\Local\Programs\Eclipse Adoptium\jdk-17.0.8.7-hotspot\bin\jsvml.dll

Deoptimization events (0 events):
No events

Classes unloaded (0 events):
No events

Classes redefined (0 events):
No events

Internal exceptions (0 events):
No events

VM Operations (0 events):
No events

Events (20 events):
Event: 0.145 loading class java/util/AbstractMap$1
Event: 0.145 loading class java/util/AbstractMap$1 done
Event: 0.145 loading class java/util/AbstractMap$1$1
Event: 0.145 loading class java/util/AbstractMap$1$1 done
Event: 0.145 loading class java/util/ImmutableCollections$Set12$1
Event: 0.146 loading class java/util/ImmutableCollections$Set12$1 done
Event: 0.146 loading class jdk/internal/module/ModuleLoaderMap
Event: 0.146 loading class jdk/internal/module/ModuleLoaderMap done
Event: 0.146 loading class jdk/internal/module/ModuleLoaderMap$Mapper
Event: 0.146 loading class java/util/function/Function
Event: 0.146 loading class java/util/function/Function done
Event: 0.146 loading class jdk/internal/module/ModuleLoaderMap$Mapper done
Event: 0.146 loading class jdk/internal/module/ModuleLoaderMap$Modules
Event: 0.147 loading class jdk/internal/module/ModuleLoaderMap$Modules done
Event: 0.148 loading class java/lang/ModuleLayer
Event: 0.148 loading class java/lang/ModuleLayer done
Event: 0.149 loading class java/util/ImmutableCollections$ListItr
Event: 0.149 loading class java/util/ListIterator
Event: 0.149 loading class java/util/ListIterator done
Event: 0.149 loading class java/util/ImmutableCollections$ListItr done


Dynamic libraries:
0x00007ff6969a0000 - 0x00007ff6969ae000 	C:\Users\Kriti Sharma\AppData\Local\Programs\Eclipse Adoptium\jdk-17.0.8.7-hotspot\bin\java.exe
0x00007ffecf690000 - 0x00007ffecf888000 	C:\Windows\SYSTEM32\ntdll.dll
0x00007ffecee30000 - 0x00007ffeceeef000 	C:\Windows\System32\KERNEL32.DLL
0x00007ffecd290000 - 0x00007ffecd586000 	C:\Windows\System32\KERNELBASE.dll
0x00007ffecd060000 - 0x00007ffecd160000 	C:\Windows\System32\ucrtbase.dll
0x00007ffe91a20000 - 0x00007ffe91a39000 	C:\Users\Kriti Sharma\AppData\Local\Programs\Eclipse Adoptium\jdk-17.0.8.7-hotspot\bin\VCRUNTIME140.dll
0x00007ffe91a00000 - 0x00007ffe91a17000 	C:\Users\Kriti Sharma\AppData\Local\Programs\Eclipse Adoptium\jdk-17.0.8.7-hotspot\bin\jli.dll
0x00007ffece800000 - 0x00007ffece99d000 	C:\Windows\System32\USER32.dll
0x00007ffecd620000 - 0x00007ffecd642000 	C:\Windows\System32\win32u.dll
0x00007ffeb8220000 - 0x00007ffeb84ba000 	C:\Windows\WinSxS\amd64_microsoft.windows.common-controls_6595b64144ccf1df_6.0.19041.1110_none_60b5254171f9507e\COMCTL32.dll
0x00007ffecd780000 - 0x00007ffecd7ac000 	C:\Windows\System32\GDI32.dll
0x00007ffeced90000 - 0x00007ffecee2e000 	C:\Windows\System32\msvcrt.dll
0x00007ffeccf40000 - 0x00007ffecd055000 	C:\Windows\System32\gdi32full.dll
0x00007ffecd650000 - 0x00007ffecd6ed000 	C:\Windows\System32\msvcp_win.dll
0x00007ffece080000 - 0x00007ffece0b0000 	C:\Windows\System32\IMM32.DLL
0x00007ffe922c0000 - 0x00007ffe922cc000 	C:\Users\Kriti Sharma\AppData\Local\Programs\Eclipse Adoptium\jdk-17.0.8.7-hotspot\bin\vcruntime140_1.dll
0x00007ffe90c70000 - 0x00007ffe90d01000 	C:\Users\Kriti Sharma\AppData\Local\Programs\Eclipse Adoptium\jdk-17.0.8.7-hotspot\bin\msvcp140.dll
0x00007ffe622a0000 - 0x00007ffe62eec000 	C:\Users\Kriti Sharma\AppData\Local\Programs\Eclipse Adoptium\jdk-17.0.8.7-hotspot\bin\server\jvm.dll
0x00007ffecdab0000 - 0x00007ffecdb5f000 	C:\Windows\System32\ADVAPI32.dll
0x00007ffecef00000 - 0x00007ffecef9c000 	C:\Windows\System32\sechost.dll
0x00007ffecf4c0000 - 0x00007ffecf5e6000 	C:\Windows\System32\RPCRT4.dll
0x00007ffecc320000 - 0x00007ffecc36b000 	C:\Windows\SYSTEM32\POWRPROF.dll
0x00007ffea7b10000 - 0x00007ffea7b19000 	C:\Windows\SYSTEM32\WSOCK32.dll
0x00007ffecd8c0000 - 0x00007ffecd92b000 	C:\Windows\System32\WS2_32.dll
0x00007ffeb9dc0000 - 0x00007ffeb9de7000 	C:\Windows\SYSTEM32\WINMM.dll
0x00007ffec5c90000 - 0x00007ffec5c9a000 	C:\Windows\SYSTEM32\VERSION.dll
0x00007ffecc190000 - 0x00007ffecc1a2000 	C:\Windows\SYSTEM32\UMPDC.dll
0x00007ffecb5a0000 - 0x00007ffecb5b2000 	C:\Windows\SYSTEM32\kernel.appcore.dll
0x00007ffe919f0000 - 0x00007ffe919fa000 	C:\Users\Kriti Sharma\AppData\Local\Programs\Eclipse Adoptium\jdk-17.0.8.7-hotspot\bin\jimage.dll
0x00007ffeca9a0000 - 0x00007ffecab84000 	C:\Windows\SYSTEM32\DBGHELP.DLL
0x00007ffebac00000 - 0x00007ffebac34000 	C:\Windows\SYSTEM32\dbgcore.DLL
0x00007ffecd590000 - 0x00007ffecd612000 	C:\Windows\System32\bcryptPrimitives.dll
0x00007ffe919c0000 - 0x00007ffe919e5000 	C:\Users\Kriti Sharma\AppData\Local\Programs\Eclipse Adoptium\jdk-17.0.8.7-hotspot\bin\java.dll
0x00007ffe7d160000 - 0x00007ffe7d236000 	C:\Users\Kriti Sharma\AppData\Local\Programs\Eclipse Adoptium\jdk-17.0.8.7-hotspot\bin\jsvml.dll
0x00007ffece0b0000 - 0x00007ffece7f4000 	C:\Windows\System32\SHELL32.dll
0x00007ffecadf0000 - 0x00007ffecb583000 	C:\Windows\SYSTEM32\windows.storage.dll
0x00007ffecea20000 - 0x00007ffeced74000 	C:\Windows\System32\combase.dll
0x00007ffecc7b0000 - 0x00007ffecc7de000 	C:\Windows\SYSTEM32\Wldp.dll
0x00007ffecdfd0000 - 0x00007ffece07d000 	C:\Windows\System32\SHCORE.dll
0x00007ffecd930000 - 0x00007ffecd985000 	C:\Windows\System32\shlwapi.dll
0x00007ffeccca0000 - 0x00007ffecccc5000 	C:\Windows\SYSTEM32\profapi.dll

dbghelp: loaded successfully - version: 4.0.5 - missing functions: none
symbol engine: initialized successfully - sym options: 0x614 - pdb path: .;C:\Users\Kriti Sharma\AppData\Local\Programs\Eclipse Adoptium\jdk-17.0.8.7-hotspot\bin;C:\Windows\SYSTEM32;C:\Windows\WinSxS\amd64_microsoft.windows.common-controls_6595b64144ccf1df_6.0.19041.1110_none_60b5254171f9507e;C:\Users\Kriti Sharma\AppData\Local\Programs\Eclipse Adoptium\jdk-17.0.8.7-hotspot\bin\server

VM Arguments:
jvm_args: -Xmx64m -Xms64m -Dorg.gradle.appname=gradlew 
java_command: org.gradle.wrapper.GradleWrapperMain tasks
java_class_path (initial): D:\react project\AwesomeProject01\android\\gradle\wrapper\gradle-wrapper.jar
Launcher Type: SUN_STANDARD

[Global flags]
     intx CICompilerCount                          = 4                                         {product} {ergonomic}
     uint ConcGCThreads                            = 2                                         {product} {ergonomic}
     uint G1ConcRefinementThreads                  = 8                                         {product} {ergonomic}
   size_t G1HeapRegionSize                         = 1048576                                   {product} {ergonomic}
    uintx GCDrainStackTargetSize                   = 64                                        {product} {ergonomic}
   size_t InitialHeapSize                          = 67108864                                  {product} {command line}
   size_t MarkStackSize                            = 4194304                                   {product} {ergonomic}
   size_t MaxHeapSize                              = 67108864                                  {product} {command line}
   size_t MaxNewSize                               = 39845888                                  {product} {ergonomic}
   size_t MinHeapDeltaBytes                        = 1048576                                   {product} {ergonomic}
   size_t MinHeapSize                              = 67108864                                  {product} {command line}
    uintx NonNMethodCodeHeapSize                   = 5839372                                {pd product} {ergonomic}
    uintx NonProfiledCodeHeapSize                  = 122909434                              {pd product} {ergonomic}
    uintx ProfiledCodeHeapSize                     = 122909434                              {pd product} {ergonomic}
    uintx ReservedCodeCacheSize                    = 251658240                              {pd product} {ergonomic}
     bool SegmentedCodeCache                       = true                                      {product} {ergonomic}
   size_t SoftMaxHeapSize                          = 67108864                               {manageable} {ergonomic}
     bool UseCompressedClassPointers               = true                           {product lp64_product} {ergonomic}
     bool UseCompressedOops                        = true                           {product lp64_product} {ergonomic}
     bool UseG1GC                                  = true                                      {product} {ergonomic}
     bool UseLargePagesIndividualAllocation        = false                                  {pd product} {ergonomic}

Logging:
Log output configuration:
 #0: stdout all=warning uptime,level,tags
 #1: stderr all=off uptime,level,tags

Environment Variables:
JAVA_HOME=C:\Users\Kriti Sharma\AppData\Local\Programs\Eclipse Adoptium\jdk-17.0.8.7-hotspot\
CLASSPATH=D:\react project\AwesomeProject01\android\\gradle\wrapper\gradle-wrapper.jar
PATH=D:\react project\AwesomeProject01\node_modules\.bin;D:\react project\AwesomeProject01\node_modules\.bin;D:\react project\node_modules\.bin;D:\node_modules\.bin;C:\Program Files\nodejs\node_modules\npm\node_modules\@npmcli\run-script\lib\node-gyp-bin;D:\react project\AwesomeProject01\node_modules\.bin;D:\react project\AwesomeProject01\node_modules\.bin;D:\react project\node_modules\.bin;D:\node_modules\.bin;C:\Program Files\nodejs\node_modules\npm\node_modules\@npmcli\run-script\lib\node-gyp-bin;C:\Python311\Scripts\;C:\Python311\;C:\Windows\system32;C:\Windows;C:\Windows\System32\Wbem;C:\Windows\System32\WindowsPowerShell\v1.0\;C:\Windows\System32\OpenSSH\;C:\Program Files\Git\cmd;C:\ProgramData\chocolatey\bin;C:\Program Files\nodejs\;C:\Program Files\MySQL\MySQL Shell 8.0\bin\;C:\Users\Kriti Sharma\AppData\Local\Programs\Eclipse Adoptium\jdk-17.0.8.7-hotspot\bin;C:\Users\Kriti Sharma\AppData\Local\Microsoft\WindowsApps;C:\Users\Kriti Sharma\AppData\Local\Programs\Microsoft VS Code\bin;C:\Users\Kriti Sharma\AppData\Roaming\npm;C:\Users\Kriti Sharma\AppData\Local\Android\Sdk\platform-tools;C:\Users\Kriti Sharma\AppData\Local\Android\Sdk\emulator;C:\Users\Kriti Sharma\AppData\Local\Android\Sdk\tools;C:\Users\Kriti Sharma\AppData\Local\Android\Sdk\tools\bin;
USERNAME=Kriti Sharma
OS=Windows_NT
PROCESSOR_IDENTIFIER=Intel64 Family 6 Model 126 Stepping 5, GenuineIntel
TMP=C:\Users\KRITIS~1\AppData\Local\Temp
TEMP=C:\Users\KRITIS~1\AppData\Local\Temp



---------------  S Y S T E M  ---------------

OS:
 Windows 10 , 64 bit Build 19041 (10.0.19041.3155)
OS uptime: 0 days 0:38 hours

CPU: total 8 (initial active 8) (4 cores per cpu, 2 threads per core) family 6 model 126 stepping 5 microcode 0xb8, cx8, cmov, fxsr, ht, mmx, 3dnowpref, sse, sse2, sse3, ssse3, sse4.1, sse4.2, popcnt, lzcnt, tsc, tscinvbit, avx, avx2, aes, erms, clmul, bmi1, bmi2, adx, avx512f, avx512dq, avx512cd, avx512bw, avx512vl, sha, fma, vzeroupper, avx512_vpopcntdq, avx512_vpclmulqdq, avx512_vaes, avx512_vnni, clflush, clflushopt, avx512_vbmi2, avx512_vbmi
Processor Information for all 8 processors :
  Max Mhz: 1190, Current Mhz: 991, Mhz Limit: 987

Memory: 4k page, system-wide physical 7959M (552M free)
TotalPageFile size 13959M (AvailPageFile size 2M)
current process WorkingSet (physical memory assigned to process): 24M, peak: 24M
current process commit charge ("private bytes"): 134M, peak: 138M

vm_info: OpenJDK 64-Bit Server VM (17.0.8+7) for windows-amd64 JRE (17.0.8+7), built on Jul 18 2023 21:02:32 by "admin" with MS VC++ 16.7 (VS2019)

END.
